+ i=16
+ minthreads=4
+ j=8
+ maxnodes=32
+ export READ_WRITE=1
+ READ_WRITE=1
+ export PKG_MINW_MINS=0x38198
+ PKG_MINW_MINS=0x38198
+ export PP0_MINW_MINS=0x38198
+ PP0_MINW_MINS=0x38198
+ export DRAM_MINW_MINS=0x38078
+ DRAM_MINW_MINS=0x38078
+ export MSR_PKG_POWER_LIMIT=0x0
+ MSR_PKG_POWER_LIMIT=0x0
+ export MSR_PP0_POWER_LIMIT=0x0
+ MSR_PP0_POWER_LIMIT=0x0
+ export MSR_DRAM_POWER_LIMIT=0x0
+ MSR_DRAM_POWER_LIMIT=0x0
+ export MSR_RANK_MOD=1
+ MSR_RANK_MOD=1
+ for pkg in 0x38198 0x038208 0x038280 0x0382f8
+ i=16
+ j=8
+ export MSR_PKG_POWER_LIMIT=0x38198
+ MSR_PKG_POWER_LIMIT=0x38198
+ '[' 8 -le 32 ']'
+ i=16
+ '[' 16 -ge 4 ']'
+ export OMP_NUM_THREADS=16
+ OMP_NUM_THREADS=16
++ date +%Y_%m_%d_%H_%M_%S_%N
+ name=2012_08_02_20_43_45_165729790
+ mkdir 2012_08_02_20_43_45_165729790
+ cd 2012_08_02_20_43_45_165729790
+ touch out.dat
+ env
+ echo 2012_08_02_20_43_45_165729790
+ uname -a
+ srun --nodes=1 --ntasks=1 -ppbatch cat /proc/cpuinfo
+ grep MHz
+ srun --nodes=1 --ntasks=1 -o host_info hostname
+ echo 'threads/node: 16'
+ echo 'nodes: ' 8
+ srun --nodes=8 --ntasks=8 -o out.dat -e f.err ../../../bin/sp-mz.C.8
+ cd ../
+ i=14
+ '[' 14 -ge 4 ']'
+ export OMP_NUM_THREADS=14
+ OMP_NUM_THREADS=14
++ date +%Y_%m_%d_%H_%M_%S_%N
+ name=2012_08_02_20_44_07_699332089
+ mkdir 2012_08_02_20_44_07_699332089
+ cd 2012_08_02_20_44_07_699332089
+ touch out.dat
+ env
+ echo 2012_08_02_20_44_07_699332089
+ uname -a
+ srun --nodes=1 --ntasks=1 -ppbatch cat /proc/cpuinfo
+ grep MHz
+ srun --nodes=1 --ntasks=1 -o host_info hostname
+ echo 'threads/node: 14'
+ echo 'nodes: ' 8
+ srun --nodes=8 --ntasks=8 -o out.dat -e f.err ../../../bin/sp-mz.C.8
+ cd ../
+ i=12
+ '[' 12 -ge 4 ']'
+ export OMP_NUM_THREADS=12
+ OMP_NUM_THREADS=12
++ date +%Y_%m_%d_%H_%M_%S_%N
+ name=2012_08_02_20_44_30_715962590
+ mkdir 2012_08_02_20_44_30_715962590
+ cd 2012_08_02_20_44_30_715962590
+ touch out.dat
+ env
+ echo 2012_08_02_20_44_30_715962590
+ uname -a
+ grep MHz
+ srun --nodes=1 --ntasks=1 -ppbatch cat /proc/cpuinfo
+ srun --nodes=1 --ntasks=1 -o host_info hostname
+ echo 'threads/node: 12'
+ echo 'nodes: ' 8
+ srun --nodes=8 --ntasks=8 -o out.dat -e f.err ../../../bin/sp-mz.C.8
+ cd ../
+ i=10
+ '[' 10 -ge 4 ']'
+ export OMP_NUM_THREADS=10
+ OMP_NUM_THREADS=10
++ date +%Y_%m_%d_%H_%M_%S_%N
+ name=2012_08_02_20_44_53_943981114
+ mkdir 2012_08_02_20_44_53_943981114
+ cd 2012_08_02_20_44_53_943981114
+ touch out.dat
+ env
+ echo 2012_08_02_20_44_53_943981114
+ uname -a
+ grep MHz
+ srun --nodes=1 --ntasks=1 -ppbatch cat /proc/cpuinfo
+ srun --nodes=1 --ntasks=1 -o host_info hostname
+ echo 'threads/node: 10'
+ echo 'nodes: ' 8
+ srun --nodes=8 --ntasks=8 -o out.dat -e f.err ../../../bin/sp-mz.C.8
+ cd ../
+ i=8
+ '[' 8 -ge 4 ']'
+ export OMP_NUM_THREADS=8
+ OMP_NUM_THREADS=8
++ date +%Y_%m_%d_%H_%M_%S_%N
+ name=2012_08_02_20_45_16_349995961
+ mkdir 2012_08_02_20_45_16_349995961
+ cd 2012_08_02_20_45_16_349995961
+ touch out.dat
+ env
+ echo 2012_08_02_20_45_16_349995961
+ uname -a
+ srun --nodes=1 --ntasks=1 -ppbatch cat /proc/cpuinfo
+ grep MHz
+ srun --nodes=1 --ntasks=1 -o host_info hostname
+ echo 'threads/node: 8'
+ echo 'nodes: ' 8
+ srun --nodes=8 --ntasks=8 -o out.dat -e f.err ../../../bin/sp-mz.C.8
+ cd ../
+ i=6
+ '[' 6 -ge 4 ']'
+ export OMP_NUM_THREADS=6
+ OMP_NUM_THREADS=6
++ date +%Y_%m_%d_%H_%M_%S_%N
+ name=2012_08_02_20_45_40_150689596
+ mkdir 2012_08_02_20_45_40_150689596
+ cd 2012_08_02_20_45_40_150689596
+ touch out.dat
+ env
+ echo 2012_08_02_20_45_40_150689596
+ uname -a
+ srun --nodes=1 --ntasks=1 -ppbatch cat /proc/cpuinfo
+ grep MHz
+ srun --nodes=1 --ntasks=1 -o host_info hostname
+ echo 'threads/node: 6'
+ echo 'nodes: ' 8
+ srun --nodes=8 --ntasks=8 -o out.dat -e f.err ../../../bin/sp-mz.C.8
+ cd ../
+ i=4
+ '[' 4 -ge 4 ']'
+ export OMP_NUM_THREADS=4
+ OMP_NUM_THREADS=4
++ date +%Y_%m_%d_%H_%M_%S_%N
+ name=2012_08_02_20_46_05_318353981
+ mkdir 2012_08_02_20_46_05_318353981
+ cd 2012_08_02_20_46_05_318353981
+ touch out.dat
+ env
+ echo 2012_08_02_20_46_05_318353981
+ uname -a
+ grep MHz
+ srun --nodes=1 --ntasks=1 -ppbatch cat /proc/cpuinfo
+ srun --nodes=1 --ntasks=1 -o host_info hostname
+ echo 'threads/node: 4'
+ echo 'nodes: ' 8
+ srun --nodes=8 --ntasks=8 -o out.dat -e f.err ../../../bin/sp-mz.C.8
+ cd ../
+ i=2
+ '[' 2 -ge 4 ']'
+ j=16
+ '[' 16 -le 32 ']'
+ i=16
+ '[' 16 -ge 4 ']'
+ export OMP_NUM_THREADS=16
+ OMP_NUM_THREADS=16
++ date +%Y_%m_%d_%H_%M_%S_%N
+ name=2012_08_02_20_46_37_412156659
+ mkdir 2012_08_02_20_46_37_412156659
+ cd 2012_08_02_20_46_37_412156659
+ touch out.dat
+ env
+ echo 2012_08_02_20_46_37_412156659
+ uname -a
+ grep MHz
+ srun --nodes=1 --ntasks=1 -ppbatch cat /proc/cpuinfo
+ srun --nodes=1 --ntasks=1 -o host_info hostname
+ echo 'threads/node: 16'
+ echo 'nodes: ' 16
+ srun --nodes=16 --ntasks=16 -o out.dat -e f.err ../../../bin/sp-mz.C.16
+ cd ../
+ i=14
+ '[' 14 -ge 4 ']'
+ export OMP_NUM_THREADS=14
+ OMP_NUM_THREADS=14
++ date +%Y_%m_%d_%H_%M_%S_%N
+ name=2012_08_02_20_46_54_491497219
+ mkdir 2012_08_02_20_46_54_491497219
+ cd 2012_08_02_20_46_54_491497219
+ touch out.dat
+ env
+ echo 2012_08_02_20_46_54_491497219
+ uname -a
+ grep MHz
+ srun --nodes=1 --ntasks=1 -ppbatch cat /proc/cpuinfo
+ srun --nodes=1 --ntasks=1 -o host_info hostname
+ echo 'threads/node: 14'
+ echo 'nodes: ' 16
+ srun --nodes=16 --ntasks=16 -o out.dat -e f.err ../../../bin/sp-mz.C.16
+ cd ../
+ i=12
+ '[' 12 -ge 4 ']'
+ export OMP_NUM_THREADS=12
+ OMP_NUM_THREADS=12
++ date +%Y_%m_%d_%H_%M_%S_%N
+ name=2012_08_02_20_47_10_859259227
+ mkdir 2012_08_02_20_47_10_859259227
+ cd 2012_08_02_20_47_10_859259227
+ touch out.dat
+ env
+ echo 2012_08_02_20_47_10_859259227
+ uname -a
+ grep MHz
+ srun --nodes=1 --ntasks=1 -ppbatch cat /proc/cpuinfo
+ srun --nodes=1 --ntasks=1 -o host_info hostname
+ echo 'threads/node: 12'
+ echo 'nodes: ' 16
+ srun --nodes=16 --ntasks=16 -o out.dat -e f.err ../../../bin/sp-mz.C.16
+ cd ../
+ i=10
+ '[' 10 -ge 4 ']'
+ export OMP_NUM_THREADS=10
+ OMP_NUM_THREADS=10
++ date +%Y_%m_%d_%H_%M_%S_%N
+ name=2012_08_02_20_47_26_183312860
+ mkdir 2012_08_02_20_47_26_183312860
+ cd 2012_08_02_20_47_26_183312860
+ touch out.dat
+ env
+ echo 2012_08_02_20_47_26_183312860
+ uname -a
+ srun --nodes=1 --ntasks=1 -ppbatch cat /proc/cpuinfo
+ grep MHz
+ srun --nodes=1 --ntasks=1 -o host_info hostname
+ echo 'threads/node: 10'
+ echo 'nodes: ' 16
+ srun --nodes=16 --ntasks=16 -o out.dat -e f.err ../../../bin/sp-mz.C.16
+ cd ../
+ i=8
+ '[' 8 -ge 4 ']'
+ export OMP_NUM_THREADS=8
+ OMP_NUM_THREADS=8
++ date +%Y_%m_%d_%H_%M_%S_%N
+ name=2012_08_02_20_47_40_862062367
+ mkdir 2012_08_02_20_47_40_862062367
+ cd 2012_08_02_20_47_40_862062367
+ touch out.dat
+ env
+ echo 2012_08_02_20_47_40_862062367
+ uname -a
+ srun --nodes=1 --ntasks=1 -ppbatch cat /proc/cpuinfo
+ grep MHz
+ srun --nodes=1 --ntasks=1 -o host_info hostname
+ echo 'threads/node: 8'
+ echo 'nodes: ' 16
+ srun --nodes=16 --ntasks=16 -o out.dat -e f.err ../../../bin/sp-mz.C.16
+ cd ../
+ i=6
+ '[' 6 -ge 4 ']'
+ export OMP_NUM_THREADS=6
+ OMP_NUM_THREADS=6
++ date +%Y_%m_%d_%H_%M_%S_%N
+ name=2012_08_02_20_47_55_346251801
+ mkdir 2012_08_02_20_47_55_346251801
+ cd 2012_08_02_20_47_55_346251801
+ touch out.dat
+ env
+ echo 2012_08_02_20_47_55_346251801
+ uname -a
+ srun --nodes=1 --ntasks=1 -ppbatch cat /proc/cpuinfo
+ grep MHz
+ srun --nodes=1 --ntasks=1 -o host_info hostname
+ echo 'threads/node: 6'
+ echo 'nodes: ' 16
+ srun --nodes=16 --ntasks=16 -o out.dat -e f.err ../../../bin/sp-mz.C.16
+ cd ../
+ i=4
+ '[' 4 -ge 4 ']'
+ export OMP_NUM_THREADS=4
+ OMP_NUM_THREADS=4
++ date +%Y_%m_%d_%H_%M_%S_%N
+ name=2012_08_02_20_48_10_942278411
+ mkdir 2012_08_02_20_48_10_942278411
+ cd 2012_08_02_20_48_10_942278411
+ touch out.dat
+ env
+ echo 2012_08_02_20_48_10_942278411
+ uname -a
+ grep MHz
+ srun --nodes=1 --ntasks=1 -ppbatch cat /proc/cpuinfo
+ srun --nodes=1 --ntasks=1 -o host_info hostname
+ echo 'threads/node: 4'
+ echo 'nodes: ' 16
+ srun --nodes=16 --ntasks=16 -o out.dat -e f.err ../../../bin/sp-mz.C.16
+ cd ../
+ i=2
+ '[' 2 -ge 4 ']'
+ j=32
+ '[' 32 -le 32 ']'
+ i=16
+ '[' 16 -ge 4 ']'
+ export OMP_NUM_THREADS=16
+ OMP_NUM_THREADS=16
++ date +%Y_%m_%d_%H_%M_%S_%N
+ name=2012_08_02_20_48_29_186206090
+ mkdir 2012_08_02_20_48_29_186206090
+ cd 2012_08_02_20_48_29_186206090
+ touch out.dat
+ env
+ echo 2012_08_02_20_48_29_186206090
+ uname -a
+ grep MHz
+ srun --nodes=1 --ntasks=1 -ppbatch cat /proc/cpuinfo
+ srun --nodes=1 --ntasks=1 -o host_info hostname
+ echo 'threads/node: 16'
+ echo 'nodes: ' 32
+ srun --nodes=32 --ntasks=32 -o out.dat -e f.err ../../../bin/sp-mz.C.32
+ cd ../
+ i=14
+ '[' 14 -ge 4 ']'
+ export OMP_NUM_THREADS=14
+ OMP_NUM_THREADS=14
++ date +%Y_%m_%d_%H_%M_%S_%N
+ name=2012_08_02_20_48_45_686349979
+ mkdir 2012_08_02_20_48_45_686349979
+ cd 2012_08_02_20_48_45_686349979
+ touch out.dat
+ env
+ echo 2012_08_02_20_48_45_686349979
+ uname -a
+ srun --nodes=1 --ntasks=1 -ppbatch cat /proc/cpuinfo
+ grep MHz
+ srun --nodes=1 --ntasks=1 -o host_info hostname
+ echo 'threads/node: 14'
+ echo 'nodes: ' 32
+ srun --nodes=32 --ntasks=32 -o out.dat -e f.err ../../../bin/sp-mz.C.32
+ cd ../
+ i=12
+ '[' 12 -ge 4 ']'
+ export OMP_NUM_THREADS=12
+ OMP_NUM_THREADS=12
++ date +%Y_%m_%d_%H_%M_%S_%N
+ name=2012_08_02_20_48_58_506853339
+ mkdir 2012_08_02_20_48_58_506853339
+ cd 2012_08_02_20_48_58_506853339
+ touch out.dat
+ env
+ echo 2012_08_02_20_48_58_506853339
+ uname -a
+ srun --nodes=1 --ntasks=1 -ppbatch cat /proc/cpuinfo
+ grep MHz
+ srun --nodes=1 --ntasks=1 -o host_info hostname
+ echo 'threads/node: 12'
+ echo 'nodes: ' 32
+ srun --nodes=32 --ntasks=32 -o out.dat -e f.err ../../../bin/sp-mz.C.32
+ cd ../
+ i=10
+ '[' 10 -ge 4 ']'
+ export OMP_NUM_THREADS=10
+ OMP_NUM_THREADS=10
++ date +%Y_%m_%d_%H_%M_%S_%N
+ name=2012_08_02_20_49_09_805111436
+ mkdir 2012_08_02_20_49_09_805111436
+ cd 2012_08_02_20_49_09_805111436
+ touch out.dat
+ env
+ echo 2012_08_02_20_49_09_805111436
+ uname -a
+ srun --nodes=1 --ntasks=1 -ppbatch cat /proc/cpuinfo
+ grep MHz
+ srun --nodes=1 --ntasks=1 -o host_info hostname
+ echo 'threads/node: 10'
+ echo 'nodes: ' 32
+ srun --nodes=32 --ntasks=32 -o out.dat -e f.err ../../../bin/sp-mz.C.32
+ cd ../
+ i=8
+ '[' 8 -ge 4 ']'
+ export OMP_NUM_THREADS=8
+ OMP_NUM_THREADS=8
++ date +%Y_%m_%d_%H_%M_%S_%N
+ name=2012_08_02_20_49_21_975830602
+ mkdir 2012_08_02_20_49_21_975830602
+ cd 2012_08_02_20_49_21_975830602
+ touch out.dat
+ env
+ echo 2012_08_02_20_49_21_975830602
+ uname -a
+ srun --nodes=1 --ntasks=1 -ppbatch cat /proc/cpuinfo
+ grep MHz
+ srun --nodes=1 --ntasks=1 -o host_info hostname
+ echo 'threads/node: 8'
+ echo 'nodes: ' 32
+ srun --nodes=32 --ntasks=32 -o out.dat -e f.err ../../../bin/sp-mz.C.32
+ cd ../
+ i=6
+ '[' 6 -ge 4 ']'
+ export OMP_NUM_THREADS=6
+ OMP_NUM_THREADS=6
++ date +%Y_%m_%d_%H_%M_%S_%N
+ name=2012_08_02_20_49_33_623755079
+ mkdir 2012_08_02_20_49_33_623755079
+ cd 2012_08_02_20_49_33_623755079
+ touch out.dat
+ env
+ echo 2012_08_02_20_49_33_623755079
+ uname -a
+ srun --nodes=1 --ntasks=1 -ppbatch cat /proc/cpuinfo
+ grep MHz
+ srun --nodes=1 --ntasks=1 -o host_info hostname
+ echo 'threads/node: 6'
+ echo 'nodes: ' 32
+ srun --nodes=32 --ntasks=32 -o out.dat -e f.err ../../../bin/sp-mz.C.32
+ cd ../
+ i=4
+ '[' 4 -ge 4 ']'
+ export OMP_NUM_THREADS=4
+ OMP_NUM_THREADS=4
++ date +%Y_%m_%d_%H_%M_%S_%N
+ name=2012_08_02_20_49_45_240219351
+ mkdir 2012_08_02_20_49_45_240219351
+ cd 2012_08_02_20_49_45_240219351
+ touch out.dat
+ env
+ echo 2012_08_02_20_49_45_240219351
+ uname -a
+ srun --nodes=1 --ntasks=1 -ppbatch cat /proc/cpuinfo
+ grep MHz
+ srun --nodes=1 --ntasks=1 -o host_info hostname
+ echo 'threads/node: 4'
+ echo 'nodes: ' 32
+ srun --nodes=32 --ntasks=32 -o out.dat -e f.err ../../../bin/sp-mz.C.32
+ cd ../
+ i=2
+ '[' 2 -ge 4 ']'
+ j=64
+ '[' 64 -le 32 ']'
+ for pkg in 0x38198 0x038208 0x038280 0x0382f8
+ i=16
+ j=8
+ export MSR_PKG_POWER_LIMIT=0x038208
+ MSR_PKG_POWER_LIMIT=0x038208
+ '[' 8 -le 32 ']'
+ i=16
+ '[' 16 -ge 4 ']'
+ export OMP_NUM_THREADS=16
+ OMP_NUM_THREADS=16
++ date +%Y_%m_%d_%H_%M_%S_%N
+ name=2012_08_02_20_49_58_590072364
+ mkdir 2012_08_02_20_49_58_590072364
+ cd 2012_08_02_20_49_58_590072364
+ touch out.dat
+ env
+ echo 2012_08_02_20_49_58_590072364
+ uname -a
+ srun --nodes=1 --ntasks=1 -ppbatch cat /proc/cpuinfo
+ grep MHz
+ srun --nodes=1 --ntasks=1 -o host_info hostname
+ echo 'threads/node: 16'
+ echo 'nodes: ' 8
+ srun --nodes=8 --ntasks=8 -o out.dat -e f.err ../../../bin/sp-mz.C.8
+ cd ../
+ i=14
+ '[' 14 -ge 4 ']'
+ export OMP_NUM_THREADS=14
+ OMP_NUM_THREADS=14
++ date +%Y_%m_%d_%H_%M_%S_%N
+ name=2012_08_02_20_50_20_070481797
+ mkdir 2012_08_02_20_50_20_070481797
+ cd 2012_08_02_20_50_20_070481797
+ touch out.dat
+ env
+ echo 2012_08_02_20_50_20_070481797
+ uname -a
+ srun --nodes=1 --ntasks=1 -ppbatch cat /proc/cpuinfo
+ grep MHz
+ srun --nodes=1 --ntasks=1 -o host_info hostname
+ echo 'threads/node: 14'
+ echo 'nodes: ' 8
+ srun --nodes=8 --ntasks=8 -o out.dat -e f.err ../../../bin/sp-mz.C.8
+ cd ../
+ i=12
+ '[' 12 -ge 4 ']'
+ export OMP_NUM_THREADS=12
+ OMP_NUM_THREADS=12
++ date +%Y_%m_%d_%H_%M_%S_%N
+ name=2012_08_02_20_50_38_476029522
+ mkdir 2012_08_02_20_50_38_476029522
+ cd 2012_08_02_20_50_38_476029522
+ touch out.dat
+ env
+ echo 2012_08_02_20_50_38_476029522
+ uname -a
+ srun --nodes=1 --ntasks=1 -ppbatch cat /proc/cpuinfo
+ grep MHz
+ srun --nodes=1 --ntasks=1 -o host_info hostname
+ echo 'threads/node: 12'
+ echo 'nodes: ' 8
+ srun --nodes=8 --ntasks=8 -o out.dat -e f.err ../../../bin/sp-mz.C.8
+ cd ../
+ i=10
+ '[' 10 -ge 4 ']'
+ export OMP_NUM_THREADS=10
+ OMP_NUM_THREADS=10
++ date +%Y_%m_%d_%H_%M_%S_%N
+ name=2012_08_02_20_50_59_103353171
+ mkdir 2012_08_02_20_50_59_103353171
+ cd 2012_08_02_20_50_59_103353171
+ touch out.dat
+ env
+ echo 2012_08_02_20_50_59_103353171
+ uname -a
+ srun --nodes=1 --ntasks=1 -ppbatch cat /proc/cpuinfo
+ grep MHz
+ srun --nodes=1 --ntasks=1 -o host_info hostname
+ echo 'threads/node: 10'
+ echo 'nodes: ' 8
+ srun --nodes=8 --ntasks=8 -o out.dat -e f.err ../../../bin/sp-mz.C.8
+ cd ../
+ i=8
+ '[' 8 -ge 4 ']'
+ export OMP_NUM_THREADS=8
+ OMP_NUM_THREADS=8
++ date +%Y_%m_%d_%H_%M_%S_%N
+ name=2012_08_02_20_51_20_198930655
+ mkdir 2012_08_02_20_51_20_198930655
+ cd 2012_08_02_20_51_20_198930655
+ touch out.dat
+ env
+ echo 2012_08_02_20_51_20_198930655
+ uname -a
+ grep MHz
+ srun --nodes=1 --ntasks=1 -ppbatch cat /proc/cpuinfo
+ srun --nodes=1 --ntasks=1 -o host_info hostname
+ echo 'threads/node: 8'
+ echo 'nodes: ' 8
+ srun --nodes=8 --ntasks=8 -o out.dat -e f.err ../../../bin/sp-mz.C.8
+ cd ../
+ i=6
+ '[' 6 -ge 4 ']'
+ export OMP_NUM_THREADS=6
+ OMP_NUM_THREADS=6
++ date +%Y_%m_%d_%H_%M_%S_%N
+ name=2012_08_02_20_51_43_328090038
+ mkdir 2012_08_02_20_51_43_328090038
+ cd 2012_08_02_20_51_43_328090038
+ touch out.dat
+ env
+ echo 2012_08_02_20_51_43_328090038
+ uname -a
+ srun --nodes=1 --ntasks=1 -ppbatch cat /proc/cpuinfo
+ grep MHz
+ srun --nodes=1 --ntasks=1 -o host_info hostname
+ echo 'threads/node: 6'
+ echo 'nodes: ' 8
+ srun --nodes=8 --ntasks=8 -o out.dat -e f.err ../../../bin/sp-mz.C.8
+ cd ../
+ i=4
+ '[' 4 -ge 4 ']'
+ export OMP_NUM_THREADS=4
+ OMP_NUM_THREADS=4
++ date +%Y_%m_%d_%H_%M_%S_%N
+ name=2012_08_02_20_52_08_398419527
+ mkdir 2012_08_02_20_52_08_398419527
+ cd 2012_08_02_20_52_08_398419527
+ touch out.dat
+ env
+ echo 2012_08_02_20_52_08_398419527
+ uname -a
+ srun --nodes=1 --ntasks=1 -ppbatch cat /proc/cpuinfo
+ grep MHz
+ srun --nodes=1 --ntasks=1 -o host_info hostname
+ echo 'threads/node: 4'
+ echo 'nodes: ' 8
+ srun --nodes=8 --ntasks=8 -o out.dat -e f.err ../../../bin/sp-mz.C.8
+ cd ../
+ i=2
+ '[' 2 -ge 4 ']'
+ j=16
+ '[' 16 -le 32 ']'
+ i=16
+ '[' 16 -ge 4 ']'
+ export OMP_NUM_THREADS=16
+ OMP_NUM_THREADS=16
++ date +%Y_%m_%d_%H_%M_%S_%N
+ name=2012_08_02_20_52_39_811206995
+ mkdir 2012_08_02_20_52_39_811206995
+ cd 2012_08_02_20_52_39_811206995
+ touch out.dat
+ env
+ echo 2012_08_02_20_52_39_811206995
+ uname -a
+ srun --nodes=1 --ntasks=1 -ppbatch cat /proc/cpuinfo
+ grep MHz
+ srun --nodes=1 --ntasks=1 -o host_info hostname
+ echo 'threads/node: 16'
+ echo 'nodes: ' 16
+ srun --nodes=16 --ntasks=16 -o out.dat -e f.err ../../../bin/sp-mz.C.16
+ cd ../
+ i=14
+ '[' 14 -ge 4 ']'
+ export OMP_NUM_THREADS=14
+ OMP_NUM_THREADS=14
++ date +%Y_%m_%d_%H_%M_%S_%N
+ name=2012_08_02_20_52_56_084954862
+ mkdir 2012_08_02_20_52_56_084954862
+ cd 2012_08_02_20_52_56_084954862
+ touch out.dat
+ env
+ echo 2012_08_02_20_52_56_084954862
+ uname -a
+ grep MHz
+ srun --nodes=1 --ntasks=1 -ppbatch cat /proc/cpuinfo
+ srun --nodes=1 --ntasks=1 -o host_info hostname
+ echo 'threads/node: 14'
+ echo 'nodes: ' 16
+ srun --nodes=16 --ntasks=16 -o out.dat -e f.err ../../../bin/sp-mz.C.16
+ cd ../
+ i=12
+ '[' 12 -ge 4 ']'
+ export OMP_NUM_THREADS=12
+ OMP_NUM_THREADS=12
++ date +%Y_%m_%d_%H_%M_%S_%N
+ name=2012_08_02_20_53_10_257198022
+ mkdir 2012_08_02_20_53_10_257198022
+ cd 2012_08_02_20_53_10_257198022
+ touch out.dat
+ env
+ echo 2012_08_02_20_53_10_257198022
+ uname -a
+ srun --nodes=1 --ntasks=1 -ppbatch cat /proc/cpuinfo
+ grep MHz
+ srun --nodes=1 --ntasks=1 -o host_info hostname
+ echo 'threads/node: 12'
+ echo 'nodes: ' 16
+ srun --nodes=16 --ntasks=16 -o out.dat -e f.err ../../../bin/sp-mz.C.16
+ cd ../
+ i=10
+ '[' 10 -ge 4 ']'
+ export OMP_NUM_THREADS=10
+ OMP_NUM_THREADS=10
++ date +%Y_%m_%d_%H_%M_%S_%N
+ name=2012_08_02_20_53_23_746118303
+ mkdir 2012_08_02_20_53_23_746118303
+ cd 2012_08_02_20_53_23_746118303
+ touch out.dat
+ env
+ echo 2012_08_02_20_53_23_746118303
+ uname -a
+ srun --nodes=1 --ntasks=1 -ppbatch cat /proc/cpuinfo
+ grep MHz
+ srun --nodes=1 --ntasks=1 -o host_info hostname
+ echo 'threads/node: 10'
+ echo 'nodes: ' 16
+ srun --nodes=16 --ntasks=16 -o out.dat -e f.err ../../../bin/sp-mz.C.16
+ cd ../
+ i=8
+ '[' 8 -ge 4 ']'
+ export OMP_NUM_THREADS=8
+ OMP_NUM_THREADS=8
++ date +%Y_%m_%d_%H_%M_%S_%N
+ name=2012_08_02_20_53_37_165022675
+ mkdir 2012_08_02_20_53_37_165022675
+ cd 2012_08_02_20_53_37_165022675
+ touch out.dat
+ env
+ echo 2012_08_02_20_53_37_165022675
+ uname -a
+ srun --nodes=1 --ntasks=1 -ppbatch cat /proc/cpuinfo
+ grep MHz
+ srun --nodes=1 --ntasks=1 -o host_info hostname
+ echo 'threads/node: 8'
+ echo 'nodes: ' 16
+ srun --nodes=16 --ntasks=16 -o out.dat -e f.err ../../../bin/sp-mz.C.16
+ cd ../
+ i=6
+ '[' 6 -ge 4 ']'
+ export OMP_NUM_THREADS=6
+ OMP_NUM_THREADS=6
++ date +%Y_%m_%d_%H_%M_%S_%N
+ name=2012_08_02_20_53_53_690242560
+ mkdir 2012_08_02_20_53_53_690242560
+ cd 2012_08_02_20_53_53_690242560
+ touch out.dat
+ env
+ echo 2012_08_02_20_53_53_690242560
+ uname -a
+ srun --nodes=1 --ntasks=1 -ppbatch cat /proc/cpuinfo
+ grep MHz
+ srun --nodes=1 --ntasks=1 -o host_info hostname
+ echo 'threads/node: 6'
+ echo 'nodes: ' 16
+ srun --nodes=16 --ntasks=16 -o out.dat -e f.err ../../../bin/sp-mz.C.16
+ cd ../
+ i=4
+ '[' 4 -ge 4 ']'
+ export OMP_NUM_THREADS=4
+ OMP_NUM_THREADS=4
++ date +%Y_%m_%d_%H_%M_%S_%N
+ name=2012_08_02_20_54_09_897963710
+ mkdir 2012_08_02_20_54_09_897963710
+ cd 2012_08_02_20_54_09_897963710
+ touch out.dat
+ env
+ echo 2012_08_02_20_54_09_897963710
+ uname -a
+ grep MHz
+ srun --nodes=1 --ntasks=1 -ppbatch cat /proc/cpuinfo
+ srun --nodes=1 --ntasks=1 -o host_info hostname
+ echo 'threads/node: 4'
+ echo 'nodes: ' 16
+ srun --nodes=16 --ntasks=16 -o out.dat -e f.err ../../../bin/sp-mz.C.16
+ cd ../
+ i=2
+ '[' 2 -ge 4 ']'
+ j=32
+ '[' 32 -le 32 ']'
+ i=16
+ '[' 16 -ge 4 ']'
+ export OMP_NUM_THREADS=16
+ OMP_NUM_THREADS=16
++ date +%Y_%m_%d_%H_%M_%S_%N
+ name=2012_08_02_20_54_29_454246176
+ mkdir 2012_08_02_20_54_29_454246176
+ cd 2012_08_02_20_54_29_454246176
+ touch out.dat
+ env
+ echo 2012_08_02_20_54_29_454246176
+ uname -a
+ grep MHz
+ srun --nodes=1 --ntasks=1 -ppbatch cat /proc/cpuinfo
+ srun --nodes=1 --ntasks=1 -o host_info hostname
+ echo 'threads/node: 16'
+ echo 'nodes: ' 32
+ srun --nodes=32 --ntasks=32 -o out.dat -e f.err ../../../bin/sp-mz.C.32
+ cd ../
+ i=14
+ '[' 14 -ge 4 ']'
+ export OMP_NUM_THREADS=14
+ OMP_NUM_THREADS=14
++ date +%Y_%m_%d_%H_%M_%S_%N
+ name=2012_08_02_20_54_46_495541629
+ mkdir 2012_08_02_20_54_46_495541629
+ cd 2012_08_02_20_54_46_495541629
+ touch out.dat
+ env
+ echo 2012_08_02_20_54_46_495541629
+ uname -a
+ grep MHz
+ srun --nodes=1 --ntasks=1 -ppbatch cat /proc/cpuinfo
+ srun --nodes=1 --ntasks=1 -o host_info hostname
+ echo 'threads/node: 14'
+ echo 'nodes: ' 32
+ srun --nodes=32 --ntasks=32 -o out.dat -e f.err ../../../bin/sp-mz.C.32
+ cd ../
+ i=12
+ '[' 12 -ge 4 ']'
+ export OMP_NUM_THREADS=12
+ OMP_NUM_THREADS=12
++ date +%Y_%m_%d_%H_%M_%S_%N
+ name=2012_08_02_20_54_59_824602917
+ mkdir 2012_08_02_20_54_59_824602917
+ cd 2012_08_02_20_54_59_824602917
+ touch out.dat
+ env
+ echo 2012_08_02_20_54_59_824602917
+ uname -a
+ srun --nodes=1 --ntasks=1 -ppbatch cat /proc/cpuinfo
+ grep MHz
+ srun --nodes=1 --ntasks=1 -o host_info hostname
+ echo 'threads/node: 12'
+ echo 'nodes: ' 32
+ srun --nodes=32 --ntasks=32 -o out.dat -e f.err ../../../bin/sp-mz.C.32
+ cd ../
+ i=10
+ '[' 10 -ge 4 ']'
+ export OMP_NUM_THREADS=10
+ OMP_NUM_THREADS=10
++ date +%Y_%m_%d_%H_%M_%S_%N
+ name=2012_08_02_20_55_11_112336503
+ mkdir 2012_08_02_20_55_11_112336503
+ cd 2012_08_02_20_55_11_112336503
+ touch out.dat
+ env
+ echo 2012_08_02_20_55_11_112336503
+ uname -a
+ srun --nodes=1 --ntasks=1 -ppbatch cat /proc/cpuinfo
+ grep MHz
+ srun --nodes=1 --ntasks=1 -o host_info hostname
+ echo 'threads/node: 10'
+ echo 'nodes: ' 32
+ srun --nodes=32 --ntasks=32 -o out.dat -e f.err ../../../bin/sp-mz.C.32
+ cd ../
+ i=8
+ '[' 8 -ge 4 ']'
+ export OMP_NUM_THREADS=8
+ OMP_NUM_THREADS=8
++ date +%Y_%m_%d_%H_%M_%S_%N
+ name=2012_08_02_20_55_22_112723735
+ mkdir 2012_08_02_20_55_22_112723735
+ cd 2012_08_02_20_55_22_112723735
+ touch out.dat
+ env
+ echo 2012_08_02_20_55_22_112723735
+ uname -a
+ srun --nodes=1 --ntasks=1 -ppbatch cat /proc/cpuinfo
+ grep MHz
+ srun --nodes=1 --ntasks=1 -o host_info hostname
+ echo 'threads/node: 8'
+ echo 'nodes: ' 32
+ srun --nodes=32 --ntasks=32 -o out.dat -e f.err ../../../bin/sp-mz.C.32
+ cd ../
+ i=6
+ '[' 6 -ge 4 ']'
+ export OMP_NUM_THREADS=6
+ OMP_NUM_THREADS=6
++ date +%Y_%m_%d_%H_%M_%S_%N
+ name=2012_08_02_20_55_33_932527901
+ mkdir 2012_08_02_20_55_33_932527901
+ cd 2012_08_02_20_55_33_932527901
+ touch out.dat
+ env
+ echo 2012_08_02_20_55_33_932527901
+ uname -a
+ srun --nodes=1 --ntasks=1 -ppbatch cat /proc/cpuinfo
+ grep MHz
+ srun --nodes=1 --ntasks=1 -o host_info hostname
+ echo 'threads/node: 6'
+ echo 'nodes: ' 32
+ srun --nodes=32 --ntasks=32 -o out.dat -e f.err ../../../bin/sp-mz.C.32
+ cd ../
+ i=4
+ '[' 4 -ge 4 ']'
+ export OMP_NUM_THREADS=4
+ OMP_NUM_THREADS=4
++ date +%Y_%m_%d_%H_%M_%S_%N
+ name=2012_08_02_20_55_46_347413582
+ mkdir 2012_08_02_20_55_46_347413582
+ cd 2012_08_02_20_55_46_347413582
+ touch out.dat
+ env
+ echo 2012_08_02_20_55_46_347413582
+ uname -a
+ srun --nodes=1 --ntasks=1 -ppbatch cat /proc/cpuinfo
+ grep MHz
+ srun --nodes=1 --ntasks=1 -o host_info hostname
+ echo 'threads/node: 4'
+ echo 'nodes: ' 32
+ srun --nodes=32 --ntasks=32 -o out.dat -e f.err ../../../bin/sp-mz.C.32
+ cd ../
+ i=2
+ '[' 2 -ge 4 ']'
+ j=64
+ '[' 64 -le 32 ']'
+ for pkg in 0x38198 0x038208 0x038280 0x0382f8
+ i=16
+ j=8
+ export MSR_PKG_POWER_LIMIT=0x038280
+ MSR_PKG_POWER_LIMIT=0x038280
+ '[' 8 -le 32 ']'
+ i=16
+ '[' 16 -ge 4 ']'
+ export OMP_NUM_THREADS=16
+ OMP_NUM_THREADS=16
++ date +%Y_%m_%d_%H_%M_%S_%N
+ name=2012_08_02_20_56_00_340742473
+ mkdir 2012_08_02_20_56_00_340742473
+ cd 2012_08_02_20_56_00_340742473
+ touch out.dat
+ env
+ echo 2012_08_02_20_56_00_340742473
+ uname -a
+ srun --nodes=1 --ntasks=1 -ppbatch cat /proc/cpuinfo
+ grep MHz
+ srun --nodes=1 --ntasks=1 -o host_info hostname
+ echo 'threads/node: 16'
+ echo 'nodes: ' 8
+ srun --nodes=8 --ntasks=8 -o out.dat -e f.err ../../../bin/sp-mz.C.8
+ cd ../
+ i=14
+ '[' 14 -ge 4 ']'
+ export OMP_NUM_THREADS=14
+ OMP_NUM_THREADS=14
++ date +%Y_%m_%d_%H_%M_%S_%N
+ name=2012_08_02_20_56_20_406821385
+ mkdir 2012_08_02_20_56_20_406821385
+ cd 2012_08_02_20_56_20_406821385
+ touch out.dat
+ env
+ echo 2012_08_02_20_56_20_406821385
+ uname -a
+ srun --nodes=1 --ntasks=1 -ppbatch cat /proc/cpuinfo
+ grep MHz
+ srun --nodes=1 --ntasks=1 -o host_info hostname
+ echo 'threads/node: 14'
+ echo 'nodes: ' 8
+ srun --nodes=8 --ntasks=8 -o out.dat -e f.err ../../../bin/sp-mz.C.8
+ cd ../
+ i=12
+ '[' 12 -ge 4 ']'
+ export OMP_NUM_THREADS=12
+ OMP_NUM_THREADS=12
++ date +%Y_%m_%d_%H_%M_%S_%N
+ name=2012_08_02_20_56_39_861447132
+ mkdir 2012_08_02_20_56_39_861447132
+ cd 2012_08_02_20_56_39_861447132
+ touch out.dat
+ env
+ echo 2012_08_02_20_56_39_861447132
+ uname -a
+ srun --nodes=1 --ntasks=1 -ppbatch cat /proc/cpuinfo
+ grep MHz
+ srun --nodes=1 --ntasks=1 -o host_info hostname
+ echo 'threads/node: 12'
+ echo 'nodes: ' 8
+ srun --nodes=8 --ntasks=8 -o out.dat -e f.err ../../../bin/sp-mz.C.8
+ cd ../
+ i=10
+ '[' 10 -ge 4 ']'
+ export OMP_NUM_THREADS=10
+ OMP_NUM_THREADS=10
++ date +%Y_%m_%d_%H_%M_%S_%N
+ name=2012_08_02_20_57_00_438514907
+ mkdir 2012_08_02_20_57_00_438514907
+ cd 2012_08_02_20_57_00_438514907
+ touch out.dat
+ env
+ echo 2012_08_02_20_57_00_438514907
+ uname -a
+ srun --nodes=1 --ntasks=1 -ppbatch cat /proc/cpuinfo
+ grep MHz
+ srun --nodes=1 --ntasks=1 -o host_info hostname
+ echo 'threads/node: 10'
+ echo 'nodes: ' 8
+ srun --nodes=8 --ntasks=8 -o out.dat -e f.err ../../../bin/sp-mz.C.8
+ cd ../
+ i=8
+ '[' 8 -ge 4 ']'
+ export OMP_NUM_THREADS=8
+ OMP_NUM_THREADS=8
++ date +%Y_%m_%d_%H_%M_%S_%N
+ name=2012_08_02_20_57_20_490599610
+ mkdir 2012_08_02_20_57_20_490599610
+ cd 2012_08_02_20_57_20_490599610
+ touch out.dat
+ env
+ echo 2012_08_02_20_57_20_490599610
+ uname -a
+ srun --nodes=1 --ntasks=1 -ppbatch cat /proc/cpuinfo
+ grep MHz
+ srun --nodes=1 --ntasks=1 -o host_info hostname
+ echo 'threads/node: 8'
+ echo 'nodes: ' 8
+ srun --nodes=8 --ntasks=8 -o out.dat -e f.err ../../../bin/sp-mz.C.8
+ cd ../
+ i=6
+ '[' 6 -ge 4 ']'
+ export OMP_NUM_THREADS=6
+ OMP_NUM_THREADS=6
++ date +%Y_%m_%d_%H_%M_%S_%N
+ name=2012_08_02_20_57_43_942030217
+ mkdir 2012_08_02_20_57_43_942030217
+ cd 2012_08_02_20_57_43_942030217
+ touch out.dat
+ env
+ echo 2012_08_02_20_57_43_942030217
+ uname -a
+ srun --nodes=1 --ntasks=1 -ppbatch cat /proc/cpuinfo
+ grep MHz
+ srun --nodes=1 --ntasks=1 -o host_info hostname
+ echo 'threads/node: 6'
+ echo 'nodes: ' 8
+ srun --nodes=8 --ntasks=8 -o out.dat -e f.err ../../../bin/sp-mz.C.8
+ cd ../
+ i=4
+ '[' 4 -ge 4 ']'
+ export OMP_NUM_THREADS=4
+ OMP_NUM_THREADS=4
++ date +%Y_%m_%d_%H_%M_%S_%N
+ name=2012_08_02_20_58_08_961187359
+ mkdir 2012_08_02_20_58_08_961187359
+ cd 2012_08_02_20_58_08_961187359
+ touch out.dat
+ env
+ echo 2012_08_02_20_58_08_961187359
+ uname -a
+ srun --nodes=1 --ntasks=1 -ppbatch cat /proc/cpuinfo
+ grep MHz
+ srun --nodes=1 --ntasks=1 -o host_info hostname
+ echo 'threads/node: 4'
+ echo 'nodes: ' 8
+ srun --nodes=8 --ntasks=8 -o out.dat -e f.err ../../../bin/sp-mz.C.8
+ cd ../
+ i=2
+ '[' 2 -ge 4 ']'
+ j=16
+ '[' 16 -le 32 ']'
+ i=16
+ '[' 16 -ge 4 ']'
+ export OMP_NUM_THREADS=16
+ OMP_NUM_THREADS=16
++ date +%Y_%m_%d_%H_%M_%S_%N
+ name=2012_08_02_20_58_40_471815803
+ mkdir 2012_08_02_20_58_40_471815803
+ cd 2012_08_02_20_58_40_471815803
+ touch out.dat
+ env
+ echo 2012_08_02_20_58_40_471815803
+ uname -a
+ srun --nodes=1 --ntasks=1 -ppbatch cat /proc/cpuinfo
+ grep MHz
+ srun --nodes=1 --ntasks=1 -o host_info hostname
+ echo 'threads/node: 16'
+ echo 'nodes: ' 16
+ srun --nodes=16 --ntasks=16 -o out.dat -e f.err ../../../bin/sp-mz.C.16
+ cd ../
+ i=14
+ '[' 14 -ge 4 ']'
+ export OMP_NUM_THREADS=14
+ OMP_NUM_THREADS=14
++ date +%Y_%m_%d_%H_%M_%S_%N
+ name=2012_08_02_20_58_53_935620517
+ mkdir 2012_08_02_20_58_53_935620517
+ cd 2012_08_02_20_58_53_935620517
+ touch out.dat
+ env
+ echo 2012_08_02_20_58_53_935620517
+ uname -a
+ grep MHz
+ srun --nodes=1 --ntasks=1 -ppbatch cat /proc/cpuinfo
+ srun --nodes=1 --ntasks=1 -o host_info hostname
+ echo 'threads/node: 14'
+ echo 'nodes: ' 16
+ srun --nodes=16 --ntasks=16 -o out.dat -e f.err ../../../bin/sp-mz.C.16
+ cd ../
+ i=12
+ '[' 12 -ge 4 ']'
+ export OMP_NUM_THREADS=12
+ OMP_NUM_THREADS=12
++ date +%Y_%m_%d_%H_%M_%S_%N
+ name=2012_08_02_20_59_06_712159125
+ mkdir 2012_08_02_20_59_06_712159125
+ cd 2012_08_02_20_59_06_712159125
+ touch out.dat
+ env
+ echo 2012_08_02_20_59_06_712159125
+ uname -a
+ srun --nodes=1 --ntasks=1 -ppbatch cat /proc/cpuinfo
+ grep MHz
+ srun --nodes=1 --ntasks=1 -o host_info hostname
+ echo 'threads/node: 12'
+ echo 'nodes: ' 16
+ srun --nodes=16 --ntasks=16 -o out.dat -e f.err ../../../bin/sp-mz.C.16
+ cd ../
+ i=10
+ '[' 10 -ge 4 ']'
+ export OMP_NUM_THREADS=10
+ OMP_NUM_THREADS=10
++ date +%Y_%m_%d_%H_%M_%S_%N
+ name=2012_08_02_20_59_20_090830232
+ mkdir 2012_08_02_20_59_20_090830232
+ cd 2012_08_02_20_59_20_090830232
+ touch out.dat
+ env
+ echo 2012_08_02_20_59_20_090830232
+ uname -a
+ srun --nodes=1 --ntasks=1 -ppbatch cat /proc/cpuinfo
+ grep MHz
+ srun --nodes=1 --ntasks=1 -o host_info hostname
+ echo 'threads/node: 10'
+ echo 'nodes: ' 16
+ srun --nodes=16 --ntasks=16 -o out.dat -e f.err ../../../bin/sp-mz.C.16
+ cd ../
+ i=8
+ '[' 8 -ge 4 ']'
+ export OMP_NUM_THREADS=8
+ OMP_NUM_THREADS=8
++ date +%Y_%m_%d_%H_%M_%S_%N
+ name=2012_08_02_20_59_33_774990547
+ mkdir 2012_08_02_20_59_33_774990547
+ cd 2012_08_02_20_59_33_774990547
+ touch out.dat
+ env
+ echo 2012_08_02_20_59_33_774990547
+ uname -a
+ srun --nodes=1 --ntasks=1 -ppbatch cat /proc/cpuinfo
+ grep MHz
+ srun --nodes=1 --ntasks=1 -o host_info hostname
+ echo 'threads/node: 8'
+ echo 'nodes: ' 16
+ srun --nodes=16 --ntasks=16 -o out.dat -e f.err ../../../bin/sp-mz.C.16
+ cd ../
+ i=6
+ '[' 6 -ge 4 ']'
+ export OMP_NUM_THREADS=6
+ OMP_NUM_THREADS=6
++ date +%Y_%m_%d_%H_%M_%S_%N
+ name=2012_08_02_20_59_48_021420213
+ mkdir 2012_08_02_20_59_48_021420213
+ cd 2012_08_02_20_59_48_021420213
+ touch out.dat
+ env
+ echo 2012_08_02_20_59_48_021420213
+ uname -a
+ srun --nodes=1 --ntasks=1 -ppbatch cat /proc/cpuinfo
+ grep MHz
+ srun --nodes=1 --ntasks=1 -o host_info hostname
+ echo 'threads/node: 6'
+ echo 'nodes: ' 16
+ srun --nodes=16 --ntasks=16 -o out.dat -e f.err ../../../bin/sp-mz.C.16
+ cd ../
+ i=4
+ '[' 4 -ge 4 ']'
+ export OMP_NUM_THREADS=4
+ OMP_NUM_THREADS=4
++ date +%Y_%m_%d_%H_%M_%S_%N
+ name=2012_08_02_21_00_03_581217502
+ mkdir 2012_08_02_21_00_03_581217502
+ cd 2012_08_02_21_00_03_581217502
+ touch out.dat
+ env
+ echo 2012_08_02_21_00_03_581217502
+ uname -a
+ grep MHz
+ srun --nodes=1 --ntasks=1 -ppbatch cat /proc/cpuinfo
+ srun --nodes=1 --ntasks=1 -o host_info hostname
+ echo 'threads/node: 4'
+ echo 'nodes: ' 16
+ srun --nodes=16 --ntasks=16 -o out.dat -e f.err ../../../bin/sp-mz.C.16
+ cd ../
+ i=2
+ '[' 2 -ge 4 ']'
+ j=32
+ '[' 32 -le 32 ']'
+ i=16
+ '[' 16 -ge 4 ']'
+ export OMP_NUM_THREADS=16
+ OMP_NUM_THREADS=16
++ date +%Y_%m_%d_%H_%M_%S_%N
+ name=2012_08_02_21_00_22_436698120
+ mkdir 2012_08_02_21_00_22_436698120
+ cd 2012_08_02_21_00_22_436698120
+ touch out.dat
+ env
+ echo 2012_08_02_21_00_22_436698120
+ uname -a
+ srun --nodes=1 --ntasks=1 -ppbatch cat /proc/cpuinfo
+ grep MHz
+ srun --nodes=1 --ntasks=1 -o host_info hostname
+ echo 'threads/node: 16'
+ echo 'nodes: ' 32
+ srun --nodes=32 --ntasks=32 -o out.dat -e f.err ../../../bin/sp-mz.C.32
+ cd ../
+ i=14
+ '[' 14 -ge 4 ']'
+ export OMP_NUM_THREADS=14
+ OMP_NUM_THREADS=14
++ date +%Y_%m_%d_%H_%M_%S_%N
+ name=2012_08_02_21_00_36_044447171
+ mkdir 2012_08_02_21_00_36_044447171
+ cd 2012_08_02_21_00_36_044447171
+ touch out.dat
+ env
+ echo 2012_08_02_21_00_36_044447171
+ uname -a
+ grep MHz
+ srun --nodes=1 --ntasks=1 -ppbatch cat /proc/cpuinfo
+ srun --nodes=1 --ntasks=1 -o host_info hostname
+ echo 'threads/node: 14'
+ echo 'nodes: ' 32
+ srun --nodes=32 --ntasks=32 -o out.dat -e f.err ../../../bin/sp-mz.C.32
+ cd ../
+ i=12
+ '[' 12 -ge 4 ']'
+ export OMP_NUM_THREADS=12
+ OMP_NUM_THREADS=12
++ date +%Y_%m_%d_%H_%M_%S_%N
+ name=2012_08_02_21_00_47_118773523
+ mkdir 2012_08_02_21_00_47_118773523
+ cd 2012_08_02_21_00_47_118773523
+ touch out.dat
+ env
+ echo 2012_08_02_21_00_47_118773523
+ uname -a
+ srun --nodes=1 --ntasks=1 -ppbatch cat /proc/cpuinfo
+ grep MHz
+ srun --nodes=1 --ntasks=1 -o host_info hostname
+ echo 'threads/node: 12'
+ echo 'nodes: ' 32
+ srun --nodes=32 --ntasks=32 -o out.dat -e f.err ../../../bin/sp-mz.C.32
+ cd ../
+ i=10
+ '[' 10 -ge 4 ']'
+ export OMP_NUM_THREADS=10
+ OMP_NUM_THREADS=10
++ date +%Y_%m_%d_%H_%M_%S_%N
+ name=2012_08_02_21_00_57_369949672
+ mkdir 2012_08_02_21_00_57_369949672
+ cd 2012_08_02_21_00_57_369949672
+ touch out.dat
+ env
+ echo 2012_08_02_21_00_57_369949672
+ uname -a
+ srun --nodes=1 --ntasks=1 -ppbatch cat /proc/cpuinfo
+ grep MHz
+ srun --nodes=1 --ntasks=1 -o host_info hostname
+ echo 'threads/node: 10'
+ echo 'nodes: ' 32
+ srun --nodes=32 --ntasks=32 -o out.dat -e f.err ../../../bin/sp-mz.C.32
+ cd ../
+ i=8
+ '[' 8 -ge 4 ']'
+ export OMP_NUM_THREADS=8
+ OMP_NUM_THREADS=8
++ date +%Y_%m_%d_%H_%M_%S_%N
+ name=2012_08_02_21_01_08_457828883
+ mkdir 2012_08_02_21_01_08_457828883
+ cd 2012_08_02_21_01_08_457828883
+ touch out.dat
+ env
+ echo 2012_08_02_21_01_08_457828883
+ uname -a
+ srun --nodes=1 --ntasks=1 -ppbatch cat /proc/cpuinfo
+ grep MHz
+ srun --nodes=1 --ntasks=1 -o host_info hostname
+ echo 'threads/node: 8'
+ echo 'nodes: ' 32
+ srun --nodes=32 --ntasks=32 -o out.dat -e f.err ../../../bin/sp-mz.C.32
+ cd ../
+ i=6
+ '[' 6 -ge 4 ']'
+ export OMP_NUM_THREADS=6
+ OMP_NUM_THREADS=6
++ date +%Y_%m_%d_%H_%M_%S_%N
+ name=2012_08_02_21_01_20_399056869
+ mkdir 2012_08_02_21_01_20_399056869
+ cd 2012_08_02_21_01_20_399056869
+ touch out.dat
+ env
+ echo 2012_08_02_21_01_20_399056869
+ uname -a
+ grep MHz
+ srun --nodes=1 --ntasks=1 -ppbatch cat /proc/cpuinfo
+ srun --nodes=1 --ntasks=1 -o host_info hostname
+ echo 'threads/node: 6'
+ echo 'nodes: ' 32
+ srun --nodes=32 --ntasks=32 -o out.dat -e f.err ../../../bin/sp-mz.C.32
+ cd ../
+ i=4
+ '[' 4 -ge 4 ']'
+ export OMP_NUM_THREADS=4
+ OMP_NUM_THREADS=4
++ date +%Y_%m_%d_%H_%M_%S_%N
+ name=2012_08_02_21_01_32_077335182
+ mkdir 2012_08_02_21_01_32_077335182
+ cd 2012_08_02_21_01_32_077335182
+ touch out.dat
+ env
+ echo 2012_08_02_21_01_32_077335182
+ uname -a
+ srun --nodes=1 --ntasks=1 -ppbatch cat /proc/cpuinfo
+ grep MHz
+ srun --nodes=1 --ntasks=1 -o host_info hostname
+ echo 'threads/node: 4'
+ echo 'nodes: ' 32
+ srun --nodes=32 --ntasks=32 -o out.dat -e f.err ../../../bin/sp-mz.C.32
+ cd ../
+ i=2
+ '[' 2 -ge 4 ']'
+ j=64
+ '[' 64 -le 32 ']'
+ for pkg in 0x38198 0x038208 0x038280 0x0382f8
+ i=16
+ j=8
+ export MSR_PKG_POWER_LIMIT=0x0382f8
+ MSR_PKG_POWER_LIMIT=0x0382f8
+ '[' 8 -le 32 ']'
+ i=16
+ '[' 16 -ge 4 ']'
+ export OMP_NUM_THREADS=16
+ OMP_NUM_THREADS=16
++ date +%Y_%m_%d_%H_%M_%S_%N
+ name=2012_08_02_21_01_45_112991221
+ mkdir 2012_08_02_21_01_45_112991221
+ cd 2012_08_02_21_01_45_112991221
+ touch out.dat
+ env
+ echo 2012_08_02_21_01_45_112991221
+ uname -a
+ srun --nodes=1 --ntasks=1 -ppbatch cat /proc/cpuinfo
+ grep MHz
+ srun --nodes=1 --ntasks=1 -o host_info hostname
+ echo 'threads/node: 16'
+ echo 'nodes: ' 8
+ srun --nodes=8 --ntasks=8 -o out.dat -e f.err ../../../bin/sp-mz.C.8
+ cd ../
+ i=14
+ '[' 14 -ge 4 ']'
+ export OMP_NUM_THREADS=14
+ OMP_NUM_THREADS=14
++ date +%Y_%m_%d_%H_%M_%S_%N
+ name=2012_08_02_21_02_06_056113771
+ mkdir 2012_08_02_21_02_06_056113771
+ cd 2012_08_02_21_02_06_056113771
+ touch out.dat
+ env
+ echo 2012_08_02_21_02_06_056113771
+ uname -a
+ srun --nodes=1 --ntasks=1 -ppbatch cat /proc/cpuinfo
+ grep MHz
+ srun --nodes=1 --ntasks=1 -o host_info hostname
+ echo 'threads/node: 14'
+ echo 'nodes: ' 8
+ srun --nodes=8 --ntasks=8 -o out.dat -e f.err ../../../bin/sp-mz.C.8
+ cd ../
+ i=12
+ '[' 12 -ge 4 ']'
+ export OMP_NUM_THREADS=12
+ OMP_NUM_THREADS=12
++ date +%Y_%m_%d_%H_%M_%S_%N
+ name=2012_08_02_21_02_25_199994307
+ mkdir 2012_08_02_21_02_25_199994307
+ cd 2012_08_02_21_02_25_199994307
+ touch out.dat
+ env
+ echo 2012_08_02_21_02_25_199994307
+ uname -a
+ srun --nodes=1 --ntasks=1 -ppbatch cat /proc/cpuinfo
+ grep MHz
+ srun --nodes=1 --ntasks=1 -o host_info hostname
+ echo 'threads/node: 12'
+ echo 'nodes: ' 8
+ srun --nodes=8 --ntasks=8 -o out.dat -e f.err ../../../bin/sp-mz.C.8
+ cd ../
+ i=10
+ '[' 10 -ge 4 ']'
+ export OMP_NUM_THREADS=10
+ OMP_NUM_THREADS=10
++ date +%Y_%m_%d_%H_%M_%S_%N
+ name=2012_08_02_21_02_45_020252042
+ mkdir 2012_08_02_21_02_45_020252042
+ cd 2012_08_02_21_02_45_020252042
+ touch out.dat
+ env
+ echo 2012_08_02_21_02_45_020252042
+ uname -a
+ srun --nodes=1 --ntasks=1 -ppbatch cat /proc/cpuinfo
+ grep MHz
+ srun --nodes=1 --ntasks=1 -o host_info hostname
+ echo 'threads/node: 10'
+ echo 'nodes: ' 8
+ srun --nodes=8 --ntasks=8 -o out.dat -e f.err ../../../bin/sp-mz.C.8
+ cd ../
+ i=8
+ '[' 8 -ge 4 ']'
+ export OMP_NUM_THREADS=8
+ OMP_NUM_THREADS=8
++ date +%Y_%m_%d_%H_%M_%S_%N
+ name=2012_08_02_21_03_05_250415345
+ mkdir 2012_08_02_21_03_05_250415345
+ cd 2012_08_02_21_03_05_250415345
+ touch out.dat
+ env
+ echo 2012_08_02_21_03_05_250415345
+ uname -a
+ grep MHz
+ srun --nodes=1 --ntasks=1 -ppbatch cat /proc/cpuinfo
+ srun --nodes=1 --ntasks=1 -o host_info hostname
+ echo 'threads/node: 8'
+ echo 'nodes: ' 8
+ srun --nodes=8 --ntasks=8 -o out.dat -e f.err ../../../bin/sp-mz.C.8
+ cd ../
+ i=6
+ '[' 6 -ge 4 ']'
+ export OMP_NUM_THREADS=6
+ OMP_NUM_THREADS=6
++ date +%Y_%m_%d_%H_%M_%S_%N
+ name=2012_08_02_21_03_27_482531676
+ mkdir 2012_08_02_21_03_27_482531676
+ cd 2012_08_02_21_03_27_482531676
+ touch out.dat
+ env
+ echo 2012_08_02_21_03_27_482531676
+ uname -a
+ srun --nodes=1 --ntasks=1 -ppbatch cat /proc/cpuinfo
+ grep MHz
+ srun --nodes=1 --ntasks=1 -o host_info hostname
+ echo 'threads/node: 6'
+ echo 'nodes: ' 8
+ srun --nodes=8 --ntasks=8 -o out.dat -e f.err ../../../bin/sp-mz.C.8
+ cd ../
+ i=4
+ '[' 4 -ge 4 ']'
+ export OMP_NUM_THREADS=4
+ OMP_NUM_THREADS=4
++ date +%Y_%m_%d_%H_%M_%S_%N
+ name=2012_08_02_21_03_52_105359833
+ mkdir 2012_08_02_21_03_52_105359833
+ cd 2012_08_02_21_03_52_105359833
+ touch out.dat
+ env
+ echo 2012_08_02_21_03_52_105359833
+ uname -a
+ srun --nodes=1 --ntasks=1 -ppbatch cat /proc/cpuinfo
+ grep MHz
+ srun --nodes=1 --ntasks=1 -o host_info hostname
+ echo 'threads/node: 4'
+ echo 'nodes: ' 8
+ srun --nodes=8 --ntasks=8 -o out.dat -e f.err ../../../bin/sp-mz.C.8
+ cd ../
+ i=2
+ '[' 2 -ge 4 ']'
+ j=16
+ '[' 16 -le 32 ']'
+ i=16
+ '[' 16 -ge 4 ']'
+ export OMP_NUM_THREADS=16
+ OMP_NUM_THREADS=16
++ date +%Y_%m_%d_%H_%M_%S_%N
+ name=2012_08_02_21_04_22_952510146
+ mkdir 2012_08_02_21_04_22_952510146
+ cd 2012_08_02_21_04_22_952510146
+ touch out.dat
+ env
+ echo 2012_08_02_21_04_22_952510146
+ uname -a
+ srun --nodes=1 --ntasks=1 -ppbatch cat /proc/cpuinfo
+ grep MHz
+ srun --nodes=1 --ntasks=1 -o host_info hostname
+ echo 'threads/node: 16'
+ echo 'nodes: ' 16
+ srun --nodes=16 --ntasks=16 -o out.dat -e f.err ../../../bin/sp-mz.C.16
+ cd ../
+ i=14
+ '[' 14 -ge 4 ']'
+ export OMP_NUM_THREADS=14
+ OMP_NUM_THREADS=14
++ date +%Y_%m_%d_%H_%M_%S_%N
+ name=2012_08_02_21_04_37_214804910
+ mkdir 2012_08_02_21_04_37_214804910
+ cd 2012_08_02_21_04_37_214804910
+ touch out.dat
+ env
+ echo 2012_08_02_21_04_37_214804910
+ uname -a
+ srun --nodes=1 --ntasks=1 -ppbatch cat /proc/cpuinfo
+ grep MHz
+ srun --nodes=1 --ntasks=1 -o host_info hostname
+ echo 'threads/node: 14'
+ echo 'nodes: ' 16
+ srun --nodes=16 --ntasks=16 -o out.dat -e f.err ../../../bin/sp-mz.C.16
+ cd ../
+ i=12
+ '[' 12 -ge 4 ']'
+ export OMP_NUM_THREADS=12
+ OMP_NUM_THREADS=12
++ date +%Y_%m_%d_%H_%M_%S_%N
+ name=2012_08_02_21_04_50_671631123
+ mkdir 2012_08_02_21_04_50_671631123
+ cd 2012_08_02_21_04_50_671631123
+ touch out.dat
+ env
+ echo 2012_08_02_21_04_50_671631123
+ uname -a
+ grep MHz
+ srun --nodes=1 --ntasks=1 -ppbatch cat /proc/cpuinfo
+ srun --nodes=1 --ntasks=1 -o host_info hostname
+ echo 'threads/node: 12'
+ echo 'nodes: ' 16
+ srun --nodes=16 --ntasks=16 -o out.dat -e f.err ../../../bin/sp-mz.C.16
+ cd ../
+ i=10
+ '[' 10 -ge 4 ']'
+ export OMP_NUM_THREADS=10
+ OMP_NUM_THREADS=10
++ date +%Y_%m_%d_%H_%M_%S_%N
+ name=2012_08_02_21_05_05_374968500
+ mkdir 2012_08_02_21_05_05_374968500
+ cd 2012_08_02_21_05_05_374968500
+ touch out.dat
+ env
+ echo 2012_08_02_21_05_05_374968500
+ uname -a
+ srun --nodes=1 --ntasks=1 -ppbatch cat /proc/cpuinfo
+ grep MHz
+ srun --nodes=1 --ntasks=1 -o host_info hostname
+ echo 'threads/node: 10'
+ echo 'nodes: ' 16
+ srun --nodes=16 --ntasks=16 -o out.dat -e f.err ../../../bin/sp-mz.C.16
+ cd ../
+ i=8
+ '[' 8 -ge 4 ']'
+ export OMP_NUM_THREADS=8
+ OMP_NUM_THREADS=8
++ date +%Y_%m_%d_%H_%M_%S_%N
+ name=2012_08_02_21_05_18_698220803
+ mkdir 2012_08_02_21_05_18_698220803
+ cd 2012_08_02_21_05_18_698220803
+ touch out.dat
+ env
+ echo 2012_08_02_21_05_18_698220803
+ uname -a
+ srun --nodes=1 --ntasks=1 -ppbatch cat /proc/cpuinfo
+ grep MHz
+ srun --nodes=1 --ntasks=1 -o host_info hostname
+ echo 'threads/node: 8'
+ echo 'nodes: ' 16
+ srun --nodes=16 --ntasks=16 -o out.dat -e f.err ../../../bin/sp-mz.C.16
+ cd ../
+ i=6
+ '[' 6 -ge 4 ']'
+ export OMP_NUM_THREADS=6
+ OMP_NUM_THREADS=6
++ date +%Y_%m_%d_%H_%M_%S_%N
+ name=2012_08_02_21_05_34_246027354
+ mkdir 2012_08_02_21_05_34_246027354
+ cd 2012_08_02_21_05_34_246027354
+ touch out.dat
+ env
+ echo 2012_08_02_21_05_34_246027354
+ uname -a
+ srun --nodes=1 --ntasks=1 -ppbatch cat /proc/cpuinfo
+ grep MHz
+ srun --nodes=1 --ntasks=1 -o host_info hostname
+ echo 'threads/node: 6'
+ echo 'nodes: ' 16
+ srun --nodes=16 --ntasks=16 -o out.dat -e f.err ../../../bin/sp-mz.C.16
+ cd ../
+ i=4
+ '[' 4 -ge 4 ']'
+ export OMP_NUM_THREADS=4
+ OMP_NUM_THREADS=4
++ date +%Y_%m_%d_%H_%M_%S_%N
+ name=2012_08_02_21_05_50_534834421
+ mkdir 2012_08_02_21_05_50_534834421
+ cd 2012_08_02_21_05_50_534834421
+ touch out.dat
+ env
+ echo 2012_08_02_21_05_50_534834421
+ uname -a
+ grep MHz
+ srun --nodes=1 --ntasks=1 -ppbatch cat /proc/cpuinfo
+ srun --nodes=1 --ntasks=1 -o host_info hostname
+ echo 'threads/node: 4'
+ echo 'nodes: ' 16
+ srun --nodes=16 --ntasks=16 -o out.dat -e f.err ../../../bin/sp-mz.C.16
+ cd ../
+ i=2
+ '[' 2 -ge 4 ']'
+ j=32
+ '[' 32 -le 32 ']'
+ i=16
+ '[' 16 -ge 4 ']'
+ export OMP_NUM_THREADS=16
+ OMP_NUM_THREADS=16
++ date +%Y_%m_%d_%H_%M_%S_%N
+ name=2012_08_02_21_06_08_946534917
+ mkdir 2012_08_02_21_06_08_946534917
+ cd 2012_08_02_21_06_08_946534917
+ touch out.dat
+ env
+ echo 2012_08_02_21_06_08_946534917
+ uname -a
+ srun --nodes=1 --ntasks=1 -ppbatch cat /proc/cpuinfo
+ grep MHz
+ srun --nodes=1 --ntasks=1 -o host_info hostname
+ echo 'threads/node: 16'
+ echo 'nodes: ' 32
+ srun --nodes=32 --ntasks=32 -o out.dat -e f.err ../../../bin/sp-mz.C.32
+ cd ../
+ i=14
+ '[' 14 -ge 4 ']'
+ export OMP_NUM_THREADS=14
+ OMP_NUM_THREADS=14
++ date +%Y_%m_%d_%H_%M_%S_%N
+ name=2012_08_02_21_06_23_600297185
+ mkdir 2012_08_02_21_06_23_600297185
+ cd 2012_08_02_21_06_23_600297185
+ touch out.dat
+ env
+ echo 2012_08_02_21_06_23_600297185
+ uname -a
+ srun --nodes=1 --ntasks=1 -ppbatch cat /proc/cpuinfo
+ grep MHz
+ srun --nodes=1 --ntasks=1 -o host_info hostname
+ echo 'threads/node: 14'
+ echo 'nodes: ' 32
+ srun --nodes=32 --ntasks=32 -o out.dat -e f.err ../../../bin/sp-mz.C.32
+ cd ../
+ i=12
+ '[' 12 -ge 4 ']'
+ export OMP_NUM_THREADS=12
+ OMP_NUM_THREADS=12
++ date +%Y_%m_%d_%H_%M_%S_%N
+ name=2012_08_02_21_06_35_276342225
+ mkdir 2012_08_02_21_06_35_276342225
+ cd 2012_08_02_21_06_35_276342225
+ touch out.dat
+ env
+ echo 2012_08_02_21_06_35_276342225
+ uname -a
+ srun --nodes=1 --ntasks=1 -ppbatch cat /proc/cpuinfo
+ grep MHz
+ srun --nodes=1 --ntasks=1 -o host_info hostname
+ echo 'threads/node: 12'
+ echo 'nodes: ' 32
+ srun --nodes=32 --ntasks=32 -o out.dat -e f.err ../../../bin/sp-mz.C.32
+ cd ../
+ i=10
+ '[' 10 -ge 4 ']'
+ export OMP_NUM_THREADS=10
+ OMP_NUM_THREADS=10
++ date +%Y_%m_%d_%H_%M_%S_%N
+ name=2012_08_02_21_06_46_690204729
+ mkdir 2012_08_02_21_06_46_690204729
+ cd 2012_08_02_21_06_46_690204729
+ touch out.dat
+ env
+ echo 2012_08_02_21_06_46_690204729
+ uname -a
+ srun --nodes=1 --ntasks=1 -ppbatch cat /proc/cpuinfo
+ grep MHz
+ srun --nodes=1 --ntasks=1 -o host_info hostname
+ echo 'threads/node: 10'
+ echo 'nodes: ' 32
+ srun --nodes=32 --ntasks=32 -o out.dat -e f.err ../../../bin/sp-mz.C.32
+ cd ../
+ i=8
+ '[' 8 -ge 4 ']'
+ export OMP_NUM_THREADS=8
+ OMP_NUM_THREADS=8
++ date +%Y_%m_%d_%H_%M_%S_%N
+ name=2012_08_02_21_06_58_757642024
+ mkdir 2012_08_02_21_06_58_757642024
+ cd 2012_08_02_21_06_58_757642024
+ touch out.dat
+ env
+ echo 2012_08_02_21_06_58_757642024
+ uname -a
+ srun --nodes=1 --ntasks=1 -ppbatch cat /proc/cpuinfo
+ grep MHz
+ srun --nodes=1 --ntasks=1 -o host_info hostname
+ echo 'threads/node: 8'
+ echo 'nodes: ' 32
+ srun --nodes=32 --ntasks=32 -o out.dat -e f.err ../../../bin/sp-mz.C.32
+ cd ../
+ i=6
+ '[' 6 -ge 4 ']'
+ export OMP_NUM_THREADS=6
+ OMP_NUM_THREADS=6
++ date +%Y_%m_%d_%H_%M_%S_%N
+ name=2012_08_02_21_07_10_292493024
+ mkdir 2012_08_02_21_07_10_292493024
+ cd 2012_08_02_21_07_10_292493024
+ touch out.dat
+ env
+ echo 2012_08_02_21_07_10_292493024
+ uname -a
+ srun --nodes=1 --ntasks=1 -ppbatch cat /proc/cpuinfo
+ grep MHz
+ srun --nodes=1 --ntasks=1 -o host_info hostname
+ echo 'threads/node: 6'
+ echo 'nodes: ' 32
+ srun --nodes=32 --ntasks=32 -o out.dat -e f.err ../../../bin/sp-mz.C.32
+ cd ../
+ i=4
+ '[' 4 -ge 4 ']'
+ export OMP_NUM_THREADS=4
+ OMP_NUM_THREADS=4
++ date +%Y_%m_%d_%H_%M_%S_%N
+ name=2012_08_02_21_07_22_950025161
+ mkdir 2012_08_02_21_07_22_950025161
+ cd 2012_08_02_21_07_22_950025161
+ touch out.dat
+ env
+ echo 2012_08_02_21_07_22_950025161
+ uname -a
+ grep MHz
+ srun --nodes=1 --ntasks=1 -ppbatch cat /proc/cpuinfo
+ srun --nodes=1 --ntasks=1 -o host_info hostname
+ echo 'threads/node: 4'
+ echo 'nodes: ' 32
+ srun --nodes=32 --ntasks=32 -o out.dat -e f.err ../../../bin/sp-mz.C.32
+ cd ../
+ i=2
+ '[' 2 -ge 4 ']'
+ j=64
+ '[' 64 -le 32 ']'
