+ i=16
+ minthreads=4
+ j=8
+ maxnodes=32
+ export READ_WRITE=1
+ READ_WRITE=1
+ export PKG_MINW_MINS=0x38198
+ PKG_MINW_MINS=0x38198
+ export PP0_MINW_MINS=0x38198
+ PP0_MINW_MINS=0x38198
+ export DRAM_MINW_MINS=0x38078
+ DRAM_MINW_MINS=0x38078
+ export MSR_PKG_POWER_LIMIT=0x0
+ MSR_PKG_POWER_LIMIT=0x0
+ export MSR_PP0_POWER_LIMIT=0x0
+ MSR_PP0_POWER_LIMIT=0x0
+ export MSR_DRAM_POWER_LIMIT=0x0
+ MSR_DRAM_POWER_LIMIT=0x0
+ export MSR_RANK_MOD=1
+ MSR_RANK_MOD=1
+ for pkg in 0x38198 0x038208 0x038280 0x0382f8
+ i=16
+ j=8
+ export MSR_PKG_POWER_LIMIT=0x38198
+ MSR_PKG_POWER_LIMIT=0x38198
+ '[' 8 -le 32 ']'
+ i=16
+ '[' 16 -ge 4 ']'
+ export OMP_NUM_THREADS=16
+ OMP_NUM_THREADS=16
++ date +%Y_%m_%d_%H_%M_%S_%N
+ name=2012_08_02_20_19_36_217942960
+ mkdir 2012_08_02_20_19_36_217942960
+ cd 2012_08_02_20_19_36_217942960
+ touch out.dat
+ env
+ echo 2012_08_02_20_19_36_217942960
+ uname -a
+ grep MHz
+ srun --nodes=1 --ntasks=1 -ppbatch cat /proc/cpuinfo
+ srun --nodes=1 --ntasks=1 -o host_info hostname
+ echo 'threads/node: 16'
+ echo 'nodes: ' 8
+ srun --nodes=8 --ntasks=8 -o out.dat -e f.err ../../../bin/sp-mz.C.8
+ cd ../
+ i=14
+ '[' 14 -ge 4 ']'
+ export OMP_NUM_THREADS=14
+ OMP_NUM_THREADS=14
++ date +%Y_%m_%d_%H_%M_%S_%N
+ name=2012_08_02_20_19_59_702048568
+ mkdir 2012_08_02_20_19_59_702048568
+ cd 2012_08_02_20_19_59_702048568
+ touch out.dat
+ env
+ echo 2012_08_02_20_19_59_702048568
+ uname -a
+ srun --nodes=1 --ntasks=1 -ppbatch cat /proc/cpuinfo
+ grep MHz
+ srun --nodes=1 --ntasks=1 -o host_info hostname
+ echo 'threads/node: 14'
+ echo 'nodes: ' 8
+ srun --nodes=8 --ntasks=8 -o out.dat -e f.err ../../../bin/sp-mz.C.8
+ cd ../
+ i=12
+ '[' 12 -ge 4 ']'
+ export OMP_NUM_THREADS=12
+ OMP_NUM_THREADS=12
++ date +%Y_%m_%d_%H_%M_%S_%N
+ name=2012_08_02_20_20_21_977722278
+ mkdir 2012_08_02_20_20_21_977722278
+ cd 2012_08_02_20_20_21_977722278
+ touch out.dat
+ env
+ echo 2012_08_02_20_20_21_977722278
+ uname -a
+ grep MHz
+ srun --nodes=1 --ntasks=1 -ppbatch cat /proc/cpuinfo
+ srun --nodes=1 --ntasks=1 -o host_info hostname
+ echo 'threads/node: 12'
+ echo 'nodes: ' 8
+ srun --nodes=8 --ntasks=8 -o out.dat -e f.err ../../../bin/sp-mz.C.8
+ cd ../
+ i=10
+ '[' 10 -ge 4 ']'
+ export OMP_NUM_THREADS=10
+ OMP_NUM_THREADS=10
++ date +%Y_%m_%d_%H_%M_%S_%N
+ name=2012_08_02_20_20_44_185917355
+ mkdir 2012_08_02_20_20_44_185917355
+ cd 2012_08_02_20_20_44_185917355
+ touch out.dat
+ env
+ echo 2012_08_02_20_20_44_185917355
+ uname -a
+ srun --nodes=1 --ntasks=1 -ppbatch cat /proc/cpuinfo
+ grep MHz
+ srun --nodes=1 --ntasks=1 -o host_info hostname
+ echo 'threads/node: 10'
+ echo 'nodes: ' 8
+ srun --nodes=8 --ntasks=8 -o out.dat -e f.err ../../../bin/sp-mz.C.8
+ cd ../
+ i=8
+ '[' 8 -ge 4 ']'
+ export OMP_NUM_THREADS=8
+ OMP_NUM_THREADS=8
++ date +%Y_%m_%d_%H_%M_%S_%N
+ name=2012_08_02_20_21_05_581724293
+ mkdir 2012_08_02_20_21_05_581724293
+ cd 2012_08_02_20_21_05_581724293
+ touch out.dat
+ env
+ echo 2012_08_02_20_21_05_581724293
+ uname -a
+ grep MHz
+ srun --nodes=1 --ntasks=1 -ppbatch cat /proc/cpuinfo
+ srun --nodes=1 --ntasks=1 -o host_info hostname
+ echo 'threads/node: 8'
+ echo 'nodes: ' 8
+ srun --nodes=8 --ntasks=8 -o out.dat -e f.err ../../../bin/sp-mz.C.8
+ cd ../
+ i=6
+ '[' 6 -ge 4 ']'
+ export OMP_NUM_THREADS=6
+ OMP_NUM_THREADS=6
++ date +%Y_%m_%d_%H_%M_%S_%N
+ name=2012_08_02_20_21_29_070571783
+ mkdir 2012_08_02_20_21_29_070571783
+ cd 2012_08_02_20_21_29_070571783
+ touch out.dat
+ env
+ echo 2012_08_02_20_21_29_070571783
+ uname -a
+ srun --nodes=1 --ntasks=1 -ppbatch cat /proc/cpuinfo
+ grep MHz
+ srun --nodes=1 --ntasks=1 -o host_info hostname
+ echo 'threads/node: 6'
+ echo 'nodes: ' 8
+ srun --nodes=8 --ntasks=8 -o out.dat -e f.err ../../../bin/sp-mz.C.8
+ cd ../
+ i=4
+ '[' 4 -ge 4 ']'
+ export OMP_NUM_THREADS=4
+ OMP_NUM_THREADS=4
++ date +%Y_%m_%d_%H_%M_%S_%N
+ name=2012_08_02_20_21_54_913447266
+ mkdir 2012_08_02_20_21_54_913447266
+ cd 2012_08_02_20_21_54_913447266
+ touch out.dat
+ env
+ echo 2012_08_02_20_21_54_913447266
+ uname -a
+ srun --nodes=1 --ntasks=1 -ppbatch cat /proc/cpuinfo
+ grep MHz
+ srun --nodes=1 --ntasks=1 -o host_info hostname
+ echo 'threads/node: 4'
+ echo 'nodes: ' 8
+ srun --nodes=8 --ntasks=8 -o out.dat -e f.err ../../../bin/sp-mz.C.8
+ cd ../
+ i=2
+ '[' 2 -ge 4 ']'
+ j=16
+ '[' 16 -le 32 ']'
+ i=16
+ '[' 16 -ge 4 ']'
+ export OMP_NUM_THREADS=16
+ OMP_NUM_THREADS=16
++ date +%Y_%m_%d_%H_%M_%S_%N
+ name=2012_08_02_20_22_27_176401451
+ mkdir 2012_08_02_20_22_27_176401451
+ cd 2012_08_02_20_22_27_176401451
+ touch out.dat
+ env
+ echo 2012_08_02_20_22_27_176401451
+ uname -a
+ srun --nodes=1 --ntasks=1 -ppbatch cat /proc/cpuinfo
+ grep MHz
+ srun --nodes=1 --ntasks=1 -o host_info hostname
+ echo 'threads/node: 16'
+ echo 'nodes: ' 16
+ srun --nodes=16 --ntasks=16 -o out.dat -e f.err ../../../bin/sp-mz.C.16
+ cd ../
+ i=14
+ '[' 14 -ge 4 ']'
+ export OMP_NUM_THREADS=14
+ OMP_NUM_THREADS=14
++ date +%Y_%m_%d_%H_%M_%S_%N
+ name=2012_08_02_20_22_46_184663516
+ mkdir 2012_08_02_20_22_46_184663516
+ cd 2012_08_02_20_22_46_184663516
+ touch out.dat
+ env
+ echo 2012_08_02_20_22_46_184663516
+ uname -a
+ grep MHz
+ srun --nodes=1 --ntasks=1 -ppbatch cat /proc/cpuinfo
+ srun --nodes=1 --ntasks=1 -o host_info hostname
+ echo 'threads/node: 14'
+ echo 'nodes: ' 16
+ srun --nodes=16 --ntasks=16 -o out.dat -e f.err ../../../bin/sp-mz.C.16
+ cd ../
+ i=12
+ '[' 12 -ge 4 ']'
+ export OMP_NUM_THREADS=12
+ OMP_NUM_THREADS=12
++ date +%Y_%m_%d_%H_%M_%S_%N
+ name=2012_08_02_20_23_00_307165346
+ mkdir 2012_08_02_20_23_00_307165346
+ cd 2012_08_02_20_23_00_307165346
+ touch out.dat
+ env
+ echo 2012_08_02_20_23_00_307165346
+ uname -a
+ grep MHz
+ srun --nodes=1 --ntasks=1 -ppbatch cat /proc/cpuinfo
+ srun --nodes=1 --ntasks=1 -o host_info hostname
+ echo 'threads/node: 12'
+ echo 'nodes: ' 16
+ srun --nodes=16 --ntasks=16 -o out.dat -e f.err ../../../bin/sp-mz.C.16
+ cd ../
+ i=10
+ '[' 10 -ge 4 ']'
+ export OMP_NUM_THREADS=10
+ OMP_NUM_THREADS=10
++ date +%Y_%m_%d_%H_%M_%S_%N
+ name=2012_08_02_20_23_15_862190698
+ mkdir 2012_08_02_20_23_15_862190698
+ cd 2012_08_02_20_23_15_862190698
+ touch out.dat
+ env
+ echo 2012_08_02_20_23_15_862190698
+ uname -a
+ grep MHz
+ srun --nodes=1 --ntasks=1 -ppbatch cat /proc/cpuinfo
+ srun --nodes=1 --ntasks=1 -o host_info hostname
+ echo 'threads/node: 10'
+ echo 'nodes: ' 16
+ srun --nodes=16 --ntasks=16 -o out.dat -e f.err ../../../bin/sp-mz.C.16
+ cd ../
+ i=8
+ '[' 8 -ge 4 ']'
+ export OMP_NUM_THREADS=8
+ OMP_NUM_THREADS=8
++ date +%Y_%m_%d_%H_%M_%S_%N
+ name=2012_08_02_20_23_29_603959397
+ mkdir 2012_08_02_20_23_29_603959397
+ cd 2012_08_02_20_23_29_603959397
+ touch out.dat
+ env
+ echo 2012_08_02_20_23_29_603959397
+ uname -a
+ srun --nodes=1 --ntasks=1 -ppbatch cat /proc/cpuinfo
+ grep MHz
+ srun --nodes=1 --ntasks=1 -o host_info hostname
+ echo 'threads/node: 8'
+ echo 'nodes: ' 16
+ srun --nodes=16 --ntasks=16 -o out.dat -e f.err ../../../bin/sp-mz.C.16
+ cd ../
+ i=6
+ '[' 6 -ge 4 ']'
+ export OMP_NUM_THREADS=6
+ OMP_NUM_THREADS=6
++ date +%Y_%m_%d_%H_%M_%S_%N
+ name=2012_08_02_20_23_43_938552694
+ mkdir 2012_08_02_20_23_43_938552694
+ cd 2012_08_02_20_23_43_938552694
+ touch out.dat
+ env
+ echo 2012_08_02_20_23_43_938552694
+ uname -a
+ grep MHz
+ srun --nodes=1 --ntasks=1 -ppbatch cat /proc/cpuinfo
+ srun --nodes=1 --ntasks=1 -o host_info hostname
+ echo 'threads/node: 6'
+ echo 'nodes: ' 16
+ srun --nodes=16 --ntasks=16 -o out.dat -e f.err ../../../bin/sp-mz.C.16
+ cd ../
+ i=4
+ '[' 4 -ge 4 ']'
+ export OMP_NUM_THREADS=4
+ OMP_NUM_THREADS=4
++ date +%Y_%m_%d_%H_%M_%S_%N
+ name=2012_08_02_20_23_59_062533095
+ mkdir 2012_08_02_20_23_59_062533095
+ cd 2012_08_02_20_23_59_062533095
+ touch out.dat
+ env
+ echo 2012_08_02_20_23_59_062533095
+ uname -a
+ srun --nodes=1 --ntasks=1 -ppbatch cat /proc/cpuinfo
+ grep MHz
+ srun --nodes=1 --ntasks=1 -o host_info hostname
+ echo 'threads/node: 4'
+ echo 'nodes: ' 16
+ srun --nodes=16 --ntasks=16 -o out.dat -e f.err ../../../bin/sp-mz.C.16
+ cd ../
+ i=2
+ '[' 2 -ge 4 ']'
+ j=32
+ '[' 32 -le 32 ']'
+ i=16
+ '[' 16 -ge 4 ']'
+ export OMP_NUM_THREADS=16
+ OMP_NUM_THREADS=16
++ date +%Y_%m_%d_%H_%M_%S_%N
+ name=2012_08_02_20_24_18_527988428
+ mkdir 2012_08_02_20_24_18_527988428
+ cd 2012_08_02_20_24_18_527988428
+ touch out.dat
+ env
+ echo 2012_08_02_20_24_18_527988428
+ uname -a
+ grep MHz
+ srun --nodes=1 --ntasks=1 -ppbatch cat /proc/cpuinfo
+ srun --nodes=1 --ntasks=1 -o host_info hostname
+ echo 'threads/node: 16'
+ echo 'nodes: ' 32
+ srun --nodes=32 --ntasks=32 -o out.dat -e f.err ../../../bin/sp-mz.C.32
+ cd ../
+ i=14
+ '[' 14 -ge 4 ']'
+ export OMP_NUM_THREADS=14
+ OMP_NUM_THREADS=14
++ date +%Y_%m_%d_%H_%M_%S_%N
+ name=2012_08_02_20_24_31_795226169
+ mkdir 2012_08_02_20_24_31_795226169
+ cd 2012_08_02_20_24_31_795226169
+ touch out.dat
+ env
+ echo 2012_08_02_20_24_31_795226169
+ uname -a
+ srun --nodes=1 --ntasks=1 -ppbatch cat /proc/cpuinfo
+ grep MHz
+ srun --nodes=1 --ntasks=1 -o host_info hostname
+ echo 'threads/node: 14'
+ echo 'nodes: ' 32
+ srun --nodes=32 --ntasks=32 -o out.dat -e f.err ../../../bin/sp-mz.C.32
+ cd ../
+ i=12
+ '[' 12 -ge 4 ']'
+ export OMP_NUM_THREADS=12
+ OMP_NUM_THREADS=12
++ date +%Y_%m_%d_%H_%M_%S_%N
+ name=2012_08_02_20_24_43_851834246
+ mkdir 2012_08_02_20_24_43_851834246
+ cd 2012_08_02_20_24_43_851834246
+ touch out.dat
+ env
+ echo 2012_08_02_20_24_43_851834246
+ uname -a
+ grep MHz
+ srun --nodes=1 --ntasks=1 -ppbatch cat /proc/cpuinfo
+ srun --nodes=1 --ntasks=1 -o host_info hostname
+ echo 'threads/node: 12'
+ echo 'nodes: ' 32
+ srun --nodes=32 --ntasks=32 -o out.dat -e f.err ../../../bin/sp-mz.C.32
+ cd ../
+ i=10
+ '[' 10 -ge 4 ']'
+ export OMP_NUM_THREADS=10
+ OMP_NUM_THREADS=10
++ date +%Y_%m_%d_%H_%M_%S_%N
+ name=2012_08_02_20_24_55_405771055
+ mkdir 2012_08_02_20_24_55_405771055
+ cd 2012_08_02_20_24_55_405771055
+ touch out.dat
+ env
+ echo 2012_08_02_20_24_55_405771055
+ uname -a
+ srun --nodes=1 --ntasks=1 -ppbatch cat /proc/cpuinfo
+ grep MHz
+ srun --nodes=1 --ntasks=1 -o host_info hostname
+ echo 'threads/node: 10'
+ echo 'nodes: ' 32
+ srun --nodes=32 --ntasks=32 -o out.dat -e f.err ../../../bin/sp-mz.C.32
+ cd ../
+ i=8
+ '[' 8 -ge 4 ']'
+ export OMP_NUM_THREADS=8
+ OMP_NUM_THREADS=8
++ date +%Y_%m_%d_%H_%M_%S_%N
+ name=2012_08_02_20_25_06_325473178
+ mkdir 2012_08_02_20_25_06_325473178
+ cd 2012_08_02_20_25_06_325473178
+ touch out.dat
+ env
+ echo 2012_08_02_20_25_06_325473178
+ uname -a
+ srun --nodes=1 --ntasks=1 -ppbatch cat /proc/cpuinfo
+ grep MHz
+ srun --nodes=1 --ntasks=1 -o host_info hostname
+ echo 'threads/node: 8'
+ echo 'nodes: ' 32
+ srun --nodes=32 --ntasks=32 -o out.dat -e f.err ../../../bin/sp-mz.C.32
+ cd ../
+ i=6
+ '[' 6 -ge 4 ']'
+ export OMP_NUM_THREADS=6
+ OMP_NUM_THREADS=6
++ date +%Y_%m_%d_%H_%M_%S_%N
+ name=2012_08_02_20_25_17_519750752
+ mkdir 2012_08_02_20_25_17_519750752
+ cd 2012_08_02_20_25_17_519750752
+ touch out.dat
+ env
+ echo 2012_08_02_20_25_17_519750752
+ uname -a
+ srun --nodes=1 --ntasks=1 -ppbatch cat /proc/cpuinfo
+ grep MHz
+ srun --nodes=1 --ntasks=1 -o host_info hostname
+ echo 'threads/node: 6'
+ echo 'nodes: ' 32
+ srun --nodes=32 --ntasks=32 -o out.dat -e f.err ../../../bin/sp-mz.C.32
+ cd ../
+ i=4
+ '[' 4 -ge 4 ']'
+ export OMP_NUM_THREADS=4
+ OMP_NUM_THREADS=4
++ date +%Y_%m_%d_%H_%M_%S_%N
+ name=2012_08_02_20_25_29_171236878
+ mkdir 2012_08_02_20_25_29_171236878
+ cd 2012_08_02_20_25_29_171236878
+ touch out.dat
+ env
+ echo 2012_08_02_20_25_29_171236878
+ uname -a
+ srun --nodes=1 --ntasks=1 -ppbatch cat /proc/cpuinfo
+ grep MHz
+ srun --nodes=1 --ntasks=1 -o host_info hostname
+ echo 'threads/node: 4'
+ echo 'nodes: ' 32
+ srun --nodes=32 --ntasks=32 -o out.dat -e f.err ../../../bin/sp-mz.C.32
+ cd ../
+ i=2
+ '[' 2 -ge 4 ']'
+ j=64
+ '[' 64 -le 32 ']'
+ for pkg in 0x38198 0x038208 0x038280 0x0382f8
+ i=16
+ j=8
+ export MSR_PKG_POWER_LIMIT=0x038208
+ MSR_PKG_POWER_LIMIT=0x038208
+ '[' 8 -le 32 ']'
+ i=16
+ '[' 16 -ge 4 ']'
+ export OMP_NUM_THREADS=16
+ OMP_NUM_THREADS=16
++ date +%Y_%m_%d_%H_%M_%S_%N
+ name=2012_08_02_20_25_42_297059824
+ mkdir 2012_08_02_20_25_42_297059824
+ cd 2012_08_02_20_25_42_297059824
+ touch out.dat
+ env
+ echo 2012_08_02_20_25_42_297059824
+ uname -a
+ grep MHz
+ srun --nodes=1 --ntasks=1 -ppbatch cat /proc/cpuinfo
+ srun --nodes=1 --ntasks=1 -o host_info hostname
+ echo 'threads/node: 16'
+ echo 'nodes: ' 8
+ srun --nodes=8 --ntasks=8 -o out.dat -e f.err ../../../bin/sp-mz.C.8
+ cd ../
+ i=14
+ '[' 14 -ge 4 ']'
+ export OMP_NUM_THREADS=14
+ OMP_NUM_THREADS=14
++ date +%Y_%m_%d_%H_%M_%S_%N
+ name=2012_08_02_20_26_03_791925985
+ mkdir 2012_08_02_20_26_03_791925985
+ cd 2012_08_02_20_26_03_791925985
+ touch out.dat
+ env
+ echo 2012_08_02_20_26_03_791925985
+ uname -a
+ srun --nodes=1 --ntasks=1 -ppbatch cat /proc/cpuinfo
+ grep MHz
+ srun --nodes=1 --ntasks=1 -o host_info hostname
+ echo 'threads/node: 14'
+ echo 'nodes: ' 8
+ srun --nodes=8 --ntasks=8 -o out.dat -e f.err ../../../bin/sp-mz.C.8
+ cd ../
+ i=12
+ '[' 12 -ge 4 ']'
+ export OMP_NUM_THREADS=12
+ OMP_NUM_THREADS=12
++ date +%Y_%m_%d_%H_%M_%S_%N
+ name=2012_08_02_20_26_23_551118784
+ mkdir 2012_08_02_20_26_23_551118784
+ cd 2012_08_02_20_26_23_551118784
+ touch out.dat
+ env
+ echo 2012_08_02_20_26_23_551118784
+ uname -a
+ srun --nodes=1 --ntasks=1 -ppbatch cat /proc/cpuinfo
+ grep MHz
+ srun --nodes=1 --ntasks=1 -o host_info hostname
+ echo 'threads/node: 12'
+ echo 'nodes: ' 8
+ srun --nodes=8 --ntasks=8 -o out.dat -e f.err ../../../bin/sp-mz.C.8
+ cd ../
+ i=10
+ '[' 10 -ge 4 ']'
+ export OMP_NUM_THREADS=10
+ OMP_NUM_THREADS=10
++ date +%Y_%m_%d_%H_%M_%S_%N
+ name=2012_08_02_20_26_43_230154866
+ mkdir 2012_08_02_20_26_43_230154866
+ cd 2012_08_02_20_26_43_230154866
+ touch out.dat
+ env
+ echo 2012_08_02_20_26_43_230154866
+ uname -a
+ grep MHz
+ srun --nodes=1 --ntasks=1 -ppbatch cat /proc/cpuinfo
+ srun --nodes=1 --ntasks=1 -o host_info hostname
+ echo 'threads/node: 10'
+ echo 'nodes: ' 8
+ srun --nodes=8 --ntasks=8 -o out.dat -e f.err ../../../bin/sp-mz.C.8
+ cd ../
+ i=8
+ '[' 8 -ge 4 ']'
+ export OMP_NUM_THREADS=8
+ OMP_NUM_THREADS=8
++ date +%Y_%m_%d_%H_%M_%S_%N
+ name=2012_08_02_20_27_04_018309981
+ mkdir 2012_08_02_20_27_04_018309981
+ cd 2012_08_02_20_27_04_018309981
+ touch out.dat
+ env
+ echo 2012_08_02_20_27_04_018309981
+ uname -a
+ grep MHz
+ srun --nodes=1 --ntasks=1 -ppbatch cat /proc/cpuinfo
+ srun --nodes=1 --ntasks=1 -o host_info hostname
+ echo 'threads/node: 8'
+ echo 'nodes: ' 8
+ srun --nodes=8 --ntasks=8 -o out.dat -e f.err ../../../bin/sp-mz.C.8
+ cd ../
+ i=6
+ '[' 6 -ge 4 ']'
+ export OMP_NUM_THREADS=6
+ OMP_NUM_THREADS=6
++ date +%Y_%m_%d_%H_%M_%S_%N
+ name=2012_08_02_20_27_27_781643887
+ mkdir 2012_08_02_20_27_27_781643887
+ cd 2012_08_02_20_27_27_781643887
+ touch out.dat
+ env
+ echo 2012_08_02_20_27_27_781643887
+ uname -a
+ srun --nodes=1 --ntasks=1 -ppbatch cat /proc/cpuinfo
+ grep MHz
+ srun --nodes=1 --ntasks=1 -o host_info hostname
+ echo 'threads/node: 6'
+ echo 'nodes: ' 8
+ srun --nodes=8 --ntasks=8 -o out.dat -e f.err ../../../bin/sp-mz.C.8
+ cd ../
+ i=4
+ '[' 4 -ge 4 ']'
+ export OMP_NUM_THREADS=4
+ OMP_NUM_THREADS=4
++ date +%Y_%m_%d_%H_%M_%S_%N
+ name=2012_08_02_20_27_52_649229646
+ mkdir 2012_08_02_20_27_52_649229646
+ cd 2012_08_02_20_27_52_649229646
+ touch out.dat
+ env
+ echo 2012_08_02_20_27_52_649229646
+ uname -a
+ grep MHz
+ srun --nodes=1 --ntasks=1 -ppbatch cat /proc/cpuinfo
+ srun --nodes=1 --ntasks=1 -o host_info hostname
+ echo 'threads/node: 4'
+ echo 'nodes: ' 8
+ srun --nodes=8 --ntasks=8 -o out.dat -e f.err ../../../bin/sp-mz.C.8
+ cd ../
+ i=2
+ '[' 2 -ge 4 ']'
+ j=16
+ '[' 16 -le 32 ']'
+ i=16
+ '[' 16 -ge 4 ']'
+ export OMP_NUM_THREADS=16
+ OMP_NUM_THREADS=16
++ date +%Y_%m_%d_%H_%M_%S_%N
+ name=2012_08_02_20_28_23_848365965
+ mkdir 2012_08_02_20_28_23_848365965
+ cd 2012_08_02_20_28_23_848365965
+ touch out.dat
+ env
+ echo 2012_08_02_20_28_23_848365965
+ uname -a
+ grep MHz
+ srun --nodes=1 --ntasks=1 -ppbatch cat /proc/cpuinfo
+ srun --nodes=1 --ntasks=1 -o host_info hostname
+ echo 'threads/node: 16'
+ echo 'nodes: ' 16
+ srun --nodes=16 --ntasks=16 -o out.dat -e f.err ../../../bin/sp-mz.C.16
+ cd ../
+ i=14
+ '[' 14 -ge 4 ']'
+ export OMP_NUM_THREADS=14
+ OMP_NUM_THREADS=14
++ date +%Y_%m_%d_%H_%M_%S_%N
+ name=2012_08_02_20_28_40_153876804
+ mkdir 2012_08_02_20_28_40_153876804
+ cd 2012_08_02_20_28_40_153876804
+ touch out.dat
+ env
+ echo 2012_08_02_20_28_40_153876804
+ uname -a
+ grep MHz
+ srun --nodes=1 --ntasks=1 -ppbatch cat /proc/cpuinfo
+ srun --nodes=1 --ntasks=1 -o host_info hostname
+ echo 'threads/node: 14'
+ echo 'nodes: ' 16
+ srun --nodes=16 --ntasks=16 -o out.dat -e f.err ../../../bin/sp-mz.C.16
+ cd ../
+ i=12
+ '[' 12 -ge 4 ']'
+ export OMP_NUM_THREADS=12
+ OMP_NUM_THREADS=12
++ date +%Y_%m_%d_%H_%M_%S_%N
+ name=2012_08_02_20_28_54_330949956
+ mkdir 2012_08_02_20_28_54_330949956
+ cd 2012_08_02_20_28_54_330949956
+ touch out.dat
+ env
+ echo 2012_08_02_20_28_54_330949956
+ uname -a
+ grep MHz
+ srun --nodes=1 --ntasks=1 -ppbatch cat /proc/cpuinfo
+ srun --nodes=1 --ntasks=1 -o host_info hostname
+ echo 'threads/node: 12'
+ echo 'nodes: ' 16
+ srun --nodes=16 --ntasks=16 -o out.dat -e f.err ../../../bin/sp-mz.C.16
+ cd ../
+ i=10
+ '[' 10 -ge 4 ']'
+ export OMP_NUM_THREADS=10
+ OMP_NUM_THREADS=10
++ date +%Y_%m_%d_%H_%M_%S_%N
+ name=2012_08_02_20_29_09_282732480
+ mkdir 2012_08_02_20_29_09_282732480
+ cd 2012_08_02_20_29_09_282732480
+ touch out.dat
+ env
+ echo 2012_08_02_20_29_09_282732480
+ uname -a
+ grep MHz
+ srun --nodes=1 --ntasks=1 -ppbatch cat /proc/cpuinfo
+ srun --nodes=1 --ntasks=1 -o host_info hostname
+ echo 'threads/node: 10'
+ echo 'nodes: ' 16
+ srun --nodes=16 --ntasks=16 -o out.dat -e f.err ../../../bin/sp-mz.C.16
+ cd ../
+ i=8
+ '[' 8 -ge 4 ']'
+ export OMP_NUM_THREADS=8
+ OMP_NUM_THREADS=8
++ date +%Y_%m_%d_%H_%M_%S_%N
+ name=2012_08_02_20_29_23_096748880
+ mkdir 2012_08_02_20_29_23_096748880
+ cd 2012_08_02_20_29_23_096748880
+ touch out.dat
+ env
+ echo 2012_08_02_20_29_23_096748880
+ uname -a
+ srun --nodes=1 --ntasks=1 -ppbatch cat /proc/cpuinfo
+ grep MHz
+ srun --nodes=1 --ntasks=1 -o host_info hostname
+ echo 'threads/node: 8'
+ echo 'nodes: ' 16
+ srun --nodes=16 --ntasks=16 -o out.dat -e f.err ../../../bin/sp-mz.C.16
+ cd ../
+ i=6
+ '[' 6 -ge 4 ']'
+ export OMP_NUM_THREADS=6
+ OMP_NUM_THREADS=6
++ date +%Y_%m_%d_%H_%M_%S_%N
+ name=2012_08_02_20_29_39_610980235
+ mkdir 2012_08_02_20_29_39_610980235
+ cd 2012_08_02_20_29_39_610980235
+ touch out.dat
+ env
+ echo 2012_08_02_20_29_39_610980235
+ uname -a
+ srun --nodes=1 --ntasks=1 -ppbatch cat /proc/cpuinfo
+ grep MHz
+ srun --nodes=1 --ntasks=1 -o host_info hostname
+ echo 'threads/node: 6'
+ echo 'nodes: ' 16
+ srun --nodes=16 --ntasks=16 -o out.dat -e f.err ../../../bin/sp-mz.C.16
+ cd ../
+ i=4
+ '[' 4 -ge 4 ']'
+ export OMP_NUM_THREADS=4
+ OMP_NUM_THREADS=4
++ date +%Y_%m_%d_%H_%M_%S_%N
+ name=2012_08_02_20_29_56_586869244
+ mkdir 2012_08_02_20_29_56_586869244
+ cd 2012_08_02_20_29_56_586869244
+ touch out.dat
+ env
+ echo 2012_08_02_20_29_56_586869244
+ uname -a
+ grep MHz
+ srun --nodes=1 --ntasks=1 -ppbatch cat /proc/cpuinfo
+ srun --nodes=1 --ntasks=1 -o host_info hostname
+ echo 'threads/node: 4'
+ echo 'nodes: ' 16
+ srun --nodes=16 --ntasks=16 -o out.dat -e f.err ../../../bin/sp-mz.C.16
+ cd ../
+ i=2
+ '[' 2 -ge 4 ']'
+ j=32
+ '[' 32 -le 32 ']'
+ i=16
+ '[' 16 -ge 4 ']'
+ export OMP_NUM_THREADS=16
+ OMP_NUM_THREADS=16
++ date +%Y_%m_%d_%H_%M_%S_%N
+ name=2012_08_02_20_30_16_225079939
+ mkdir 2012_08_02_20_30_16_225079939
+ cd 2012_08_02_20_30_16_225079939
+ touch out.dat
+ env
+ echo 2012_08_02_20_30_16_225079939
+ uname -a
+ srun --nodes=1 --ntasks=1 -ppbatch cat /proc/cpuinfo
+ grep MHz
+ srun --nodes=1 --ntasks=1 -o host_info hostname
+ echo 'threads/node: 16'
+ echo 'nodes: ' 32
+ srun --nodes=32 --ntasks=32 -o out.dat -e f.err ../../../bin/sp-mz.C.32
+ cd ../
+ i=14
+ '[' 14 -ge 4 ']'
+ export OMP_NUM_THREADS=14
+ OMP_NUM_THREADS=14
++ date +%Y_%m_%d_%H_%M_%S_%N
+ name=2012_08_02_20_30_32_774452311
+ mkdir 2012_08_02_20_30_32_774452311
+ cd 2012_08_02_20_30_32_774452311
+ touch out.dat
+ env
+ echo 2012_08_02_20_30_32_774452311
+ uname -a
+ grep MHz
+ srun --nodes=1 --ntasks=1 -ppbatch cat /proc/cpuinfo
+ srun --nodes=1 --ntasks=1 -o host_info hostname
+ echo 'threads/node: 14'
+ echo 'nodes: ' 32
+ srun --nodes=32 --ntasks=32 -o out.dat -e f.err ../../../bin/sp-mz.C.32
+ cd ../
+ i=12
+ '[' 12 -ge 4 ']'
+ export OMP_NUM_THREADS=12
+ OMP_NUM_THREADS=12
++ date +%Y_%m_%d_%H_%M_%S_%N
+ name=2012_08_02_20_30_47_010284937
+ mkdir 2012_08_02_20_30_47_010284937
+ cd 2012_08_02_20_30_47_010284937
+ touch out.dat
+ env
+ echo 2012_08_02_20_30_47_010284937
+ uname -a
+ srun --nodes=1 --ntasks=1 -ppbatch cat /proc/cpuinfo
+ grep MHz
+ srun --nodes=1 --ntasks=1 -o host_info hostname
+ echo 'threads/node: 12'
+ echo 'nodes: ' 32
+ srun --nodes=32 --ntasks=32 -o out.dat -e f.err ../../../bin/sp-mz.C.32
+ cd ../
+ i=10
+ '[' 10 -ge 4 ']'
+ export OMP_NUM_THREADS=10
+ OMP_NUM_THREADS=10
++ date +%Y_%m_%d_%H_%M_%S_%N
+ name=2012_08_02_20_30_58_737943541
+ mkdir 2012_08_02_20_30_58_737943541
+ cd 2012_08_02_20_30_58_737943541
+ touch out.dat
+ env
+ echo 2012_08_02_20_30_58_737943541
+ uname -a
+ srun --nodes=1 --ntasks=1 -ppbatch cat /proc/cpuinfo
+ grep MHz
+ srun --nodes=1 --ntasks=1 -o host_info hostname
+ echo 'threads/node: 10'
+ echo 'nodes: ' 32
+ srun --nodes=32 --ntasks=32 -o out.dat -e f.err ../../../bin/sp-mz.C.32
+ cd ../
+ i=8
+ '[' 8 -ge 4 ']'
+ export OMP_NUM_THREADS=8
+ OMP_NUM_THREADS=8
++ date +%Y_%m_%d_%H_%M_%S_%N
+ name=2012_08_02_20_31_10_433248774
+ mkdir 2012_08_02_20_31_10_433248774
+ cd 2012_08_02_20_31_10_433248774
+ touch out.dat
+ env
+ echo 2012_08_02_20_31_10_433248774
+ uname -a
+ srun --nodes=1 --ntasks=1 -ppbatch cat /proc/cpuinfo
+ grep MHz
+ srun --nodes=1 --ntasks=1 -o host_info hostname
+ echo 'threads/node: 8'
+ echo 'nodes: ' 32
+ srun --nodes=32 --ntasks=32 -o out.dat -e f.err ../../../bin/sp-mz.C.32
+ cd ../
+ i=6
+ '[' 6 -ge 4 ']'
+ export OMP_NUM_THREADS=6
+ OMP_NUM_THREADS=6
++ date +%Y_%m_%d_%H_%M_%S_%N
+ name=2012_08_02_20_31_22_878091216
+ mkdir 2012_08_02_20_31_22_878091216
+ cd 2012_08_02_20_31_22_878091216
+ touch out.dat
+ env
+ echo 2012_08_02_20_31_22_878091216
+ uname -a
+ srun --nodes=1 --ntasks=1 -ppbatch cat /proc/cpuinfo
+ grep MHz
+ srun --nodes=1 --ntasks=1 -o host_info hostname
+ echo 'threads/node: 6'
+ echo 'nodes: ' 32
+ srun --nodes=32 --ntasks=32 -o out.dat -e f.err ../../../bin/sp-mz.C.32
+ cd ../
+ i=4
+ '[' 4 -ge 4 ']'
+ export OMP_NUM_THREADS=4
+ OMP_NUM_THREADS=4
++ date +%Y_%m_%d_%H_%M_%S_%N
+ name=2012_08_02_20_31_35_754496438
+ mkdir 2012_08_02_20_31_35_754496438
+ cd 2012_08_02_20_31_35_754496438
+ touch out.dat
+ env
+ echo 2012_08_02_20_31_35_754496438
+ uname -a
+ grep MHz
+ srun --nodes=1 --ntasks=1 -ppbatch cat /proc/cpuinfo
+ srun --nodes=1 --ntasks=1 -o host_info hostname
+ echo 'threads/node: 4'
+ echo 'nodes: ' 32
+ srun --nodes=32 --ntasks=32 -o out.dat -e f.err ../../../bin/sp-mz.C.32
+ cd ../
+ i=2
+ '[' 2 -ge 4 ']'
+ j=64
+ '[' 64 -le 32 ']'
+ for pkg in 0x38198 0x038208 0x038280 0x0382f8
+ i=16
+ j=8
+ export MSR_PKG_POWER_LIMIT=0x038280
+ MSR_PKG_POWER_LIMIT=0x038280
+ '[' 8 -le 32 ']'
+ i=16
+ '[' 16 -ge 4 ']'
+ export OMP_NUM_THREADS=16
+ OMP_NUM_THREADS=16
++ date +%Y_%m_%d_%H_%M_%S_%N
+ name=2012_08_02_20_31_49_862396785
+ mkdir 2012_08_02_20_31_49_862396785
+ cd 2012_08_02_20_31_49_862396785
+ touch out.dat
+ env
+ echo 2012_08_02_20_31_49_862396785
+ uname -a
+ srun --nodes=1 --ntasks=1 -ppbatch cat /proc/cpuinfo
+ grep MHz
+ srun --nodes=1 --ntasks=1 -o host_info hostname
+ echo 'threads/node: 16'
+ echo 'nodes: ' 8
+ srun --nodes=8 --ntasks=8 -o out.dat -e f.err ../../../bin/sp-mz.C.8
+ cd ../
+ i=14
+ '[' 14 -ge 4 ']'
+ export OMP_NUM_THREADS=14
+ OMP_NUM_THREADS=14
++ date +%Y_%m_%d_%H_%M_%S_%N
+ name=2012_08_02_20_32_09_919144902
+ mkdir 2012_08_02_20_32_09_919144902
+ cd 2012_08_02_20_32_09_919144902
+ touch out.dat
+ env
+ echo 2012_08_02_20_32_09_919144902
+ uname -a
+ srun --nodes=1 --ntasks=1 -ppbatch cat /proc/cpuinfo
+ grep MHz
+ srun --nodes=1 --ntasks=1 -o host_info hostname
+ echo 'threads/node: 14'
+ echo 'nodes: ' 8
+ srun --nodes=8 --ntasks=8 -o out.dat -e f.err ../../../bin/sp-mz.C.8
+ cd ../
+ i=12
+ '[' 12 -ge 4 ']'
+ export OMP_NUM_THREADS=12
+ OMP_NUM_THREADS=12
++ date +%Y_%m_%d_%H_%M_%S_%N
+ name=2012_08_02_20_32_31_381832906
+ mkdir 2012_08_02_20_32_31_381832906
+ cd 2012_08_02_20_32_31_381832906
+ touch out.dat
+ env
+ echo 2012_08_02_20_32_31_381832906
+ uname -a
+ srun --nodes=1 --ntasks=1 -ppbatch cat /proc/cpuinfo
+ grep MHz
+ srun --nodes=1 --ntasks=1 -o host_info hostname
+ echo 'threads/node: 12'
+ echo 'nodes: ' 8
+ srun --nodes=8 --ntasks=8 -o out.dat -e f.err ../../../bin/sp-mz.C.8
+ cd ../
+ i=10
+ '[' 10 -ge 4 ']'
+ export OMP_NUM_THREADS=10
+ OMP_NUM_THREADS=10
++ date +%Y_%m_%d_%H_%M_%S_%N
+ name=2012_08_02_20_32_51_520143846
+ mkdir 2012_08_02_20_32_51_520143846
+ cd 2012_08_02_20_32_51_520143846
+ touch out.dat
+ env
+ echo 2012_08_02_20_32_51_520143846
+ uname -a
+ srun --nodes=1 --ntasks=1 -ppbatch cat /proc/cpuinfo
+ grep MHz
+ srun --nodes=1 --ntasks=1 -o host_info hostname
+ echo 'threads/node: 10'
+ echo 'nodes: ' 8
+ srun --nodes=8 --ntasks=8 -o out.dat -e f.err ../../../bin/sp-mz.C.8
+ cd ../
+ i=8
+ '[' 8 -ge 4 ']'
+ export OMP_NUM_THREADS=8
+ OMP_NUM_THREADS=8
++ date +%Y_%m_%d_%H_%M_%S_%N
+ name=2012_08_02_20_33_11_423483369
+ mkdir 2012_08_02_20_33_11_423483369
+ cd 2012_08_02_20_33_11_423483369
+ touch out.dat
+ env
+ echo 2012_08_02_20_33_11_423483369
+ uname -a
+ srun --nodes=1 --ntasks=1 -ppbatch cat /proc/cpuinfo
+ grep MHz
+ srun --nodes=1 --ntasks=1 -o host_info hostname
+ echo 'threads/node: 8'
+ echo 'nodes: ' 8
+ srun --nodes=8 --ntasks=8 -o out.dat -e f.err ../../../bin/sp-mz.C.8
+ cd ../
+ i=6
+ '[' 6 -ge 4 ']'
+ export OMP_NUM_THREADS=6
+ OMP_NUM_THREADS=6
++ date +%Y_%m_%d_%H_%M_%S_%N
+ name=2012_08_02_20_33_33_751039564
+ mkdir 2012_08_02_20_33_33_751039564
+ cd 2012_08_02_20_33_33_751039564
+ touch out.dat
+ env
+ echo 2012_08_02_20_33_33_751039564
+ uname -a
+ srun --nodes=1 --ntasks=1 -ppbatch cat /proc/cpuinfo
+ grep MHz
+ srun --nodes=1 --ntasks=1 -o host_info hostname
+ echo 'threads/node: 6'
+ echo 'nodes: ' 8
+ srun --nodes=8 --ntasks=8 -o out.dat -e f.err ../../../bin/sp-mz.C.8
+ cd ../
+ i=4
+ '[' 4 -ge 4 ']'
+ export OMP_NUM_THREADS=4
+ OMP_NUM_THREADS=4
++ date +%Y_%m_%d_%H_%M_%S_%N
+ name=2012_08_02_20_33_58_595617812
+ mkdir 2012_08_02_20_33_58_595617812
+ cd 2012_08_02_20_33_58_595617812
+ touch out.dat
+ env
+ echo 2012_08_02_20_33_58_595617812
+ uname -a
+ srun --nodes=1 --ntasks=1 -ppbatch cat /proc/cpuinfo
+ grep MHz
+ srun --nodes=1 --ntasks=1 -o host_info hostname
+ echo 'threads/node: 4'
+ echo 'nodes: ' 8
+ srun --nodes=8 --ntasks=8 -o out.dat -e f.err ../../../bin/sp-mz.C.8
+ cd ../
+ i=2
+ '[' 2 -ge 4 ']'
+ j=16
+ '[' 16 -le 32 ']'
+ i=16
+ '[' 16 -ge 4 ']'
+ export OMP_NUM_THREADS=16
+ OMP_NUM_THREADS=16
++ date +%Y_%m_%d_%H_%M_%S_%N
+ name=2012_08_02_20_34_29_437694388
+ mkdir 2012_08_02_20_34_29_437694388
+ cd 2012_08_02_20_34_29_437694388
+ touch out.dat
+ env
+ echo 2012_08_02_20_34_29_437694388
+ uname -a
+ srun --nodes=1 --ntasks=1 -ppbatch cat /proc/cpuinfo
+ grep MHz
+ srun --nodes=1 --ntasks=1 -o host_info hostname
+ echo 'threads/node: 16'
+ echo 'nodes: ' 16
+ srun --nodes=16 --ntasks=16 -o out.dat -e f.err ../../../bin/sp-mz.C.16
+ cd ../
+ i=14
+ '[' 14 -ge 4 ']'
+ export OMP_NUM_THREADS=14
+ OMP_NUM_THREADS=14
++ date +%Y_%m_%d_%H_%M_%S_%N
+ name=2012_08_02_20_34_46_988013750
+ mkdir 2012_08_02_20_34_46_988013750
+ cd 2012_08_02_20_34_46_988013750
+ touch out.dat
+ env
+ echo 2012_08_02_20_34_46_988013750
+ uname -a
+ srun --nodes=1 --ntasks=1 -ppbatch cat /proc/cpuinfo
+ grep MHz
+ srun --nodes=1 --ntasks=1 -o host_info hostname
+ echo 'threads/node: 14'
+ echo 'nodes: ' 16
+ srun --nodes=16 --ntasks=16 -o out.dat -e f.err ../../../bin/sp-mz.C.16
+ cd ../
+ i=12
+ '[' 12 -ge 4 ']'
+ export OMP_NUM_THREADS=12
+ OMP_NUM_THREADS=12
++ date +%Y_%m_%d_%H_%M_%S_%N
+ name=2012_08_02_20_35_00_982210468
+ mkdir 2012_08_02_20_35_00_982210468
+ cd 2012_08_02_20_35_00_982210468
+ touch out.dat
+ env
+ echo 2012_08_02_20_35_00_982210468
+ uname -a
+ srun --nodes=1 --ntasks=1 -ppbatch cat /proc/cpuinfo
+ grep MHz
+ srun --nodes=1 --ntasks=1 -o host_info hostname
+ echo 'threads/node: 12'
+ echo 'nodes: ' 16
+ srun --nodes=16 --ntasks=16 -o out.dat -e f.err ../../../bin/sp-mz.C.16
+ cd ../
+ i=10
+ '[' 10 -ge 4 ']'
+ export OMP_NUM_THREADS=10
+ OMP_NUM_THREADS=10
++ date +%Y_%m_%d_%H_%M_%S_%N
+ name=2012_08_02_20_35_15_689403835
+ mkdir 2012_08_02_20_35_15_689403835
+ cd 2012_08_02_20_35_15_689403835
+ touch out.dat
+ env
+ echo 2012_08_02_20_35_15_689403835
+ uname -a
+ grep MHz
+ srun --nodes=1 --ntasks=1 -ppbatch cat /proc/cpuinfo
+ srun --nodes=1 --ntasks=1 -o host_info hostname
+ echo 'threads/node: 10'
+ echo 'nodes: ' 16
+ srun --nodes=16 --ntasks=16 -o out.dat -e f.err ../../../bin/sp-mz.C.16
+ cd ../
+ i=8
+ '[' 8 -ge 4 ']'
+ export OMP_NUM_THREADS=8
+ OMP_NUM_THREADS=8
++ date +%Y_%m_%d_%H_%M_%S_%N
+ name=2012_08_02_20_35_30_022177713
+ mkdir 2012_08_02_20_35_30_022177713
+ cd 2012_08_02_20_35_30_022177713
+ touch out.dat
+ env
+ echo 2012_08_02_20_35_30_022177713
+ uname -a
+ srun --nodes=1 --ntasks=1 -ppbatch cat /proc/cpuinfo
+ grep MHz
+ srun --nodes=1 --ntasks=1 -o host_info hostname
+ echo 'threads/node: 8'
+ echo 'nodes: ' 16
+ srun --nodes=16 --ntasks=16 -o out.dat -e f.err ../../../bin/sp-mz.C.16
+ cd ../
+ i=6
+ '[' 6 -ge 4 ']'
+ export OMP_NUM_THREADS=6
+ OMP_NUM_THREADS=6
++ date +%Y_%m_%d_%H_%M_%S_%N
+ name=2012_08_02_20_35_44_760884224
+ mkdir 2012_08_02_20_35_44_760884224
+ cd 2012_08_02_20_35_44_760884224
+ touch out.dat
+ env
+ echo 2012_08_02_20_35_44_760884224
+ uname -a
+ grep MHz
+ srun --nodes=1 --ntasks=1 -ppbatch cat /proc/cpuinfo
+ srun --nodes=1 --ntasks=1 -o host_info hostname
+ echo 'threads/node: 6'
+ echo 'nodes: ' 16
+ srun --nodes=16 --ntasks=16 -o out.dat -e f.err ../../../bin/sp-mz.C.16
+ cd ../
+ i=4
+ '[' 4 -ge 4 ']'
+ export OMP_NUM_THREADS=4
+ OMP_NUM_THREADS=4
++ date +%Y_%m_%d_%H_%M_%S_%N
+ name=2012_08_02_20_36_01_075781226
+ mkdir 2012_08_02_20_36_01_075781226
+ cd 2012_08_02_20_36_01_075781226
+ touch out.dat
+ env
+ echo 2012_08_02_20_36_01_075781226
+ uname -a
+ srun --nodes=1 --ntasks=1 -ppbatch cat /proc/cpuinfo
+ grep MHz
+ srun --nodes=1 --ntasks=1 -o host_info hostname
+ echo 'threads/node: 4'
+ echo 'nodes: ' 16
+ srun --nodes=16 --ntasks=16 -o out.dat -e f.err ../../../bin/sp-mz.C.16
+ cd ../
+ i=2
+ '[' 2 -ge 4 ']'
+ j=32
+ '[' 32 -le 32 ']'
+ i=16
+ '[' 16 -ge 4 ']'
+ export OMP_NUM_THREADS=16
+ OMP_NUM_THREADS=16
++ date +%Y_%m_%d_%H_%M_%S_%N
+ name=2012_08_02_20_36_20_199650210
+ mkdir 2012_08_02_20_36_20_199650210
+ cd 2012_08_02_20_36_20_199650210
+ touch out.dat
+ env
+ echo 2012_08_02_20_36_20_199650210
+ uname -a
+ srun --nodes=1 --ntasks=1 -ppbatch cat /proc/cpuinfo
+ grep MHz
+ srun --nodes=1 --ntasks=1 -o host_info hostname
+ echo 'threads/node: 16'
+ echo 'nodes: ' 32
+ srun --nodes=32 --ntasks=32 -o out.dat -e f.err ../../../bin/sp-mz.C.32
+ cd ../
+ i=14
+ '[' 14 -ge 4 ']'
+ export OMP_NUM_THREADS=14
+ OMP_NUM_THREADS=14
++ date +%Y_%m_%d_%H_%M_%S_%N
+ name=2012_08_02_20_36_32_246240146
+ mkdir 2012_08_02_20_36_32_246240146
+ cd 2012_08_02_20_36_32_246240146
+ touch out.dat
+ env
+ echo 2012_08_02_20_36_32_246240146
+ uname -a
+ srun --nodes=1 --ntasks=1 -ppbatch cat /proc/cpuinfo
+ grep MHz
+ srun --nodes=1 --ntasks=1 -o host_info hostname
+ echo 'threads/node: 14'
+ echo 'nodes: ' 32
+ srun --nodes=32 --ntasks=32 -o out.dat -e f.err ../../../bin/sp-mz.C.32
+ cd ../
+ i=12
+ '[' 12 -ge 4 ']'
+ export OMP_NUM_THREADS=12
+ OMP_NUM_THREADS=12
++ date +%Y_%m_%d_%H_%M_%S_%N
+ name=2012_08_02_20_36_43_291138427
+ mkdir 2012_08_02_20_36_43_291138427
+ cd 2012_08_02_20_36_43_291138427
+ touch out.dat
+ env
+ echo 2012_08_02_20_36_43_291138427
+ uname -a
+ srun --nodes=1 --ntasks=1 -ppbatch cat /proc/cpuinfo
+ grep MHz
+ srun --nodes=1 --ntasks=1 -o host_info hostname
+ echo 'threads/node: 12'
+ echo 'nodes: ' 32
+ srun --nodes=32 --ntasks=32 -o out.dat -e f.err ../../../bin/sp-mz.C.32
+ cd ../
+ i=10
+ '[' 10 -ge 4 ']'
+ export OMP_NUM_THREADS=10
+ OMP_NUM_THREADS=10
++ date +%Y_%m_%d_%H_%M_%S_%N
+ name=2012_08_02_20_36_53_913663460
+ mkdir 2012_08_02_20_36_53_913663460
+ cd 2012_08_02_20_36_53_913663460
+ touch out.dat
+ env
+ echo 2012_08_02_20_36_53_913663460
+ uname -a
+ srun --nodes=1 --ntasks=1 -ppbatch cat /proc/cpuinfo
+ grep MHz
+ srun --nodes=1 --ntasks=1 -o host_info hostname
+ echo 'threads/node: 10'
+ echo 'nodes: ' 32
+ srun --nodes=32 --ntasks=32 -o out.dat -e f.err ../../../bin/sp-mz.C.32
+ cd ../
+ i=8
+ '[' 8 -ge 4 ']'
+ export OMP_NUM_THREADS=8
+ OMP_NUM_THREADS=8
++ date +%Y_%m_%d_%H_%M_%S_%N
+ name=2012_08_02_20_37_04_589309587
+ mkdir 2012_08_02_20_37_04_589309587
+ cd 2012_08_02_20_37_04_589309587
+ touch out.dat
+ env
+ echo 2012_08_02_20_37_04_589309587
+ uname -a
+ srun --nodes=1 --ntasks=1 -ppbatch cat /proc/cpuinfo
+ grep MHz
+ srun --nodes=1 --ntasks=1 -o host_info hostname
+ echo 'threads/node: 8'
+ echo 'nodes: ' 32
+ srun --nodes=32 --ntasks=32 -o out.dat -e f.err ../../../bin/sp-mz.C.32
+ cd ../
+ i=6
+ '[' 6 -ge 4 ']'
+ export OMP_NUM_THREADS=6
+ OMP_NUM_THREADS=6
++ date +%Y_%m_%d_%H_%M_%S_%N
+ name=2012_08_02_20_37_15_819626820
+ mkdir 2012_08_02_20_37_15_819626820
+ cd 2012_08_02_20_37_15_819626820
+ touch out.dat
+ env
+ echo 2012_08_02_20_37_15_819626820
+ uname -a
+ srun --nodes=1 --ntasks=1 -ppbatch cat /proc/cpuinfo
+ grep MHz
+ srun --nodes=1 --ntasks=1 -o host_info hostname
+ echo 'threads/node: 6'
+ echo 'nodes: ' 32
+ srun --nodes=32 --ntasks=32 -o out.dat -e f.err ../../../bin/sp-mz.C.32
+ cd ../
+ i=4
+ '[' 4 -ge 4 ']'
+ export OMP_NUM_THREADS=4
+ OMP_NUM_THREADS=4
++ date +%Y_%m_%d_%H_%M_%S_%N
+ name=2012_08_02_20_37_27_787103009
+ mkdir 2012_08_02_20_37_27_787103009
+ cd 2012_08_02_20_37_27_787103009
+ touch out.dat
+ env
+ echo 2012_08_02_20_37_27_787103009
+ uname -a
+ srun --nodes=1 --ntasks=1 -ppbatch cat /proc/cpuinfo
+ grep MHz
+ srun --nodes=1 --ntasks=1 -o host_info hostname
+ echo 'threads/node: 4'
+ echo 'nodes: ' 32
+ srun --nodes=32 --ntasks=32 -o out.dat -e f.err ../../../bin/sp-mz.C.32
+ cd ../
+ i=2
+ '[' 2 -ge 4 ']'
+ j=64
+ '[' 64 -le 32 ']'
+ for pkg in 0x38198 0x038208 0x038280 0x0382f8
+ i=16
+ j=8
+ export MSR_PKG_POWER_LIMIT=0x0382f8
+ MSR_PKG_POWER_LIMIT=0x0382f8
+ '[' 8 -le 32 ']'
+ i=16
+ '[' 16 -ge 4 ']'
+ export OMP_NUM_THREADS=16
+ OMP_NUM_THREADS=16
++ date +%Y_%m_%d_%H_%M_%S_%N
+ name=2012_08_02_20_37_40_981765647
+ mkdir 2012_08_02_20_37_40_981765647
+ cd 2012_08_02_20_37_40_981765647
+ touch out.dat
+ env
+ echo 2012_08_02_20_37_40_981765647
+ uname -a
+ srun --nodes=1 --ntasks=1 -ppbatch cat /proc/cpuinfo
+ grep MHz
+ srun --nodes=1 --ntasks=1 -o host_info hostname
+ echo 'threads/node: 16'
+ echo 'nodes: ' 8
+ srun --nodes=8 --ntasks=8 -o out.dat -e f.err ../../../bin/sp-mz.C.8
+ cd ../
+ i=14
+ '[' 14 -ge 4 ']'
+ export OMP_NUM_THREADS=14
+ OMP_NUM_THREADS=14
++ date +%Y_%m_%d_%H_%M_%S_%N
+ name=2012_08_02_20_38_00_472688091
+ mkdir 2012_08_02_20_38_00_472688091
+ cd 2012_08_02_20_38_00_472688091
+ touch out.dat
+ env
+ echo 2012_08_02_20_38_00_472688091
+ uname -a
+ grep MHz
+ srun --nodes=1 --ntasks=1 -ppbatch cat /proc/cpuinfo
+ srun --nodes=1 --ntasks=1 -o host_info hostname
+ echo 'threads/node: 14'
+ echo 'nodes: ' 8
+ srun --nodes=8 --ntasks=8 -o out.dat -e f.err ../../../bin/sp-mz.C.8
+ cd ../
+ i=12
+ '[' 12 -ge 4 ']'
+ export OMP_NUM_THREADS=12
+ OMP_NUM_THREADS=12
++ date +%Y_%m_%d_%H_%M_%S_%N
+ name=2012_08_02_20_38_21_541148061
+ mkdir 2012_08_02_20_38_21_541148061
+ cd 2012_08_02_20_38_21_541148061
+ touch out.dat
+ env
+ echo 2012_08_02_20_38_21_541148061
+ uname -a
+ srun --nodes=1 --ntasks=1 -ppbatch cat /proc/cpuinfo
+ grep MHz
+ srun --nodes=1 --ntasks=1 -o host_info hostname
+ echo 'threads/node: 12'
+ echo 'nodes: ' 8
+ srun --nodes=8 --ntasks=8 -o out.dat -e f.err ../../../bin/sp-mz.C.8
+ cd ../
+ i=10
+ '[' 10 -ge 4 ']'
+ export OMP_NUM_THREADS=10
+ OMP_NUM_THREADS=10
++ date +%Y_%m_%d_%H_%M_%S_%N
+ name=2012_08_02_20_38_41_781245915
+ mkdir 2012_08_02_20_38_41_781245915
+ cd 2012_08_02_20_38_41_781245915
+ touch out.dat
+ env
+ echo 2012_08_02_20_38_41_781245915
+ uname -a
+ grep MHz
+ srun --nodes=1 --ntasks=1 -ppbatch cat /proc/cpuinfo
+ srun --nodes=1 --ntasks=1 -o host_info hostname
+ echo 'threads/node: 10'
+ echo 'nodes: ' 8
+ srun --nodes=8 --ntasks=8 -o out.dat -e f.err ../../../bin/sp-mz.C.8
+ cd ../
+ i=8
+ '[' 8 -ge 4 ']'
+ export OMP_NUM_THREADS=8
+ OMP_NUM_THREADS=8
++ date +%Y_%m_%d_%H_%M_%S_%N
+ name=2012_08_02_20_39_01_998671835
+ mkdir 2012_08_02_20_39_01_998671835
+ cd 2012_08_02_20_39_01_998671835
+ touch out.dat
+ env
+ echo 2012_08_02_20_39_01_998671835
+ uname -a
+ srun --nodes=1 --ntasks=1 -ppbatch cat /proc/cpuinfo
+ grep MHz
+ srun --nodes=1 --ntasks=1 -o host_info hostname
+ echo 'threads/node: 8'
+ echo 'nodes: ' 8
+ srun --nodes=8 --ntasks=8 -o out.dat -e f.err ../../../bin/sp-mz.C.8
+ cd ../
+ i=6
+ '[' 6 -ge 4 ']'
+ export OMP_NUM_THREADS=6
+ OMP_NUM_THREADS=6
++ date +%Y_%m_%d_%H_%M_%S_%N
+ name=2012_08_02_20_39_24_540486733
+ mkdir 2012_08_02_20_39_24_540486733
+ cd 2012_08_02_20_39_24_540486733
+ touch out.dat
+ env
+ echo 2012_08_02_20_39_24_540486733
+ uname -a
+ srun --nodes=1 --ntasks=1 -ppbatch cat /proc/cpuinfo
+ grep MHz
+ srun --nodes=1 --ntasks=1 -o host_info hostname
+ echo 'threads/node: 6'
+ echo 'nodes: ' 8
+ srun --nodes=8 --ntasks=8 -o out.dat -e f.err ../../../bin/sp-mz.C.8
+ cd ../
+ i=4
+ '[' 4 -ge 4 ']'
+ export OMP_NUM_THREADS=4
+ OMP_NUM_THREADS=4
++ date +%Y_%m_%d_%H_%M_%S_%N
+ name=2012_08_02_20_39_49_188461831
+ mkdir 2012_08_02_20_39_49_188461831
+ cd 2012_08_02_20_39_49_188461831
+ touch out.dat
+ env
+ echo 2012_08_02_20_39_49_188461831
+ uname -a
+ srun --nodes=1 --ntasks=1 -ppbatch cat /proc/cpuinfo
+ grep MHz
+ srun --nodes=1 --ntasks=1 -o host_info hostname
+ echo 'threads/node: 4'
+ echo 'nodes: ' 8
+ srun --nodes=8 --ntasks=8 -o out.dat -e f.err ../../../bin/sp-mz.C.8
+ cd ../
+ i=2
+ '[' 2 -ge 4 ']'
+ j=16
+ '[' 16 -le 32 ']'
+ i=16
+ '[' 16 -ge 4 ']'
+ export OMP_NUM_THREADS=16
+ OMP_NUM_THREADS=16
++ date +%Y_%m_%d_%H_%M_%S_%N
+ name=2012_08_02_20_40_20_000267608
+ mkdir 2012_08_02_20_40_20_000267608
+ cd 2012_08_02_20_40_20_000267608
+ touch out.dat
+ env
+ echo 2012_08_02_20_40_20_000267608
+ uname -a
+ srun --nodes=1 --ntasks=1 -ppbatch cat /proc/cpuinfo
+ grep MHz
+ srun --nodes=1 --ntasks=1 -o host_info hostname
+ echo 'threads/node: 16'
+ echo 'nodes: ' 16
+ srun --nodes=16 --ntasks=16 -o out.dat -e f.err ../../../bin/sp-mz.C.16
+ cd ../
+ i=14
+ '[' 14 -ge 4 ']'
+ export OMP_NUM_THREADS=14
+ OMP_NUM_THREADS=14
++ date +%Y_%m_%d_%H_%M_%S_%N
+ name=2012_08_02_20_40_37_366510206
+ mkdir 2012_08_02_20_40_37_366510206
+ cd 2012_08_02_20_40_37_366510206
+ touch out.dat
+ env
+ echo 2012_08_02_20_40_37_366510206
+ uname -a
+ srun --nodes=1 --ntasks=1 -ppbatch cat /proc/cpuinfo
+ grep MHz
+ srun --nodes=1 --ntasks=1 -o host_info hostname
+ echo 'threads/node: 14'
+ echo 'nodes: ' 16
+ srun --nodes=16 --ntasks=16 -o out.dat -e f.err ../../../bin/sp-mz.C.16
+ cd ../
+ i=12
+ '[' 12 -ge 4 ']'
+ export OMP_NUM_THREADS=12
+ OMP_NUM_THREADS=12
++ date +%Y_%m_%d_%H_%M_%S_%N
+ name=2012_08_02_20_40_53_107065898
+ mkdir 2012_08_02_20_40_53_107065898
+ cd 2012_08_02_20_40_53_107065898
+ touch out.dat
+ env
+ echo 2012_08_02_20_40_53_107065898
+ uname -a
+ grep MHz
+ srun --nodes=1 --ntasks=1 -ppbatch cat /proc/cpuinfo
+ srun --nodes=1 --ntasks=1 -o host_info hostname
+ echo 'threads/node: 12'
+ echo 'nodes: ' 16
+ srun --nodes=16 --ntasks=16 -o out.dat -e f.err ../../../bin/sp-mz.C.16
+ cd ../
+ i=10
+ '[' 10 -ge 4 ']'
+ export OMP_NUM_THREADS=10
+ OMP_NUM_THREADS=10
++ date +%Y_%m_%d_%H_%M_%S_%N
+ name=2012_08_02_20_41_08_857136737
+ mkdir 2012_08_02_20_41_08_857136737
+ cd 2012_08_02_20_41_08_857136737
+ touch out.dat
+ env
+ echo 2012_08_02_20_41_08_857136737
+ uname -a
+ grep MHz
+ srun --nodes=1 --ntasks=1 -ppbatch cat /proc/cpuinfo
+ srun --nodes=1 --ntasks=1 -o host_info hostname
+ echo 'threads/node: 10'
+ echo 'nodes: ' 16
+ srun --nodes=16 --ntasks=16 -o out.dat -e f.err ../../../bin/sp-mz.C.16
+ cd ../
+ i=8
+ '[' 8 -ge 4 ']'
+ export OMP_NUM_THREADS=8
+ OMP_NUM_THREADS=8
++ date +%Y_%m_%d_%H_%M_%S_%N
+ name=2012_08_02_20_41_22_767190468
+ mkdir 2012_08_02_20_41_22_767190468
+ cd 2012_08_02_20_41_22_767190468
+ touch out.dat
+ env
+ echo 2012_08_02_20_41_22_767190468
+ uname -a
+ srun --nodes=1 --ntasks=1 -ppbatch cat /proc/cpuinfo
+ grep MHz
+ srun --nodes=1 --ntasks=1 -o host_info hostname
+ echo 'threads/node: 8'
+ echo 'nodes: ' 16
+ srun --nodes=16 --ntasks=16 -o out.dat -e f.err ../../../bin/sp-mz.C.16
+ cd ../
+ i=6
+ '[' 6 -ge 4 ']'
+ export OMP_NUM_THREADS=6
+ OMP_NUM_THREADS=6
++ date +%Y_%m_%d_%H_%M_%S_%N
+ name=2012_08_02_20_41_37_242799010
+ mkdir 2012_08_02_20_41_37_242799010
+ cd 2012_08_02_20_41_37_242799010
+ touch out.dat
+ env
+ echo 2012_08_02_20_41_37_242799010
+ uname -a
+ srun --nodes=1 --ntasks=1 -ppbatch cat /proc/cpuinfo
+ grep MHz
+ srun --nodes=1 --ntasks=1 -o host_info hostname
+ echo 'threads/node: 6'
+ echo 'nodes: ' 16
+ srun --nodes=16 --ntasks=16 -o out.dat -e f.err ../../../bin/sp-mz.C.16
+ cd ../
+ i=4
+ '[' 4 -ge 4 ']'
+ export OMP_NUM_THREADS=4
+ OMP_NUM_THREADS=4
++ date +%Y_%m_%d_%H_%M_%S_%N
+ name=2012_08_02_20_41_53_457189411
+ mkdir 2012_08_02_20_41_53_457189411
+ cd 2012_08_02_20_41_53_457189411
+ touch out.dat
+ env
+ echo 2012_08_02_20_41_53_457189411
+ uname -a
+ srun --nodes=1 --ntasks=1 -ppbatch cat /proc/cpuinfo
+ grep MHz
+ srun --nodes=1 --ntasks=1 -o host_info hostname
+ echo 'threads/node: 4'
+ echo 'nodes: ' 16
+ srun --nodes=16 --ntasks=16 -o out.dat -e f.err ../../../bin/sp-mz.C.16
+ cd ../
+ i=2
+ '[' 2 -ge 4 ']'
+ j=32
+ '[' 32 -le 32 ']'
+ i=16
+ '[' 16 -ge 4 ']'
+ export OMP_NUM_THREADS=16
+ OMP_NUM_THREADS=16
++ date +%Y_%m_%d_%H_%M_%S_%N
+ name=2012_08_02_20_42_12_908847453
+ mkdir 2012_08_02_20_42_12_908847453
+ cd 2012_08_02_20_42_12_908847453
+ touch out.dat
+ env
+ echo 2012_08_02_20_42_12_908847453
+ uname -a
+ srun --nodes=1 --ntasks=1 -ppbatch cat /proc/cpuinfo
+ grep MHz
+ srun --nodes=1 --ntasks=1 -o host_info hostname
+ echo 'threads/node: 16'
+ echo 'nodes: ' 32
+ srun --nodes=32 --ntasks=32 -o out.dat -e f.err ../../../bin/sp-mz.C.32
+ cd ../
+ i=14
+ '[' 14 -ge 4 ']'
+ export OMP_NUM_THREADS=14
+ OMP_NUM_THREADS=14
++ date +%Y_%m_%d_%H_%M_%S_%N
+ name=2012_08_02_20_42_27_426778167
+ mkdir 2012_08_02_20_42_27_426778167
+ cd 2012_08_02_20_42_27_426778167
+ touch out.dat
+ env
+ echo 2012_08_02_20_42_27_426778167
+ uname -a
+ srun --nodes=1 --ntasks=1 -ppbatch cat /proc/cpuinfo
+ grep MHz
+ srun --nodes=1 --ntasks=1 -o host_info hostname
+ echo 'threads/node: 14'
+ echo 'nodes: ' 32
+ srun --nodes=32 --ntasks=32 -o out.dat -e f.err ../../../bin/sp-mz.C.32
+ cd ../
+ i=12
+ '[' 12 -ge 4 ']'
+ export OMP_NUM_THREADS=12
+ OMP_NUM_THREADS=12
++ date +%Y_%m_%d_%H_%M_%S_%N
+ name=2012_08_02_20_42_39_904869045
+ mkdir 2012_08_02_20_42_39_904869045
+ cd 2012_08_02_20_42_39_904869045
+ touch out.dat
+ env
+ echo 2012_08_02_20_42_39_904869045
+ uname -a
+ srun --nodes=1 --ntasks=1 -ppbatch cat /proc/cpuinfo
+ grep MHz
+ srun --nodes=1 --ntasks=1 -o host_info hostname
+ echo 'threads/node: 12'
+ echo 'nodes: ' 32
+ srun --nodes=32 --ntasks=32 -o out.dat -e f.err ../../../bin/sp-mz.C.32
+ cd ../
+ i=10
+ '[' 10 -ge 4 ']'
+ export OMP_NUM_THREADS=10
+ OMP_NUM_THREADS=10
++ date +%Y_%m_%d_%H_%M_%S_%N
+ name=2012_08_02_20_42_50_502990128
+ mkdir 2012_08_02_20_42_50_502990128
+ cd 2012_08_02_20_42_50_502990128
+ touch out.dat
+ env
+ echo 2012_08_02_20_42_50_502990128
+ uname -a
+ srun --nodes=1 --ntasks=1 -ppbatch cat /proc/cpuinfo
+ grep MHz
+ srun --nodes=1 --ntasks=1 -o host_info hostname
+ echo 'threads/node: 10'
+ echo 'nodes: ' 32
+ srun --nodes=32 --ntasks=32 -o out.dat -e f.err ../../../bin/sp-mz.C.32
+ cd ../
+ i=8
+ '[' 8 -ge 4 ']'
+ export OMP_NUM_THREADS=8
+ OMP_NUM_THREADS=8
++ date +%Y_%m_%d_%H_%M_%S_%N
+ name=2012_08_02_20_43_01_198812884
+ mkdir 2012_08_02_20_43_01_198812884
+ cd 2012_08_02_20_43_01_198812884
+ touch out.dat
+ env
+ echo 2012_08_02_20_43_01_198812884
+ uname -a
+ srun --nodes=1 --ntasks=1 -ppbatch cat /proc/cpuinfo
+ grep MHz
+ srun --nodes=1 --ntasks=1 -o host_info hostname
+ echo 'threads/node: 8'
+ echo 'nodes: ' 32
+ srun --nodes=32 --ntasks=32 -o out.dat -e f.err ../../../bin/sp-mz.C.32
+ cd ../
+ i=6
+ '[' 6 -ge 4 ']'
+ export OMP_NUM_THREADS=6
+ OMP_NUM_THREADS=6
++ date +%Y_%m_%d_%H_%M_%S_%N
+ name=2012_08_02_20_43_12_461023949
+ mkdir 2012_08_02_20_43_12_461023949
+ cd 2012_08_02_20_43_12_461023949
+ touch out.dat
+ env
+ echo 2012_08_02_20_43_12_461023949
+ uname -a
+ srun --nodes=1 --ntasks=1 -ppbatch cat /proc/cpuinfo
+ grep MHz
+ srun --nodes=1 --ntasks=1 -o host_info hostname
+ echo 'threads/node: 6'
+ echo 'nodes: ' 32
+ srun --nodes=32 --ntasks=32 -o out.dat -e f.err ../../../bin/sp-mz.C.32
+ cd ../
+ i=4
+ '[' 4 -ge 4 ']'
+ export OMP_NUM_THREADS=4
+ OMP_NUM_THREADS=4
++ date +%Y_%m_%d_%H_%M_%S_%N
+ name=2012_08_02_20_43_24_140871513
+ mkdir 2012_08_02_20_43_24_140871513
+ cd 2012_08_02_20_43_24_140871513
+ touch out.dat
+ env
+ echo 2012_08_02_20_43_24_140871513
+ uname -a
+ srun --nodes=1 --ntasks=1 -ppbatch cat /proc/cpuinfo
+ grep MHz
+ srun --nodes=1 --ntasks=1 -o host_info hostname
+ echo 'threads/node: 4'
+ echo 'nodes: ' 32
+ srun --nodes=32 --ntasks=32 -o out.dat -e f.err ../../../bin/sp-mz.C.32
+ cd ../
+ i=2
+ '[' 2 -ge 4 ']'
+ j=64
+ '[' 64 -le 32 ']'
