id freq nodes cores pkg-clamp-0 pkg-clamp-1 dram-clamp-0 dram-clamp-1 avg-time avg-pkg-0 avg-pp0-0 avg-dram-0 avg-pkg-1 avg-pp0-1 avg-dram-1 tot-pkg-0 tot-pp0-0 tot-dram-0 tot-pkg-1 tot-pp0-1 tot-dram-1
2012_07_27_15_40_57_716987035  2601.000 8 16 51.000000 51.000000 0.000000 0.000000 16.311185375 50.71475175 36.299918625 8.864661125 50.71620375 36.36003075 9.043852875 405.718014 290.399349 70.917289 405.72963 290.880246 72.350823
2012_07_27_15_41_21_019745969  2601.000 8 14 51.000000 51.000000 0.000000 0.000000 15.349594625 50.814317125 36.557485375 8.3853315 50.798373375 36.38188175 9.446103 406.514537 292.459883 67.082652 406.386987 291.055054 75.568824
2012_07_27_15_41_42_694071170  2601.000 8 12 51.000000 51.000000 0.000000 0.000000 16.322444875 50.6439245 36.50405325 8.00249175 50.776612125 36.507717375 8.88975875 405.151396 292.032426 64.019934 406.212897 292.061739 71.11807
2012_07_27_15_42_05_448447095  2601.000 8 10 51.000000 51.000000 0.000000 0.000000 15.757429875 50.19529775 36.10219575 8.005138625 49.93127175 35.754941375 8.653972375 401.562382 288.817566 64.041109 399.450174 286.039531 69.231779
2012_07_27_15_42_27_393359664  2601.000 8 8 51.000000 51.000000 0.000000 0.000000 17.285949125 46.180653 32.079428 8.3220735 48.839689375 34.86677325 7.984578875 369.445224 256.635424 66.576588 390.717515 278.934186 63.876631
2012_07_27_15_42_51_168959439  2601.000 8 6 51.000000 51.000000 0.000000 0.000000 19.28862575 41.837014375 27.868903 7.754342625 43.049709 29.2896105 7.289585 334.696115 222.951224 62.034741 344.397672 234.316884 58.31668
2012_07_27_15_43_16_732570608  2601.000 8 4 51.000000 51.000000 0.000000 0.000000 25.566291625 35.50580975 21.961296625 6.08151875 37.487267125 23.71413225 7.529549 284.046478 175.690373 48.65215 299.898137 189.713058 60.236392
2012_07_27_15_43_48_835882758  2601.000 16 16 51.000000 51.000000 0.000000 0.000000 10.642966125 50.364427875 36.3902589375 7.416881 50.4678090625 36.4473855 7.6836041875 805.830846 582.244143 118.670096 807.484945 583.158168 122.937667
2012_07_27_15_44_05_589042167  2601.000 16 14 51.000000 51.000000 0.000000 0.000000 7.718554625 50.797573375 36.48447575 8.642793125 50.796421875 36.4250898125 9.161177625 812.761174 583.751612 138.28469 812.74275 582.801437 146.578842
2012_07_27_15_44_19_217201749  2601.000 16 12 51.000000 51.000000 0.000000 0.000000 8.408109875 50.7465555 36.656290375 7.978553 50.5669559375 36.4286928125 8.1960895625 811.944888 586.500646 127.656848 809.071295 582.859085 131.137433
2012_07_27_15_44_33_233689436  2601.000 16 10 51.000000 51.000000 0.000000 0.000000 7.9497239375 50.6699353125 36.5797739375 8.0857425625 50.4432888125 36.2917548125 8.524355625 810.718965 585.276383 129.371881 807.092621 580.668077 136.38969
2012_07_27_15_44_46_593848773  2601.000 16 8 51.000000 51.000000 0.000000 0.000000 8.8680110625 47.0006595 33.066798 7.3664293125 47.7670618125 33.95013975 7.5282026875 752.010552 529.068768 117.862869 764.272989 543.202236 120.451243
2012_07_27_15_45_01_562432632  2601.000 16 6 51.000000 51.000000 0.000000 0.000000 9.6015349375 41.6912671875 27.912144625 6.9429618125 43.136189625 29.376249375 7.247789625 667.060275 446.594314 111.087389 690.179034 470.01999 115.964634
2012_07_27_15_45_16_920331988  2601.000 16 4 51.000000 51.000000 0.000000 0.000000 12.757059375 35.2621769375 21.807595625 5.7387158125 37.6289359375 23.9386546875 6.936739625 564.194831 348.92153 91.819453 602.062975 383.018475 110.987834
2012_07_27_15_45_36_072833005  2601.000 32 16 51.000000 51.000000 0.000000 0.000000 8.48656671875 49.8882323125 36.30870815625 6.0149666875 50.208927375 36.55969165625 5.6830028125 1596.423434 1161.878661 192.478934 1606.685676 1169.910133 181.85609
2012_07_27_15_45_52_942588713  2601.000 32 14 51.000000 51.000000 0.000000 0.000000 5.48044425 50.34056209375 36.53958946875 6.867855625 50.53912025 36.7112338125 6.69110584375 1610.897987 1169.266863 219.77138 1617.251848 1174.759482 214.115387
2012_07_27_15_46_05_800528747  2601.000 32 12 51.000000 51.000000 0.000000 0.000000 4.34497009375 50.47946825 36.73132878125 6.752674375 50.488333 36.6769956875 7.14288796875 1615.342984 1175.402521 216.08558 1615.626656 1173.663862 228.572415
2012_07_27_15_46_16_884358552  2601.000 32 10 51.000000 51.000000 0.000000 0.000000 4.1891875 49.947614625 36.2618176875 6.53459484375 49.7569548125 35.8391600625 7.61539521875 1598.323668 1160.378166 209.107035 1592.222554 1146.853122 243.692647
2012_07_27_15_46_27_849962915  2601.000 32 8 51.000000 51.000000 0.000000 0.000000 5.47555478125 45.786215 32.2656984375 6.101318875 46.627010375 33.051821875 6.04743378125 1465.15888 1032.50235 195.242204 1492.064332 1057.6583 193.517881
2012_07_27_15_46_39_359181839  2601.000 32 6 51.000000 51.000000 0.000000 0.000000 4.80050696875 41.32544953125 27.80762334375 6.15926153125 42.4863053125 28.9572968125 6.3819254375 1322.414385 889.843947 197.096369 1359.56177 926.633498 204.221614
2012_07_27_15_46_50_419334400  2601.000 32 4 51.000000 51.000000 0.000000 0.000000 6.31848375 34.134383375 20.76036778125 5.55319778125 38.25952465625 24.82812759375 6.2361084375 1092.300268 664.331769 177.702329 1224.304789 794.500083 199.55547
2012_07_27_15_47_03_025658696  2601.000 8 16 65.000000 65.000000 0.000000 0.000000 15.56125425 64.265305125 49.69446975 9.32658125 64.0278465 49.7546915 8.6538685 514.122441 397.555758 74.61265 512.222772 398.037532 69.230948
2012_07_27_15_47_25_320079488  2601.000 8 14 65.000000 65.000000 0.000000 0.000000 15.5056505 62.44815 48.17486125 8.2489155 61.5335875 47.057037125 9.322028875 499.5852 385.39889 65.991324 492.2687 376.456297 74.576231
2012_07_27_15_47_47_453179163  2601.000 8 12 65.000000 65.000000 0.000000 0.000000 14.440402375 60.43494225 46.014301625 8.6850775 57.717229875 43.597642875 7.857459875 483.479538 368.114413 69.48062 461.737839 348.781143 62.859679
2012_07_27_15_48_08_524261952  2601.000 8 10 65.000000 65.000000 0.000000 0.000000 14.4538105 54.466501125 40.20974275 8.59345875 54.27429275 39.94204425 9.001604875 435.732009 321.677942 68.74767 434.194342 319.536354 72.012839
2012_07_27_15_48_29_581445739  2601.000 8 8 65.000000 65.000000 0.000000 0.000000 16.94813875 49.1245845 34.98565825 8.17108725 47.258725875 33.22257025 8.14969225 392.996676 279.885266 65.368698 378.069807 265.780562 65.197538
2012_07_27_15_48_53_220632503  2601.000 8 6 65.000000 65.000000 0.000000 0.000000 19.194541875 41.537699875 27.60494175 7.376204 43.370028 29.591883375 7.572872375 332.301599 220.839534 59.009632 346.960224 236.735067 60.582979
2012_07_27_15_49_19_078472532  2601.000 8 4 65.000000 65.000000 0.000000 0.000000 25.471668875 35.7393135 22.184872 6.1946795 37.23226 23.4312565 7.3705975 285.914508 177.478976 49.557436 297.85808 187.450052 58.96478
2012_07_27_15_49_51_146226399  2601.000 16 16 65.000000 65.000000 0.000000 0.000000 9.6211368125 62.1019935625 47.921449375 7.8475378125 62.598972875 48.512536375 7.4250168125 993.631897 766.74319 125.560605 1001.583566 776.200582 118.800269
2012_07_27_15_50_07_497196205  2601.000 16 14 65.000000 65.000000 0.000000 0.000000 8.156069 62.719431125 48.489640375 8.151007625 61.571161625 47.2671751875 8.6581563125 1003.510898 775.834246 130.416122 985.138586 756.274803 138.530501
2012_07_27_15_50_22_212378425  2601.000 16 12 65.000000 65.000000 0.000000 0.000000 7.4506849375 59.4099139375 45.2348611875 8.1142795625 58.55957025 44.3314414375 8.5059886875 950.558623 723.757779 129.828473 936.953124 709.303063 136.095819
2012_07_27_15_50_36_416835465  2601.000 16 10 65.000000 65.000000 0.000000 0.000000 7.558923 52.651770625 38.5564966875 8.0290434375 55.1525359375 40.8554575625 8.7935671875 842.42833 616.903947 128.464695 882.440575 653.687321 140.697075
2012_07_27_15_50_50_573037775  2601.000 16 8 65.000000 65.000000 0.000000 0.000000 8.4807239375 47.8862355 33.863667625 7.6930916875 48.2666445 34.415184625 7.486739625 766.179768 541.818682 123.089467 772.266312 550.642954 119.787834
2012_07_27_15_51_05_732615658  2601.000 16 6 65.000000 65.000000 0.000000 0.000000 9.61677625 41.1100739375 27.370252625 7.2492040625 43.73728975 29.941019125 7.506141 657.761183 437.924042 115.987265 699.796636 479.056306 120.098256
2012_07_27_15_51_22_125373310  2601.000 16 4 65.000000 65.000000 0.000000 0.000000 12.770401875 36.07981975 22.5442060625 6.2314788125 36.914414 23.29307075 6.737985875 577.277116 360.707297 99.703661 590.630624 372.689132 107.807774
2012_07_27_15_51_41_721557154  2601.000 32 16 65.000000 65.000000 0.000000 0.000000 8.05252828125 57.4580925 43.8224875625 5.797485875 59.6879410625 46.031200375 5.1522693125 1838.65896 1402.319602 185.519548 1910.014114 1472.998412 164.872618
2012_07_27_15_51_57_092937697  2601.000 32 14 65.000000 65.000000 0.000000 0.000000 4.90978496875 61.25888509375 47.44451271875 6.73669003125 59.44417959375 45.5038105 6.8125134375 1960.284323 1518.224407 215.574081 1902.213747 1456.121936 218.00043
2012_07_27_15_52_09_246944146  2601.000 32 12 65.000000 65.000000 0.000000 0.000000 5.10839253125 57.710477 44.00063165625 6.50459971875 53.78440225 40.00333434375 6.4671695 1846.735264 1408.020213 208.147191 1721.100872 1280.106699 206.949424
2012_07_27_15_52_21_783929047  2601.000 32 10 65.000000 65.000000 0.000000 0.000000 3.8813533125 55.26938721875 41.49051684375 6.85742190625 50.9561329375 37.00124271875 7.6385395625 1768.620391 1327.696539 219.437501 1630.596254 1184.039767 244.433266
2012_07_27_15_52_33_316296650  2601.000 32 8 65.000000 65.000000 0.000000 0.000000 4.36322971875 47.11944465625 33.49934484375 6.53549884375 47.436331 33.7543271875 6.90293546875 1507.822229 1071.979035 209.135963 1517.962592 1080.13847 220.893935
2012_07_27_15_52_45_244844654  2601.000 32 6 65.000000 65.000000 0.000000 0.000000 4.831424875 39.6444464375 26.12315840625 6.23963834375 44.20309525 30.624374375 6.63223159375 1268.622286 835.941069 199.668427 1414.499048 979.97998 212.231411
2012_07_27_15_52_57_239272052  2601.000 32 4 65.000000 65.000000 0.000000 0.000000 6.3058959375 33.85102509375 20.50589446875 5.390527875 38.2678010625 24.8186524375 6.348834625 1083.232803 656.188623 172.496892 1224.569634 794.196878 203.162708
2012_07_27_15_53_10_691195271  2601.000 8 16 80.000000 80.000000 0.000000 0.000000 13.5417545 70.168119875 55.651663375 9.07111275 70.39461225 55.76034775 9.866356 561.344959 445.213307 72.568902 563.156898 446.082782 78.930848
2012_07_27_15_53_31_693138782  2601.000 8 14 80.000000 80.000000 0.000000 0.000000 13.7367705 66.002915875 51.37738025 9.552519 64.038928625 49.57255725 9.326261375 528.023327 411.019042 76.420152 512.311429 396.580458 74.610091
2012_07_27_15_53_53_117211111  2601.000 8 12 80.000000 80.000000 0.000000 0.000000 14.538412375 61.5681315 47.1999675 8.73409075 57.11987575 42.76987875 9.06675 492.545052 377.59974 69.872726 456.959006 342.15903 72.534
2012_07_27_15_54_15_298138236  2601.000 8 10 80.000000 80.000000 0.000000 0.000000 14.369491625 53.7743475 39.360281375 8.931504625 55.119518875 40.857892875 8.94521925 430.19478 314.882251 71.452037 440.956151 326.863143 71.561754
2012_07_27_15_54_36_982115609  2601.000 8 8 80.000000 80.000000 0.000000 0.000000 16.886565375 48.1628055 34.089605125 7.95554975 48.04794275 34.064132875 8.07029375 385.302444 272.716841 63.644398 384.383542 272.513063 64.56235
2012_07_27_15_55_01_069356650  2601.000 8 6 80.000000 80.000000 0.000000 0.000000 19.21895975 41.863789375 27.8628045 7.548607625 43.049826125 29.278685375 7.2484855 334.910315 222.902436 60.388861 344.398609 234.229483 57.987884
2012_07_27_15_55_26_817098596  2601.000 8 4 80.000000 80.000000 0.000000 0.000000 25.429364875 36.18710425 22.61679625 6.096858375 36.825289 23.063254375 7.318722375 289.496834 180.93437 48.774867 294.602312 184.506035 58.549779
2012_07_27_15_55_58_652436226  2601.000 16 16 80.000000 80.000000 0.000000 0.000000 7.6912066875 69.6360659375 55.283592375 8.365999 68.9969288125 54.5522781875 8.9836765 1114.177055 884.537478 133.855984 1103.950861 872.836451 143.738824
2012_07_27_15_56_12_436788000  2601.000 16 14 80.000000 80.000000 0.000000 0.000000 9.104637 64.3954865625 50.3109013125 7.6455895625 60.5026996875 46.381793875 8.016181375 1030.327785 804.974421 122.329433 968.043195 742.108702 128.258902
2012_07_27_15_56_27_506706290  2601.000 16 12 80.000000 80.000000 0.000000 0.000000 8.0941743125 59.05281925 44.95911875 7.863502125 58.4929334375 44.42922975 7.972828 944.845108 719.3459 125.816034 935.886935 710.867676 127.565248
2012_07_27_15_56_41_718835329  2601.000 16 10 80.000000 80.000000 0.000000 0.000000 7.423224125 53.2419910625 39.150721375 7.9018860625 54.867810375 40.617908625 8.4725119375 851.871857 626.411542 126.430177 877.884966 649.886538 135.560191
2012_07_27_15_56_54_657192080  2601.000 16 8 80.000000 80.000000 0.000000 0.000000 8.6120050625 48.570584875 34.6236184375 7.531637875 47.391232125 33.524056 7.440129375 777.129358 553.977895 120.506206 758.259714 536.384896 119.04207
2012_07_27_15_57_08_979187751  2601.000 16 6 80.000000 80.000000 0.000000 0.000000 9.6188299375 41.7871895 27.92879125 7.270854 43.0719774375 29.3863873125 6.9355110625 668.595032 446.86066 116.333664 689.151639 470.182197 110.968177
2012_07_27_15_57_24_324532309  2601.000 16 4 80.000000 80.000000 0.000000 0.000000 12.7547614375 35.0404000625 21.5155296875 5.9089039375 37.8999341875 24.266801125 6.803535875 560.646401 344.248475 94.542463 606.398947 388.268818 108.856574
2012_07_27_15_57_42_691037695  2601.000 32 16 80.000000 80.000000 0.000000 0.000000 7.39069465625 64.57793025 50.9481188125 6.08171196875 64.25781559375 50.55076975 5.84267509375 2066.493768 1630.339802 194.614783 2056.250099 1617.624632 186.965603
2012_07_27_15_57_56_963193889  2601.000 32 14 80.000000 80.000000 0.000000 0.000000 5.54791275 61.9501548125 48.19202096875 6.63168415625 60.33940725 46.51222240625 6.353696625 1982.404954 1542.144671 212.213893 1930.861032 1488.391117 203.318292
2012_07_27_15_58_09_431705008  2601.000 32 12 80.000000 80.000000 0.000000 0.000000 5.8641748125 56.1373909375 42.50556334375 6.3391541875 55.9134899375 42.24705909375 5.92119840625 1796.39651 1360.178027 202.852934 1789.231678 1351.905891 189.478349
2012_07_27_15_58_22_123014236  2601.000 32 10 80.000000 80.000000 0.000000 0.000000 4.9282379375 51.301169875 37.65739503125 6.38609246875 52.4018990625 38.6410218125 6.62358184375 1641.637436 1205.036641 204.354959 1676.86077 1236.512698 211.954619
2012_07_27_15_58_33_309228842  2601.000 32 8 80.000000 80.000000 0.000000 0.000000 4.60990025 47.99962940625 34.3902134375 6.414017375 46.11738821875 32.5444734375 6.30606684375 1535.988141 1100.48683 205.248556 1475.756423 1041.42315 201.794139
2012_07_27_15_58_44_179569224  2601.000 32 6 80.000000 80.000000 0.000000 0.000000 4.83416528125 42.42868925 28.92850121875 6.15225953125 41.43515434375 27.83888690625 6.70246296875 1357.718056 925.712039 196.872305 1325.924939 890.844381 214.478815
2012_07_27_15_58_54_959631797  2601.000 32 4 80.000000 80.000000 0.000000 0.000000 6.30388771875 33.54752734375 20.2070103125 5.51600053125 38.85797540625 25.39882621875 6.2867585625 1073.520875 646.62433 176.512017 1243.455213 812.762439 201.176274
2012_07_27_15_59_07_944381437  2601.000 8 16 95.000000 95.000000 0.000000 0.000000 14.666614875 68.940292375 54.330789875 9.410439 69.156743375 54.816427125 8.6648205 551.522339 434.646319 75.283512 553.253947 438.531417 69.318564
2012_07_27_15_59_28_890501705  2601.000 8 14 95.000000 95.000000 0.000000 0.000000 13.84905475 64.939758375 50.22865525 9.658045125 64.888369 50.491701875 8.822588 519.518067 401.829242 77.264361 519.106952 403.933615 70.580704
2012_07_27_15_59_49_144919977  2601.000 8 12 95.000000 95.000000 0.000000 0.000000 14.944285875 58.449164375 44.065548875 8.82043775 59.757604875 45.508088 8.840058375 467.593315 352.524391 70.563502 478.060839 364.064704 70.720467
2012_07_27_16_00_10_068875419  2601.000 8 10 95.000000 95.000000 0.000000 0.000000 14.469696875 54.300465375 39.968591625 8.767311875 54.43667975 40.123002125 9.19015925 434.403723 319.748733 70.138495 435.493438 320.984017 73.521274
2012_07_27_16_00_29_884092286  2601.000 8 8 95.000000 95.000000 0.000000 0.000000 17.69510525 49.83515275 35.6919385 8.208295 45.905428625 32.109092375 7.355254125 398.681222 285.535508 65.66636 367.243429 256.872739 58.842033
2012_07_27_16_00_52_889312259  2601.000 8 6 95.000000 95.000000 0.000000 0.000000 19.169092875 42.75756025 28.69032775 8.0141365 42.206904 28.5314535 6.948799 342.060482 229.522622 64.113092 337.655232 228.251628 55.590392
2012_07_27_16_01_17_519834723  2601.000 8 4 95.000000 95.000000 0.000000 0.000000 25.293340875 36.21362175 22.576319875 6.764825 36.858062875 23.207695125 6.95277125 289.708974 180.610559 54.1186 294.864503 185.661561 55.62217
2012_07_27_16_01_48_280373112  2601.000 16 16 95.000000 95.000000 0.000000 0.000000 11.2123030625 67.3643025 53.3578039375 7.3917910625 66.5523219375 52.5586454375 7.344413625 1077.82884 853.724863 118.268657 1064.837151 840.938327 117.510618
2012_07_27_16_02_04_996351389  2601.000 16 14 95.000000 95.000000 0.000000 0.000000 7.6929869375 65.136702875 50.92140625 8.16828025 63.0304845625 48.7157853125 8.6512363125 1042.187246 814.7425 130.692484 1008.487753 779.452565 138.419781
2012_07_27_16_02_18_581297143  2601.000 16 12 95.000000 95.000000 0.000000 0.000000 7.224327125 60.8713798125 46.6568263125 8.2691585625 58.016867875 43.8150581875 8.3723525625 973.942077 746.509221 132.306537 928.269886 701.040931 133.957641
2012_07_27_16_02_31_299250371  2601.000 16 10 95.000000 95.000000 0.000000 0.000000 7.4543503125 53.7254494375 39.5676111875 8.0784831875 54.736504 40.417439875 9.066953 859.607191 633.081779 129.255731 875.784064 646.679038 145.071248
2012_07_27_16_02_44_215650225  2601.000 16 8 95.000000 95.000000 0.000000 0.000000 8.58398425 47.114855125 33.1912121875 7.409453125 48.906148875 35.00388875 7.5925540625 753.837682 531.059395 118.55125 782.498382 560.06222 121.480865
2012_07_27_16_02_58_408067644  2601.000 16 6 95.000000 95.000000 0.000000 0.000000 9.7261961875 43.6927959375 29.8830894375 7.150816 41.2373210625 27.5114555625 7.22325725 699.084735 478.129431 114.413056 659.797137 440.183289 115.572116
2012_07_27_16_03_13_580531553  2601.000 16 4 95.000000 95.000000 0.000000 0.000000 12.704741 35.396248625 21.8710589375 5.9927485625 37.621719125 23.996609375 6.6292745 566.339978 349.936943 95.883977 601.947506 383.94575 106.068392
2012_07_27_16_03_31_723628301  2601.000 32 16 95.000000 95.000000 0.000000 0.000000 5.17859571875 66.470332375 52.601354625 6.94297734375 67.1265999375 53.2813159375 6.512994875 2127.050636 1683.243348 222.175275 2148.051198 1705.00211 208.415836
2012_07_27_16_03_42_940404209  2601.000 32 14 95.000000 95.000000 0.000000 0.000000 4.86026465625 63.52032675 49.73350228125 6.6480544375 60.70188025 46.7409831875 6.933422875 2032.650456 1591.472073 212.737742 1942.460168 1495.711462 221.869532
2012_07_27_16_03_53_782764994  2601.000 32 12 95.000000 95.000000 0.000000 0.000000 4.551895125 59.56647053125 45.84057875 6.72863159375 55.4002703125 41.593931625 6.7795715 1906.127057 1466.89852 215.316211 1772.80865 1331.005812 216.946288
2012_07_27_16_04_03_854719136  2601.000 32 10 95.000000 95.000000 0.000000 0.000000 4.85275284375 53.421148875 39.70260371875 6.6875294375 50.6736934375 36.9078185625 6.63876915625 1709.476764 1270.483319 214.000942 1621.55819 1181.050194 212.440613
2012_07_27_16_04_14_662642269  2601.000 32 8 95.000000 95.000000 0.000000 0.000000 5.887505875 46.91385296875 33.4149908125 6.01154984375 45.2404346875 31.7315080625 5.61730915625 1501.243295 1069.279706 192.369595 1447.69391 1015.408258 179.753893
2012_07_27_16_04_26_220694133  2601.000 32 6 95.000000 95.000000 0.000000 0.000000 4.826706625 41.13213328125 27.62129490625 6.2047196875 42.641329625 29.10802084375 6.5146055625 1316.228265 883.881437 198.55103 1364.522548 931.456667 208.467378
2012_07_27_16_04_36_820255228  2601.000 32 4 95.000000 95.000000 0.000000 0.000000 6.367614 35.01254771875 21.63635684375 5.44895125 37.14502278125 23.71137459375 6.19793659375 1120.401527 692.363419 174.36644 1188.640729 758.763987 198.333971
