id freq nodes cores pkg-clamp-0 pkg-clamp-1 dram-clamp-0 dram-clamp-1 avg-time avg-pkg-0 avg-pp0-0 avg-dram-0 avg-pkg-1 avg-pp0-1 avg-dram-1 tot-pkg-0 tot-pp0-0 tot-dram-0 tot-pkg-1 tot-pp0-1 tot-dram-1
2012_07_23_16_13_47_708780547  2601.000 8 16 115.000000 115.000000 0.000000 0.000000 18.455569625 50.618508625 36.38445225 0 50.681621125 36.602196625 0 404.948069 291.075618 0 405.452969 292.817573 0
2012_07_23_16_14_12_193123983  2601.000 8 14 115.000000 115.000000 0.000000 0.000000 15.066358625 50.801665875 36.293255375 0 50.799695125 36.3645885 0 406.413327 290.346043 0 406.397561 290.916708 0
2012_07_23_16_14_32_688984800  2601.000 8 12 115.000000 115.000000 0.000000 0.000000 16.559111125 50.539742375 36.45580325 0 50.719348125 36.501663 0 404.317939 291.646426 0 405.754785 292.013304 0
2012_07_23_16_14_55_858547117  2601.000 8 10 115.000000 115.000000 0.000000 0.000000 16.741433625 49.745587125 35.564790125 0 50.6149445 36.49113375 0 397.964697 284.518321 0 404.919556 291.92907 0
2012_07_23_16_15_17_919881343  2601.000 8 8 115.000000 115.000000 0.000000 0.000000 17.676457875 47.03472675 32.820088625 0 48.33964525 34.525853125 0 376.277814 262.560709 0 386.717162 276.206825 0
2012_07_23_16_15_41_024080112  2601.000 8 6 115.000000 115.000000 0.000000 0.000000 19.1304705 41.997537875 28.198588 0 43.8000885 29.900738625 0 335.980303 225.588704 0 350.400708 239.205909 0
2012_07_23_16_16_07_217478167  2601.000 8 4 115.000000 115.000000 0.000000 0.000000 25.408411125 36.514131625 22.9646115 0 36.927582125 23.185241375 0 292.113053 183.716892 0 295.420657 185.481931 0
2012_07_23_16_16_39_246699729  2601.000 16 16 115.000000 115.000000 0.000000 0.000000 16.1814693125 50.197139375 36.52442125 0 50.4218050625 36.5887631875 0 803.15423 584.39074 0 806.748881 585.420211 0
2012_07_23_16_17_02_319400290  2601.000 16 14 115.000000 115.000000 0.000000 0.000000 8.81517575 50.7853368125 36.6508243125 0 50.7814744375 36.6030324375 0 812.565389 586.413189 0 812.503591 585.648519 0
2012_07_23_16_17_16_931132879  2601.000 16 12 115.000000 115.000000 0.000000 0.000000 8.5994460625 50.7536010625 36.68674825 0 50.4129723125 36.3740565625 0 812.057617 586.987972 0 806.607557 581.984905 0
2012_07_23_16_17_31_429583236  2601.000 16 10 115.000000 115.000000 0.000000 0.000000 8.072318375 49.619750125 35.5627194375 0 50.2858759375 36.148594 0 793.916002 569.003511 0 804.574015 578.377504 0
2012_07_23_16_17_45_336160502  2601.000 16 8 115.000000 115.000000 0.000000 0.000000 8.9023070625 47.0602906875 33.068969 0 48.3408079375 34.4952334375 0 752.964651 529.103504 0 773.452927 551.923735 0
2012_07_23_16_18_00_008263916  2601.000 16 6 115.000000 115.000000 0.000000 0.000000 9.8376636875 39.7172289375 26.0409735 0 45.1523323125 31.3251035 0 635.475663 416.655576 0 722.437317 501.201656 0
2012_07_23_16_18_15_771247716  2601.000 16 4 115.000000 115.000000 0.000000 0.000000 12.8608748125 35.987250875 22.52899875 0 37.1699536875 23.4910353125 0 575.796014 360.46398 0 594.719259 375.856565 0
2012_07_23_16_18_34_176985472  2601.000 32 16 115.000000 115.000000 0.000000 0.000000 10.1093409375 49.35127646875 35.8256145 0 49.73727075 36.1548159375 0 1579.240847 1146.419664 0 1591.592664 1156.95411 0
2012_07_23_16_18_52_169549725  2601.000 32 14 115.000000 115.000000 0.000000 0.000000 5.24125328125 50.40262271875 36.57199790625 0 50.515268375 36.6368899375 0 1612.883927 1170.303933 0 1616.488588 1172.380478 0
2012_07_23_16_19_04_717614462  2601.000 32 12 115.000000 115.000000 0.000000 0.000000 5.61012621875 50.69216065625 36.98780146875 0 50.57668153125 36.84989584375 0 1622.149141 1183.609647 0 1618.453809 1179.196667 0
2012_07_23_16_19_17_732492783  2601.000 32 10 115.000000 115.000000 0.000000 0.000000 4.23616934375 50.1748819375 36.365578 0 49.9158829375 36.01683825 0 1605.596222 1163.698496 0 1597.308254 1152.538824 0
2012_07_23_16_19_29_087662893  2601.000 32 8 115.000000 115.000000 0.000000 0.000000 4.5664818125 46.15542846875 32.51724496875 0 47.81302040625 34.18320996875 0 1476.973711 1040.551839 0 1530.016653 1093.862719 0
2012_07_23_16_19_40_887579810  2601.000 32 6 115.000000 115.000000 0.000000 0.000000 4.9167521875 40.632998 27.11633646875 0 43.70353821875 30.14547 0 1300.255936 867.722767 0 1398.513223 964.65504 0
2012_07_23_16_19_52_766688995  2601.000 32 4 115.000000 115.000000 0.000000 0.000000 6.43811 34.59061140625 21.25156009375 0 38.276486125 24.795271375 0 1106.899565 680.049923 0 1224.847556 793.448684 0
