+ i=16
+ minthreads=4
+ j=8
+ maxnodes=32
+ export READ_WRITE=1
+ READ_WRITE=1
+ export PKG_MINW_MINS=0x38198
+ PKG_MINW_MINS=0x38198
+ export PP0_MINW_MINS=0x38198
+ PP0_MINW_MINS=0x38198
+ export DRAM_MINW_MINS=0x38078
+ DRAM_MINW_MINS=0x38078
+ export MSR_PKG_POWER_LIMIT=0x0
+ MSR_PKG_POWER_LIMIT=0x0
+ export MSR_PP0_POWER_LIMIT=0x0
+ MSR_PP0_POWER_LIMIT=0x0
+ export MSR_DRAM_POWER_LIMIT=0x0
+ MSR_DRAM_POWER_LIMIT=0x0
+ export MSR_RANK_MOD=1
+ MSR_RANK_MOD=1
+ for pkg in 0x38198 0x038208 0x038280 0x0382f8
+ i=16
+ j=8
+ export MSR_PKG_POWER_LIMIT=0x38198
+ MSR_PKG_POWER_LIMIT=0x38198
+ '[' 8 -le 32 ']'
+ i=16
+ '[' 16 -ge 4 ']'
+ export OMP_NUM_THREADS=16
+ OMP_NUM_THREADS=16
++ date +%Y_%m_%d_%H_%M_%S_%N
+ name=2012_07_27_15_40_57_692956823
+ mkdir 2012_07_27_15_40_57_692956823
+ cd 2012_07_27_15_40_57_692956823
+ touch out.dat
+ env
+ echo 2012_07_27_15_40_57_692956823
+ uname -a
+ srun --nodes=1 --ntasks=1 -ppbatch cat /proc/cpuinfo
+ grep MHz
+ srun --nodes=1 --ntasks=1 -o host_info hostname
+ echo 'threads/node: 16'
+ echo 'nodes: ' 8
+ srun --nodes=8 --ntasks=8 -o out.dat -e f.err ../../../bin/bt-mz.C.8
+ cd ../
+ i=14
+ '[' 14 -ge 4 ']'
+ export OMP_NUM_THREADS=14
+ OMP_NUM_THREADS=14
++ date +%Y_%m_%d_%H_%M_%S_%N
+ name=2012_07_27_15_41_29_868739443
+ mkdir 2012_07_27_15_41_29_868739443
+ cd 2012_07_27_15_41_29_868739443
+ touch out.dat
+ env
+ echo 2012_07_27_15_41_29_868739443
+ uname -a
+ srun --nodes=1 --ntasks=1 -ppbatch cat /proc/cpuinfo
+ grep MHz
+ srun --nodes=1 --ntasks=1 -o host_info hostname
+ echo 'threads/node: 14'
+ echo 'nodes: ' 8
+ srun --nodes=8 --ntasks=8 -o out.dat -e f.err ../../../bin/bt-mz.C.8
+ cd ../
+ i=12
+ '[' 12 -ge 4 ']'
+ export OMP_NUM_THREADS=12
+ OMP_NUM_THREADS=12
++ date +%Y_%m_%d_%H_%M_%S_%N
+ name=2012_07_27_15_42_00_984164701
+ mkdir 2012_07_27_15_42_00_984164701
+ cd 2012_07_27_15_42_00_984164701
+ touch out.dat
+ env
+ echo 2012_07_27_15_42_00_984164701
+ uname -a
+ srun --nodes=1 --ntasks=1 -ppbatch cat /proc/cpuinfo
+ grep MHz
+ srun --nodes=1 --ntasks=1 -o host_info hostname
+ echo 'threads/node: 12'
+ echo 'nodes: ' 8
+ srun --nodes=8 --ntasks=8 -o out.dat -e f.err ../../../bin/bt-mz.C.8
+ cd ../
+ i=10
+ '[' 10 -ge 4 ']'
+ export OMP_NUM_THREADS=10
+ OMP_NUM_THREADS=10
++ date +%Y_%m_%d_%H_%M_%S_%N
+ name=2012_07_27_15_42_36_696864852
+ mkdir 2012_07_27_15_42_36_696864852
+ cd 2012_07_27_15_42_36_696864852
+ touch out.dat
+ env
+ echo 2012_07_27_15_42_36_696864852
+ uname -a
+ srun --nodes=1 --ntasks=1 -ppbatch cat /proc/cpuinfo
+ grep MHz
+ srun --nodes=1 --ntasks=1 -o host_info hostname
+ echo 'threads/node: 10'
+ echo 'nodes: ' 8
+ srun --nodes=8 --ntasks=8 -o out.dat -e f.err ../../../bin/bt-mz.C.8
+ cd ../
+ i=8
+ '[' 8 -ge 4 ']'
+ export OMP_NUM_THREADS=8
+ OMP_NUM_THREADS=8
++ date +%Y_%m_%d_%H_%M_%S_%N
+ name=2012_07_27_15_43_11_071203360
+ mkdir 2012_07_27_15_43_11_071203360
+ cd 2012_07_27_15_43_11_071203360
+ touch out.dat
+ env
+ echo 2012_07_27_15_43_11_071203360
+ uname -a
+ srun --nodes=1 --ntasks=1 -ppbatch cat /proc/cpuinfo
+ grep MHz
+ srun --nodes=1 --ntasks=1 -o host_info hostname
+ echo 'threads/node: 8'
+ echo 'nodes: ' 8
+ srun --nodes=8 --ntasks=8 -o out.dat -e f.err ../../../bin/bt-mz.C.8
+ cd ../
+ i=6
+ '[' 6 -ge 4 ']'
+ export OMP_NUM_THREADS=6
+ OMP_NUM_THREADS=6
++ date +%Y_%m_%d_%H_%M_%S_%N
+ name=2012_07_27_15_43_50_474445487
+ mkdir 2012_07_27_15_43_50_474445487
+ cd 2012_07_27_15_43_50_474445487
+ touch out.dat
+ env
+ echo 2012_07_27_15_43_50_474445487
+ uname -a
+ srun --nodes=1 --ntasks=1 -ppbatch cat /proc/cpuinfo
+ grep MHz
+ srun --nodes=1 --ntasks=1 -o host_info hostname
+ echo 'threads/node: 6'
+ echo 'nodes: ' 8
+ srun --nodes=8 --ntasks=8 -o out.dat -e f.err ../../../bin/bt-mz.C.8
+ cd ../
+ i=4
+ '[' 4 -ge 4 ']'
+ export OMP_NUM_THREADS=4
+ OMP_NUM_THREADS=4
++ date +%Y_%m_%d_%H_%M_%S_%N
+ name=2012_07_27_15_44_34_779013598
+ mkdir 2012_07_27_15_44_34_779013598
+ cd 2012_07_27_15_44_34_779013598
+ touch out.dat
+ env
+ echo 2012_07_27_15_44_34_779013598
+ uname -a
+ srun --nodes=1 --ntasks=1 -ppbatch cat /proc/cpuinfo
+ grep MHz
+ srun --nodes=1 --ntasks=1 -o host_info hostname
+ echo 'threads/node: 4'
+ echo 'nodes: ' 8
+ srun --nodes=8 --ntasks=8 -o out.dat -e f.err ../../../bin/bt-mz.C.8
+ cd ../
+ i=2
+ '[' 2 -ge 4 ']'
+ j=16
+ '[' 16 -le 32 ']'
+ i=16
+ '[' 16 -ge 4 ']'
+ export OMP_NUM_THREADS=16
+ OMP_NUM_THREADS=16
++ date +%Y_%m_%d_%H_%M_%S_%N
+ name=2012_07_27_15_45_33_952603014
+ mkdir 2012_07_27_15_45_33_952603014
+ cd 2012_07_27_15_45_33_952603014
+ touch out.dat
+ env
+ echo 2012_07_27_15_45_33_952603014
+ uname -a
+ srun --nodes=1 --ntasks=1 -ppbatch cat /proc/cpuinfo
+ grep MHz
+ srun --nodes=1 --ntasks=1 -o host_info hostname
+ echo 'threads/node: 16'
+ echo 'nodes: ' 16
+ srun --nodes=16 --ntasks=16 -o out.dat -e f.err ../../../bin/bt-mz.C.16
+ cd ../
+ i=14
+ '[' 14 -ge 4 ']'
+ export OMP_NUM_THREADS=14
+ OMP_NUM_THREADS=14
++ date +%Y_%m_%d_%H_%M_%S_%N
+ name=2012_07_27_15_45_55_158014517
+ mkdir 2012_07_27_15_45_55_158014517
+ cd 2012_07_27_15_45_55_158014517
+ touch out.dat
+ env
+ echo 2012_07_27_15_45_55_158014517
+ uname -a
+ srun --nodes=1 --ntasks=1 -ppbatch cat /proc/cpuinfo
+ grep MHz
+ srun --nodes=1 --ntasks=1 -o host_info hostname
+ echo 'threads/node: 14'
+ echo 'nodes: ' 16
+ srun --nodes=16 --ntasks=16 -o out.dat -e f.err ../../../bin/bt-mz.C.16
+ cd ../
+ i=12
+ '[' 12 -ge 4 ']'
+ export OMP_NUM_THREADS=12
+ OMP_NUM_THREADS=12
++ date +%Y_%m_%d_%H_%M_%S_%N
+ name=2012_07_27_15_46_16_028934386
+ mkdir 2012_07_27_15_46_16_028934386
+ cd 2012_07_27_15_46_16_028934386
+ touch out.dat
+ env
+ echo 2012_07_27_15_46_16_028934386
+ uname -a
+ srun --nodes=1 --ntasks=1 -ppbatch cat /proc/cpuinfo
+ grep MHz
+ srun --nodes=1 --ntasks=1 -o host_info hostname
+ echo 'threads/node: 12'
+ echo 'nodes: ' 16
+ srun --nodes=16 --ntasks=16 -o out.dat -e f.err ../../../bin/bt-mz.C.16
+ cd ../
+ i=10
+ '[' 10 -ge 4 ']'
+ export OMP_NUM_THREADS=10
+ OMP_NUM_THREADS=10
++ date +%Y_%m_%d_%H_%M_%S_%N
+ name=2012_07_27_15_46_38_891457461
+ mkdir 2012_07_27_15_46_38_891457461
+ cd 2012_07_27_15_46_38_891457461
+ touch out.dat
+ env
+ echo 2012_07_27_15_46_38_891457461
+ uname -a
+ srun --nodes=1 --ntasks=1 -ppbatch cat /proc/cpuinfo
+ grep MHz
+ srun --nodes=1 --ntasks=1 -o host_info hostname
+ echo 'threads/node: 10'
+ echo 'nodes: ' 16
+ srun --nodes=16 --ntasks=16 -o out.dat -e f.err ../../../bin/bt-mz.C.16
+ cd ../
+ i=8
+ '[' 8 -ge 4 ']'
+ export OMP_NUM_THREADS=8
+ OMP_NUM_THREADS=8
++ date +%Y_%m_%d_%H_%M_%S_%N
+ name=2012_07_27_15_47_00_634638974
+ mkdir 2012_07_27_15_47_00_634638974
+ cd 2012_07_27_15_47_00_634638974
+ touch out.dat
+ env
+ echo 2012_07_27_15_47_00_634638974
+ uname -a
+ srun --nodes=1 --ntasks=1 -ppbatch cat /proc/cpuinfo
+ grep MHz
+ srun --nodes=1 --ntasks=1 -o host_info hostname
+ echo 'threads/node: 8'
+ echo 'nodes: ' 16
+ srun --nodes=16 --ntasks=16 -o out.dat -e f.err ../../../bin/bt-mz.C.16
+ cd ../
+ i=6
+ '[' 6 -ge 4 ']'
+ export OMP_NUM_THREADS=6
+ OMP_NUM_THREADS=6
++ date +%Y_%m_%d_%H_%M_%S_%N
+ name=2012_07_27_15_47_24_563609195
+ mkdir 2012_07_27_15_47_24_563609195
+ cd 2012_07_27_15_47_24_563609195
+ touch out.dat
+ env
+ echo 2012_07_27_15_47_24_563609195
+ uname -a
+ srun --nodes=1 --ntasks=1 -ppbatch cat /proc/cpuinfo
+ grep MHz
+ srun --nodes=1 --ntasks=1 -o host_info hostname
+ echo 'threads/node: 6'
+ echo 'nodes: ' 16
+ srun --nodes=16 --ntasks=16 -o out.dat -e f.err ../../../bin/bt-mz.C.16
+ cd ../
+ i=4
+ '[' 4 -ge 4 ']'
+ export OMP_NUM_THREADS=4
+ OMP_NUM_THREADS=4
++ date +%Y_%m_%d_%H_%M_%S_%N
+ name=2012_07_27_15_47_50_740483510
+ mkdir 2012_07_27_15_47_50_740483510
+ cd 2012_07_27_15_47_50_740483510
+ touch out.dat
+ env
+ echo 2012_07_27_15_47_50_740483510
+ uname -a
+ srun --nodes=1 --ntasks=1 -ppbatch cat /proc/cpuinfo
+ grep MHz
+ srun --nodes=1 --ntasks=1 -o host_info hostname
+ echo 'threads/node: 4'
+ echo 'nodes: ' 16
+ srun --nodes=16 --ntasks=16 -o out.dat -e f.err ../../../bin/bt-mz.C.16
+ cd ../
+ i=2
+ '[' 2 -ge 4 ']'
+ j=32
+ '[' 32 -le 32 ']'
+ i=16
+ '[' 16 -ge 4 ']'
+ export OMP_NUM_THREADS=16
+ OMP_NUM_THREADS=16
++ date +%Y_%m_%d_%H_%M_%S_%N
+ name=2012_07_27_15_48_24_095886626
+ mkdir 2012_07_27_15_48_24_095886626
+ cd 2012_07_27_15_48_24_095886626
+ touch out.dat
+ env
+ echo 2012_07_27_15_48_24_095886626
+ uname -a
+ srun --nodes=1 --ntasks=1 -ppbatch cat /proc/cpuinfo
+ grep MHz
+ srun --nodes=1 --ntasks=1 -o host_info hostname
+ echo 'threads/node: 16'
+ echo 'nodes: ' 32
+ srun --nodes=32 --ntasks=32 -o out.dat -e f.err ../../../bin/bt-mz.C.32
+ cd ../
+ i=14
+ '[' 14 -ge 4 ']'
+ export OMP_NUM_THREADS=14
+ OMP_NUM_THREADS=14
++ date +%Y_%m_%d_%H_%M_%S_%N
+ name=2012_07_27_15_48_41_733364240
+ mkdir 2012_07_27_15_48_41_733364240
+ cd 2012_07_27_15_48_41_733364240
+ touch out.dat
+ env
+ echo 2012_07_27_15_48_41_733364240
+ uname -a
+ srun --nodes=1 --ntasks=1 -ppbatch cat /proc/cpuinfo
+ grep MHz
+ srun --nodes=1 --ntasks=1 -o host_info hostname
+ echo 'threads/node: 14'
+ echo 'nodes: ' 32
+ srun --nodes=32 --ntasks=32 -o out.dat -e f.err ../../../bin/bt-mz.C.32
+ cd ../
+ i=12
+ '[' 12 -ge 4 ']'
+ export OMP_NUM_THREADS=12
+ OMP_NUM_THREADS=12
++ date +%Y_%m_%d_%H_%M_%S_%N
+ name=2012_07_27_15_48_55_836124260
+ mkdir 2012_07_27_15_48_55_836124260
+ cd 2012_07_27_15_48_55_836124260
+ touch out.dat
+ env
+ echo 2012_07_27_15_48_55_836124260
+ uname -a
+ srun --nodes=1 --ntasks=1 -ppbatch cat /proc/cpuinfo
+ grep MHz
+ srun --nodes=1 --ntasks=1 -o host_info hostname
+ echo 'threads/node: 12'
+ echo 'nodes: ' 32
+ srun --nodes=32 --ntasks=32 -o out.dat -e f.err ../../../bin/bt-mz.C.32
+ cd ../
+ i=10
+ '[' 10 -ge 4 ']'
+ export OMP_NUM_THREADS=10
+ OMP_NUM_THREADS=10
++ date +%Y_%m_%d_%H_%M_%S_%N
+ name=2012_07_27_15_49_11_003670930
+ mkdir 2012_07_27_15_49_11_003670930
+ cd 2012_07_27_15_49_11_003670930
+ touch out.dat
+ env
+ echo 2012_07_27_15_49_11_003670930
+ uname -a
+ srun --nodes=1 --ntasks=1 -ppbatch cat /proc/cpuinfo
+ grep MHz
+ srun --nodes=1 --ntasks=1 -o host_info hostname
+ echo 'threads/node: 10'
+ echo 'nodes: ' 32
+ srun --nodes=32 --ntasks=32 -o out.dat -e f.err ../../../bin/bt-mz.C.32
+ cd ../
+ i=8
+ '[' 8 -ge 4 ']'
+ export OMP_NUM_THREADS=8
+ OMP_NUM_THREADS=8
++ date +%Y_%m_%d_%H_%M_%S_%N
+ name=2012_07_27_15_49_26_408233772
+ mkdir 2012_07_27_15_49_26_408233772
+ cd 2012_07_27_15_49_26_408233772
+ touch out.dat
+ env
+ echo 2012_07_27_15_49_26_408233772
+ uname -a
+ srun --nodes=1 --ntasks=1 -ppbatch cat /proc/cpuinfo
+ grep MHz
+ srun --nodes=1 --ntasks=1 -o host_info hostname
+ echo 'threads/node: 8'
+ echo 'nodes: ' 32
+ srun --nodes=32 --ntasks=32 -o out.dat -e f.err ../../../bin/bt-mz.C.32
+ cd ../
+ i=6
+ '[' 6 -ge 4 ']'
+ export OMP_NUM_THREADS=6
+ OMP_NUM_THREADS=6
++ date +%Y_%m_%d_%H_%M_%S_%N
+ name=2012_07_27_15_49_42_715419030
+ mkdir 2012_07_27_15_49_42_715419030
+ cd 2012_07_27_15_49_42_715419030
+ touch out.dat
+ env
+ echo 2012_07_27_15_49_42_715419030
+ uname -a
+ srun --nodes=1 --ntasks=1 -ppbatch cat /proc/cpuinfo
+ grep MHz
+ srun --nodes=1 --ntasks=1 -o host_info hostname
+ echo 'threads/node: 6'
+ echo 'nodes: ' 32
+ srun --nodes=32 --ntasks=32 -o out.dat -e f.err ../../../bin/bt-mz.C.32
+ cd ../
+ i=4
+ '[' 4 -ge 4 ']'
+ export OMP_NUM_THREADS=4
+ OMP_NUM_THREADS=4
++ date +%Y_%m_%d_%H_%M_%S_%N
+ name=2012_07_27_15_50_00_065202179
+ mkdir 2012_07_27_15_50_00_065202179
+ cd 2012_07_27_15_50_00_065202179
+ touch out.dat
+ env
+ echo 2012_07_27_15_50_00_065202179
+ uname -a
+ srun --nodes=1 --ntasks=1 -ppbatch cat /proc/cpuinfo
+ grep MHz
+ srun --nodes=1 --ntasks=1 -o host_info hostname
+ echo 'threads/node: 4'
+ echo 'nodes: ' 32
+ srun --nodes=32 --ntasks=32 -o out.dat -e f.err ../../../bin/bt-mz.C.32
+ cd ../
+ i=2
+ '[' 2 -ge 4 ']'
+ j=64
+ '[' 64 -le 32 ']'
+ for pkg in 0x38198 0x038208 0x038280 0x0382f8
+ i=16
+ j=8
+ export MSR_PKG_POWER_LIMIT=0x038208
+ MSR_PKG_POWER_LIMIT=0x038208
+ '[' 8 -le 32 ']'
+ i=16
+ '[' 16 -ge 4 ']'
+ export OMP_NUM_THREADS=16
+ OMP_NUM_THREADS=16
++ date +%Y_%m_%d_%H_%M_%S_%N
+ name=2012_07_27_15_50_20_944302209
+ mkdir 2012_07_27_15_50_20_944302209
+ cd 2012_07_27_15_50_20_944302209
+ touch out.dat
+ env
+ echo 2012_07_27_15_50_20_944302209
+ uname -a
+ srun --nodes=1 --ntasks=1 -ppbatch cat /proc/cpuinfo
+ grep MHz
+ srun --nodes=1 --ntasks=1 -o host_info hostname
+ echo 'threads/node: 16'
+ echo 'nodes: ' 8
+ srun --nodes=8 --ntasks=8 -o out.dat -e f.err ../../../bin/bt-mz.C.8
+ cd ../
+ i=14
+ '[' 14 -ge 4 ']'
+ export OMP_NUM_THREADS=14
+ OMP_NUM_THREADS=14
++ date +%Y_%m_%d_%H_%M_%S_%N
+ name=2012_07_27_15_50_49_197412000
+ mkdir 2012_07_27_15_50_49_197412000
+ cd 2012_07_27_15_50_49_197412000
+ touch out.dat
+ env
+ echo 2012_07_27_15_50_49_197412000
+ uname -a
+ srun --nodes=1 --ntasks=1 -ppbatch cat /proc/cpuinfo
+ grep MHz
+ srun --nodes=1 --ntasks=1 -o host_info hostname
+ echo 'threads/node: 14'
+ echo 'nodes: ' 8
+ srun --nodes=8 --ntasks=8 -o out.dat -e f.err ../../../bin/bt-mz.C.8
+ cd ../
+ i=12
+ '[' 12 -ge 4 ']'
+ export OMP_NUM_THREADS=12
+ OMP_NUM_THREADS=12
++ date +%Y_%m_%d_%H_%M_%S_%N
+ name=2012_07_27_15_51_17_474248745
+ mkdir 2012_07_27_15_51_17_474248745
+ cd 2012_07_27_15_51_17_474248745
+ touch out.dat
+ env
+ echo 2012_07_27_15_51_17_474248745
+ uname -a
+ srun --nodes=1 --ntasks=1 -ppbatch cat /proc/cpuinfo
+ grep MHz
+ srun --nodes=1 --ntasks=1 -o host_info hostname
+ echo 'threads/node: 12'
+ echo 'nodes: ' 8
+ srun --nodes=8 --ntasks=8 -o out.dat -e f.err ../../../bin/bt-mz.C.8
+ cd ../
+ i=10
+ '[' 10 -ge 4 ']'
+ export OMP_NUM_THREADS=10
+ OMP_NUM_THREADS=10
++ date +%Y_%m_%d_%H_%M_%S_%N
+ name=2012_07_27_15_51_48_310534145
+ mkdir 2012_07_27_15_51_48_310534145
+ cd 2012_07_27_15_51_48_310534145
+ touch out.dat
+ env
+ echo 2012_07_27_15_51_48_310534145
+ uname -a
+ srun --nodes=1 --ntasks=1 -ppbatch cat /proc/cpuinfo
+ grep MHz
+ srun --nodes=1 --ntasks=1 -o host_info hostname
+ echo 'threads/node: 10'
+ echo 'nodes: ' 8
+ srun --nodes=8 --ntasks=8 -o out.dat -e f.err ../../../bin/bt-mz.C.8
+ cd ../
+ i=8
+ '[' 8 -ge 4 ']'
+ export OMP_NUM_THREADS=8
+ OMP_NUM_THREADS=8
++ date +%Y_%m_%d_%H_%M_%S_%N
+ name=2012_07_27_15_52_20_210366536
+ mkdir 2012_07_27_15_52_20_210366536
+ cd 2012_07_27_15_52_20_210366536
+ touch out.dat
+ env
+ echo 2012_07_27_15_52_20_210366536
+ uname -a
+ srun --nodes=1 --ntasks=1 -ppbatch cat /proc/cpuinfo
+ grep MHz
+ srun --nodes=1 --ntasks=1 -o host_info hostname
+ echo 'threads/node: 8'
+ echo 'nodes: ' 8
+ srun --nodes=8 --ntasks=8 -o out.dat -e f.err ../../../bin/bt-mz.C.8
+ cd ../
+ i=6
+ '[' 6 -ge 4 ']'
+ export OMP_NUM_THREADS=6
+ OMP_NUM_THREADS=6
++ date +%Y_%m_%d_%H_%M_%S_%N
+ name=2012_07_27_15_52_57_900637454
+ mkdir 2012_07_27_15_52_57_900637454
+ cd 2012_07_27_15_52_57_900637454
+ touch out.dat
+ env
+ echo 2012_07_27_15_52_57_900637454
+ uname -a
+ srun --nodes=1 --ntasks=1 -ppbatch cat /proc/cpuinfo
+ grep MHz
+ srun --nodes=1 --ntasks=1 -o host_info hostname
+ echo 'threads/node: 6'
+ echo 'nodes: ' 8
+ srun --nodes=8 --ntasks=8 -o out.dat -e f.err ../../../bin/bt-mz.C.8
+ cd ../
+ i=4
+ '[' 4 -ge 4 ']'
+ export OMP_NUM_THREADS=4
+ OMP_NUM_THREADS=4
++ date +%Y_%m_%d_%H_%M_%S_%N
+ name=2012_07_27_15_53_41_749422155
+ mkdir 2012_07_27_15_53_41_749422155
+ cd 2012_07_27_15_53_41_749422155
+ touch out.dat
+ env
+ echo 2012_07_27_15_53_41_749422155
+ uname -a
+ srun --nodes=1 --ntasks=1 -ppbatch cat /proc/cpuinfo
+ grep MHz
+ srun --nodes=1 --ntasks=1 -o host_info hostname
+ echo 'threads/node: 4'
+ echo 'nodes: ' 8
+ srun --nodes=8 --ntasks=8 -o out.dat -e f.err ../../../bin/bt-mz.C.8
+ cd ../
+ i=2
+ '[' 2 -ge 4 ']'
+ j=16
+ '[' 16 -le 32 ']'
+ i=16
+ '[' 16 -ge 4 ']'
+ export OMP_NUM_THREADS=16
+ OMP_NUM_THREADS=16
++ date +%Y_%m_%d_%H_%M_%S_%N
+ name=2012_07_27_15_54_39_795944093
+ mkdir 2012_07_27_15_54_39_795944093
+ cd 2012_07_27_15_54_39_795944093
+ touch out.dat
+ env
+ echo 2012_07_27_15_54_39_795944093
+ uname -a
+ srun --nodes=1 --ntasks=1 -ppbatch cat /proc/cpuinfo
+ grep MHz
+ srun --nodes=1 --ntasks=1 -o host_info hostname
+ echo 'threads/node: 16'
+ echo 'nodes: ' 16
+ srun --nodes=16 --ntasks=16 -o out.dat -e f.err ../../../bin/bt-mz.C.16
+ cd ../
+ i=14
+ '[' 14 -ge 4 ']'
+ export OMP_NUM_THREADS=14
+ OMP_NUM_THREADS=14
++ date +%Y_%m_%d_%H_%M_%S_%N
+ name=2012_07_27_15_54_57_966398577
+ mkdir 2012_07_27_15_54_57_966398577
+ cd 2012_07_27_15_54_57_966398577
+ touch out.dat
+ env
+ echo 2012_07_27_15_54_57_966398577
+ uname -a
+ srun --nodes=1 --ntasks=1 -ppbatch cat /proc/cpuinfo
+ grep MHz
+ srun --nodes=1 --ntasks=1 -o host_info hostname
+ echo 'threads/node: 14'
+ echo 'nodes: ' 16
+ srun --nodes=16 --ntasks=16 -o out.dat -e f.err ../../../bin/bt-mz.C.16
+ cd ../
+ i=12
+ '[' 12 -ge 4 ']'
+ export OMP_NUM_THREADS=12
+ OMP_NUM_THREADS=12
++ date +%Y_%m_%d_%H_%M_%S_%N
+ name=2012_07_27_15_55_14_780946612
+ mkdir 2012_07_27_15_55_14_780946612
+ cd 2012_07_27_15_55_14_780946612
+ touch out.dat
+ env
+ echo 2012_07_27_15_55_14_780946612
+ uname -a
+ srun --nodes=1 --ntasks=1 -ppbatch cat /proc/cpuinfo
+ grep MHz
+ srun --nodes=1 --ntasks=1 -o host_info hostname
+ echo 'threads/node: 12'
+ echo 'nodes: ' 16
+ srun --nodes=16 --ntasks=16 -o out.dat -e f.err ../../../bin/bt-mz.C.16
+ cd ../
+ i=10
+ '[' 10 -ge 4 ']'
+ export OMP_NUM_THREADS=10
+ OMP_NUM_THREADS=10
++ date +%Y_%m_%d_%H_%M_%S_%N
+ name=2012_07_27_15_55_33_509700487
+ mkdir 2012_07_27_15_55_33_509700487
+ cd 2012_07_27_15_55_33_509700487
+ touch out.dat
+ env
+ echo 2012_07_27_15_55_33_509700487
+ uname -a
+ grep MHz
+ srun --nodes=1 --ntasks=1 -ppbatch cat /proc/cpuinfo
+ srun --nodes=1 --ntasks=1 -o host_info hostname
+ echo 'threads/node: 10'
+ echo 'nodes: ' 16
+ srun --nodes=16 --ntasks=16 -o out.dat -e f.err ../../../bin/bt-mz.C.16
+ cd ../
+ i=8
+ '[' 8 -ge 4 ']'
+ export OMP_NUM_THREADS=8
+ OMP_NUM_THREADS=8
++ date +%Y_%m_%d_%H_%M_%S_%N
+ name=2012_07_27_15_55_52_073113037
+ mkdir 2012_07_27_15_55_52_073113037
+ cd 2012_07_27_15_55_52_073113037
+ touch out.dat
+ env
+ echo 2012_07_27_15_55_52_073113037
+ uname -a
+ srun --nodes=1 --ntasks=1 -ppbatch cat /proc/cpuinfo
+ grep MHz
+ srun --nodes=1 --ntasks=1 -o host_info hostname
+ echo 'threads/node: 8'
+ echo 'nodes: ' 16
+ srun --nodes=16 --ntasks=16 -o out.dat -e f.err ../../../bin/bt-mz.C.16
+ cd ../
+ i=6
+ '[' 6 -ge 4 ']'
+ export OMP_NUM_THREADS=6
+ OMP_NUM_THREADS=6
++ date +%Y_%m_%d_%H_%M_%S_%N
+ name=2012_07_27_15_56_13_453400192
+ mkdir 2012_07_27_15_56_13_453400192
+ cd 2012_07_27_15_56_13_453400192
+ touch out.dat
+ env
+ echo 2012_07_27_15_56_13_453400192
+ uname -a
+ grep MHz
+ srun --nodes=1 --ntasks=1 -ppbatch cat /proc/cpuinfo
+ srun --nodes=1 --ntasks=1 -o host_info hostname
+ echo 'threads/node: 6'
+ echo 'nodes: ' 16
+ srun --nodes=16 --ntasks=16 -o out.dat -e f.err ../../../bin/bt-mz.C.16
+ cd ../
+ i=4
+ '[' 4 -ge 4 ']'
+ export OMP_NUM_THREADS=4
+ OMP_NUM_THREADS=4
++ date +%Y_%m_%d_%H_%M_%S_%N
+ name=2012_07_27_15_56_38_505527210
+ mkdir 2012_07_27_15_56_38_505527210
+ cd 2012_07_27_15_56_38_505527210
+ touch out.dat
+ env
+ echo 2012_07_27_15_56_38_505527210
+ uname -a
+ srun --nodes=1 --ntasks=1 -ppbatch cat /proc/cpuinfo
+ grep MHz
+ srun --nodes=1 --ntasks=1 -o host_info hostname
+ echo 'threads/node: 4'
+ echo 'nodes: ' 16
+ srun --nodes=16 --ntasks=16 -o out.dat -e f.err ../../../bin/bt-mz.C.16
+ cd ../
+ i=2
+ '[' 2 -ge 4 ']'
+ j=32
+ '[' 32 -le 32 ']'
+ i=16
+ '[' 16 -ge 4 ']'
+ export OMP_NUM_THREADS=16
+ OMP_NUM_THREADS=16
++ date +%Y_%m_%d_%H_%M_%S_%N
+ name=2012_07_27_15_57_10_798301145
+ mkdir 2012_07_27_15_57_10_798301145
+ cd 2012_07_27_15_57_10_798301145
+ touch out.dat
+ env
+ echo 2012_07_27_15_57_10_798301145
+ uname -a
+ srun --nodes=1 --ntasks=1 -ppbatch cat /proc/cpuinfo
+ grep MHz
+ srun --nodes=1 --ntasks=1 -o host_info hostname
+ echo 'threads/node: 16'
+ echo 'nodes: ' 32
+ srun --nodes=32 --ntasks=32 -o out.dat -e f.err ../../../bin/bt-mz.C.32
+ cd ../
+ i=14
+ '[' 14 -ge 4 ']'
+ export OMP_NUM_THREADS=14
+ OMP_NUM_THREADS=14
++ date +%Y_%m_%d_%H_%M_%S_%N
+ name=2012_07_27_15_57_27_210554320
+ mkdir 2012_07_27_15_57_27_210554320
+ cd 2012_07_27_15_57_27_210554320
+ touch out.dat
+ env
+ echo 2012_07_27_15_57_27_210554320
+ uname -a
+ srun --nodes=1 --ntasks=1 -ppbatch cat /proc/cpuinfo
+ grep MHz
+ srun --nodes=1 --ntasks=1 -o host_info hostname
+ echo 'threads/node: 14'
+ echo 'nodes: ' 32
+ srun --nodes=32 --ntasks=32 -o out.dat -e f.err ../../../bin/bt-mz.C.32
+ cd ../
+ i=12
+ '[' 12 -ge 4 ']'
+ export OMP_NUM_THREADS=12
+ OMP_NUM_THREADS=12
++ date +%Y_%m_%d_%H_%M_%S_%N
+ name=2012_07_27_15_57_40_546615185
+ mkdir 2012_07_27_15_57_40_546615185
+ cd 2012_07_27_15_57_40_546615185
+ touch out.dat
+ env
+ echo 2012_07_27_15_57_40_546615185
+ uname -a
+ srun --nodes=1 --ntasks=1 -ppbatch cat /proc/cpuinfo
+ grep MHz
+ srun --nodes=1 --ntasks=1 -o host_info hostname
+ echo 'threads/node: 12'
+ echo 'nodes: ' 32
+ srun --nodes=32 --ntasks=32 -o out.dat -e f.err ../../../bin/bt-mz.C.32
+ cd ../
+ i=10
+ '[' 10 -ge 4 ']'
+ export OMP_NUM_THREADS=10
+ OMP_NUM_THREADS=10
++ date +%Y_%m_%d_%H_%M_%S_%N
+ name=2012_07_27_15_57_55_413812592
+ mkdir 2012_07_27_15_57_55_413812592
+ cd 2012_07_27_15_57_55_413812592
+ touch out.dat
+ env
+ echo 2012_07_27_15_57_55_413812592
+ uname -a
+ srun --nodes=1 --ntasks=1 -ppbatch cat /proc/cpuinfo
+ grep MHz
+ srun --nodes=1 --ntasks=1 -o host_info hostname
+ echo 'threads/node: 10'
+ echo 'nodes: ' 32
+ srun --nodes=32 --ntasks=32 -o out.dat -e f.err ../../../bin/bt-mz.C.32
+ cd ../
+ i=8
+ '[' 8 -ge 4 ']'
+ export OMP_NUM_THREADS=8
+ OMP_NUM_THREADS=8
++ date +%Y_%m_%d_%H_%M_%S_%N
+ name=2012_07_27_15_58_09_653914730
+ mkdir 2012_07_27_15_58_09_653914730
+ cd 2012_07_27_15_58_09_653914730
+ touch out.dat
+ env
+ echo 2012_07_27_15_58_09_653914730
+ uname -a
+ srun --nodes=1 --ntasks=1 -ppbatch cat /proc/cpuinfo
+ grep MHz
+ srun --nodes=1 --ntasks=1 -o host_info hostname
+ echo 'threads/node: 8'
+ echo 'nodes: ' 32
+ srun --nodes=32 --ntasks=32 -o out.dat -e f.err ../../../bin/bt-mz.C.32
+ cd ../
+ i=6
+ '[' 6 -ge 4 ']'
+ export OMP_NUM_THREADS=6
+ OMP_NUM_THREADS=6
++ date +%Y_%m_%d_%H_%M_%S_%N
+ name=2012_07_27_15_58_25_472715933
+ mkdir 2012_07_27_15_58_25_472715933
+ cd 2012_07_27_15_58_25_472715933
+ touch out.dat
+ env
+ echo 2012_07_27_15_58_25_472715933
+ uname -a
+ srun --nodes=1 --ntasks=1 -ppbatch cat /proc/cpuinfo
+ grep MHz
+ srun --nodes=1 --ntasks=1 -o host_info hostname
+ echo 'threads/node: 6'
+ echo 'nodes: ' 32
+ srun --nodes=32 --ntasks=32 -o out.dat -e f.err ../../../bin/bt-mz.C.32
+ cd ../
+ i=4
+ '[' 4 -ge 4 ']'
+ export OMP_NUM_THREADS=4
+ OMP_NUM_THREADS=4
++ date +%Y_%m_%d_%H_%M_%S_%N
+ name=2012_07_27_15_58_42_973182332
+ mkdir 2012_07_27_15_58_42_973182332
+ cd 2012_07_27_15_58_42_973182332
+ touch out.dat
+ env
+ echo 2012_07_27_15_58_42_973182332
+ uname -a
+ srun --nodes=1 --ntasks=1 -ppbatch cat /proc/cpuinfo
+ grep MHz
+ srun --nodes=1 --ntasks=1 -o host_info hostname
+ echo 'threads/node: 4'
+ echo 'nodes: ' 32
+ srun --nodes=32 --ntasks=32 -o out.dat -e f.err ../../../bin/bt-mz.C.32
+ cd ../
+ i=2
+ '[' 2 -ge 4 ']'
+ j=64
+ '[' 64 -le 32 ']'
+ for pkg in 0x38198 0x038208 0x038280 0x0382f8
+ i=16
+ j=8
+ export MSR_PKG_POWER_LIMIT=0x038280
+ MSR_PKG_POWER_LIMIT=0x038280
+ '[' 8 -le 32 ']'
+ i=16
+ '[' 16 -ge 4 ']'
+ export OMP_NUM_THREADS=16
+ OMP_NUM_THREADS=16
++ date +%Y_%m_%d_%H_%M_%S_%N
+ name=2012_07_27_15_59_04_093153168
+ mkdir 2012_07_27_15_59_04_093153168
+ cd 2012_07_27_15_59_04_093153168
+ touch out.dat
+ env
+ echo 2012_07_27_15_59_04_093153168
+ uname -a
+ srun --nodes=1 --ntasks=1 -ppbatch cat /proc/cpuinfo
+ grep MHz
+ srun --nodes=1 --ntasks=1 -o host_info hostname
+ echo 'threads/node: 16'
+ echo 'nodes: ' 8
+ srun --nodes=8 --ntasks=8 -o out.dat -e f.err ../../../bin/bt-mz.C.8
+ cd ../
+ i=14
+ '[' 14 -ge 4 ']'
+ export OMP_NUM_THREADS=14
+ OMP_NUM_THREADS=14
++ date +%Y_%m_%d_%H_%M_%S_%N
+ name=2012_07_27_15_59_28_732760097
+ mkdir 2012_07_27_15_59_28_732760097
+ cd 2012_07_27_15_59_28_732760097
+ touch out.dat
+ env
+ echo 2012_07_27_15_59_28_732760097
+ uname -a
+ srun --nodes=1 --ntasks=1 -ppbatch cat /proc/cpuinfo
+ grep MHz
+ srun --nodes=1 --ntasks=1 -o host_info hostname
+ echo 'threads/node: 14'
+ echo 'nodes: ' 8
+ srun --nodes=8 --ntasks=8 -o out.dat -e f.err ../../../bin/bt-mz.C.8
+ cd ../
+ i=12
+ '[' 12 -ge 4 ']'
+ export OMP_NUM_THREADS=12
+ OMP_NUM_THREADS=12
++ date +%Y_%m_%d_%H_%M_%S_%N
+ name=2012_07_27_15_59_53_010607090
+ mkdir 2012_07_27_15_59_53_010607090
+ cd 2012_07_27_15_59_53_010607090
+ touch out.dat
+ env
+ echo 2012_07_27_15_59_53_010607090
+ uname -a
+ srun --nodes=1 --ntasks=1 -ppbatch cat /proc/cpuinfo
+ grep MHz
+ srun --nodes=1 --ntasks=1 -o host_info hostname
+ echo 'threads/node: 12'
+ echo 'nodes: ' 8
+ srun --nodes=8 --ntasks=8 -o out.dat -e f.err ../../../bin/bt-mz.C.8
+ cd ../
+ i=10
+ '[' 10 -ge 4 ']'
+ export OMP_NUM_THREADS=10
+ OMP_NUM_THREADS=10
++ date +%Y_%m_%d_%H_%M_%S_%N
+ name=2012_07_27_16_00_23_135927760
+ mkdir 2012_07_27_16_00_23_135927760
+ cd 2012_07_27_16_00_23_135927760
+ touch out.dat
+ env
+ echo 2012_07_27_16_00_23_135927760
+ uname -a
+ srun --nodes=1 --ntasks=1 -ppbatch cat /proc/cpuinfo
+ grep MHz
+ srun --nodes=1 --ntasks=1 -o host_info hostname
+ echo 'threads/node: 10'
+ echo 'nodes: ' 8
+ srun --nodes=8 --ntasks=8 -o out.dat -e f.err ../../../bin/bt-mz.C.8
+ cd ../
+ i=8
+ '[' 8 -ge 4 ']'
+ export OMP_NUM_THREADS=8
+ OMP_NUM_THREADS=8
++ date +%Y_%m_%d_%H_%M_%S_%N
+ name=2012_07_27_16_00_53_290652821
+ mkdir 2012_07_27_16_00_53_290652821
+ cd 2012_07_27_16_00_53_290652821
+ touch out.dat
+ env
+ echo 2012_07_27_16_00_53_290652821
+ uname -a
+ srun --nodes=1 --ntasks=1 -ppbatch cat /proc/cpuinfo
+ grep MHz
+ srun --nodes=1 --ntasks=1 -o host_info hostname
+ echo 'threads/node: 8'
+ echo 'nodes: ' 8
+ srun --nodes=8 --ntasks=8 -o out.dat -e f.err ../../../bin/bt-mz.C.8
+ cd ../
+ i=6
+ '[' 6 -ge 4 ']'
+ export OMP_NUM_THREADS=6
+ OMP_NUM_THREADS=6
++ date +%Y_%m_%d_%H_%M_%S_%N
+ name=2012_07_27_16_01_29_739080699
+ mkdir 2012_07_27_16_01_29_739080699
+ cd 2012_07_27_16_01_29_739080699
+ touch out.dat
+ env
+ echo 2012_07_27_16_01_29_739080699
+ uname -a
+ srun --nodes=1 --ntasks=1 -ppbatch cat /proc/cpuinfo
+ grep MHz
+ srun --nodes=1 --ntasks=1 -o host_info hostname
+ echo 'threads/node: 6'
+ echo 'nodes: ' 8
+ srun --nodes=8 --ntasks=8 -o out.dat -e f.err ../../../bin/bt-mz.C.8
+ cd ../
+ i=4
+ '[' 4 -ge 4 ']'
+ export OMP_NUM_THREADS=4
+ OMP_NUM_THREADS=4
++ date +%Y_%m_%d_%H_%M_%S_%N
+ name=2012_07_27_16_02_13_175763917
+ mkdir 2012_07_27_16_02_13_175763917
+ cd 2012_07_27_16_02_13_175763917
+ touch out.dat
+ env
+ echo 2012_07_27_16_02_13_175763917
+ uname -a
+ srun --nodes=1 --ntasks=1 -ppbatch cat /proc/cpuinfo
+ grep MHz
+ srun --nodes=1 --ntasks=1 -o host_info hostname
+ echo 'threads/node: 4'
+ echo 'nodes: ' 8
+ srun --nodes=8 --ntasks=8 -o out.dat -e f.err ../../../bin/bt-mz.C.8
+ cd ../
+ i=2
+ '[' 2 -ge 4 ']'
+ j=16
+ '[' 16 -le 32 ']'
+ i=16
+ '[' 16 -ge 4 ']'
+ export OMP_NUM_THREADS=16
+ OMP_NUM_THREADS=16
++ date +%Y_%m_%d_%H_%M_%S_%N
+ name=2012_07_27_16_03_11_235314158
+ mkdir 2012_07_27_16_03_11_235314158
+ cd 2012_07_27_16_03_11_235314158
+ touch out.dat
+ env
+ echo 2012_07_27_16_03_11_235314158
+ uname -a
+ srun --nodes=1 --ntasks=1 -ppbatch cat /proc/cpuinfo
+ grep MHz
+ srun --nodes=1 --ntasks=1 -o host_info hostname
+ echo 'threads/node: 16'
+ echo 'nodes: ' 16
+ srun --nodes=16 --ntasks=16 -o out.dat -e f.err ../../../bin/bt-mz.C.16
+ cd ../
+ i=14
+ '[' 14 -ge 4 ']'
+ export OMP_NUM_THREADS=14
+ OMP_NUM_THREADS=14
++ date +%Y_%m_%d_%H_%M_%S_%N
+ name=2012_07_27_16_03_28_365534955
+ mkdir 2012_07_27_16_03_28_365534955
+ cd 2012_07_27_16_03_28_365534955
+ touch out.dat
+ env
+ echo 2012_07_27_16_03_28_365534955
+ uname -a
+ srun --nodes=1 --ntasks=1 -ppbatch cat /proc/cpuinfo
+ grep MHz
+ srun --nodes=1 --ntasks=1 -o host_info hostname
+ echo 'threads/node: 14'
+ echo 'nodes: ' 16
+ srun --nodes=16 --ntasks=16 -o out.dat -e f.err ../../../bin/bt-mz.C.16
+ cd ../
+ i=12
+ '[' 12 -ge 4 ']'
+ export OMP_NUM_THREADS=12
+ OMP_NUM_THREADS=12
++ date +%Y_%m_%d_%H_%M_%S_%N
+ name=2012_07_27_16_03_44_070896577
+ mkdir 2012_07_27_16_03_44_070896577
+ cd 2012_07_27_16_03_44_070896577
+ touch out.dat
+ env
+ echo 2012_07_27_16_03_44_070896577
+ uname -a
+ srun --nodes=1 --ntasks=1 -ppbatch cat /proc/cpuinfo
+ grep MHz
+ srun --nodes=1 --ntasks=1 -o host_info hostname
+ echo 'threads/node: 12'
+ echo 'nodes: ' 16
+ srun --nodes=16 --ntasks=16 -o out.dat -e f.err ../../../bin/bt-mz.C.16
+ cd ../
+ i=10
+ '[' 10 -ge 4 ']'
+ export OMP_NUM_THREADS=10
+ OMP_NUM_THREADS=10
++ date +%Y_%m_%d_%H_%M_%S_%N
+ name=2012_07_27_16_04_01_756712948
+ mkdir 2012_07_27_16_04_01_756712948
+ cd 2012_07_27_16_04_01_756712948
+ touch out.dat
+ env
+ echo 2012_07_27_16_04_01_756712948
+ uname -a
+ srun --nodes=1 --ntasks=1 -ppbatch cat /proc/cpuinfo
+ grep MHz
+ srun --nodes=1 --ntasks=1 -o host_info hostname
+ echo 'threads/node: 10'
+ echo 'nodes: ' 16
+ srun --nodes=16 --ntasks=16 -o out.dat -e f.err ../../../bin/bt-mz.C.16
+ cd ../
+ i=8
+ '[' 8 -ge 4 ']'
+ export OMP_NUM_THREADS=8
+ OMP_NUM_THREADS=8
++ date +%Y_%m_%d_%H_%M_%S_%N
+ name=2012_07_27_16_04_20_245144721
+ mkdir 2012_07_27_16_04_20_245144721
+ cd 2012_07_27_16_04_20_245144721
+ touch out.dat
+ env
+ echo 2012_07_27_16_04_20_245144721
+ uname -a
+ srun --nodes=1 --ntasks=1 -ppbatch cat /proc/cpuinfo
+ grep MHz
+ srun --nodes=1 --ntasks=1 -o host_info hostname
+ echo 'threads/node: 8'
+ echo 'nodes: ' 16
+ srun --nodes=16 --ntasks=16 -o out.dat -e f.err ../../../bin/bt-mz.C.16
+ cd ../
+ i=6
+ '[' 6 -ge 4 ']'
+ export OMP_NUM_THREADS=6
+ OMP_NUM_THREADS=6
++ date +%Y_%m_%d_%H_%M_%S_%N
+ name=2012_07_27_16_04_41_799794824
+ mkdir 2012_07_27_16_04_41_799794824
+ cd 2012_07_27_16_04_41_799794824
+ touch out.dat
+ env
+ echo 2012_07_27_16_04_41_799794824
+ uname -a
+ srun --nodes=1 --ntasks=1 -ppbatch cat /proc/cpuinfo
+ grep MHz
+ srun --nodes=1 --ntasks=1 -o host_info hostname
+ echo 'threads/node: 6'
+ echo 'nodes: ' 16
+ srun --nodes=16 --ntasks=16 -o out.dat -e f.err ../../../bin/bt-mz.C.16
+ cd ../
+ i=4
+ '[' 4 -ge 4 ']'
+ export OMP_NUM_THREADS=4
+ OMP_NUM_THREADS=4
++ date +%Y_%m_%d_%H_%M_%S_%N
+ name=2012_07_27_16_05_06_768693439
+ mkdir 2012_07_27_16_05_06_768693439
+ cd 2012_07_27_16_05_06_768693439
+ touch out.dat
+ env
+ echo 2012_07_27_16_05_06_768693439
+ uname -a
+ srun --nodes=1 --ntasks=1 -ppbatch cat /proc/cpuinfo
+ grep MHz
+ srun --nodes=1 --ntasks=1 -o host_info hostname
+ echo 'threads/node: 4'
+ echo 'nodes: ' 16
+ srun --nodes=16 --ntasks=16 -o out.dat -e f.err ../../../bin/bt-mz.C.16
+ cd ../
+ i=2
+ '[' 2 -ge 4 ']'
+ j=32
+ '[' 32 -le 32 ']'
+ i=16
+ '[' 16 -ge 4 ']'
+ export OMP_NUM_THREADS=16
+ OMP_NUM_THREADS=16
++ date +%Y_%m_%d_%H_%M_%S_%N
+ name=2012_07_27_16_05_38_656820029
+ mkdir 2012_07_27_16_05_38_656820029
+ cd 2012_07_27_16_05_38_656820029
+ touch out.dat
+ env
+ echo 2012_07_27_16_05_38_656820029
+ uname -a
+ srun --nodes=1 --ntasks=1 -ppbatch cat /proc/cpuinfo
+ grep MHz
+ srun --nodes=1 --ntasks=1 -o host_info hostname
+ echo 'threads/node: 16'
+ echo 'nodes: ' 32
+ srun --nodes=32 --ntasks=32 -o out.dat -e f.err ../../../bin/bt-mz.C.32
+ cd ../
+ i=14
+ '[' 14 -ge 4 ']'
+ export OMP_NUM_THREADS=14
+ OMP_NUM_THREADS=14
++ date +%Y_%m_%d_%H_%M_%S_%N
+ name=2012_07_27_16_05_51_818781724
+ mkdir 2012_07_27_16_05_51_818781724
+ cd 2012_07_27_16_05_51_818781724
+ touch out.dat
+ env
+ echo 2012_07_27_16_05_51_818781724
+ uname -a
+ srun --nodes=1 --ntasks=1 -ppbatch cat /proc/cpuinfo
+ grep MHz
+ srun --nodes=1 --ntasks=1 -o host_info hostname
+ echo 'threads/node: 14'
+ echo 'nodes: ' 32
+ srun --nodes=32 --ntasks=32 -o out.dat -e f.err ../../../bin/bt-mz.C.32
+ cd ../
+ i=12
+ '[' 12 -ge 4 ']'
+ export OMP_NUM_THREADS=12
+ OMP_NUM_THREADS=12
++ date +%Y_%m_%d_%H_%M_%S_%N
+ name=2012_07_27_16_06_04_890250806
+ mkdir 2012_07_27_16_06_04_890250806
+ cd 2012_07_27_16_06_04_890250806
+ touch out.dat
+ env
+ echo 2012_07_27_16_06_04_890250806
+ uname -a
+ srun --nodes=1 --ntasks=1 -ppbatch cat /proc/cpuinfo
+ grep MHz
+ srun --nodes=1 --ntasks=1 -o host_info hostname
+ echo 'threads/node: 12'
+ echo 'nodes: ' 32
+ srun --nodes=32 --ntasks=32 -o out.dat -e f.err ../../../bin/bt-mz.C.32
+ cd ../
+ i=10
+ '[' 10 -ge 4 ']'
+ export OMP_NUM_THREADS=10
+ OMP_NUM_THREADS=10
++ date +%Y_%m_%d_%H_%M_%S_%N
+ name=2012_07_27_16_06_19_039919322
+ mkdir 2012_07_27_16_06_19_039919322
+ cd 2012_07_27_16_06_19_039919322
+ touch out.dat
+ env
+ echo 2012_07_27_16_06_19_039919322
+ uname -a
+ srun --nodes=1 --ntasks=1 -ppbatch cat /proc/cpuinfo
+ grep MHz
+ srun --nodes=1 --ntasks=1 -o host_info hostname
+ echo 'threads/node: 10'
+ echo 'nodes: ' 32
+ srun --nodes=32 --ntasks=32 -o out.dat -e f.err ../../../bin/bt-mz.C.32
+ cd ../
+ i=8
+ '[' 8 -ge 4 ']'
+ export OMP_NUM_THREADS=8
+ OMP_NUM_THREADS=8
++ date +%Y_%m_%d_%H_%M_%S_%N
+ name=2012_07_27_16_06_33_363433392
+ mkdir 2012_07_27_16_06_33_363433392
+ cd 2012_07_27_16_06_33_363433392
+ touch out.dat
+ env
+ echo 2012_07_27_16_06_33_363433392
+ uname -a
+ srun --nodes=1 --ntasks=1 -ppbatch cat /proc/cpuinfo
+ grep MHz
+ srun --nodes=1 --ntasks=1 -o host_info hostname
+ echo 'threads/node: 8'
+ echo 'nodes: ' 32
+ srun --nodes=32 --ntasks=32 -o out.dat -e f.err ../../../bin/bt-mz.C.32
+ cd ../
+ i=6
+ '[' 6 -ge 4 ']'
+ export OMP_NUM_THREADS=6
+ OMP_NUM_THREADS=6
++ date +%Y_%m_%d_%H_%M_%S_%N
+ name=2012_07_27_16_06_48_999486539
+ mkdir 2012_07_27_16_06_48_999486539
+ cd 2012_07_27_16_06_48_999486539
+ touch out.dat
+ env
+ echo 2012_07_27_16_06_48_999486539
+ uname -a
+ grep MHz
+ srun --nodes=1 --ntasks=1 -ppbatch cat /proc/cpuinfo
+ srun --nodes=1 --ntasks=1 -o host_info hostname
+ echo 'threads/node: 6'
+ echo 'nodes: ' 32
+ srun --nodes=32 --ntasks=32 -o out.dat -e f.err ../../../bin/bt-mz.C.32
+ cd ../
+ i=4
+ '[' 4 -ge 4 ']'
+ export OMP_NUM_THREADS=4
+ OMP_NUM_THREADS=4
++ date +%Y_%m_%d_%H_%M_%S_%N
+ name=2012_07_27_16_07_06_391536022
+ mkdir 2012_07_27_16_07_06_391536022
+ cd 2012_07_27_16_07_06_391536022
+ touch out.dat
+ env
+ echo 2012_07_27_16_07_06_391536022
+ uname -a
+ srun --nodes=1 --ntasks=1 -ppbatch cat /proc/cpuinfo
+ grep MHz
+ srun --nodes=1 --ntasks=1 -o host_info hostname
+ echo 'threads/node: 4'
+ echo 'nodes: ' 32
+ srun --nodes=32 --ntasks=32 -o out.dat -e f.err ../../../bin/bt-mz.C.32
+ cd ../
+ i=2
+ '[' 2 -ge 4 ']'
+ j=64
+ '[' 64 -le 32 ']'
+ for pkg in 0x38198 0x038208 0x038280 0x0382f8
+ i=16
+ j=8
+ export MSR_PKG_POWER_LIMIT=0x0382f8
+ MSR_PKG_POWER_LIMIT=0x0382f8
+ '[' 8 -le 32 ']'
+ i=16
+ '[' 16 -ge 4 ']'
+ export OMP_NUM_THREADS=16
+ OMP_NUM_THREADS=16
++ date +%Y_%m_%d_%H_%M_%S_%N
+ name=2012_07_27_16_07_27_360862419
+ mkdir 2012_07_27_16_07_27_360862419
+ cd 2012_07_27_16_07_27_360862419
+ touch out.dat
+ env
+ echo 2012_07_27_16_07_27_360862419
+ uname -a
+ srun --nodes=1 --ntasks=1 -ppbatch cat /proc/cpuinfo
+ grep MHz
+ srun --nodes=1 --ntasks=1 -o host_info hostname
+ echo 'threads/node: 16'
+ echo 'nodes: ' 8
+ srun --nodes=8 --ntasks=8 -o out.dat -e f.err ../../../bin/bt-mz.C.8
+ cd ../
+ i=14
+ '[' 14 -ge 4 ']'
+ export OMP_NUM_THREADS=14
+ OMP_NUM_THREADS=14
++ date +%Y_%m_%d_%H_%M_%S_%N
+ name=2012_07_27_16_07_50_983166931
+ mkdir 2012_07_27_16_07_50_983166931
+ cd 2012_07_27_16_07_50_983166931
+ touch out.dat
+ env
+ echo 2012_07_27_16_07_50_983166931
+ uname -a
+ srun --nodes=1 --ntasks=1 -ppbatch cat /proc/cpuinfo
+ grep MHz
+ srun --nodes=1 --ntasks=1 -o host_info hostname
+ echo 'threads/node: 14'
+ echo 'nodes: ' 8
+ srun --nodes=8 --ntasks=8 -o out.dat -e f.err ../../../bin/bt-mz.C.8
+ cd ../
+ i=12
+ '[' 12 -ge 4 ']'
+ export OMP_NUM_THREADS=12
+ OMP_NUM_THREADS=12
++ date +%Y_%m_%d_%H_%M_%S_%N
+ name=2012_07_27_16_08_15_210765512
+ mkdir 2012_07_27_16_08_15_210765512
+ cd 2012_07_27_16_08_15_210765512
+ touch out.dat
+ env
+ echo 2012_07_27_16_08_15_210765512
+ uname -a
+ srun --nodes=1 --ntasks=1 -ppbatch cat /proc/cpuinfo
+ grep MHz
+ srun --nodes=1 --ntasks=1 -o host_info hostname
+ echo 'threads/node: 12'
+ echo 'nodes: ' 8
+ srun --nodes=8 --ntasks=8 -o out.dat -e f.err ../../../bin/bt-mz.C.8
+ cd ../
+ i=10
+ '[' 10 -ge 4 ']'
+ export OMP_NUM_THREADS=10
+ OMP_NUM_THREADS=10
++ date +%Y_%m_%d_%H_%M_%S_%N
+ name=2012_07_27_16_08_44_460937263
+ mkdir 2012_07_27_16_08_44_460937263
+ cd 2012_07_27_16_08_44_460937263
+ touch out.dat
+ env
+ echo 2012_07_27_16_08_44_460937263
+ uname -a
+ srun --nodes=1 --ntasks=1 -ppbatch cat /proc/cpuinfo
+ grep MHz
+ srun --nodes=1 --ntasks=1 -o host_info hostname
+ echo 'threads/node: 10'
+ echo 'nodes: ' 8
+ srun --nodes=8 --ntasks=8 -o out.dat -e f.err ../../../bin/bt-mz.C.8
+ cd ../
+ i=8
+ '[' 8 -ge 4 ']'
+ export OMP_NUM_THREADS=8
+ OMP_NUM_THREADS=8
++ date +%Y_%m_%d_%H_%M_%S_%N
+ name=2012_07_27_16_09_15_303654564
+ mkdir 2012_07_27_16_09_15_303654564
+ cd 2012_07_27_16_09_15_303654564
+ touch out.dat
+ env
+ echo 2012_07_27_16_09_15_303654564
+ uname -a
+ grep MHz
+ srun --nodes=1 --ntasks=1 -ppbatch cat /proc/cpuinfo
+ srun --nodes=1 --ntasks=1 -o host_info hostname
+ echo 'threads/node: 8'
+ echo 'nodes: ' 8
+ srun --nodes=8 --ntasks=8 -o out.dat -e f.err ../../../bin/bt-mz.C.8
+ cd ../
+ i=6
+ '[' 6 -ge 4 ']'
+ export OMP_NUM_THREADS=6
+ OMP_NUM_THREADS=6
++ date +%Y_%m_%d_%H_%M_%S_%N
+ name=2012_07_27_16_09_51_767246375
+ mkdir 2012_07_27_16_09_51_767246375
+ cd 2012_07_27_16_09_51_767246375
+ touch out.dat
+ env
+ echo 2012_07_27_16_09_51_767246375
+ uname -a
+ srun --nodes=1 --ntasks=1 -ppbatch cat /proc/cpuinfo
+ grep MHz
+ srun --nodes=1 --ntasks=1 -o host_info hostname
+ echo 'threads/node: 6'
+ echo 'nodes: ' 8
+ srun --nodes=8 --ntasks=8 -o out.dat -e f.err ../../../bin/bt-mz.C.8
+ cd ../
+ i=4
+ '[' 4 -ge 4 ']'
+ export OMP_NUM_THREADS=4
+ OMP_NUM_THREADS=4
++ date +%Y_%m_%d_%H_%M_%S_%N
+ name=2012_07_27_16_10_35_031534840
+ mkdir 2012_07_27_16_10_35_031534840
+ cd 2012_07_27_16_10_35_031534840
+ touch out.dat
+ env
+ echo 2012_07_27_16_10_35_031534840
+ uname -a
+ srun --nodes=1 --ntasks=1 -ppbatch cat /proc/cpuinfo
+ grep MHz
+ srun --nodes=1 --ntasks=1 -o host_info hostname
+ echo 'threads/node: 4'
+ echo 'nodes: ' 8
+ srun --nodes=8 --ntasks=8 -o out.dat -e f.err ../../../bin/bt-mz.C.8
+ cd ../
+ i=2
+ '[' 2 -ge 4 ']'
+ j=16
+ '[' 16 -le 32 ']'
+ i=16
+ '[' 16 -ge 4 ']'
+ export OMP_NUM_THREADS=16
+ OMP_NUM_THREADS=16
++ date +%Y_%m_%d_%H_%M_%S_%N
+ name=2012_07_27_16_11_33_070872496
+ mkdir 2012_07_27_16_11_33_070872496
+ cd 2012_07_27_16_11_33_070872496
+ touch out.dat
+ env
+ echo 2012_07_27_16_11_33_070872496
+ uname -a
+ srun --nodes=1 --ntasks=1 -ppbatch cat /proc/cpuinfo
+ grep MHz
+ srun --nodes=1 --ntasks=1 -o host_info hostname
+ echo 'threads/node: 16'
+ echo 'nodes: ' 16
+ srun --nodes=16 --ntasks=16 -o out.dat -e f.err ../../../bin/bt-mz.C.16
+ cd ../
+ i=14
+ '[' 14 -ge 4 ']'
+ export OMP_NUM_THREADS=14
+ OMP_NUM_THREADS=14
++ date +%Y_%m_%d_%H_%M_%S_%N
+ name=2012_07_27_16_11_49_309404659
+ mkdir 2012_07_27_16_11_49_309404659
+ cd 2012_07_27_16_11_49_309404659
+ touch out.dat
+ env
+ echo 2012_07_27_16_11_49_309404659
+ uname -a
+ srun --nodes=1 --ntasks=1 -ppbatch cat /proc/cpuinfo
+ grep MHz
+ srun --nodes=1 --ntasks=1 -o host_info hostname
+ echo 'threads/node: 14'
+ echo 'nodes: ' 16
+ srun --nodes=16 --ntasks=16 -o out.dat -e f.err ../../../bin/bt-mz.C.16
+ cd ../
+ i=12
+ '[' 12 -ge 4 ']'
+ export OMP_NUM_THREADS=12
+ OMP_NUM_THREADS=12
++ date +%Y_%m_%d_%H_%M_%S_%N
+ name=2012_07_27_16_12_05_314204031
+ mkdir 2012_07_27_16_12_05_314204031
+ cd 2012_07_27_16_12_05_314204031
+ touch out.dat
+ env
+ echo 2012_07_27_16_12_05_314204031
+ uname -a
+ srun --nodes=1 --ntasks=1 -ppbatch cat /proc/cpuinfo
+ grep MHz
+ srun --nodes=1 --ntasks=1 -o host_info hostname
+ echo 'threads/node: 12'
+ echo 'nodes: ' 16
+ srun --nodes=16 --ntasks=16 -o out.dat -e f.err ../../../bin/bt-mz.C.16
+ cd ../
+ i=10
+ '[' 10 -ge 4 ']'
+ export OMP_NUM_THREADS=10
+ OMP_NUM_THREADS=10
++ date +%Y_%m_%d_%H_%M_%S_%N
+ name=2012_07_27_16_12_24_116227791
+ mkdir 2012_07_27_16_12_24_116227791
+ cd 2012_07_27_16_12_24_116227791
+ touch out.dat
+ env
+ echo 2012_07_27_16_12_24_116227791
+ uname -a
+ srun --nodes=1 --ntasks=1 -ppbatch cat /proc/cpuinfo
+ grep MHz
+ srun --nodes=1 --ntasks=1 -o host_info hostname
+ echo 'threads/node: 10'
+ echo 'nodes: ' 16
+ srun --nodes=16 --ntasks=16 -o out.dat -e f.err ../../../bin/bt-mz.C.16
+ cd ../
+ i=8
+ '[' 8 -ge 4 ']'
+ export OMP_NUM_THREADS=8
+ OMP_NUM_THREADS=8
++ date +%Y_%m_%d_%H_%M_%S_%N
+ name=2012_07_27_16_12_43_328610610
+ mkdir 2012_07_27_16_12_43_328610610
+ cd 2012_07_27_16_12_43_328610610
+ touch out.dat
+ env
+ echo 2012_07_27_16_12_43_328610610
+ uname -a
+ srun --nodes=1 --ntasks=1 -ppbatch cat /proc/cpuinfo
+ grep MHz
+ srun --nodes=1 --ntasks=1 -o host_info hostname
+ echo 'threads/node: 8'
+ echo 'nodes: ' 16
+ srun --nodes=16 --ntasks=16 -o out.dat -e f.err ../../../bin/bt-mz.C.16
+ cd ../
+ i=6
+ '[' 6 -ge 4 ']'
+ export OMP_NUM_THREADS=6
+ OMP_NUM_THREADS=6
++ date +%Y_%m_%d_%H_%M_%S_%N
+ name=2012_07_27_16_13_05_787298952
+ mkdir 2012_07_27_16_13_05_787298952
+ cd 2012_07_27_16_13_05_787298952
+ touch out.dat
+ env
+ echo 2012_07_27_16_13_05_787298952
+ uname -a
+ srun --nodes=1 --ntasks=1 -ppbatch cat /proc/cpuinfo
+ grep MHz
+ srun --nodes=1 --ntasks=1 -o host_info hostname
+ echo 'threads/node: 6'
+ echo 'nodes: ' 16
+ srun --nodes=16 --ntasks=16 -o out.dat -e f.err ../../../bin/bt-mz.C.16
+ cd ../
+ i=4
+ '[' 4 -ge 4 ']'
+ export OMP_NUM_THREADS=4
+ OMP_NUM_THREADS=4
++ date +%Y_%m_%d_%H_%M_%S_%N
+ name=2012_07_27_16_13_31_147314689
+ mkdir 2012_07_27_16_13_31_147314689
+ cd 2012_07_27_16_13_31_147314689
+ touch out.dat
+ env
+ echo 2012_07_27_16_13_31_147314689
+ uname -a
+ srun --nodes=1 --ntasks=1 -ppbatch cat /proc/cpuinfo
+ grep MHz
+ srun --nodes=1 --ntasks=1 -o host_info hostname
+ echo 'threads/node: 4'
+ echo 'nodes: ' 16
+ srun --nodes=16 --ntasks=16 -o out.dat -e f.err ../../../bin/bt-mz.C.16
+ cd ../
+ i=2
+ '[' 2 -ge 4 ']'
+ j=32
+ '[' 32 -le 32 ']'
+ i=16
+ '[' 16 -ge 4 ']'
+ export OMP_NUM_THREADS=16
+ OMP_NUM_THREADS=16
++ date +%Y_%m_%d_%H_%M_%S_%N
+ name=2012_07_27_16_14_04_147971102
+ mkdir 2012_07_27_16_14_04_147971102
+ cd 2012_07_27_16_14_04_147971102
+ touch out.dat
+ env
+ echo 2012_07_27_16_14_04_147971102
+ uname -a
+ srun --nodes=1 --ntasks=1 -ppbatch cat /proc/cpuinfo
+ grep MHz
+ srun --nodes=1 --ntasks=1 -o host_info hostname
+ echo 'threads/node: 16'
+ echo 'nodes: ' 32
+ srun --nodes=32 --ntasks=32 -o out.dat -e f.err ../../../bin/bt-mz.C.32
+ cd ../
+ i=14
+ '[' 14 -ge 4 ']'
+ export OMP_NUM_THREADS=14
+ OMP_NUM_THREADS=14
++ date +%Y_%m_%d_%H_%M_%S_%N
+ name=2012_07_27_16_14_18_129404752
+ mkdir 2012_07_27_16_14_18_129404752
+ cd 2012_07_27_16_14_18_129404752
+ touch out.dat
+ env
+ echo 2012_07_27_16_14_18_129404752
+ uname -a
+ srun --nodes=1 --ntasks=1 -ppbatch cat /proc/cpuinfo
+ grep MHz
+ srun --nodes=1 --ntasks=1 -o host_info hostname
+ echo 'threads/node: 14'
+ echo 'nodes: ' 32
+ srun --nodes=32 --ntasks=32 -o out.dat -e f.err ../../../bin/bt-mz.C.32
+ cd ../
+ i=12
+ '[' 12 -ge 4 ']'
+ export OMP_NUM_THREADS=12
+ OMP_NUM_THREADS=12
++ date +%Y_%m_%d_%H_%M_%S_%N
+ name=2012_07_27_16_14_30_936949642
+ mkdir 2012_07_27_16_14_30_936949642
+ cd 2012_07_27_16_14_30_936949642
+ touch out.dat
+ env
+ echo 2012_07_27_16_14_30_936949642
+ uname -a
+ srun --nodes=1 --ntasks=1 -ppbatch cat /proc/cpuinfo
+ grep MHz
+ srun --nodes=1 --ntasks=1 -o host_info hostname
+ echo 'threads/node: 12'
+ echo 'nodes: ' 32
+ srun --nodes=32 --ntasks=32 -o out.dat -e f.err ../../../bin/bt-mz.C.32
+ cd ../
+ i=10
+ '[' 10 -ge 4 ']'
+ export OMP_NUM_THREADS=10
+ OMP_NUM_THREADS=10
++ date +%Y_%m_%d_%H_%M_%S_%N
+ name=2012_07_27_16_14_44_859603458
+ mkdir 2012_07_27_16_14_44_859603458
+ cd 2012_07_27_16_14_44_859603458
+ touch out.dat
+ env
+ echo 2012_07_27_16_14_44_859603458
+ uname -a
+ srun --nodes=1 --ntasks=1 -ppbatch cat /proc/cpuinfo
+ grep MHz
+ srun --nodes=1 --ntasks=1 -o host_info hostname
+ echo 'threads/node: 10'
+ echo 'nodes: ' 32
+ srun --nodes=32 --ntasks=32 -o out.dat -e f.err ../../../bin/bt-mz.C.32
+ cd ../
+ i=8
+ '[' 8 -ge 4 ']'
+ export OMP_NUM_THREADS=8
+ OMP_NUM_THREADS=8
++ date +%Y_%m_%d_%H_%M_%S_%N
+ name=2012_07_27_16_14_58_724701092
+ mkdir 2012_07_27_16_14_58_724701092
+ cd 2012_07_27_16_14_58_724701092
+ touch out.dat
+ env
+ echo 2012_07_27_16_14_58_724701092
+ uname -a
+ srun --nodes=1 --ntasks=1 -ppbatch cat /proc/cpuinfo
+ grep MHz
+ srun --nodes=1 --ntasks=1 -o host_info hostname
+ echo 'threads/node: 8'
+ echo 'nodes: ' 32
+ srun --nodes=32 --ntasks=32 -o out.dat -e f.err ../../../bin/bt-mz.C.32
+ cd ../
+ i=6
+ '[' 6 -ge 4 ']'
+ export OMP_NUM_THREADS=6
+ OMP_NUM_THREADS=6
++ date +%Y_%m_%d_%H_%M_%S_%N
+ name=2012_07_27_16_15_14_110054193
+ mkdir 2012_07_27_16_15_14_110054193
+ cd 2012_07_27_16_15_14_110054193
+ touch out.dat
+ env
+ echo 2012_07_27_16_15_14_110054193
+ uname -a
+ grep MHz
+ srun --nodes=1 --ntasks=1 -ppbatch cat /proc/cpuinfo
+ srun --nodes=1 --ntasks=1 -o host_info hostname
+ echo 'threads/node: 6'
+ echo 'nodes: ' 32
+ srun --nodes=32 --ntasks=32 -o out.dat -e f.err ../../../bin/bt-mz.C.32
+ cd ../
+ i=4
+ '[' 4 -ge 4 ']'
+ export OMP_NUM_THREADS=4
+ OMP_NUM_THREADS=4
++ date +%Y_%m_%d_%H_%M_%S_%N
+ name=2012_07_27_16_15_31_024194529
+ mkdir 2012_07_27_16_15_31_024194529
+ cd 2012_07_27_16_15_31_024194529
+ touch out.dat
+ env
+ echo 2012_07_27_16_15_31_024194529
+ uname -a
+ grep MHz
+ srun --nodes=1 --ntasks=1 -ppbatch cat /proc/cpuinfo
+ srun --nodes=1 --ntasks=1 -o host_info hostname
+ echo 'threads/node: 4'
+ echo 'nodes: ' 32
+ srun --nodes=32 --ntasks=32 -o out.dat -e f.err ../../../bin/bt-mz.C.32
+ cd ../
+ i=2
+ '[' 2 -ge 4 ']'
+ j=64
+ '[' 64 -le 32 ']'
