id freq nodes cores pkg-clamp-0 pkg-clamp-1 dram-clamp-0 dram-clamp-1 avg-time avg-pkg-0 avg-pp0-0 avg-dram-0 avg-pkg-1 avg-pp0-1 avg-dram-1 tot-pkg-0 tot-pp0-0 tot-dram-0 tot-pkg-1 tot-pp0-1 tot-dram-1
2012_07_31_00_26_14_962580286  2601.000 8 16 51.000000 51.000000 0.000000 0.000000 154.711643 49.835877125 36.49655225 5.635378875 50.23303825 37.009936375 5.26629875 398.687017 291.972418 45.083031 401.864306 296.079491 42.13039
2012_07_31_00_28_56_861064732  2601.000 8 14 51.000000 51.000000 0.000000 0.000000 160.38615675 49.276758625 35.971752375 5.40686575 49.668732875 36.436543 5.12466775 394.214069 287.774019 43.254926 397.349863 291.492344 40.997342
2012_07_31_00_31_43_093005126  2601.000 8 12 51.000000 51.000000 0.000000 0.000000 165.33183475 48.66535875 35.363442875 5.404866 49.62940575 36.4050455 5.164404375 389.32287 282.907543 43.238928 397.035246 291.240364 41.315235
2012_07_31_00_34_33_795117058  2601.000 8 10 51.000000 51.000000 0.000000 0.000000 175.132992 49.0539495 35.750378125 5.487139375 49.40338775 36.186089625 5.285958875 392.431596 286.003025 43.897115 395.227102 289.488717 42.287671
2012_07_31_00_37_35_585652911  2601.000 8 8 51.000000 51.000000 0.000000 0.000000 202.807113 46.012702875 32.724053625 5.494958875 46.013086625 32.7922435 5.2790305 368.101623 261.792429 43.959671 368.104693 262.337948 42.232244
2012_07_31_00_41_03_733955859  2601.000 8 6 51.000000 51.000000 0.000000 0.000000 253.858373875 40.382520125 27.102737 5.533937875 40.501783125 27.313258125 5.04476925 323.060161 216.821896 44.271503 324.014265 218.506065 40.358154
2012_07_31_00_45_23_236468527  2601.000 8 4 51.000000 51.000000 0.000000 0.000000 360.676741875 35.05345 21.79766975 5.53738525 34.71866325 21.558121125 4.55296625 280.4276 174.381358 44.299082 277.749306 172.464969 36.42373
2012_07_31_00_51_30_251290195  2601.000 16 16 51.000000 51.000000 0.000000 0.000000 77.14160875 50.128761125 36.8384481875 5.489327375 50.3976891875 37.1711525625 5.424660875 802.060178 589.415171 87.829238 806.363027 594.738441 86.794574
2012_07_31_00_52_54_761641363  2601.000 16 14 51.000000 51.000000 0.000000 0.000000 81.3068258125 48.3030305625 35.0157276875 5.3296646875 49.1772220625 35.953688 5.1033311875 772.848489 560.251643 85.274635 786.835553 575.259008 81.653299
2012_07_31_00_54_22_600366266  2601.000 16 12 51.000000 51.000000 0.000000 0.000000 81.49636025 49.585225875 36.294562875 5.3903091875 50.182761 36.952036625 5.2619739375 793.363614 580.713006 86.244947 802.924176 591.232586 84.191583
2012_07_31_00_55_50_490556987  2601.000 16 10 51.000000 51.000000 0.000000 0.000000 87.850830875 49.2750223125 35.9832964375 5.46258675 48.8839984375 35.657532375 5.2174136875 788.400357 575.732743 87.401388 782.143975 570.520518 83.478619
2012_07_31_00_57_25_268723543  2601.000 16 8 51.000000 51.000000 0.000000 0.000000 101.982782375 46.1504341875 32.8657978125 5.4963366875 45.9038013125 32.670476625 5.35382425 738.406947 525.852765 87.941387 734.460821 522.727626 85.661188
2012_07_31_00_59_13_498982634  2601.000 16 6 51.000000 51.000000 0.000000 0.000000 126.383643125 40.550601125 27.28568975 5.4558556875 40.451327875 27.2498955 5.2805966875 648.809618 436.571036 87.293691 647.221246 435.998328 84.489547
2012_07_31_01_01_25_817880139  2601.000 16 4 51.000000 51.000000 0.000000 0.000000 180.0740705625 34.9879869375 21.7443730625 5.4633484375 34.76729525 21.6033849375 4.847387625 559.807791 347.909969 87.413575 556.276724 345.654159 77.558202
2012_07_31_01_04_32_585219854  2601.000 32 16 51.000000 51.000000 0.000000 0.000000 40.9455781875 48.8610773125 35.5875619375 5.1647893125 49.38554653125 36.15025078125 5.20993184375 1563.554474 1138.801982 165.273258 1580.337489 1156.808025 166.717819
2012_07_31_01_05_21_354525243  2601.000 32 14 51.000000 51.000000 0.000000 0.000000 41.9806351875 47.5070126875 34.23628446875 5.01729840625 48.3147969375 35.08106053125 4.97710840625 1520.224406 1095.561103 160.553549 1546.073502 1122.593937 159.267469
2012_07_31_01_06_10_406797763  2601.000 32 12 51.000000 51.000000 0.000000 0.000000 40.8298108125 49.24337290625 35.9724414375 5.1269484375 49.439285125 36.199365125 5.1380963125 1575.787933 1151.118126 164.06235 1582.057124 1158.379684 164.419082
2012_07_31_01_06_58_318775291  2601.000 32 10 51.000000 51.000000 0.000000 0.000000 43.06619909375 49.438486875 36.1684980625 5.1536591875 49.5578579375 36.30842465625 5.25812390625 1582.03158 1157.391938 164.917094 1585.851454 1161.869589 168.259965
2012_07_31_01_07_48_180994897  2601.000 32 8 51.000000 51.000000 0.000000 0.000000 50.96597096875 46.16165290625 32.8777348125 5.254152125 46.013379125 32.78509675 5.177916125 1477.172893 1052.087514 168.132868 1472.428132 1049.123096 165.693316
2012_07_31_01_08_45_595499252  2601.000 32 6 51.000000 51.000000 0.000000 0.000000 62.83498778125 40.59974796875 27.337508625 5.21083690625 40.3760059375 27.16779446875 4.79530803125 1299.191935 874.800276 166.746781 1292.03219 869.369423 153.449857
2012_07_31_01_09_55_214749591  2601.000 32 4 51.000000 51.000000 0.000000 0.000000 90.060998125 34.9956078125 21.7552883125 5.2010401875 34.78823378125 21.61644971875 4.702809 1119.85945 696.169226 166.433286 1113.223481 691.726391 150.489888
2012_07_31_01_11_31_939312083  2601.000 8 16 65.000000 65.000000 0.000000 0.000000 131.8645395 63.45119325 50.11172325 5.578864 63.714740125 50.428847 5.548556 507.609546 400.893786 44.630912 509.717921 403.430776 44.388448
2012_07_31_01_13_50_042516405  2601.000 8 14 65.000000 65.000000 0.000000 0.000000 136.95414225 62.111227125 48.777504125 5.501845625 60.95354375 47.668627125 5.509596375 496.889817 390.220033 44.014765 487.62835 381.349017 44.076771
2012_07_31_01_16_13_353276723  2601.000 8 12 65.000000 65.000000 0.000000 0.000000 152.09970975 57.10239475 43.77144825 5.506149 56.421284375 43.164413 5.312843875 456.819158 350.171586 44.049192 451.370275 345.315304 42.502751
2012_07_31_01_18_50_866080553  2601.000 8 10 65.000000 65.000000 0.000000 0.000000 170.726231625 50.60081825 37.281558 5.574788125 52.559605875 39.327835875 5.475094375 404.806546 298.252464 44.598305 420.476847 314.622687 43.800755
2012_07_31_01_21_47_466289431  2601.000 8 8 65.000000 65.000000 0.000000 0.000000 203.806605125 45.990676 32.693216625 5.60651725 45.995720625 32.77118675 5.29538375 367.925408 261.545733 44.852138 367.965765 262.169494 42.36307
2012_07_31_01_25_17_295491156  2601.000 8 6 65.000000 65.000000 0.000000 0.000000 253.581811 40.429091625 27.154059875 5.497382 40.459962875 27.264522125 4.994664 323.432733 217.232479 43.979056 323.679703 218.116177 39.957312
2012_07_31_01_29_37_316977793  2601.000 8 4 65.000000 65.000000 0.000000 0.000000 360.097053 34.992523375 21.73300575 5.53183525 34.84556525 21.68444725 4.21221825 279.940187 173.864046 44.254682 278.764522 173.475578 33.697746
2012_07_31_01_35_42_900271638  2601.000 16 16 65.000000 65.000000 0.000000 0.000000 67.899647 62.484939875 49.1689796875 5.3758303125 62.9007906875 49.6331065 5.4762468125 999.759038 786.703675 86.013285 1006.412651 794.129704 87.619949
2012_07_31_01_36_56_481008944  2601.000 16 14 65.000000 65.000000 0.000000 0.000000 72.18786825 58.935072375 45.6103438125 5.2602854375 59.7832276875 46.5163300625 5.3253880625 942.961158 729.765501 84.164567 956.531643 744.261281 85.206209
2012_07_31_01_38_15_015341263  2601.000 16 12 65.000000 65.000000 0.000000 0.000000 76.31786 55.5492180625 42.223597 5.4275315625 56.700879375 43.44803675 5.20383925 888.787489 675.577552 86.840505 907.21407 695.168588 83.261428
2012_07_31_01_39_36_971398768  2601.000 16 10 65.000000 65.000000 0.000000 0.000000 85.067638 52.4061514375 39.1031373125 5.433674125 51.1770871875 37.9178549375 5.55853125 838.498423 625.650197 86.938786 818.833395 606.685679 88.9365
2012_07_31_01_41_08_430783470  2601.000 16 8 65.000000 65.000000 0.000000 0.000000 101.8985646875 47.3901450625 34.10734425 5.486035125 44.758843875 31.5337155625 5.3030390625 758.242321 545.717508 87.776562 716.141502 504.539449 84.848625
2012_07_31_01_42_56_896391627  2601.000 16 6 65.000000 65.000000 0.000000 0.000000 126.868889375 40.7147295 27.4537093125 5.4677723125 40.2267429375 27.02819525 4.9969680625 651.435672 439.259349 87.484357 643.627887 432.451124 79.951489
2012_07_31_01_45_10_601384295  2601.000 16 4 65.000000 65.000000 0.000000 0.000000 180.1054529375 34.9818625625 21.7381158125 5.4595761875 34.835392875 21.6755320625 4.7934724375 559.709801 347.809853 87.353219 557.366286 346.808513 76.695559
2012_07_31_01_48_18_056140295  2601.000 32 16 65.000000 65.000000 0.000000 0.000000 33.63554084375 62.883631125 49.59013196875 5.22114315625 63.25630340625 49.986896875 5.43450346875 2012.276196 1586.884223 167.076581 2024.201709 1599.5807 173.904111
2012_07_31_01_48_58_877832861  2601.000 32 14 65.000000 65.000000 0.000000 0.000000 38.15199559375 57.1862868125 43.88506921875 5.005569 57.17110584375 43.91234709375 5.0045883125 1829.961178 1404.322215 160.178208 1829.475387 1405.195107 160.146826
2012_07_31_01_49_43_871444534  2601.000 32 12 65.000000 65.000000 0.000000 0.000000 38.02250465625 56.84662303125 43.54868096875 5.17627128125 56.0294230625 42.762485875 5.3403560625 1819.091937 1393.557791 165.640681 1792.941538 1368.399548 170.891394
2012_07_31_01_50_28_877798416  2601.000 32 10 65.000000 65.000000 0.000000 0.000000 43.24375334375 51.4337174375 38.1433499375 5.15107134375 50.40786171875 37.15429590625 5.204429375 1645.878958 1220.587198 164.834283 1613.051575 1188.937469 166.54174
2012_07_31_01_51_19_846461498  2601.000 32 8 65.000000 65.000000 0.000000 0.000000 52.47857384375 45.5457965 32.2645915 5.16980078125 45.4754078125 32.24488865625 5.0199794375 1457.465488 1032.466928 165.433625 1455.21305 1031.836437 160.639342
2012_07_31_01_52_19_588822081  2601.000 32 6 65.000000 65.000000 0.000000 0.000000 62.5941540625 40.4950643125 27.23536640625 5.20656059375 40.56406509375 27.352242875 5.07362321875 1295.842058 871.531725 166.609939 1298.050083 875.271772 162.355943
2012_07_31_01_53_29_105310072  2601.000 32 4 65.000000 65.000000 0.000000 0.000000 90.59404678125 35.11578225 21.87251025 5.19393409375 34.6280735625 21.45598946875 4.650640875 1123.705032 699.920328 166.205891 1108.098354 686.591663 148.820508
2012_07_31_01_55_06_811367411  2601.000 8 16 80.000000 80.000000 0.000000 0.000000 125.032116375 68.406715125 55.0384375 5.62833725 68.552172625 55.27136825 5.457327875 547.253721 440.3075 45.026698 548.417381 442.170946 43.658623
2012_07_31_01_57_18_277451939  2601.000 8 14 80.000000 80.000000 0.000000 0.000000 133.848700375 62.85011725 49.5007055 5.51882025 63.825666 50.5428705 5.618294875 502.800938 396.005644 44.150562 510.605328 404.342964 44.946359
2012_07_31_01_59_39_382160074  2601.000 8 12 80.000000 80.000000 0.000000 0.000000 149.76680325 58.187273125 44.8414995 5.534864125 56.105364375 42.852563 5.28325025 465.498185 358.731996 44.278913 448.842915 342.820504 42.266002
2012_07_31_02_02_14_500327724  2601.000 8 10 80.000000 80.000000 0.000000 0.000000 171.015671125 52.038889625 38.721626375 5.5144715 50.859055625 37.611271875 5.409727875 416.311117 309.773011 44.115772 406.872445 300.890175 43.277823
2012_07_31_02_05_10_839836976  2601.000 8 8 80.000000 80.000000 0.000000 0.000000 203.714082375 45.973699375 32.67000875 5.53508125 45.93831025 32.72584475 5.275489125 367.789595 261.36007 44.28065 367.506482 261.806758 42.203913
2012_07_31_02_08_40_073003989  2601.000 8 6 80.000000 80.000000 0.000000 0.000000 253.059200875 40.75725575 27.48550225 5.5151465 40.23612075 27.046861375 5.124592875 326.058046 219.884018 44.121172 321.888966 216.374891 40.996743
2012_07_31_02_12_59_238171408  2601.000 8 4 80.000000 80.000000 0.000000 0.000000 359.7244325 35.084180375 21.827582125 5.53203525 34.726754 21.566805 4.578906875 280.673443 174.620657 44.256282 277.814032 172.53444 36.631255
2012_07_31_02_19_04_574150635  2601.000 16 16 80.000000 80.000000 0.000000 0.000000 63.294114 67.8641053125 54.5363225625 5.461736625 67.7719293125 54.483356375 5.6526091875 1085.825685 872.581161 87.387786 1084.350869 871.733702 90.441747
2012_07_31_02_20_14_773115435  2601.000 16 14 80.000000 80.000000 0.000000 0.000000 69.47085925 61.804391875 48.46564175 5.4253085 61.2511046875 47.9733696875 5.464428125 988.87027 775.450268 86.804936 980.017675 767.573915 87.43085
2012_07_31_02_21_30_848959174  2601.000 16 12 80.000000 80.000000 0.000000 0.000000 74.7058780625 56.0348520625 42.718976 5.473003875 57.9736273125 44.7045326875 5.499642625 896.557633 683.503616 87.568062 927.578037 715.272523 87.994282
2012_07_31_02_22_52_116991250  2601.000 16 10 80.000000 80.000000 0.000000 0.000000 85.075271125 52.57215825 39.2717595 5.5183338125 51.0311161875 37.7783794375 5.44668425 841.154532 628.348152 88.293341 816.497859 604.454071 87.146948
2012_07_31_02_24_23_663721290  2601.000 16 8 80.000000 80.000000 0.000000 0.000000 101.8563030625 46.3118815 33.0163450625 5.4781220625 45.865744625 32.6406634375 5.301133 740.990104 528.261521 87.649953 733.851914 522.250615 84.818128
2012_07_31_02_26_11_814895319  2601.000 16 6 80.000000 80.000000 0.000000 0.000000 126.71905225 40.52679625 27.2603991875 5.474873625 40.45036475 27.252264 5.062576375 648.42874 436.166387 87.597978 647.205836 436.036224 81.001222
2012_07_31_02_28_25_399705724  2601.000 16 4 80.000000 80.000000 0.000000 0.000000 180.1414589375 34.872294 21.62659325 5.4501538125 34.906806125 21.743736125 4.891696625 557.956704 346.025492 87.202461 558.508898 347.899778 78.267146
2012_07_31_02_31_32_639225089  2601.000 32 16 80.000000 80.000000 0.000000 0.000000 33.8240985 64.90487428125 51.60642115625 5.08367475 65.48909553125 52.2063005 5.38090959375 2076.955977 1651.405477 162.677592 2095.651057 1670.601616 172.189107
2012_07_31_02_32_14_200613270  2601.000 32 14 80.000000 80.000000 0.000000 0.000000 38.4570626875 58.7381516875 45.43391671875 4.9524475 56.82726809375 43.55750565625 5.08454346875 1879.620854 1453.885335 158.47832 1818.472579 1393.840181 162.705391
2012_07_31_02_33_00_257021187  2601.000 32 12 80.000000 80.000000 0.000000 0.000000 43.70491925 51.8165625625 38.5240598125 4.88255375 52.6031908125 39.34611628125 4.90857765625 1658.130002 1232.769914 156.24172 1683.302106 1259.075721 157.074485
2012_07_31_02_33_51_723833398  2601.000 32 10 80.000000 80.000000 0.000000 0.000000 41.76521328125 52.9833786875 39.69720128125 5.22782515625 50.5836839375 37.326559375 5.39146634375 1695.468118 1270.310441 167.290405 1618.677886 1194.4499 172.526923
2012_07_31_02_34_40_643365342  2601.000 32 8 80.000000 80.000000 0.000000 0.000000 50.996473875 46.43505196875 33.15755078125 5.22289915625 45.90667553125 32.66668446875 5.22892434375 1485.921663 1061.041625 167.132773 1469.013617 1045.333903 167.325579
2012_07_31_02_35_38_583720158  2601.000 32 6 80.000000 80.000000 0.000000 0.000000 62.8904698125 40.59860196875 27.3373955 5.2109825 40.40873153125 27.19973653125 4.96247209375 1299.155263 874.796656 166.75144 1293.079409 870.391569 158.799107
2012_07_31_02_36_48_371112006  2601.000 32 4 80.000000 80.000000 0.000000 0.000000 90.79608040625 34.83016284375 21.58876971875 5.183977375 34.87242678125 21.69820421875 4.829670375 1114.565211 690.840631 165.887276 1115.917657 694.342535 154.549452
2012_07_31_02_38_26_154164448  2601.000 8 16 95.000000 95.000000 0.000000 0.000000 123.4325405 68.79518375 55.43241775 5.64159225 68.90443325 55.613127875 5.62587225 550.36147 443.459342 45.132738 551.235466 444.905023 45.006978
2012_07_31_02_40_36_065469430  2601.000 8 14 95.000000 95.000000 0.000000 0.000000 134.075949375 63.802147125 50.436989375 5.572213125 62.568067875 49.296755125 5.54852025 510.417177 403.495915 44.577705 500.544543 394.374041 44.388162
2012_07_31_02_42_56_140012118  2601.000 8 12 95.000000 95.000000 0.000000 0.000000 148.845257125 58.03936475 44.70433325 5.504746375 56.426168 43.165878625 5.472965125 464.314918 357.634666 44.037971 451.409344 345.327029 43.783721
2012_07_31_02_45_31_313628215  2601.000 8 10 95.000000 95.000000 0.000000 0.000000 170.018202625 53.510387125 40.186597375 5.511600375 49.6441265 36.410107 5.2975115 428.083097 321.492779 44.092803 397.153012 291.280856 42.380092
2012_07_31_02_48_27_425407617  2601.000 8 8 95.000000 95.000000 0.000000 0.000000 203.471264 45.937676875 32.647567375 5.5075405 46.056054 32.824101625 5.327876375 367.501415 261.180539 44.060324 368.448432 262.592813 42.623011
2012_07_31_02_51_57_524467873  2601.000 8 6 95.000000 95.000000 0.000000 0.000000 252.410681 40.70413675 27.431860375 5.5280415 40.3281 27.1419935 5.047002375 325.633094 219.454883 44.224332 322.6248 217.135948 40.376019
2012_07_31_02_56_16_809964471  2601.000 8 4 95.000000 95.000000 0.000000 0.000000 361.5416415 34.756316 21.499483875 5.5222595 35.007127375 21.848574625 4.932614 278.050528 171.995871 44.178076 280.057019 174.788597 39.460912
2012_07_31_03_02_24_878071793  2601.000 16 16 95.000000 95.000000 0.000000 0.000000 65.102024 66.782198875 53.4619329375 5.399606 66.919475125 53.6277873125 5.6249779375 1068.515182 855.390927 86.393696 1070.711602 858.044597 89.999647
2012_07_31_03_03_35_736736314  2601.000 16 14 95.000000 95.000000 0.000000 0.000000 72.7412720625 59.8460100625 46.51530325 5.254825625 60.01355075 46.7373399375 5.3637460625 957.536161 744.244852 84.07721 960.216812 747.797439 85.819937
2012_07_31_03_04_54_405027771  2601.000 16 12 95.000000 95.000000 0.000000 0.000000 73.961757875 56.7396819375 43.4187011875 5.5167901875 57.8848801875 44.62099875 5.469084375 907.834911 694.699219 88.268643 926.158083 713.93598 87.50535
2012_07_31_03_06_15_535124559  2601.000 16 10 95.000000 95.000000 0.000000 0.000000 85.1217306875 52.326765375 39.0248279375 5.4473046875 51.3998720625 38.14228175 5.5339150625 837.228246 624.397247 87.156875 822.397953 610.276508 88.542641
2012_07_31_03_07_47_197944213  2601.000 16 8 95.000000 95.000000 0.000000 0.000000 101.796521125 46.2417111875 32.940136875 5.484542875 46.1046650625 32.8856994375 5.2331643125 739.867379 527.04219 87.752686 737.674641 526.171191 83.730629
2012_07_31_03_09_35_218118734  2601.000 16 6 95.000000 95.000000 0.000000 0.000000 126.599434875 40.539552125 27.27446125 5.4538866875 40.4057906875 27.2052405625 5.2030238125 648.632834 436.39138 87.262187 646.492651 435.283849 83.248381
2012_07_31_03_11_47_231957887  2601.000 16 4 95.000000 95.000000 0.000000 0.000000 180.1217324375 34.5804053125 21.3401685 5.457738875 35.226002375 22.0642755 4.7037328125 553.286485 341.442696 87.323822 563.616038 353.028408 75.259725
2012_07_31_03_14_54_132777607  2601.000 32 16 95.000000 95.000000 0.000000 0.000000 34.4055314375 64.41861453125 51.12030084375 5.1263595 65.0552303125 51.77366296875 5.3524461875 2061.395665 1635.849627 164.043504 2081.76737 1656.757215 171.278278
2012_07_31_03_15_35_836820315  2601.000 32 14 95.000000 95.000000 0.000000 0.000000 36.38584009375 61.62145890625 48.317944125 5.0403454375 57.7714646875 44.49346515625 5.26357009375 1971.886685 1546.174212 161.291054 1848.68687 1423.790885 168.434243
2012_07_31_03_16_19_217789782  2601.000 32 12 95.000000 95.000000 0.000000 0.000000 39.96855640625 56.29766375 42.98899303125 5.121518375 53.487282125 40.23248815625 5.167927625 1801.52524 1375.647777 163.888588 1711.593028 1287.439621 165.373684
2012_07_31_03_17_06_169620515  2601.000 32 10 95.000000 95.000000 0.000000 0.000000 44.719213375 50.10579575 36.823061125 5.07615890625 50.0567068125 36.7973728125 5.26961290625 1603.385464 1178.337956 162.437085 1601.814618 1177.51593 168.627613
2012_07_31_03_17_57_812127347  2601.000 32 8 95.000000 95.000000 0.000000 0.000000 50.977994625 46.7401494375 33.46403325 5.21695203125 45.6023470625 32.367063625 5.2221520625 1495.684782 1070.849064 166.942465 1459.275106 1035.746036 167.108866
2012_07_31_03_18_55_491036173  2601.000 32 6 95.000000 95.000000 0.000000 0.000000 62.75636259375 40.73218671875 27.47122021875 5.20896253125 40.3660185625 27.14961996875 5.17184875 1303.429975 879.079047 166.686801 1291.712594 868.787839 165.49916
2012_07_31_03_20_05_249022399  2601.000 32 4 95.000000 95.000000 0.000000 0.000000 90.0754214375 35.05464790625 21.8131656875 5.205767 34.82032425 21.6450135625 4.8558261875 1121.748733 698.021302 166.584544 1114.250376 692.640434 155.386438
