+ i=8
+ minthreads=8
+ j=2
+ maxnodes=2
+ export PKG_MINW_MINS=0x38198
+ PKG_MINW_MINS=0x38198
+ export PP0_MINW_MINS=0x38198
+ PP0_MINW_MINS=0x38198
+ export DRAM_MINW_MINS=0x38078
+ DRAM_MINW_MINS=0x38078
+ export MSR_PKG_POWER_LIMIT=0x0
+ MSR_PKG_POWER_LIMIT=0x0
+ export MSR_PP0_POWER_LIMIT=0x0
+ MSR_PP0_POWER_LIMIT=0x0
+ export MSR_DRAM_POWER_LIMIT=0x0
+ MSR_DRAM_POWER_LIMIT=0x0
+ export MSR_RANK_MOD=1
+ MSR_RANK_MOD=1
+ export SAMPLE=1
+ SAMPLE=1
+ t=0
+ for t in 0 1
+ export TURBO_ENABLE=0
+ TURBO_ENABLE=0
+ export READ_WRITE=0
+ READ_WRITE=0
+ export READ_ONLY=1
+ READ_ONLY=1
+ i=8
+ j=2
+ '[' 2 -le 2 ']'
+ i=8
+ '[' 8 -ge 8 ']'
+ export MSR_RANK_MOD=8
+ MSR_RANK_MOD=8
++ date +%Y_%m_%d_%H_%M_%S_%N
+ name=2012_10_04_16_33_39_940986249
+ mkdir 2012_10_04_16_33_39_940986249
+ cd 2012_10_04_16_33_39_940986249
+ touch out.dat
+ env
+ echo 2012_10_04_16_33_39_940986249
+ uname -a
+ srun --nodes=1 --ntasks=1 -ppbatch cat /proc/cpuinfo
+ grep MHz
+ srun --nodes=1 --ntasks=1 -o host_info hostname
+ echo 'tasks/node: 8'
+ echo 'nodes: ' 2
+ echo 'turbo: ' 0
+ srun --nodes=2 --ntasks=16 -o out.dat -e f.err ../mpi-spin 1
+ cd ../
+ i=6
+ '[' 6 -ge 8 ']'
+ j=4
+ '[' 4 -le 2 ']'
+ for t in 0 1
+ export TURBO_ENABLE=1
+ TURBO_ENABLE=1
+ export READ_WRITE=0
+ READ_WRITE=0
+ export READ_ONLY=1
+ READ_ONLY=1
+ i=8
+ j=2
+ '[' 2 -le 2 ']'
+ i=8
+ '[' 8 -ge 8 ']'
+ export MSR_RANK_MOD=8
+ MSR_RANK_MOD=8
++ date +%Y_%m_%d_%H_%M_%S_%N
+ name=2012_10_04_16_33_47_071778181
+ mkdir 2012_10_04_16_33_47_071778181
+ cd 2012_10_04_16_33_47_071778181
+ touch out.dat
+ env
+ echo 2012_10_04_16_33_47_071778181
+ uname -a
+ srun --nodes=1 --ntasks=1 -ppbatch cat /proc/cpuinfo
+ grep MHz
+ srun --nodes=1 --ntasks=1 -o host_info hostname
+ echo 'tasks/node: 8'
+ echo 'nodes: ' 2
+ echo 'turbo: ' 1
+ srun --nodes=2 --ntasks=16 -o out.dat -e f.err ../mpi-spin 1
+ cd ../
+ i=6
+ '[' 6 -ge 8 ']'
+ j=4
+ '[' 4 -le 2 ']'
