mpiP: 
srun: error: cab39: task 0: Exited with exit code 193
mpiP: mpiP: mpiP V3.3.0 (Build Nov  2 2011/14:57:14)
mpiP: Direct questions and errors to mpip-help@lists.sourceforge.net
mpiP: 
mpiP: 
mpiP: mpiP: mpiP V3.3.0 (Build Nov  2 2011/14:57:14)
mpiP: Direct questions and errors to mpip-help@lists.sourceforge.net
mpiP: 
srun: error: cab39: task 0: Exited with exit code 193
mpiP: 
mpiP: mpiP: mpiP V3.3.0 (Build Nov  2 2011/14:57:14)
mpiP: Direct questions and errors to mpip-help@lists.sourceforge.net
mpiP: 
srun: error: cab39: task 0: Exited with exit code 193
mpiP: 
mpiP: mpiP: mpiP V3.3.0 (Build Nov  2 2011/14:57:14)
mpiP: Direct questions and errors to mpip-help@lists.sourceforge.net
mpiP: 
srun: error: cab39: task 0: Exited with exit code 193
mpiP: 
mpiP: mpiP: mpiP V3.3.0 (Build Nov  2 2011/14:57:14)
mpiP: Direct questions and errors to mpip-help@lists.sourceforge.net
mpiP: 
srun: error: cab39: task 0: Exited with exit code 193
srun: First task exited 30s ago
srun: task 1: running
srun: task 0: exited abnormally
srun: Terminating job step 817783.14
srun: Job step aborted: Waiting up to 2 seconds for job step to finish.
mpiP: 
mpiP: mpiP: mpiP V3.3.0 (Build Nov  2 2011/14:57:14)
mpiP: Direct questions and errors to mpip-help@lists.sourceforge.net
mpiP: 
srun: error: cab39: task 0: Exited with exit code 193
srun: First task exited 30s ago
srun: task 1: running
srun: task 0: exited abnormally
srun: Terminating job step 817783.17
srun: Job step aborted: Waiting up to 2 seconds for job step to finish.
mpiP: 
mpiP: mpiP: mpiP V3.3.0 (Build Nov  2 2011/14:57:14)
mpiP: Direct questions and errors to mpip-help@lists.sourceforge.net
mpiP: 
srun: error: cab39: task 0: Exited with exit code 193
srun: First task exited 30s ago
srun: task 1: running
srun: task 0: exited abnormally
srun: Terminating job step 817783.20
srun: Job step aborted: Waiting up to 2 seconds for job step to finish.
mpiP: 
mpiP: mpiP: mpiP V3.3.0 (Build Nov  2 2011/14:57:14)
mpiP: Direct questions and errors to mpip-help@lists.sourceforge.net
mpiP: 
srun: error: cab39: task 0: Exited with exit code 193
srun: First task exited 30s ago
srun: task 1: running
srun: task 0: exited abnormally
srun: Terminating job step 817783.23
srun: Job step aborted: Waiting up to 2 seconds for job step to finish.
mpiP: 
mpiP: mpiP: mpiP V3.3.0 (Build Nov  2 2011/14:57:14)
mpiP: Direct questions and errors to mpip-help@lists.sourceforge.net
mpiP: 
srun: error: cab39: task 0: Exited with exit code 193
srun: First task exited 30s ago
srun: tasks 1-3: running
srun: task 0: exited abnormally
srun: Terminating job step 817783.26
srun: Job step aborted: Waiting up to 2 seconds for job step to finish.
mpiP: 
mpiP: mpiP: mpiP V3.3.0 (Build Nov  2 2011/14:57:14)
mpiP: Direct questions and errors to mpip-help@lists.sourceforge.net
mpiP: 
srun: error: cab39: task 0: Exited with exit code 193
srun: First task exited 30s ago
srun: tasks 1-3: running
srun: task 0: exited abnormally
srun: Terminating job step 817783.29
srun: Job step aborted: Waiting up to 2 seconds for job step to finish.
mpiP: 
mpiP: mpiP: mpiP V3.3.0 (Build Nov  2 2011/14:57:14)
mpiP: Direct questions and errors to mpip-help@lists.sourceforge.net
mpiP: 
srun: error: cab39: task 0: Exited with exit code 193
srun: First task exited 30s ago
srun: tasks 1-3: running
srun: task 0: exited abnormally
srun: Terminating job step 817783.32
srun: Job step aborted: Waiting up to 2 seconds for job step to finish.
mpiP: 
mpiP: mpiP: mpiP V3.3.0 (Build Nov  2 2011/14:57:14)
mpiP: Direct questions and errors to mpip-help@lists.sourceforge.net
mpiP: 
srun: error: cab39: task 0: Exited with exit code 193
srun: First task exited 30s ago
srun: tasks 1-3: running
srun: task 0: exited abnormally
srun: Terminating job step 817783.35
srun: Job step aborted: Waiting up to 2 seconds for job step to finish.
mpiP: 
mpiP: mpiP: mpiP V3.3.0 (Build Nov  2 2011/14:57:14)
mpiP: Direct questions and errors to mpip-help@lists.sourceforge.net
mpiP: 
srun: error: cab39: task 0: Exited with exit code 193
srun: First task exited 30s ago
srun: tasks 1-7: running
srun: task 0: exited abnormally
srun: Terminating job step 817783.38
srun: Job step aborted: Waiting up to 2 seconds for job step to finish.
mpiP: 
mpiP: mpiP: mpiP V3.3.0 (Build Nov  2 2011/14:57:14)
mpiP: Direct questions and errors to mpip-help@lists.sourceforge.net
mpiP: 
srun: error: cab39: task 0: Exited with exit code 193
srun: First task exited 30s ago
srun: tasks 1-7: running
srun: task 0: exited abnormally
srun: Terminating job step 817783.41
srun: Job step aborted: Waiting up to 2 seconds for job step to finish.
mpiP: 
mpiP: mpiP: mpiP V3.3.0 (Build Nov  2 2011/14:57:14)
mpiP: Direct questions and errors to mpip-help@lists.sourceforge.net
mpiP: 
srun: error: cab39: task 0: Exited with exit code 193
srun: First task exited 30s ago
srun: tasks 1-7: running
srun: task 0: exited abnormally
srun: Terminating job step 817783.44
srun: Job step aborted: Waiting up to 2 seconds for job step to finish.
mpiP: 
mpiP: mpiP: mpiP V3.3.0 (Build Nov  2 2011/14:57:14)
mpiP: Direct questions and errors to mpip-help@lists.sourceforge.net
mpiP: 
srun: error: cab39: task 0: Exited with exit code 193
srun: First task exited 30s ago
srun: tasks 1-7: running
srun: task 0: exited abnormally
srun: Terminating job step 817783.47
srun: Job step aborted: Waiting up to 2 seconds for job step to finish.
mpiP: 
mpiP: mpiP: mpiP V3.3.0 (Build Nov  2 2011/14:57:14)
mpiP: Direct questions and errors to mpip-help@lists.sourceforge.net
mpiP: 
srun: error: cab39: task 0: Exited with exit code 193
srun: First task exited 30s ago
srun: tasks 1-15: running
srun: task 0: exited abnormally
srun: Terminating job step 817783.50
srun: Job step aborted: Waiting up to 2 seconds for job step to finish.
mpiP: 
mpiP: mpiP: mpiP V3.3.0 (Build Nov  2 2011/14:57:14)
mpiP: Direct questions and errors to mpip-help@lists.sourceforge.net
mpiP: 
srun: error: cab39: task 0: Exited with exit code 193
srun: First task exited 30s ago
srun: tasks 1-15: running
srun: task 0: exited abnormally
srun: Terminating job step 817783.53
srun: Job step aborted: Waiting up to 2 seconds for job step to finish.
mpiP: 
mpiP: mpiP: mpiP V3.3.0 (Build Nov  2 2011/14:57:14)
mpiP: Direct questions and errors to mpip-help@lists.sourceforge.net
mpiP: 
srun: error: cab39: task 0: Exited with exit code 193
srun: First task exited 30s ago
srun: tasks 1-15: running
srun: task 0: exited abnormally
srun: Terminating job step 817783.56
srun: Job step aborted: Waiting up to 2 seconds for job step to finish.
mpiP: 
mpiP: mpiP: mpiP V3.3.0 (Build Nov  2 2011/14:57:14)
mpiP: Direct questions and errors to mpip-help@lists.sourceforge.net
mpiP: 
srun: error: cab39: task 0: Exited with exit code 193
srun: First task exited 30s ago
srun: tasks 1-15: running
srun: task 0: exited abnormally
srun: Terminating job step 817783.59
srun: Job step aborted: Waiting up to 2 seconds for job step to finish.
mpiP: 
mpiP: mpiP: mpiP V3.3.0 (Build Nov  2 2011/14:57:14)
mpiP: Direct questions and errors to mpip-help@lists.sourceforge.net
mpiP: 
srun: error: cab39: task 0: Exited with exit code 193
srun: First task exited 30s ago
srun: tasks 1-31: running
srun: task 0: exited abnormally
srun: Terminating job step 817783.62
srun: Job step aborted: Waiting up to 2 seconds for job step to finish.
mpiP: 
mpiP: mpiP: mpiP V3.3.0 (Build Nov  2 2011/14:57:14)
mpiP: Direct questions and errors to mpip-help@lists.sourceforge.net
mpiP: 
srun: error: cab39: task 0: Exited with exit code 193
srun: First task exited 30s ago
srun: tasks 1-31: running
srun: task 0: exited abnormally
srun: Terminating job step 817783.65
srun: Job step aborted: Waiting up to 2 seconds for job step to finish.
mpiP: 
mpiP: mpiP: mpiP V3.3.0 (Build Nov  2 2011/14:57:14)
mpiP: Direct questions and errors to mpip-help@lists.sourceforge.net
mpiP: 
srun: error: cab39: task 0: Exited with exit code 193
srun: First task exited 30s ago
srun: tasks 1-31: running
srun: task 0: exited abnormally
srun: Terminating job step 817783.68
srun: Job step aborted: Waiting up to 2 seconds for job step to finish.
mpiP: 
mpiP: mpiP: mpiP V3.3.0 (Build Nov  2 2011/14:57:14)
mpiP: Direct questions and errors to mpip-help@lists.sourceforge.net
mpiP: 
srun: error: cab39: task 0: Exited with exit code 193
srun: First task exited 30s ago
srun: tasks 1-31: running
srun: task 0: exited abnormally
srun: Terminating job step 817783.71
srun: Job step aborted: Waiting up to 2 seconds for job step to finish.
mpiP: 
mpiP: mpiP: mpiP V3.3.0 (Build Nov  2 2011/14:57:14)
mpiP: Direct questions and errors to mpip-help@lists.sourceforge.net
mpiP: 
srun: error: cab39: task 0: Exited with exit code 193
srun: First task exited 30s ago
srun: tasks 1-63: running
srun: task 0: exited abnormally
srun: Terminating job step 817783.74
srun: Job step aborted: Waiting up to 2 seconds for job step to finish.
mpiP: 
mpiP: mpiP: mpiP V3.3.0 (Build Nov  2 2011/14:57:14)
mpiP: Direct questions and errors to mpip-help@lists.sourceforge.net
mpiP: 
srun: error: cab39: task 0: Exited with exit code 193
srun: First task exited 30s ago
srun: tasks 1-63: running
srun: task 0: exited abnormally
srun: Terminating job step 817783.77
srun: Job step aborted: Waiting up to 2 seconds for job step to finish.
mpiP: 
mpiP: mpiP: mpiP V3.3.0 (Build Nov  2 2011/14:57:14)
mpiP: Direct questions and errors to mpip-help@lists.sourceforge.net
mpiP: 
srun: error: cab39: task 0: Exited with exit code 193
srun: First task exited 30s ago
srun: tasks 1-63: running
srun: task 0: exited abnormally
srun: Terminating job step 817783.80
srun: Job step aborted: Waiting up to 2 seconds for job step to finish.
mpiP: 
mpiP: mpiP: mpiP V3.3.0 (Build Nov  2 2011/14:57:14)
mpiP: Direct questions and errors to mpip-help@lists.sourceforge.net
mpiP: 
srun: error: cab39: task 0: Exited with exit code 193
srun: First task exited 30s ago
srun: tasks 1-63: running
srun: task 0: exited abnormally
srun: Terminating job step 817783.83
srun: Job step aborted: Waiting up to 2 seconds for job step to finish.
mpiP: 
mpiP: mpiP: mpiP V3.3.0 (Build Nov  2 2011/14:57:14)
mpiP: Direct questions and errors to mpip-help@lists.sourceforge.net
mpiP: 
srun: error: cab39: task 0: Exited with exit code 193
srun: First task exited 30s ago
srun: tasks 1-127: running
srun: task 0: exited abnormally
srun: Terminating job step 817783.86
srun: Job step aborted: Waiting up to 2 seconds for job step to finish.
mpiP: 
mpiP: mpiP: mpiP V3.3.0 (Build Nov  2 2011/14:57:14)
mpiP: Direct questions and errors to mpip-help@lists.sourceforge.net
mpiP: 
srun: error: cab39: task 0: Exited with exit code 193
srun: First task exited 30s ago
srun: tasks 1-127: running
srun: task 0: exited abnormally
srun: Terminating job step 817783.89
srun: Job step aborted: Waiting up to 2 seconds for job step to finish.
mpiP: 
mpiP: mpiP: mpiP V3.3.0 (Build Nov  2 2011/14:57:14)
mpiP: Direct questions and errors to mpip-help@lists.sourceforge.net
mpiP: 
srun: error: cab39: task 0: Exited with exit code 193
srun: First task exited 30s ago
srun: tasks 1-127: running
srun: task 0: exited abnormally
srun: Terminating job step 817783.92
srun: Job step aborted: Waiting up to 2 seconds for job step to finish.
mpiP: 
mpiP: mpiP: mpiP V3.3.0 (Build Nov  2 2011/14:57:14)
mpiP: Direct questions and errors to mpip-help@lists.sourceforge.net
mpiP: 
srun: error: cab39: task 0: Exited with exit code 193
srun: First task exited 30s ago
srun: tasks 1-127: running
srun: task 0: exited abnormally
srun: Terminating job step 817783.95
srun: Job step aborted: Waiting up to 2 seconds for job step to finish.
