id freq nodes cores pkg-clamp-0 pkg-clamp-1 dram-clamp-0 dram-clamp-1 avg-time avg-pkg-0 avg-pp0-0 avg-dram-0 avg-pkg-1 avg-pp0-1 avg-dram-1 tot-pkg-0 tot-pp0-0 tot-dram-0 tot-pkg-1 tot-pp0-1 tot-dram-1
2012_07_27_16_15_59_149300252  2601.000 8 16 51.000000 51.000000 0.000000 0.000000 0.126764625 44.419538875 31.202921625 5.18925425 34.85394 21.624174625 4.200546375 355.356311 249.623373 41.514034 278.83152 172.993397 33.604371
2012_07_27_16_16_05_551231601  2601.000 8 14 51.000000 51.000000 0.000000 0.000000 0.06140175 41.658222375 28.441163875 5.09451775 39.141718625 25.881595125 4.325251 333.265779 227.529311 40.756142 313.133749 207.052761 34.602008
2012_07_27_16_16_11_690608646  2601.000 8 12 51.000000 51.000000 0.000000 0.000000 0.055888 40.740776625 27.524318875 5.161654375 36.100478 22.7498205 4.348639625 325.926213 220.194551 41.293235 288.803824 181.998564 34.789117
2012_07_27_16_16_18_228213862  2601.000 8 10 51.000000 51.000000 0.000000 0.000000 0.058102625 38.079088375 24.931573625 5.07845975 34.96107575 21.64972925 4.292713375 304.632707 199.452589 40.627678 279.688606 173.197834 34.341707
2012_07_27_16_16_24_707479805  2601.000 8 8 51.000000 51.000000 0.000000 0.000000 0.039375625 32.888602625 19.67131325 4.904991 28.360498625 15.063907 3.651396875 263.108821 157.370506 39.239928 226.883989 120.511256 29.211175
2012_07_27_16_16_31_175206040  2601.000 8 6 51.000000 51.000000 0.000000 0.000000 0.039600125 31.942913125 18.721131125 4.927425875 27.66083975 14.375733 3.704310875 255.543305 149.769049 39.419407 221.286718 115.005864 29.634487
2012_07_27_16_16_37_684869470  2601.000 8 4 51.000000 51.000000 0.000000 0.000000 0.026692125 28.019794 14.802125875 4.7355675 22.94387275 9.6764495 3.300103 224.158352 118.417007 37.88454 183.550982 77.411596 26.400824
2012_07_27_16_16_44_142634540  2601.000 16 16 51.000000 51.000000 0.000000 0.000000 0.1000513125 41.890309375 28.67971775 4.7934964375 36.9662996875 23.7047496875 3.874704375 670.24495 458.875484 76.695943 591.460795 379.275995 61.99527
2012_07_27_16_16_51_202510317  2601.000 16 14 51.000000 51.000000 0.000000 0.000000 0.0825510625 44.6875483125 31.504469375 4.725514375 39.76766175 26.519090125 3.871048125 715.000773 504.07151 75.60823 636.282588 424.305442 61.93677
2012_07_27_16_16_58_043696077  2601.000 16 12 51.000000 51.000000 0.000000 0.000000 0.0659125625 41.1556815 27.9577245625 4.705522125 39.2341841875 25.96643975 3.869237375 658.490904 447.323593 75.288354 627.746947 415.463036 61.907798
2012_07_27_16_17_04_602620657  2601.000 16 10 51.000000 51.000000 0.000000 0.000000 0.0526300625 35.01129575 21.8092745 4.4129011875 30.485014125 17.195760875 3.4226293125 560.180732 348.948392 70.606419 487.760226 275.132174 54.762069
2012_07_27_16_17_11_171320867  2601.000 16 8 51.000000 51.000000 0.000000 0.000000 0.055322375 34.98011725 21.779186 4.5052701875 33.2253744375 19.9562001875 3.6441181875 559.681876 348.466976 72.084323 531.605991 319.299203 58.305891
2012_07_27_16_17_17_767681718  2601.000 16 6 51.000000 51.000000 0.000000 0.000000 0.038976 30.0303835 16.799883375 4.307515 26.7028838125 13.48300525 3.353374 480.486136 268.798134 68.92024 427.246141 215.728084 53.653984
2012_07_27_16_17_24_298185170  2601.000 16 4 51.000000 51.000000 0.000000 0.000000 0.0220690625 27.420200875 14.2305556875 3.980892375 21.460658875 8.127905875 2.9474631875 438.723214 227.688891 63.694278 343.370542 130.046494 47.159411
2012_07_27_16_17_30_857835361  2601.000 32 16 51.000000 51.000000 0.000000 0.000000 0.0361789375 28.260775375 14.950334625 3.72778878125 19.876893 6.639558625 2.63185878125 904.344812 478.410708 119.289241 636.060576 212.465876 84.219481
2012_07_27_16_17_38_376943539  2601.000 32 14 51.000000 51.000000 0.000000 0.000000 0.02123309375 28.6964305625 15.58868990625 3.98018390625 18.2589016875 4.91326234375 2.67280446875 918.285778 498.838077 127.365885 584.284854 157.224395 85.529743
2012_07_27_16_17_45_426141589  2601.000 32 12 51.000000 51.000000 0.000000 0.000000 0.019721625 29.04340821875 15.9013019375 3.95340590625 18.13463346875 4.76645390625 2.56085459375 929.389063 508.841662 126.508989 580.308271 152.526525 81.947347
2012_07_27_16_17_52_171887856  2601.000 32 10 51.000000 51.000000 0.000000 0.000000 0.01911315625 29.03855353125 15.83842171875 4.16890753125 19.0188986875 5.704744375 2.85794678125 929.233713 506.829495 133.405041 608.604758 182.55182 91.454297
2012_07_27_16_17_59_164974908  2601.000 32 8 51.000000 51.000000 0.000000 0.000000 0.02013996875 28.0275105625 14.7898555 4.1166069375 20.42328590625 7.0748905 2.81606740625 896.880338 473.275376 131.731422 653.545149 226.396496 90.114157
2012_07_27_16_18_05_369198762  2601.000 32 6 51.000000 51.000000 0.000000 0.000000 0.024762375 29.0089365625 15.81033990625 4.1244376875 17.89338415625 4.62689128125 2.5857530625 928.28597 505.930877 131.982006 572.588293 148.060521 82.744098
2012_07_27_16_18_11_762658278  2601.000 32 4 51.000000 51.000000 0.000000 0.000000 0.01727359375 28.03423225 14.86394909375 4.0975173125 20.12447375 6.736173125 2.8201284375 897.095432 475.646371 131.120554 643.98316 215.55754 90.24411
2012_07_27_16_18_18_239564162  2601.000 8 16 65.000000 65.000000 0.000000 0.000000 0.06105275 42.527114125 29.244641125 5.178011 39.7248325 26.4757655 4.357618375 340.216913 233.957129 41.424088 317.79866 211.806124 34.860947
2012_07_27_16_18_24_239107488  2601.000 8 14 65.000000 65.000000 0.000000 0.000000 0.05778675 39.224069 26.0171795 5.167191875 34.398137 21.0705755 4.454188 313.792552 208.137436 41.337535 275.185096 168.564604 35.633504
2012_07_27_16_18_30_194780175  2601.000 8 12 65.000000 65.000000 0.000000 0.000000 0.061238125 39.533799875 26.306584875 5.20871275 37.899028375 24.582493125 4.327175 316.270399 210.452679 41.669702 303.192227 196.659945 34.6174
2012_07_27_16_18_36_149493079  2601.000 8 10 65.000000 65.000000 0.000000 0.000000 0.040376 35.110780625 21.873585875 4.908467 27.659813625 14.377410875 4.03438725 280.886245 174.988687 39.267736 221.278509 115.019287 32.275098
2012_07_27_16_18_42_012885457  2601.000 8 8 65.000000 65.000000 0.000000 0.000000 0.0397215 32.383599625 19.207061625 4.980263625 29.8692415 16.503135125 3.928596 259.068797 153.656493 39.842109 238.953932 132.025081 31.428768
2012_07_27_16_18_47_657515755  2601.000 8 6 65.000000 65.000000 0.000000 0.000000 0.038733125 31.329923625 18.072168 4.979392 28.151146125 14.8602375 3.7731565 250.639389 144.577344 39.835136 225.209169 118.8819 30.185252
2012_07_27_16_18_53_101248376  2601.000 8 4 65.000000 65.000000 0.000000 0.000000 0.024847625 28.116029125 14.80998275 4.746734125 21.29357825 7.9024755 3.275617 224.928233 118.479862 37.973873 170.348626 63.219804 26.204936
2012_07_27_16_18_59_369527849  2601.000 16 16 65.000000 65.000000 0.000000 0.000000 0.085724125 45.2014709375 31.983779625 4.7950389375 44.7987565 31.509509375 3.8446435625 723.223535 511.740474 76.720623 716.780104 504.15215 61.514297
2012_07_27_16_19_05_801395324  2601.000 16 14 65.000000 65.000000 0.000000 0.000000 0.0577583125 41.69873325 28.4555786875 4.6665673125 36.9174739375 23.6356913125 3.737119375 667.179732 455.289259 74.665077 590.679583 378.171061 59.79391
2012_07_27_16_19_12_568730145  2601.000 16 12 65.000000 65.000000 0.000000 0.000000 0.0557084375 40.4600791875 27.2567354375 4.748198625 34.5691534375 21.3168421875 3.8593823125 647.361267 436.107767 75.971178 553.106455 341.069475 61.750117
2012_07_27_16_19_19_490375016  2601.000 16 10 65.000000 65.000000 0.000000 0.000000 0.0509258125 38.40759475 25.1869715 4.7271470625 33.7919395625 20.465587 3.7883634375 614.521516 402.991544 75.634353 540.671033 327.449392 60.613815
2012_07_27_16_19_26_402728938  2601.000 16 8 65.000000 65.000000 0.000000 0.000000 0.0460705625 33.217255 19.97395225 4.3190176875 29.8831175625 16.557569375 3.475256125 531.47608 319.583236 69.104283 478.129881 264.92111 55.604098
2012_07_27_16_19_33_547945226  2601.000 16 6 65.000000 65.000000 0.000000 0.000000 0.039130875 29.258725875 16.037256125 4.4069385 23.7968654375 10.534507625 3.214023875 468.139614 256.596098 70.511016 380.749847 168.552122 51.424382
2012_07_27_16_19_40_682022112  2601.000 16 4 65.000000 65.000000 0.000000 0.000000 0.0295663125 26.12334625 12.984785125 4.009077 21.9615188125 8.5838984375 2.953586 417.97354 207.756562 64.145232 351.384301 137.342375 47.257376
2012_07_27_16_19_47_853984379  2601.000 32 16 65.000000 65.000000 0.000000 0.000000 0.01959534375 27.87943278125 14.59597071875 4.116331875 20.29564215625 6.9929891875 2.7276955 892.141849 467.071063 131.72262 649.460549 223.775654 87.286256
2012_07_27_16_19_54_831522955  2601.000 32 14 65.000000 65.000000 0.000000 0.000000 0.019028625 28.4707680625 15.318532375 4.11813134375 19.59904953125 6.17449134375 2.72162371875 911.064578 490.193036 131.780203 627.169585 197.583723 87.091959
2012_07_27_16_20_01_675472651  2601.000 32 12 65.000000 65.000000 0.000000 0.000000 0.02332 28.79373734375 15.592011125 4.1021275625 19.1171109375 5.8119773125 2.6391016875 921.399595 498.944356 131.268082 611.74755 185.983274 84.451254
2012_07_27_16_20_08_548015451  2601.000 32 10 65.000000 65.000000 0.000000 0.000000 0.0192341875 28.453986 15.32261084375 4.14227165625 19.516045 6.20825709375 2.6966990625 910.527552 490.323547 132.552693 624.51344 198.664227 86.29437
2012_07_27_16_20_15_578105785  2601.000 32 8 65.000000 65.000000 0.000000 0.000000 0.02398578125 28.65206703125 15.41118440625 3.9069833125 18.42392040625 5.06374715625 2.46844578125 916.866145 493.157901 125.023466 589.565453 162.039909 78.990265
2012_07_27_16_20_22_492561706  2601.000 32 6 65.000000 65.000000 0.000000 0.000000 0.01917796875 28.4415425625 15.22257496875 4.01075475 19.6676128125 6.3515318125 2.61194125 910.129362 487.122399 128.344152 629.36361 203.249018 83.58212
2012_07_27_16_20_29_412754966  2601.000 32 4 65.000000 65.000000 0.000000 0.000000 0.01821115625 27.8138683125 14.59617896875 4.00515665625 20.5233048125 7.16979421875 2.70096715625 890.043786 467.077727 128.165013 656.745754 229.433415 86.430949
2012_07_27_16_20_36_079981645  2601.000 8 16 80.000000 80.000000 0.000000 0.000000 0.0579805 41.665157 28.451095125 5.12886475 38.4471365 25.152224625 4.355516 333.321256 227.608761 41.030918 307.577092 201.217797 34.844128
2012_07_27_16_20_42_620209229  2601.000 8 14 80.000000 80.000000 0.000000 0.000000 0.05723725 41.335630625 28.1233265 5.11296625 40.141642375 26.88113525 4.380562625 330.685045 224.986612 40.90373 321.133139 215.049082 35.044501
2012_07_27_16_20_49_232179905  2601.000 8 12 80.000000 80.000000 0.000000 0.000000 0.053859 38.823526 25.58697025 5.189954 36.088101875 22.78567475 4.372665875 310.588208 204.695762 41.519632 288.704815 182.285398 34.981327
2012_07_27_16_20_55_188996116  2601.000 8 10 80.000000 80.000000 0.000000 0.000000 0.0450305 35.554994125 22.2761585 5.147051625 33.425562625 20.14405925 4.1039595 284.439953 178.209268 41.176413 267.404501 161.152474 32.831676
2012_07_27_16_21_01_726354510  2601.000 8 8 80.000000 80.000000 0.000000 0.000000 0.038293875 32.46514475 19.35795375 5.051815875 28.875769125 15.63166325 4.00061925 259.721158 154.86363 40.414527 231.006153 125.053306 32.004954
2012_07_27_16_21_08_277945299  2601.000 8 6 80.000000 80.000000 0.000000 0.000000 0.03946325 31.936179375 18.712087375 4.930413 27.9696235 14.663754375 3.737890875 255.489435 149.696699 39.443304 223.756988 117.310035 29.903127
2012_07_27_16_21_14_665810281  2601.000 8 4 80.000000 80.000000 0.000000 0.000000 0.026458375 28.316436625 15.163508875 4.870047625 22.75248575 9.42604375 3.36123825 226.531493 121.308071 38.960381 182.019886 75.40835 26.889906
2012_07_27_16_21_21_258672004  2601.000 16 16 80.000000 80.000000 0.000000 0.000000 0.0692935625 43.1825565 29.960214125 4.78252175 41.744703 28.5120305 4.0576920625 690.920904 479.363426 76.520348 667.915248 456.192488 64.923073
2012_07_27_16_21_27_867804913  2601.000 16 14 80.000000 80.000000 0.000000 0.000000 0.0614188125 40.8681575 27.6921434375 4.6769795625 39.00426625 25.7010578125 4.11064325 653.89052 443.074295 74.831673 624.06826 411.216925 65.770292
2012_07_27_16_21_34_589688428  2601.000 16 12 80.000000 80.000000 0.000000 0.000000 0.0675961875 38.4687311875 25.272677625 4.434970625 33.366047625 20.0800428125 3.6535170625 615.499699 404.362842 70.95953 533.856762 321.280685 58.456273
2012_07_27_16_21_40_942356574  2601.000 16 10 80.000000 80.000000 0.000000 0.000000 0.0549245 35.9439340625 22.719545125 4.4985769375 31.7428835 18.5071125 3.735249125 575.102945 363.512722 71.977231 507.886136 296.1138 59.763986
2012_07_27_16_21_47_510862390  2601.000 16 8 80.000000 80.000000 0.000000 0.000000 0.0507560625 32.452810375 19.211556375 4.398179375 30.17304325 16.924635375 3.759998375 519.244966 307.384902 70.37087 482.768692 270.794166 60.159974
2012_07_27_16_21_53_664840466  2601.000 16 6 80.000000 80.000000 0.000000 0.000000 0.0485506875 31.129576125 17.943649375 4.3514456875 27.8126940625 14.55957625 3.445753875 498.073218 287.09839 69.623131 445.003105 232.95322 55.132062
2012_07_27_16_21_59_928699741  2601.000 16 4 80.000000 80.000000 0.000000 0.000000 0.02477325 26.1911073125 12.975715625 4.2600885625 22.8741438125 9.65737275 3.123210125 419.057717 207.61145 68.161417 365.986301 154.517964 49.971362
2012_07_27_16_22_05_958610811  2601.000 32 16 80.000000 80.000000 0.000000 0.000000 0.0188795625 28.82769303125 15.5560814375 4.18567621875 19.00272290625 5.779893125 3.0183769375 922.486177 497.794606 133.941639 608.087133 184.95658 96.588062
2012_07_27_16_22_12_070409393  2601.000 32 14 80.000000 80.000000 0.000000 0.000000 0.01707675 28.8537459375 15.6023016875 4.22584784375 19.4769596875 6.129193625 2.8607948125 923.31987 499.273654 135.227131 623.26271 196.134196 91.545434
2012_07_27_16_22_18_154450437  2601.000 32 12 80.000000 80.000000 0.000000 0.000000 0.020769625 28.64372778125 15.4284344375 4.14422934375 19.48752540625 6.2329585625 2.70635975 916.599289 493.709902 132.615339 623.600813 199.454674 86.603512
2012_07_27_16_22_24_215256749  2601.000 32 10 80.000000 80.000000 0.000000 0.000000 0.03126784375 27.993427375 14.83091846875 4.0285748125 19.0952284375 5.82387096875 2.68404890625 895.789676 474.589391 128.914394 611.04731 186.363871 85.889565
2012_07_27_16_22_30_540905411  2601.000 32 8 80.000000 80.000000 0.000000 0.000000 0.02369290625 28.5428021875 15.3800786875 4.019871375 18.41414034375 5.12372603125 2.63141971875 913.36967 492.162518 128.635884 589.252491 163.959233 84.205431
2012_07_27_16_22_36_277114378  2601.000 32 6 80.000000 80.000000 0.000000 0.000000 0.02231475 29.06283259375 15.8633044375 4.236476375 18.37540278125 5.03059578125 2.92267 930.010643 507.625742 135.567244 588.012889 160.979065 93.52544
2012_07_27_16_22_42_125002019  2601.000 32 4 80.000000 80.000000 0.000000 0.000000 0.01900721875 28.85070421875 15.63330678125 4.1910221875 18.83146859375 5.48992359375 2.82344590625 923.222535 500.265817 134.11271 602.606995 175.677555 90.350269
2012_07_27_16_22_48_268855807  2601.000 8 16 95.000000 95.000000 0.000000 0.000000 0.06820375 43.527721625 30.3300545 5.09531775 39.247729625 25.97559275 4.297319375 348.221773 242.640436 40.762542 313.981837 207.804742 34.378555
2012_07_27_16_22_54_746897062  2601.000 8 14 95.000000 95.000000 0.000000 0.000000 0.05275275 39.88656775 26.69143525 5.00657225 37.045898625 23.71586725 4.209331 319.092542 213.531482 40.052578 296.367189 189.726938 33.674648
2012_07_27_16_23_01_255372536  2601.000 8 12 95.000000 95.000000 0.000000 0.000000 0.05178175 40.204699 27.040856875 5.067257375 34.575051875 21.326838375 4.15828225 321.637592 216.326855 40.538059 276.600415 170.614707 33.266258
2012_07_27_16_23_07_800195164  2601.000 8 10 95.000000 95.000000 0.000000 0.000000 0.039303375 33.821513625 20.664071875 5.028787125 31.524760375 18.12796025 3.87660325 270.572109 165.312575 40.230297 252.198083 145.023682 31.012826
2012_07_27_16_23_14_269475228  2601.000 8 8 95.000000 95.000000 0.000000 0.000000 0.039686375 32.284965625 19.10658325 4.947209375 30.061207125 16.727547125 3.901745125 258.279725 152.852666 39.577675 240.489657 133.820377 31.213961
2012_07_27_16_23_20_585247861  2601.000 8 6 95.000000 95.000000 0.000000 0.000000 0.03147325 29.20357075 15.996242 4.75914125 23.4455665 10.18797375 3.539911375 233.628566 127.969936 38.07313 187.564532 81.50379 28.319291
2012_07_27_16_23_27_073327305  2601.000 8 4 95.000000 95.000000 0.000000 0.000000 0.02834225 28.738861625 15.575387125 4.76441425 22.5506465 9.3495845 3.276246375 229.910893 124.603097 38.115314 180.405172 74.796676 26.209971
2012_07_27_16_23_33_613731125  2601.000 16 16 95.000000 95.000000 0.000000 0.000000 0.079381125 45.5696891875 32.4014296875 4.7892233125 42.997349125 29.7394549375 3.998790375 729.115027 518.422875 76.627573 687.957586 475.831279 63.980646
2012_07_27_16_23_39_869960745  2601.000 16 14 95.000000 95.000000 0.000000 0.000000 0.0623118125 41.868690625 28.668908375 4.675710625 38.3066780625 25.026463375 3.9711781875 669.89905 458.702534 74.81137 612.906849 400.423414 63.538851
2012_07_27_16_23_46_142229768  2601.000 16 12 95.000000 95.000000 0.000000 0.000000 0.06527275 40.929592625 27.7119118125 4.67031725 36.2006415625 22.919242625 3.9472258125 654.873482 443.390589 74.725076 579.210265 366.707882 63.155613
2012_07_27_16_23_51_647194146  2601.000 16 10 95.000000 95.000000 0.000000 0.000000 0.06409425 33.9409029375 20.7652195 4.1945114375 28.297274375 15.0241468125 3.325793625 543.054447 332.243512 67.112183 452.75639 240.386349 53.212698
2012_07_27_16_23_57_729977335  2601.000 16 8 95.000000 95.000000 0.000000 0.000000 0.0580536875 33.0008106875 19.8161975 4.339742875 27.33334225 14.082676875 3.5210388125 528.012971 317.05916 69.435886 437.333476 225.32283 56.336621
2012_07_27_16_24_03_642396003  2601.000 16 6 95.000000 95.000000 0.000000 0.000000 0.0392783125 31.3686693125 18.153753625 4.2986413125 27.486192375 14.192132375 3.4146106875 501.898709 290.460058 68.778261 439.779078 227.074118 54.633771
2012_07_27_16_24_10_011670135  2601.000 16 4 95.000000 95.000000 0.000000 0.000000 0.0350570625 28.5456244375 15.3278574375 4.2501405625 23.10604275 9.833376125 3.0424184375 456.729991 245.245719 68.002249 369.696684 157.334018 48.678695
2012_07_27_16_24_15_511788158  2601.000 32 16 95.000000 95.000000 0.000000 0.000000 0.0247841875 28.33583575 15.1192880625 3.9922545 18.84443365625 5.5437548125 2.665945125 906.746744 483.817218 127.752144 603.021877 177.400154 85.310244
2012_07_27_16_24_21_832903214  2601.000 32 14 95.000000 95.000000 0.000000 0.000000 0.021686625 28.43245496875 15.13763696875 4.1347313125 19.4415205 6.13644765625 2.699672875 909.838559 484.404383 132.311402 622.128656 196.366325 86.389532
2012_07_27_16_24_27_600585565  2601.000 32 12 95.000000 95.000000 0.000000 0.000000 0.02499365625 28.5301504375 15.3421916875 4.1572514375 19.29377409375 6.01396228125 2.81359540625 912.964814 490.950134 133.032046 617.400771 192.446793 90.035053
2012_07_27_16_24_33_096870419  2601.000 32 10 95.000000 95.000000 0.000000 0.000000 0.03472425 28.58504071875 15.32317884375 4.0837030625 18.43547396875 5.1414326875 2.6108053125 914.721303 490.341723 130.678498 589.935167 164.525846 83.54577
2012_07_27_16_24_39_025612020  2601.000 32 8 95.000000 95.000000 0.000000 0.000000 0.030709375 28.839109 15.6008438125 4.13361840625 18.83574853125 5.53268259375 2.73453625 922.851488 499.227002 132.275789 602.743953 177.045843 87.50516
2012_07_27_16_24_44_730879173  2601.000 32 6 95.000000 95.000000 0.000000 0.000000 0.0169466875 28.61652825 15.43866396875 4.1822341875 19.1710463125 5.95205834375 2.871363 915.728904 494.037247 133.831494 613.473482 190.465867 91.883616
2012_07_27_16_24_50_827600157  2601.000 32 4 95.000000 95.000000 0.000000 0.000000 0.01858171875 28.9840958125 15.79282534375 4.09528246875 18.609037125 5.294826 2.876363375 927.491066 505.370411 131.049039 595.489188 169.434432 92.043628
