id freq nodes cores pkg-clamp-0 pkg-clamp-1 dram-clamp-0 dram-clamp-1 avg-time avg-pkg-0 avg-pp0-0 avg-dram-0 avg-pkg-1 avg-pp0-1 avg-dram-1 tot-pkg-0 tot-pp0-0 tot-dram-0 tot-pkg-1 tot-pp0-1 tot-dram-1
2012_07_27_09_43_01_961732324  2601.000 8 16 115.000000 115.000000 0.000000 0.000000 25.33731975 50.769017375 37.275447875 6.806694125 50.754160625 37.14804 7.009293875 406.152139 298.203583 54.453553 406.033285 297.18432 56.074351
2012_07_27_09_43_34_649058405  2601.000 8 14 115.000000 115.000000 0.000000 0.000000 24.973941 50.8322205 37.320827125 6.858049875 50.818629875 37.181499375 6.9562855 406.657764 298.566617 54.864399 406.549039 297.451995 55.650284
2012_07_27_09_44_06_234055858  2601.000 8 12 115.000000 115.000000 0.000000 0.000000 29.158634 50.76791525 37.2473255 6.75242775 50.7603855 37.302478625 6.39952 406.143322 297.978604 54.019422 406.083084 298.419829 51.19616
2012_07_27_09_44_41_840433889  2601.000 8 10 115.000000 115.000000 0.000000 0.000000 29.888724 50.34522775 36.843255875 6.5641895 50.533269875 37.033398625 6.552240875 402.761822 294.746047 52.513516 404.266159 296.267189 52.417927
2012_07_27_09_45_18_060531074  2601.000 8 8 115.000000 115.000000 0.000000 0.000000 33.1746815 48.67576225 35.211635375 6.350009375 49.62225725 36.192236125 6.15717225 389.406098 281.693083 50.800075 396.978058 289.537889 49.257378
2012_07_27_09_45_57_883833584  2601.000 8 6 115.000000 115.000000 0.000000 0.000000 38.13779875 43.703394375 30.306533625 6.120693 43.705535125 30.32663075 6.141951 349.627155 242.452269 48.965544 349.644281 242.613046 49.135608
2012_07_27_09_46_43_347649531  2601.000 8 4 115.000000 115.000000 0.000000 0.000000 52.735732625 36.905225125 23.6544575 5.93461025 37.50272225 24.137507875 6.02294825 295.241801 189.23566 47.476882 300.021778 193.100063 48.183586
2012_07_27_09_47_43_391901916  2601.000 16 16 115.000000 115.000000 0.000000 0.000000 13.6581838125 50.7102404375 37.177507 6.327349875 50.746619375 37.2335445 6.2366998125 811.363847 594.840112 101.237598 811.94591 595.736712 99.787197
2012_07_27_09_48_04_726387618  2601.000 16 14 115.000000 115.000000 0.000000 0.000000 14.014735 50.5049186875 36.9239175625 6.581670125 50.624798375 37.128968125 6.0536039375 808.078699 590.782681 105.306722 809.996774 594.06349 96.857663
2012_07_27_09_48_26_233369642  2601.000 16 12 115.000000 115.000000 0.000000 0.000000 15.502986875 50.7602735625 37.251726125 6.219137875 50.756116125 37.3094519375 6.002841375 812.164377 596.027618 99.506206 812.097858 596.951231 96.045462
2012_07_27_09_48_48_632255053  2601.000 16 10 115.000000 115.000000 0.000000 0.000000 14.9024450625 50.473926125 36.96134375 6.087662 50.6487140625 37.164315375 6.20827475 807.582818 591.3815 97.402592 810.379425 594.629046 99.332396
2012_07_27_09_49_10_548359042  2601.000 16 8 115.000000 115.000000 0.000000 0.000000 18.0608625625 46.697260375 33.261013375 5.8747525625 49.444486875 36.0602605 5.821840625 747.156166 532.176214 93.996041 791.11179 576.964168 93.14945
2012_07_27_09_49_35_885945613  2601.000 16 6 115.000000 115.000000 0.000000 0.000000 19.4145559375 43.415886875 30.0189845625 5.68800125 43.5159379375 30.16262 5.765692875 694.65419 480.303753 91.00802 696.255007 482.60192 92.251086
2012_07_27_09_50_02_231491402  2601.000 16 4 115.000000 115.000000 0.000000 0.000000 26.6114679375 35.9901079375 22.6793983125 5.579538375 38.2261909375 24.9113051875 5.64039475 575.841727 362.870373 89.272614 611.619055 398.580883 90.246316
2012_07_27_09_50_35_806839061  2601.000 32 16 115.000000 115.000000 0.000000 0.000000 8.12854525 50.55997834375 37.14494965625 5.6077899375 50.5729659375 37.1739034375 5.3295861875 1617.919307 1188.638389 179.449278 1618.33491 1189.56491 170.546758
2012_07_27_09_50_52_401859744  2601.000 32 14 115.000000 115.000000 0.000000 0.000000 7.09488790625 50.80385496875 37.3429 5.59649234375 50.769375125 37.300284 5.95077075 1625.723359 1194.9728 179.087755 1624.620004 1193.609088 190.424664
2012_07_27_09_51_06_448015413  2601.000 32 12 115.000000 115.000000 0.000000 0.000000 8.65185834375 50.74450025 37.33751390625 5.51446746875 50.393210875 37.03825315625 5.4829685 1623.824008 1194.800445 176.462959 1612.582748 1185.224101 175.454992
2012_07_27_09_51_22_055484166  2601.000 32 10 115.000000 115.000000 0.000000 0.000000 8.33035159375 50.456784875 37.0340725625 5.5064505 49.72524459375 36.362213625 5.4469375625 1614.617116 1185.090322 176.206416 1591.207827 1163.590836 174.302002
2012_07_27_09_51_37_459395490  2601.000 32 8 115.000000 115.000000 0.000000 0.000000 9.37027128125 48.77820725 35.393979125 5.53725740625 47.19559946875 33.89042971875 5.2492895625 1560.902632 1132.607332 177.192237 1510.259183 1084.493751 167.977266
2012_07_27_09_51_53_990462385  2601.000 32 6 115.000000 115.000000 0.000000 0.000000 10.0297219375 42.5561023125 29.20264878125 5.34862609375 43.80540921875 30.5258620625 5.24345709375 1361.795274 934.484761 171.156035 1401.773095 976.827586 167.790627
2012_07_27_09_52_10_500862804  2601.000 32 4 115.000000 115.000000 0.000000 0.000000 13.60888296875 35.24501290625 21.96494684375 5.26978578125 38.64899946875 25.39192271875 5.27657575 1127.840413 702.878299 168.633145 1236.767983 812.541527 168.850424
2012_07_27_15_40_57_692956823  2601.000 8 16 51.000000 51.000000 0.000000 0.000000 25.607759375 50.7540135 37.2593235 6.40126225 50.744258625 37.125715 7.0985175 406.032108 298.074588 51.210098 405.954069 297.00572 56.78814
2012_07_27_15_41_29_868739443  2601.000 8 14 51.000000 51.000000 0.000000 0.000000 25.072681625 50.812613625 37.294125125 6.56231675 50.811842625 37.16516725 6.95904325 406.500909 298.353001 52.498534 406.494741 297.321338 55.672346
2012_07_27_15_42_00_984164701  2601.000 8 12 51.000000 51.000000 0.000000 0.000000 29.91236025 50.57785125 37.04264775 6.8009015 50.790933875 37.297487 6.582917875 404.62281 296.341182 54.407212 406.327471 298.379896 52.663343
2012_07_27_15_42_36_696864852  2601.000 8 10 51.000000 51.000000 0.000000 0.000000 27.96688475 50.713828375 37.216992125 6.581320875 50.736635375 37.1895025 6.7375115 405.710627 297.735937 52.650567 405.893083 297.51602 53.900092
2012_07_27_15_43_11_071203360  2601.000 8 8 51.000000 51.000000 0.000000 0.000000 32.839140875 48.90186225 35.4485635 6.0250995 49.181601875 35.695917375 6.312177875 391.214898 283.588508 48.200796 393.452815 285.567339 50.497423
2012_07_27_15_43_50_474445487  2601.000 8 6 51.000000 51.000000 0.000000 0.000000 37.939934625 43.267105 29.87941225 5.858845875 43.881630875 30.432109625 6.413733625 346.13684 239.035298 46.870767 351.053047 243.456877 51.309869
2012_07_27_15_44_34_779013598  2601.000 8 4 51.000000 51.000000 0.000000 0.000000 52.669237 36.59745075 23.323888375 5.50112325 37.539609625 24.1379285 6.25920875 292.779606 186.591107 44.008986 300.316877 193.103428 50.07367
2012_07_27_15_45_33_952603014  2601.000 16 16 51.000000 51.000000 0.000000 0.000000 14.3750065 50.2874356875 36.8148016875 5.884938 50.50243025 36.966300875 6.18764225 804.598971 589.036827 94.159008 808.038884 591.460814 99.002276
2012_07_27_15_45_55_158014517  2601.000 16 14 51.000000 51.000000 0.000000 0.000000 13.71067575 50.62679175 37.0748629375 6.1879483125 50.6517414375 37.121393125 6.035625875 810.028668 593.197807 99.007173 810.427863 593.94229 96.570014
2012_07_27_15_46_16_028934386  2601.000 16 12 51.000000 51.000000 0.000000 0.000000 16.4978686875 50.7152125625 37.2877279375 5.6081416875 50.6345949375 37.1408675 5.982266 811.443401 596.603647 89.730267 810.153519 594.25388 95.716256
2012_07_27_15_46_38_891457461  2601.000 16 10 51.000000 51.000000 0.000000 0.000000 15.0139736875 50.6360083125 37.1534221875 5.9584859375 50.6551655625 37.178296875 5.9775251875 810.176133 594.454755 95.335775 810.482649 594.85275 95.640403
2012_07_27_15_47_00_634638974  2601.000 16 8 51.000000 51.000000 0.000000 0.000000 17.15533325 47.7717641875 34.3278085625 5.69705525 48.965262625 35.5498043125 5.721337875 764.348227 549.244937 91.152884 783.444202 568.796869 91.541406
2012_07_27_15_47_24_563609195  2601.000 16 6 51.000000 51.000000 0.000000 0.000000 19.3217895 42.905436375 29.503637375 5.5202354375 43.603766625 30.2351560625 5.7712270625 686.486982 472.058198 88.323767 697.660266 483.762497 92.339633
2012_07_27_15_47_50_740483510  2601.000 16 4 51.000000 51.000000 0.000000 0.000000 26.6798240625 36.30109775 23.0078806875 5.309009 37.5756005625 24.2298346875 5.6614794375 580.817564 368.126091 84.944144 601.209609 387.677355 90.583671
2012_07_27_15_48_24_095886626  2601.000 32 16 51.000000 51.000000 0.000000 0.000000 9.4331443125 49.2913195 35.89457815625 5.49268984375 49.69540871875 36.31481090625 5.1594379375 1577.322224 1148.626501 175.766075 1590.253079 1162.073949 165.102014
2012_07_27_15_48_41_733364240  2601.000 32 14 51.000000 51.000000 0.000000 0.000000 7.286922875 50.80278865625 37.3533375625 5.737210625 50.7702230625 37.31629796875 5.89963215625 1625.689237 1195.306802 183.59074 1624.647138 1194.121535 188.788229
2012_07_27_15_48_55_836124260  2601.000 32 12 51.000000 51.000000 0.000000 0.000000 8.07484846875 50.756667125 37.343740375 5.74888628125 50.65823540625 37.2886953125 5.69188309375 1624.213348 1194.999692 183.964361 1621.063533 1193.23825 182.140259
2012_07_27_15_49_11_003670930  2601.000 32 10 51.000000 51.000000 0.000000 0.000000 8.16934765625 50.20286490625 36.808150125 5.615060625 50.17826071875 36.7993949375 5.8001555 1606.491677 1177.860804 179.68194 1605.704343 1177.580638 185.604976
2012_07_27_15_49_26_408233772  2601.000 32 8 51.000000 51.000000 0.000000 0.000000 9.12594646875 48.48164690625 35.1070173125 5.5330501875 48.02881428125 34.72220309375 5.32937309375 1551.412701 1123.424554 177.057606 1536.922057 1111.110499 170.539939
2012_07_27_15_49_42_715419030  2601.000 32 6 51.000000 51.000000 0.000000 0.000000 10.22468659375 42.4654739375 29.13421171875 5.52828696875 43.45420921875 30.16470503125 5.463597375 1358.895166 932.294775 176.905183 1390.534695 965.270561 174.835116
2012_07_27_15_50_00_065202179  2601.000 32 4 51.000000 51.000000 0.000000 0.000000 13.604137875 35.56907209375 22.303411 5.389090875 38.28060715625 25.02195290625 5.308926625 1138.210307 713.709152 172.450908 1224.979429 800.702493 169.885652
2012_07_27_15_50_20_944302209  2601.000 8 16 65.000000 65.000000 0.000000 0.000000 21.87585525 64.517012375 50.8015885 7.034425125 64.603725875 50.92758125 6.771758 516.136099 406.412708 56.275401 516.829807 407.42065 54.174064
2012_07_27_15_50_49_197412000  2601.000 8 14 65.000000 65.000000 0.000000 0.000000 21.885354875 63.889317375 50.30333625 6.563309375 62.91446625 49.16082925 7.108127375 511.114539 402.42669 52.506475 503.31573 393.286634 56.865019
2012_07_27_15_51_17_474248745  2601.000 8 12 65.000000 65.000000 0.000000 0.000000 24.455904375 62.14503275 48.561008125 6.746849 60.972115 47.382015125 6.563863 497.160262 388.488065 53.974792 487.77692 379.056121 52.510904
2012_07_27_15_51_48_310534145  2601.000 8 10 65.000000 65.000000 0.000000 0.000000 25.379943125 56.7815565 43.24369225 6.281218375 55.85792 42.2524785 6.86811625 454.252452 345.949538 50.249747 446.86336 338.019828 54.94493
2012_07_27_15_52_20_210366536  2601.000 8 8 65.000000 65.000000 0.000000 0.000000 31.18275875 49.7176035 36.22033025 6.302813125 49.79810175 36.338501875 6.18238325 397.740828 289.762642 50.422505 398.384814 290.708015 49.459066
2012_07_27_15_52_57_900637454  2601.000 8 6 65.000000 65.000000 0.000000 0.000000 37.8677795 43.25158325 29.826186 5.893237375 43.81475825 30.40610625 6.05638075 346.012666 238.609488 47.145899 350.518066 243.24885 48.451046
2012_07_27_15_53_41_749422155  2601.000 8 4 65.000000 65.000000 0.000000 0.000000 52.607586125 37.193623375 23.89281975 5.642236875 37.123891 23.7481685 6.091459125 297.548987 191.142558 45.137895 296.991128 189.985348 48.731673
2012_07_27_15_54_39_795944093  2601.000 16 16 65.000000 65.000000 0.000000 0.000000 12.6097729375 63.0916348125 49.45190025 6.3929646875 63.59209875 50.046663 5.9363433125 1009.466157 791.230404 102.287435 1017.47358 800.746608 94.981493
2012_07_27_15_54_57_966398577  2601.000 16 14 65.000000 65.000000 0.000000 0.000000 10.98711525 64.2523895625 50.636704 6.401581375 63.89774375 50.261016375 6.4527758125 1028.038233 810.187264 102.425302 1022.3639 804.176262 103.244413
2012_07_27_15_55_14_780946612  2601.000 16 12 65.000000 65.000000 0.000000 0.000000 13.2491136875 60.8373641875 47.3323465625 5.929511875 59.51924425 45.95954275 6.234969125 973.397827 757.317545 94.87219 952.307908 735.352684 99.759506
2012_07_27_15_55_33_509700487  2601.000 16 10 65.000000 65.000000 0.000000 0.000000 13.0603708125 56.674868125 43.1484954375 6.0165745625 55.220378375 41.674783375 6.3748095 906.79789 690.375927 96.265193 883.526054 666.796534 101.996952
2012_07_27_15_55_52_073113037  2601.000 16 8 65.000000 65.000000 0.000000 0.000000 15.8599305 50.1346291875 36.679426 5.778830875 48.7520475 35.3020031875 5.8789171875 802.154067 586.870816 92.461294 780.03276 564.832051 94.062675
2012_07_27_15_56_13_453400192  2601.000 16 6 65.000000 65.000000 0.000000 0.000000 19.373861 42.9012761875 29.4993313125 5.54822475 43.5868973125 30.200508875 5.7365025625 686.420419 471.989301 88.771596 697.390357 483.208142 91.784041
2012_07_27_15_56_38_505527210  2601.000 16 4 65.000000 65.000000 0.000000 0.000000 26.5696433125 36.0456400625 22.7476515 5.206679875 37.7671800625 24.42627125 5.598764125 576.730241 363.962424 83.306878 604.274881 390.82034 89.580226
2012_07_27_15_57_10_798301145  2601.000 32 16 65.000000 65.000000 0.000000 0.000000 8.88479115625 61.01741934375 47.58318465625 5.4653735625 62.1204896875 48.7257874375 4.75028521875 1952.557419 1522.661909 174.891954 1987.85567 1559.225198 152.009127
2012_07_27_15_57_27_210554320  2601.000 32 14 65.000000 65.000000 0.000000 0.000000 5.9191381875 63.83431496875 50.29246175 6.067756 63.1933709375 49.71323728125 5.86622175 2042.698079 1609.358776 194.168192 2022.18787 1590.823593 187.719096
2012_07_27_15_57_40_546615185  2601.000 32 12 65.000000 65.000000 0.000000 0.000000 7.39065684375 60.20956575 46.76434709375 5.7380076875 58.99684646875 45.600741375 5.5719006875 1926.706104 1496.459107 183.616246 1887.899087 1459.223724 178.300822
2012_07_27_15_57_55_413812592  2601.000 32 10 65.000000 65.000000 0.000000 0.000000 6.8904775 55.5939643125 42.1295665 5.805529 55.23275625 41.83515346875 5.66706971875 1779.006858 1348.146128 185.776928 1767.4482 1338.724911 181.346231
2012_07_27_15_58_09_653914730  2601.000 32 8 65.000000 65.000000 0.000000 0.000000 8.3223433125 49.62674240625 36.23866715625 5.55863103125 48.6358420625 35.30676671875 5.55227190625 1588.055757 1159.637349 177.876193 1556.346946 1129.816535 177.672701
2012_07_27_15_58_25_472715933  2601.000 32 6 65.000000 65.000000 0.000000 0.000000 10.087780625 42.8467628125 29.510712875 5.52447734375 43.28998803125 30.00379975 5.496689125 1371.09641 944.342812 176.783275 1385.279617 960.121592 175.894052
2012_07_27_15_58_42_973182332  2601.000 32 4 65.000000 65.000000 0.000000 0.000000 13.56507759375 35.34721759375 22.07928878125 5.41498534375 38.4369169375 25.17954134375 5.3211500625 1131.110963 706.537241 173.279531 1229.981342 805.745323 170.276802
2012_07_27_15_59_04_093153168  2601.000 8 16 80.000000 80.000000 0.000000 0.000000 19.24811675 74.01311275 60.3175825 6.82641425 74.7413375 60.956095375 7.219268375 592.104902 482.54066 54.611314 597.9307 487.648763 57.754147
2012_07_27_15_59_28_732760097  2601.000 8 14 80.000000 80.000000 0.000000 0.000000 18.878492 70.29397625 56.63309325 6.78505625 69.037728 55.244853625 7.387192 562.35181 453.064746 54.28045 552.301824 441.958829 59.097536
2012_07_27_15_59_53_010607090  2601.000 8 12 80.000000 80.000000 0.000000 0.000000 24.028741 64.397963875 50.837255375 6.53165 59.951227875 46.3088135 7.1372805 515.183711 406.698043 52.2532 479.609823 370.470508 57.098244
2012_07_27_16_00_23_135927760  2601.000 8 10 80.000000 80.000000 0.000000 0.000000 24.75035075 57.448891 43.937229625 6.321060875 55.8355185 42.201167125 7.009790625 459.591128 351.497837 50.568487 446.684148 337.609337 56.078325
2012_07_27_16_00_53_290652821  2601.000 8 8 80.000000 80.000000 0.000000 0.000000 31.132302125 49.103427625 35.610919125 6.1200645 50.561690875 37.078251125 6.489336625 392.827421 284.887353 48.960516 404.493527 296.626009 51.914693
2012_07_27_16_01_29_739080699  2601.000 8 6 80.000000 80.000000 0.000000 0.000000 38.029934625 42.98271775 29.556540375 5.860114625 44.08089275 30.67530125 6.188375 343.861742 236.452323 46.880917 352.647142 245.40241 49.507
2012_07_27_16_02_13_175763917  2601.000 8 4 80.000000 80.000000 0.000000 0.000000 52.718412125 36.837182 23.537595125 5.6367655 37.473481625 24.093746875 6.128909625 294.697456 188.300761 45.094124 299.787853 192.749975 49.031277
2012_07_27_16_03_11_235314158  2601.000 16 16 80.000000 80.000000 0.000000 0.000000 11.5555400625 70.3454068125 56.7283965625 6.297118875 71.694416 58.0636965625 6.1923089375 1125.526509 907.654345 100.753902 1147.110656 929.019145 99.076943
2012_07_27_16_03_28_365534955  2601.000 16 14 80.000000 80.000000 0.000000 0.000000 10.252189125 68.3869265 54.7433980625 6.4361670625 68.2827119375 54.5991490625 6.79472225 1094.190824 875.894369 102.978673 1092.523391 873.586385 108.715556
2012_07_27_16_03_44_070896577  2601.000 16 12 80.000000 80.000000 0.000000 0.000000 12.2610960625 62.156975 48.5898255625 6.2317369375 61.119889625 47.5550221875 6.3526035625 994.5116 777.437209 99.707791 977.918234 760.880355 101.641657
2012_07_27_16_04_01_756712948  2601.000 16 10 80.000000 80.000000 0.000000 0.000000 13.08269075 55.613055625 42.092034 5.962180875 56.210736875 42.6447139375 6.347704375 889.80889 673.472544 95.394894 899.37179 682.315423 101.56327
2012_07_27_16_04_20_245144721  2601.000 16 8 80.000000 80.000000 0.000000 0.000000 16.0185478125 49.4667080625 35.9908103125 5.825868 49.161096875 35.7343026875 5.8720265625 791.467329 575.852965 93.213888 786.57755 571.748843 93.952425
2012_07_27_16_04_41_799794824  2601.000 16 6 80.000000 80.000000 0.000000 0.000000 19.419881875 43.355990625 29.9465173125 5.4935816875 43.310681375 29.9343590625 5.7405158125 693.69585 479.144277 87.897307 692.970902 478.949745 91.848253
2012_07_27_16_05_06_768693439  2601.000 16 4 80.000000 80.000000 0.000000 0.000000 26.5506204375 35.9585678125 22.65307025 5.3030384375 37.9031528125 24.5649055 5.58255275 575.337085 362.449124 84.848615 606.450445 393.038488 89.320844
2012_07_27_16_05_38_656820029  2601.000 32 16 80.000000 80.000000 0.000000 0.000000 5.97971028125 71.29776865625 57.75914915625 6.0116613125 71.57037290625 58.0723718125 5.73406434375 2281.528597 1848.292773 192.373162 2290.251933 1858.315898 183.490059
2012_07_27_16_05_51_818781724  2601.000 32 14 80.000000 80.000000 0.000000 0.000000 5.56922334375 69.70590521875 56.1463468125 6.14933975 65.066969125 51.5601926875 5.88686921875 2230.588967 1796.683098 196.778872 2082.143012 1649.926166 188.379815
2012_07_27_16_06_04_890250806  2601.000 32 12 80.000000 80.000000 0.000000 0.000000 6.78327059375 61.45507209375 47.9946319375 5.90856315625 59.98748134375 46.59133759375 5.6258406875 1966.562307 1535.828222 189.074021 1919.599403 1490.922803 180.026902
2012_07_27_16_06_19_039919322  2601.000 32 10 80.000000 80.000000 0.000000 0.000000 6.86810575 55.15777996875 41.6955140625 5.91043196875 55.73649615625 42.33568890625 5.79037284375 1765.048959 1334.25645 189.133823 1783.567877 1354.742045 185.291931
2012_07_27_16_06_33_363433392  2601.000 32 8 80.000000 80.000000 0.000000 0.000000 8.4453906875 49.20813209375 35.82323509375 5.602092875 48.8569301875 35.53225615625 5.45554025 1574.660227 1146.343523 179.266972 1563.421766 1137.032197 174.577288
2012_07_27_16_06_48_999486539  2601.000 32 6 80.000000 80.000000 0.000000 0.000000 10.12783640625 42.08364903125 28.74598928125 5.5304161875 44.0550465 30.77226684375 5.40717303125 1346.676769 919.871657 176.973318 1409.761488 984.712539 173.029537
2012_07_27_16_07_06_391536022  2601.000 32 4 80.000000 80.000000 0.000000 0.000000 13.6065858125 35.063591875 21.79411096875 5.35847975 38.71964159375 25.45995059375 5.350775125 1122.03494 697.411551 171.471352 1239.028531 814.718419 171.224804
2012_07_27_16_07_27_360862419  2601.000 8 16 95.000000 95.000000 0.000000 0.000000 18.3425015 74.795244375 61.033768625 7.335286 75.616379625 61.862909375 7.28506375 598.361955 488.270149 58.682288 604.931037 494.903275 58.28051
2012_07_27_16_07_50_983166931  2601.000 8 14 95.000000 95.000000 0.000000 0.000000 18.93959525 71.876213625 58.15223575 6.736852375 67.5238455 53.77700575 7.168819875 575.009709 465.217886 53.894819 540.190764 430.216046 57.350559
2012_07_27_16_08_15_210765512  2601.000 8 12 95.000000 95.000000 0.000000 0.000000 23.818669625 62.4931905 48.94572175 6.565253375 61.681616 48.068951625 7.007719125 499.945524 391.565774 52.522027 493.452928 384.551613 56.061753
2012_07_27_16_08_44_460937263  2601.000 8 10 95.000000 95.000000 0.000000 0.000000 25.37298525 56.1114495 42.521184875 6.6683055 56.57029775 43.025381 6.422506625 448.891596 340.169479 53.346444 452.562382 344.203048 51.380053
2012_07_27_16_09_15_303654564  2601.000 8 8 95.000000 95.000000 0.000000 0.000000 31.11680575 48.48437925 34.958327375 6.541708 51.311938125 37.846839375 6.267609375 387.875034 279.666619 52.333664 410.495505 302.774715 50.140875
2012_07_27_16_09_51_767246375  2601.000 8 6 95.000000 95.000000 0.000000 0.000000 37.948608375 43.04552175 29.642335 5.720834125 44.049361625 30.607652125 6.250134125 344.364174 237.13868 45.766673 352.394893 244.861217 50.001073
2012_07_27_16_10_35_031534840  2601.000 8 4 95.000000 95.000000 0.000000 0.000000 52.69459825 35.607642625 22.331566625 5.5483015 38.64974375 25.24963925 6.246175125 284.861141 178.652533 44.386412 309.19795 201.997114 49.969401
2012_07_27_16_11_33_070872496  2601.000 16 16 95.000000 95.000000 0.000000 0.000000 10.34793425 72.7304036875 59.074007125 6.4638171875 73.4488180625 59.7892139375 6.4950063125 1163.686459 945.184114 103.421075 1175.181089 956.627423 103.920101
2012_07_27_16_11_49_309404659  2601.000 16 14 95.000000 95.000000 0.000000 0.000000 9.92948575 70.0698630625 56.4070661875 6.2897366875 67.32350775 53.6010634375 6.798647 1121.117809 902.513059 100.635787 1077.176124 857.617015 108.778352
2012_07_27_16_12_05_314204031  2601.000 16 12 95.000000 95.000000 0.000000 0.000000 12.5013955 62.978420625 49.4515459375 5.90523875 59.6851654375 46.1214061875 6.282917125 1007.65473 791.224735 94.48382 954.962647 737.942499 100.526674
2012_07_27_16_12_24_116227791  2601.000 16 10 95.000000 95.000000 0.000000 0.000000 12.9980265625 53.4017571875 39.829084 6.163164625 58.5646833125 45.0319705625 6.1468660625 854.428115 637.265344 98.610634 937.034933 720.511529 98.349857
2012_07_27_16_12_43_328610610  2601.000 16 8 95.000000 95.000000 0.000000 0.000000 16.0130556875 49.8878269375 36.426267375 5.7337278125 48.79406275 35.36432625 5.99126575 798.205231 582.820278 91.739645 780.705004 565.82922 95.860252
2012_07_27_16_13_05_787298952  2601.000 16 6 95.000000 95.000000 0.000000 0.000000 19.2808935 42.319518125 28.9359184375 5.427896375 44.258988625 30.8702111875 5.9164304375 677.11229 462.974695 86.846342 708.143818 493.923379 94.662887
2012_07_27_16_13_31_147314689  2601.000 16 4 95.000000 95.000000 0.000000 0.000000 26.6245680625 36.1079661875 22.8042700625 5.2880639375 37.718920875 24.377198625 5.67159475 577.727459 364.868321 84.609023 603.502734 390.035178 90.745516
2012_07_27_16_14_04_147971102  2601.000 32 16 95.000000 95.000000 0.000000 0.000000 6.238145125 69.947478375 56.400387125 6.082498 70.82595665625 57.3528109375 5.5772365 2238.319308 1804.812388 194.639936 2266.430613 1835.28995 178.471568
2012_07_27_16_14_18_129404752  2601.000 32 14 95.000000 95.000000 0.000000 0.000000 5.3031198125 70.45200375 56.9177340625 5.9539395625 65.61976634375 52.0525679375 6.25256459375 2254.46412 1821.36749 190.526066 2099.832523 1665.682174 200.082067
2012_07_27_16_14_30_936949642  2601.000 32 12 95.000000 95.000000 0.000000 0.000000 6.698938625 62.19322734375 48.7364595625 5.9217955 59.44674071875 46.02657725 5.66968428125 1990.183275 1559.566706 189.497456 1902.295703 1472.850472 181.429897
2012_07_27_16_14_44_859603458  2601.000 32 10 95.000000 95.000000 0.000000 0.000000 6.7978875 54.9983040625 41.52905178125 5.7744061875 56.3233035625 42.90007140625 5.9075518125 1759.94573 1328.929657 184.780998 1802.345714 1372.802285 189.041658
2012_07_27_16_14_58_724701092  2601.000 32 8 95.000000 95.000000 0.000000 0.000000 8.46681828125 49.06003025 35.68409090625 5.6084669375 48.891408 35.572260375 5.3840465625 1569.920968 1141.890909 179.470942 1564.525056 1138.312332 172.28949
2012_07_27_16_15_14_110054193  2601.000 32 6 95.000000 95.000000 0.000000 0.000000 10.08944746875 42.6529786875 29.313449375 5.53301290625 43.440392 30.15557665625 5.37992128125 1364.895318 938.03038 177.056413 1390.092544 964.978453 172.157481
2012_07_27_16_15_31_024194529  2601.000 32 4 95.000000 95.000000 0.000000 0.000000 13.59057015625 35.57772634375 22.30364528125 5.34196421875 38.06762709375 24.813886125 5.27799428125 1138.487243 713.716649 170.942855 1218.164067 794.044356 168.895817
