id freq nodes cores pkg-clamp-0 pkg-clamp-1 dram-clamp-0 dram-clamp-1 avg-time avg-pkg-0 avg-pp0-0 avg-dram-0 avg-pkg-1 avg-pp0-1 avg-dram-1 tot-pkg-0 tot-pp0-0 tot-dram-0 tot-pkg-1 tot-pp0-1 tot-dram-1
2012_07_27_12_30_37_204731821  2601.000 8 16 115.000000 115.000000 0.000000 0.000000 42.072113625 50.775637125 36.965963875 7.79325775 50.785986625 37.113488125 7.27311975 406.205097 295.727711 62.346062 406.287893 296.907905 58.184958
2012_07_27_12_31_26_802165234  2601.000 8 14 115.000000 115.000000 0.000000 0.000000 40.092204875 50.73992475 36.856123875 7.984886125 50.761499 37.060302625 7.4622375 405.919398 294.848991 63.879089 406.091992 296.482421 59.6979
2012_07_27_12_32_13_333266796  2601.000 8 12 115.000000 115.000000 0.000000 0.000000 39.22432475 50.178066625 36.22216 8.31057175 50.6271815 36.790129125 7.99345175 401.424533 289.77728 66.484574 405.017452 294.321033 63.947614
2012_07_27_12_32_58_822306753  2601.000 8 10 115.000000 115.000000 0.000000 0.000000 37.33886675 48.94520875 34.863003625 8.429192875 50.068723625 36.27750625 7.578938 391.56167 278.904029 67.433543 400.549789 290.22005 60.631504
2012_07_27_12_33_42_698245927  2601.000 8 8 115.000000 115.000000 0.000000 0.000000 36.348312 46.425673 32.5352375 7.896685 46.63027975 32.73600775 8.090405625 371.405384 260.2819 63.17348 373.042238 261.888062 64.723245
2012_07_27_12_34_25_570038591  2601.000 8 6 115.000000 115.000000 0.000000 0.000000 43.977673125 40.376975375 26.621731 7.541844 40.999078 27.332347375 7.45086475 323.015803 212.973848 60.334752 327.992624 218.658779 59.606918
2012_07_27_12_35_16_276275233  2601.000 8 4 115.000000 115.000000 0.000000 0.000000 45.15352025 34.97675375 21.40033 6.95111025 36.371071875 22.720387875 7.45089525 279.81403 171.20264 55.608882 290.968575 181.763103 59.607162
2012_07_27_12_36_06_739861211  2601.000 16 16 115.000000 115.000000 0.000000 0.000000 22.1373046875 50.6350850625 36.811618875 7.7562246875 50.6755546875 37.015640125 7.12229625 810.161361 588.985902 124.099595 810.808875 592.250242 113.95674
2012_07_27_12_36_35_413706102  2601.000 16 14 115.000000 115.000000 0.000000 0.000000 21.260032 50.4288850625 36.527855875 7.947602125 50.5610295625 36.847304 7.2031869375 806.862161 584.445694 127.161634 808.976473 589.556864 115.250991
2012_07_27_12_37_02_283235973  2601.000 16 12 115.000000 115.000000 0.000000 0.000000 19.845818 50.60506075 36.6856414375 8.057479 50.4283241875 36.661574125 7.4221994375 809.680972 586.970263 128.919664 806.853187 586.585186 118.755191
2012_07_27_12_37_28_055451140  2601.000 16 10 115.000000 115.000000 0.000000 0.000000 19.421326875 49.7567084375 35.8946365 7.653560375 50.208075625 36.369664375 7.7406895625 796.107335 574.314184 122.456966 803.32921 581.91463 123.851033
2012_07_27_12_37_53_216172628  2601.000 16 8 115.000000 115.000000 0.000000 0.000000 18.6502809375 46.391609375 32.585596875 7.549746 46.0585323125 32.2916716875 7.56268375 742.26575 521.36955 120.795936 736.936517 516.666747 121.00294
2012_07_27_12_38_17_558638725  2601.000 16 6 115.000000 115.000000 0.000000 0.000000 22.5632108125 40.1641511875 26.501647125 7.2664340625 41.1120761875 27.4413233125 7.2682956875 642.626419 424.026354 116.262945 657.793219 439.061173 116.292731
2012_07_27_12_38_45_729000887  2601.000 16 4 115.000000 115.000000 0.000000 0.000000 22.9672200625 35.1945575 21.66194325 6.8306178125 36.11833875 22.460288 7.43996975 563.11292 346.591092 109.289885 577.89342 359.364608 119.039516
2012_07_27_12_39_14_383522961  2601.000 32 16 115.000000 115.000000 0.000000 0.000000 11.73884815625 50.1814335625 36.454723875 7.47326159375 50.37337909375 36.76230778125 6.759771875 1605.805874 1166.551164 239.144371 1611.948131 1176.393849 216.3127
2012_07_27_12_39_33_230729398  2601.000 32 14 115.000000 115.000000 0.000000 0.000000 10.38357453125 50.70602015625 36.808099 8.0993926875 50.71455121875 37.091647625 6.96294415625 1622.592645 1177.859168 259.180566 1622.865639 1186.932724 222.814213
2012_07_27_12_39_49_307595845  2601.000 32 12 115.000000 115.000000 0.000000 0.000000 10.18156171875 50.095395125 36.19830465625 8.0858273125 50.4756778125 36.90235025 6.7001359375 1603.052644 1158.345749 258.746474 1615.22169 1180.875208 214.40435
2012_07_27_12_40_05_730046005  2601.000 32 10 115.000000 115.000000 0.000000 0.000000 9.7166374375 49.5773815625 35.69330084375 7.95111425 49.98866825 36.28367540625 7.194037625 1586.47621 1142.185627 254.435656 1599.637384 1161.077613 230.209204
2012_07_27_12_40_21_131845158  2601.000 32 8 115.000000 115.000000 0.000000 0.000000 9.2608321875 46.08989678125 32.24847696875 7.8375289375 46.16389809375 32.47299725 7.2081531875 1474.876697 1031.951263 250.800926 1477.244739 1039.135912 230.660902
2012_07_27_12_40_36_498259294  2601.000 32 6 115.000000 115.000000 0.000000 0.000000 11.16426721875 39.79223584375 26.1200553125 7.28862325 40.9319989375 27.386723875 6.7532769375 1273.351547 835.84177 233.235944 1309.823966 876.375164 216.104862
2012_07_27_12_40_54_267548009  2601.000 32 4 115.000000 115.000000 0.000000 0.000000 11.30609328125 34.1557705625 20.65100203125 6.72666309375 36.713372875 23.1654604375 6.8929676875 1092.984658 660.832065 215.253219 1174.827932 741.294734 220.574966
2012_07_27_16_04_57_116051413  2601.000 8 16 51.000000 51.000000 0.000000 0.000000 41.775356125 50.7013515 36.91439725 7.653357625 50.7353365 37.04759925 7.3250755 405.610812 295.315178 61.226861 405.882692 296.380794 58.600604
2012_07_27_16_05_44_846455027  2601.000 8 14 51.000000 51.000000 0.000000 0.000000 40.508999875 50.74391825 36.91178275 7.71557575 50.762985 37.02850075 7.355642875 405.951346 295.294262 61.724606 406.10388 296.228006 58.845143
2012_07_27_16_06_30_765128606  2601.000 8 12 51.000000 51.000000 0.000000 0.000000 38.5029765 50.374386375 36.37709875 8.2030285 50.74676125 37.009577125 7.385860375 402.995091 291.01679 65.624228 405.97409 296.076617 59.086883
2012_07_27_16_07_14_627889858  2601.000 8 10 51.000000 51.000000 0.000000 0.000000 37.311695 50.342067125 36.401822875 8.133437125 50.381739125 36.539227875 7.862891625 402.736537 291.214583 65.067497 403.053913 292.313823 62.903133
2012_07_27_16_07_57_338941155  2601.000 8 8 51.000000 51.000000 0.000000 0.000000 36.216647625 46.018242375 32.111033375 8.03664075 46.116480375 32.214288125 8.05010475 368.145939 256.888267 64.293126 368.931843 257.714305 64.400838
2012_07_27_16_08_38_970475596  2601.000 8 6 51.000000 51.000000 0.000000 0.000000 44.545515125 40.66059625 27.0089555 7.119772125 39.613992625 25.8955315 7.51163625 325.28477 216.071644 56.958177 316.911941 207.164252 60.09309
2012_07_27_16_09_29_923131395  2601.000 8 4 51.000000 51.000000 0.000000 0.000000 45.2115345 34.69474225 21.17916 6.783476625 35.83602525 22.17423075 7.3553645 277.557938 169.43328 54.267813 286.688202 177.393846 58.842916
2012_07_27_16_10_21_553516963  2601.000 16 16 51.000000 51.000000 0.000000 0.000000 21.8009405625 50.7005801875 36.9541049375 7.2228646875 50.710781375 37.071375 7.217480625 811.209283 591.265679 115.565835 811.372502 593.142 115.47969
2012_07_27_16_10_50_701238718  2601.000 16 14 51.000000 51.000000 0.000000 0.000000 20.7078265625 50.75466325 36.9476161875 7.3762639375 50.751953625 36.9864374375 7.511882375 812.074612 591.161859 118.020223 812.031258 591.782999 120.190118
2012_07_27_16_11_18_046469781  2601.000 16 12 51.000000 51.000000 0.000000 0.000000 20.234556 50.3267844375 36.4680833125 7.612454125 50.41569375 36.675497 7.3451675625 805.228551 583.489333 121.799266 806.6511 586.807952 117.522681
2012_07_27_16_11_44_958566750  2601.000 16 10 51.000000 51.000000 0.000000 0.000000 19.1877221875 49.788130125 35.9708001875 7.3022928125 49.480610875 35.7195485625 7.299457125 796.610082 575.532803 116.836685 791.689774 571.512777 116.791314
2012_07_27_16_12_10_000910327  2601.000 16 8 51.000000 51.000000 0.000000 0.000000 18.31454225 46.0111404375 32.14481475 7.51684975 46.034975 32.1353033125 7.985169375 736.178247 514.317036 120.269596 736.5596 514.164853 127.76271
2012_07_27_16_12_34_170302633  2601.000 16 6 51.000000 51.000000 0.000000 0.000000 22.513197875 39.488908875 25.794755 7.0439829375 40.914017625 27.2700711875 7.410118 631.822542 412.71608 112.703727 654.624282 436.321139 118.561888
2012_07_27_16_13_02_303718406  2601.000 16 4 51.000000 51.000000 0.000000 0.000000 22.9224216875 34.581163125 21.06897875 6.47207075 36.011870125 22.3908835 7.2535568125 553.29861 337.10366 103.553132 576.189922 358.254136 116.056909
2012_07_27_16_13_30_661339548  2601.000 32 16 51.000000 51.000000 0.000000 0.000000 11.90780009375 49.244545625 35.59618409375 6.45967296875 49.709173 36.1221544375 6.16239140625 1575.82546 1139.077891 206.709535 1590.693536 1155.908942 197.196525
2012_07_27_16_13_49_874681596  2601.000 32 14 51.000000 51.000000 0.000000 0.000000 10.65208728125 50.39401446875 36.61656525 7.12333653125 50.3847866875 36.76032165625 6.49713478125 1612.608463 1171.730088 227.946769 1612.313174 1176.330293 207.908313
2012_07_27_16_14_06_810596826  2601.000 32 12 51.000000 51.000000 0.000000 0.000000 9.8523579375 50.6234711875 36.83593646875 7.0614348125 50.26023309375 36.60004028125 6.81896225 1619.951078 1178.749967 225.965914 1608.327459 1171.201289 218.206792
2012_07_27_16_14_22_711632011  2601.000 32 10 51.000000 51.000000 0.000000 0.000000 9.60061959375 49.427648125 35.612146 7.2895566875 49.42024746875 35.6629715625 7.07265934375 1581.68474 1139.588672 233.265814 1581.447919 1141.21509 226.325099
2012_07_27_16_14_38_159701275  2601.000 32 8 51.000000 51.000000 0.000000 0.000000 9.36526375 46.16921121875 32.3674506875 7.08272234375 45.39912421875 31.68562084375 6.9507675625 1477.414759 1035.758422 226.647115 1452.771975 1013.939867 222.424562
2012_07_27_16_14_53_639590992  2601.000 32 6 51.000000 51.000000 0.000000 0.000000 11.22831859375 40.272131625 26.60842825 6.7693099375 40.060814875 26.5160286875 6.347078625 1288.708212 851.469704 216.617918 1281.946076 848.512918 203.106516
2012_07_27_16_15_10_989658856  2601.000 32 4 51.000000 51.000000 0.000000 0.000000 11.3017976875 33.92111334375 20.44068225 6.0970910625 36.56684175 23.0164308125 6.5677305 1085.475627 654.101832 195.106914 1170.138936 736.525786 210.167376
2012_07_27_16_15_28_903321291  2601.000 8 16 65.000000 65.000000 0.000000 0.000000 39.522831375 63.775350125 49.832789875 7.99450225 63.992954625 50.26510575 7.25266025 510.202801 398.662319 63.956018 511.943637 402.120846 58.021282
2012_07_27_16_16_15_127223757  2601.000 8 14 65.000000 65.000000 0.000000 0.000000 35.867064375 60.802354125 47.003224 7.56440275 59.591551125 45.868799 7.35754225 486.418833 376.025792 60.515222 476.732409 366.950392 58.860338
2012_07_27_16_16_57_841383083  2601.000 8 12 65.000000 65.000000 0.000000 0.000000 35.145843625 56.9575585 43.17155225 7.447453875 54.959342 41.12041775 7.8148865 455.660468 345.372418 59.579631 439.674736 328.963342 62.519092
2012_07_27_16_17_39_722140245  2601.000 8 10 65.000000 65.000000 0.000000 0.000000 36.507681 52.33596125 38.447188125 7.912679125 49.394283 35.57006575 7.63901275 418.68769 307.577505 63.301433 395.154264 284.560526 61.112102
2012_07_27_16_18_22_786415528  2601.000 8 8 65.000000 65.000000 0.000000 0.000000 34.613289375 46.2108675 32.401505 7.585706875 46.0736695 32.235599 7.946617375 369.68694 259.21204 60.685655 368.589356 257.884792 63.572939
2012_07_27_16_19_04_045687076  2601.000 8 6 65.000000 65.000000 0.000000 0.000000 44.331694125 40.912403125 27.233213125 7.280910625 39.391741625 25.734793125 7.2777715 327.299225 217.865705 58.247285 315.133933 205.878345 58.222172
2012_07_27_16_19_55_136154030  2601.000 8 4 65.000000 65.000000 0.000000 0.000000 45.262191125 34.89603075 21.380312875 6.687181 35.693887875 21.975595125 7.7804025 279.168246 171.042503 53.497448 285.551103 175.804761 62.24322
2012_07_27_16_20_47_191441819  2601.000 16 16 65.000000 65.000000 0.000000 0.000000 22.0471426875 62.0496810625 48.2811114375 7.013763375 63.0001739375 49.379659875 6.59707 992.794897 772.497783 112.220214 1008.002783 790.074558 105.55312
2012_07_27_16_21_15_935988828  2601.000 16 14 65.000000 65.000000 0.000000 0.000000 19.5460053125 60.7824905625 46.741534 8.1086561875 59.543027375 45.8537531875 7.1090171875 972.519849 747.864544 129.738499 952.688438 733.660051 113.744275
2012_07_27_16_21_42_084702559  2601.000 16 12 65.000000 65.000000 0.000000 0.000000 19.195237625 54.9608875 41.044333 7.6257490625 56.0302804375 42.2783511875 7.334800375 879.3742 656.709328 122.011985 896.484487 676.453619 117.356806
2012_07_27_16_22_08_108784716  2601.000 16 10 65.000000 65.000000 0.000000 0.000000 18.7614571875 50.3712416875 36.49014625 7.5524701875 51.4623404375 37.608404375 7.85812475 805.939867 583.84234 120.839523 823.397447 601.73447 125.729996
2012_07_27_16_22_33_648480643  2601.000 16 8 65.000000 65.000000 0.000000 0.000000 18.876897125 45.331439625 31.4699769375 7.551607375 46.5457245625 32.7057715625 7.9335801875 725.303034 503.519631 120.825718 744.731593 523.292345 126.937283
2012_07_27_16_22_58_874363788  2601.000 16 6 65.000000 65.000000 0.000000 0.000000 22.45390425 39.0700514375 25.4205719375 6.867766875 41.431262125 27.795662125 7.0165101875 625.120823 406.729151 109.88427 662.900194 444.730594 112.264163
2012_07_27_16_23_27_371984669  2601.000 16 4 65.000000 65.000000 0.000000 0.000000 22.9026880625 34.956991 21.4510160625 6.56078525 35.6539625 22.0604743125 7.108692625 559.311856 343.216257 104.972564 570.4634 352.967589 113.739082
2012_07_27_16_23_55_718588492  2601.000 32 16 65.000000 65.000000 0.000000 0.000000 13.302889625 60.1357248125 46.44595746875 6.3449264375 61.2051990625 47.7196848125 5.14577690625 1924.343194 1486.270639 203.037646 1958.56637 1527.029914 164.664861
2012_07_27_16_24_15_972657981  2601.000 32 14 65.000000 65.000000 0.000000 0.000000 10.2092063125 60.06655221875 46.27578996875 6.94981425 57.77859121875 44.16802446875 6.26772909375 1922.129671 1480.825279 222.394056 1848.914919 1413.376783 200.567331
2012_07_27_16_24_33_220164650  2601.000 32 12 65.000000 65.000000 0.000000 0.000000 9.4949331875 58.27135315625 44.4937770625 6.919544 52.574757375 38.88320434375 6.7296511875 1864.683301 1423.800866 221.425408 1682.392236 1244.262539 215.348838
2012_07_27_16_24_49_624035453  2601.000 32 10 65.000000 65.000000 0.000000 0.000000 9.32476634375 51.3681411875 37.49942940625 7.2744850625 50.19077359375 36.45779503125 6.9507288125 1643.780518 1199.981741 232.783522 1606.104755 1166.649441 222.423322
2012_07_27_16_25_05_510496378  2601.000 32 8 65.000000 65.000000 0.000000 0.000000 9.23541659375 46.9424456875 33.1649970625 6.9493235 44.9752685625 31.2472013125 7.050697125 1502.158262 1061.279906 222.378352 1439.208594 999.910442 225.622308
2012_07_27_16_25_21_447889742  2601.000 32 6 65.000000 65.000000 0.000000 0.000000 11.16559184375 39.28550615625 25.64455725 6.5462214375 41.0143139375 27.4460705625 6.384733125 1257.136197 820.625832 209.479086 1312.458046 878.274258 204.31146
2012_07_27_16_25_39_508135064  2601.000 32 4 65.000000 65.000000 0.000000 0.000000 11.269582 34.475138875 20.96101159375 6.17799665625 35.97002359375 22.41258575 6.52370078125 1103.204444 670.752371 197.695893 1151.040755 717.202744 208.758425
2012_07_27_16_25_57_554214870  2601.000 8 16 80.000000 80.000000 0.000000 0.000000 34.74335525 66.222892 52.44700375 7.4364075 66.385752875 52.625387375 7.43474775 529.783136 419.57603 59.49126 531.086023 421.003099 59.477982
2012_07_27_16_26_37_575851495  2601.000 8 14 80.000000 80.000000 0.000000 0.000000 34.53962975 63.697615 49.90104675 7.670863875 58.734279125 44.89243325 7.83018575 509.58092 399.208374 61.366911 469.874233 359.139466 62.641486
2012_07_27_16_27_17_402303950  2601.000 8 12 80.000000 80.000000 0.000000 0.000000 35.97770925 56.865869625 42.94529475 7.977105 55.283448375 41.489255375 7.76581675 454.926957 343.562358 63.81684 442.267587 331.914043 62.126534
2012_07_27_16_27_58_829643424  2601.000 8 10 80.000000 80.000000 0.000000 0.000000 35.5936115 52.45651375 38.603418625 7.805130125 49.69509275 35.83436325 7.906811875 419.65211 308.827349 62.441041 397.560742 286.674906 63.254495
2012_07_27_16_28_39_907275283  2601.000 8 8 80.000000 80.000000 0.000000 0.000000 36.313614125 46.55688325 32.684440625 7.71978125 45.500861875 31.670063125 7.81771025 372.455066 261.475525 61.75825 364.006895 253.360505 62.541682
2012_07_27_16_29_21_799960470  2601.000 8 6 80.000000 80.000000 0.000000 0.000000 44.424071 39.8098505 26.14063775 6.957626875 40.684102375 26.956250625 7.642987125 318.478804 209.125102 55.661015 325.472819 215.650005 61.143897
2012_07_27_16_30_12_393989502  2601.000 8 4 80.000000 80.000000 0.000000 0.000000 44.974145125 34.463789875 20.996780875 6.566165 36.087858625 22.440803375 7.353343 275.710319 167.974247 52.52932 288.702869 179.526427 58.826744
2012_07_27_16_31_03_758346363  2601.000 16 16 80.000000 80.000000 0.000000 0.000000 19.067634875 65.11811025 51.2356498125 7.536239 66.311320125 52.5735828125 7.398284875 1041.889764 819.770397 120.579824 1060.981122 841.177325 118.372558
2012_07_27_16_31_30_139135222  2601.000 16 14 80.000000 80.000000 0.000000 0.000000 19.27896375 59.965444 46.0161261875 7.8674596875 61.23469425 47.514833625 7.214876125 959.447104 736.258019 125.879355 979.755108 760.237338 115.438018
2012_07_27_16_31_55_922383626  2601.000 16 12 80.000000 80.000000 0.000000 0.000000 18.940902625 55.79601925 41.8484694375 7.7868726875 56.0230329375 42.1966720625 7.6831124375 892.736308 669.575511 124.589963 896.368527 675.146753 122.929799
2012_07_27_16_32_21_306055407  2601.000 16 10 80.000000 80.000000 0.000000 0.000000 18.4923900625 50.8221535625 36.94987675 7.335975125 50.915219125 37.0535531875 7.69522075 813.154457 591.198028 117.375602 814.643506 592.856851 123.123532
2012_07_27_16_32_46_402916811  2601.000 16 8 80.000000 80.000000 0.000000 0.000000 18.016497 46.107864 32.243972375 7.4923436875 46.056370125 32.267143375 7.62379425 737.725824 515.903558 119.877499 736.901922 516.274294 121.980708
2012_07_27_16_33_10_975527529  2601.000 16 6 80.000000 80.000000 0.000000 0.000000 22.5548493125 39.7908135625 26.1238689375 6.85734 40.6851845 27.0389809375 7.24264125 636.653017 417.981903 109.71744 650.962952 432.623695 115.88226
2012_07_27_16_33_39_927250272  2601.000 16 4 80.000000 80.000000 0.000000 0.000000 22.952658125 34.536835 21.0077518125 6.451028 36.104667 22.4984169375 6.8719380625 552.58936 336.124029 103.216448 577.674672 359.974671 109.951009
2012_07_27_16_34_09_337914745  2601.000 32 16 80.000000 80.000000 0.000000 0.000000 10.03594615625 64.02304159375 50.16442578125 7.301703625 65.00043021875 51.39505046875 6.21609146875 2048.737331 1605.261625 233.654516 2080.013767 1644.641615 198.914927
2012_07_27_16_34_26_063126795  2601.000 32 14 80.000000 80.000000 0.000000 0.000000 9.72183209375 62.9460900625 49.11581971875 7.0897065625 56.80972984375 43.17400484375 6.44650771875 2014.274882 1571.706231 226.87061 1817.911355 1381.568155 206.288247
2012_07_27_16_34_42_413414021  2601.000 32 12 80.000000 80.000000 0.000000 0.000000 9.3633275 56.37763046875 42.5459685625 7.108084 54.79861615625 41.12305175 6.75769496875 1804.084175 1361.470994 227.458688 1753.555717 1315.937656 216.246239
2012_07_27_16_34_58_592658398  2601.000 32 10 80.000000 80.000000 0.000000 0.000000 9.35875559375 51.2599695 37.41962884375 7.344853875 50.20169903125 36.44015346875 6.94875765625 1640.319024 1197.428123 235.035324 1606.454369 1166.084911 222.360245
2012_07_27_16_35_14_936610972  2601.000 32 8 80.000000 80.000000 0.000000 0.000000 9.3748185 46.06166396875 32.23233946875 7.18658628125 45.54839003125 31.8495641875 6.83891809375 1473.973247 1031.434863 229.970761 1457.548481 1019.186054 218.845379
2012_07_27_16_35_32_024517670  2601.000 32 6 80.000000 80.000000 0.000000 0.000000 11.13696265625 39.87016384375 26.230890375 6.6683155625 40.62625459375 27.05224715625 6.4393095625 1275.845243 839.388492 213.386098 1300.040147 865.671909 206.057906
2012_07_27_16_35_50_183980405  2601.000 32 4 80.000000 80.000000 0.000000 0.000000 11.32315325 33.79705540625 20.30427984375 6.1300481875 36.77164628125 23.24653296875 6.41514446875 1081.505773 649.736955 196.161542 1176.692681 743.889055 205.284623
2012_07_27_16_36_08_612199022  2601.000 8 16 95.000000 95.000000 0.000000 0.000000 38.713755375 64.624092125 50.6262705 7.9449455 66.040252875 52.30157825 7.085627125 516.992737 405.010164 63.559564 528.322023 418.412626 56.685017
2012_07_27_16_36_53_543744544  2601.000 8 14 95.000000 95.000000 0.000000 0.000000 35.574404 64.2059825 50.25153425 8.077819125 58.2055475 44.38751375 7.70641625 513.64786 402.012274 64.622553 465.64438 355.10011 61.65133
2012_07_27_16_37_34_924196509  2601.000 8 12 95.000000 95.000000 0.000000 0.000000 35.066449875 57.370001 43.57111775 7.26805375 54.879429125 41.082541125 7.4552165 458.960008 348.568942 58.14443 439.035433 328.660329 59.641732
2012_07_27_16_38_15_367493518  2601.000 8 10 95.000000 95.000000 0.000000 0.000000 36.8702375 51.626817 37.734240125 7.900106625 49.8461145 35.9739195 8.07176725 413.014536 301.873921 63.200853 398.768916 287.791356 64.574138
2012_07_27_16_38_57_948866949  2601.000 8 8 95.000000 95.000000 0.000000 0.000000 36.36031075 46.0572335 32.07406175 8.015909 46.09962625 32.261740625 7.59206675 368.457868 256.592494 64.127272 368.79701 258.093925 60.736534
2012_07_27_16_39_39_570403439  2601.000 8 6 95.000000 95.000000 0.000000 0.000000 44.259861875 40.925468625 27.198751875 7.4655945 39.4237605 25.7671605 7.1967815 327.403749 217.590015 59.724756 315.390084 206.137284 57.574252
2012_07_27_16_40_29_208776053  2601.000 8 4 95.000000 95.000000 0.000000 0.000000 45.17387725 34.722435625 21.253503 6.472263625 35.737849125 22.08005425 7.214946125 277.779485 170.028024 51.778109 285.902793 176.640434 57.719569
2012_07_27_16_41_19_880430644  2601.000 16 16 95.000000 95.000000 0.000000 0.000000 19.4817735625 65.3546999375 51.3881333125 7.9302960625 66.0940528125 52.4416166875 6.915606875 1045.675199 822.210133 126.884737 1057.504845 839.065867 110.64971
2012_07_27_16_41_45_324542061  2601.000 16 14 95.000000 95.000000 0.000000 0.000000 19.0432646875 62.1417289375 48.221260875 7.7511550625 59.9782135 46.3111979375 7.0746654375 994.267663 771.540174 124.018481 959.651416 740.979167 113.194647
2012_07_27_16_42_10_149489870  2601.000 16 12 95.000000 95.000000 0.000000 0.000000 17.9985991875 57.1550465 43.3481291875 7.2791365625 54.9675388125 41.2432964375 7.403172875 914.480744 693.570067 116.466185 879.480621 659.892743 118.450766
2012_07_27_16_42_34_673439193  2601.000 16 10 95.000000 95.000000 0.000000 0.000000 18.9316185625 50.6445835 36.72980575 7.625264875 50.934580875 37.1294084375 7.6142875 810.313336 587.676892 122.004238 814.953294 594.070535 121.8286
2012_07_27_16_43_00_255087417  2601.000 16 8 95.000000 95.000000 0.000000 0.000000 18.5671793125 45.922682375 32.0955321875 7.1864195 46.2392959375 32.3589798125 7.8889725625 734.762918 513.528515 114.982712 739.828735 517.743677 126.223561
2012_07_27_16_43_25_460159659  2601.000 16 6 95.000000 95.000000 0.000000 0.000000 22.4789886875 39.8357859375 26.193854625 7.058200375 40.616476375 26.9882430625 7.2425418125 637.372575 419.101674 112.931206 649.863622 431.811889 115.880669
2012_07_27_16_43_54_657662010  2601.000 16 4 95.000000 95.000000 0.000000 0.000000 23.004267875 34.4906170625 20.9612023125 6.52833925 36.1182691875 22.5021765 7.190952875 551.849873 335.379237 104.453428 577.892307 360.034824 115.055246
2012_07_27_16_44_24_617781117  2601.000 32 16 95.000000 95.000000 0.000000 0.000000 9.95111671875 63.94284546875 50.07520803125 7.3785941875 64.57866384375 50.98825375 6.1946233125 2046.171055 1602.406657 236.115014 2066.517243 1631.62412 198.227946
2012_07_27_16_44_40_426687938  2601.000 32 14 95.000000 95.000000 0.000000 0.000000 9.6021045 63.1752451875 49.25387815625 7.52499878125 57.5350521875 43.88402625 6.543253625 2021.607846 1576.124101 240.799961 1841.12167 1404.28884 209.384116
2012_07_27_16_44_56_862367587  2601.000 32 12 95.000000 95.000000 0.000000 0.000000 9.76080940625 55.4713945 41.67848671875 6.96377071875 54.09435625 40.4375143125 6.50538646875 1775.084624 1333.711575 222.840663 1731.0194 1294.000458 208.172367
2012_07_27_16_45_13_221467688  2601.000 32 10 95.000000 95.000000 0.000000 0.000000 9.3018713125 51.515374 37.68815903125 7.20348653125 49.897766625 36.18955784375 6.939310375 1648.491968 1206.021089 230.511569 1596.728532 1158.065851 222.057932
2012_07_27_16_45_29_025486713  2601.000 32 8 95.000000 95.000000 0.000000 0.000000 9.3013629375 46.27578834375 32.46368303125 7.24390940625 45.54796465625 31.86022103125 6.799162625 1480.825227 1038.837857 231.805101 1457.534869 1019.527073 217.573204
2012_07_27_16_45_45_277478341  2601.000 32 6 95.000000 95.000000 0.000000 0.000000 11.12255515625 39.7995283125 26.14559115625 6.60320525 40.50402234375 26.930481125 6.55174425 1273.584906 836.658917 211.302568 1296.128715 861.775396 209.655816
2012_07_27_16_46_03_426208735  2601.000 32 4 95.000000 95.000000 0.000000 0.000000 11.3004758125 34.48370025 20.9850345625 6.16337228125 35.92730809375 22.41242565625 6.34839190625 1103.478408 671.521106 197.227913 1149.673859 717.197621 203.148541
