+ export MSR_RANK_MOD=1
+ MSR_RANK_MOD=1
+ i=16
+ minthreads=4
+ j=1
+ maxnodes=128
+ '[' 1 -le 128 ']'
+ i=16
+ '[' 16 -ge 4 ']'
+ export OMP_NUM_THREADS=16
+ OMP_NUM_THREADS=16
++ date +%Y_%m_%d_%H_%M_%S_%N
+ name=2012_07_11_16_12_40_623576948
+ mkdir 2012_07_11_16_12_40_623576948
+ cd 2012_07_11_16_12_40_623576948
+ touch out.dat
+ env
+ echo 2012_07_11_16_12_40_623576948
+ uname -a
+ srun --nodes=1 --ntasks=1 -ppbatch cat /proc/cpuinfo
+ grep MHz
+ srun --nodes=1 --ntasks=1 -o host_info hostname
+ echo 'threads/node: 16'
+ echo 'nodes: ' 1
+ srun-mpip --nodes=1 --ntasks=1 -o out.dat -e f.err ../../../bin/sp-mz.C.1
+ cd ../
+ i=12
+ '[' 12 -ge 4 ']'
+ export OMP_NUM_THREADS=12
+ OMP_NUM_THREADS=12
++ date +%Y_%m_%d_%H_%M_%S_%N
+ name=2012_07_11_16_14_09_953386867
+ mkdir 2012_07_11_16_14_09_953386867
+ cd 2012_07_11_16_14_09_953386867
+ touch out.dat
+ env
+ echo 2012_07_11_16_14_09_953386867
+ uname -a
+ srun --nodes=1 --ntasks=1 -ppbatch cat /proc/cpuinfo
+ grep MHz
+ srun --nodes=1 --ntasks=1 -o host_info hostname
+ echo 'threads/node: 12'
+ echo 'nodes: ' 1
+ srun-mpip --nodes=1 --ntasks=1 -o out.dat -e f.err ../../../bin/sp-mz.C.1
+ cd ../
+ i=8
+ '[' 8 -ge 4 ']'
+ export OMP_NUM_THREADS=8
+ OMP_NUM_THREADS=8
++ date +%Y_%m_%d_%H_%M_%S_%N
+ name=2012_07_11_16_15_51_187071413
+ mkdir 2012_07_11_16_15_51_187071413
+ cd 2012_07_11_16_15_51_187071413
+ touch out.dat
+ env
+ echo 2012_07_11_16_15_51_187071413
+ uname -a
+ srun --nodes=1 --ntasks=1 -ppbatch cat /proc/cpuinfo
+ grep MHz
+ srun --nodes=1 --ntasks=1 -o host_info hostname
+ echo 'threads/node: 8'
+ echo 'nodes: ' 1
+ srun-mpip --nodes=1 --ntasks=1 -o out.dat -e f.err ../../../bin/sp-mz.C.1
+ cd ../
+ i=4
+ '[' 4 -ge 4 ']'
+ export OMP_NUM_THREADS=4
+ OMP_NUM_THREADS=4
++ date +%Y_%m_%d_%H_%M_%S_%N
+ name=2012_07_11_16_17_45_713906424
+ mkdir 2012_07_11_16_17_45_713906424
+ cd 2012_07_11_16_17_45_713906424
+ touch out.dat
+ env
+ echo 2012_07_11_16_17_45_713906424
+ uname -a
+ grep MHz
+ srun --nodes=1 --ntasks=1 -ppbatch cat /proc/cpuinfo
+ srun --nodes=1 --ntasks=1 -o host_info hostname
+ echo 'threads/node: 4'
+ echo 'nodes: ' 1
+ srun-mpip --nodes=1 --ntasks=1 -o out.dat -e f.err ../../../bin/sp-mz.C.1
+ cd ../
+ i=0
+ '[' 0 -ge 4 ']'
+ j=2
+ '[' 2 -le 128 ']'
+ i=16
+ '[' 16 -ge 4 ']'
+ export OMP_NUM_THREADS=16
+ OMP_NUM_THREADS=16
++ date +%Y_%m_%d_%H_%M_%S_%N
+ name=2012_07_11_16_20_32_829256272
+ mkdir 2012_07_11_16_20_32_829256272
+ cd 2012_07_11_16_20_32_829256272
+ touch out.dat
+ env
+ echo 2012_07_11_16_20_32_829256272
+ uname -a
+ srun --nodes=1 --ntasks=1 -ppbatch cat /proc/cpuinfo
+ grep MHz
+ srun --nodes=1 --ntasks=1 -o host_info hostname
+ echo 'threads/node: 16'
+ echo 'nodes: ' 2
+ srun-mpip --nodes=2 --ntasks=2 -o out.dat -e f.err ../../../bin/sp-mz.C.2
+ cd ../
+ i=12
+ '[' 12 -ge 4 ']'
+ export OMP_NUM_THREADS=12
+ OMP_NUM_THREADS=12
++ date +%Y_%m_%d_%H_%M_%S_%N
+ name=2012_07_11_16_21_21_230829242
+ mkdir 2012_07_11_16_21_21_230829242
+ cd 2012_07_11_16_21_21_230829242
+ touch out.dat
+ env
+ echo 2012_07_11_16_21_21_230829242
+ uname -a
+ srun --nodes=1 --ntasks=1 -ppbatch cat /proc/cpuinfo
+ grep MHz
+ srun --nodes=1 --ntasks=1 -o host_info hostname
+ echo 'threads/node: 12'
+ echo 'nodes: ' 2
+ srun-mpip --nodes=2 --ntasks=2 -o out.dat -e f.err ../../../bin/sp-mz.C.2
+ cd ../
+ i=8
+ '[' 8 -ge 4 ']'
+ export OMP_NUM_THREADS=8
+ OMP_NUM_THREADS=8
++ date +%Y_%m_%d_%H_%M_%S_%N
+ name=2012_07_11_16_22_12_621078794
+ mkdir 2012_07_11_16_22_12_621078794
+ cd 2012_07_11_16_22_12_621078794
+ touch out.dat
+ env
+ echo 2012_07_11_16_22_12_621078794
+ uname -a
+ grep MHz
+ srun --nodes=1 --ntasks=1 -ppbatch cat /proc/cpuinfo
+ srun --nodes=1 --ntasks=1 -o host_info hostname
+ echo 'threads/node: 8'
+ echo 'nodes: ' 2
+ srun-mpip --nodes=2 --ntasks=2 -o out.dat -e f.err ../../../bin/sp-mz.C.2
+ cd ../
+ i=4
+ '[' 4 -ge 4 ']'
+ export OMP_NUM_THREADS=4
+ OMP_NUM_THREADS=4
++ date +%Y_%m_%d_%H_%M_%S_%N
+ name=2012_07_11_16_23_13_440974244
+ mkdir 2012_07_11_16_23_13_440974244
+ cd 2012_07_11_16_23_13_440974244
+ touch out.dat
+ env
+ echo 2012_07_11_16_23_13_440974244
+ uname -a
+ srun --nodes=1 --ntasks=1 -ppbatch cat /proc/cpuinfo
+ grep MHz
+ srun --nodes=1 --ntasks=1 -o host_info hostname
+ echo 'threads/node: 4'
+ echo 'nodes: ' 2
+ srun-mpip --nodes=2 --ntasks=2 -o out.dat -e f.err ../../../bin/sp-mz.C.2
+ cd ../
+ i=0
+ '[' 0 -ge 4 ']'
+ j=4
+ '[' 4 -le 128 ']'
+ i=16
+ '[' 16 -ge 4 ']'
+ export OMP_NUM_THREADS=16
+ OMP_NUM_THREADS=16
++ date +%Y_%m_%d_%H_%M_%S_%N
+ name=2012_07_11_16_24_40_263098698
+ mkdir 2012_07_11_16_24_40_263098698
+ cd 2012_07_11_16_24_40_263098698
+ touch out.dat
+ env
+ echo 2012_07_11_16_24_40_263098698
+ uname -a
+ srun --nodes=1 --ntasks=1 -ppbatch cat /proc/cpuinfo
+ grep MHz
+ srun --nodes=1 --ntasks=1 -o host_info hostname
+ echo 'threads/node: 16'
+ echo 'nodes: ' 4
+ srun-mpip --nodes=4 --ntasks=4 -o out.dat -e f.err ../../../bin/sp-mz.C.4
+ cd ../
+ i=12
+ '[' 12 -ge 4 ']'
+ export OMP_NUM_THREADS=12
+ OMP_NUM_THREADS=12
++ date +%Y_%m_%d_%H_%M_%S_%N
+ name=2012_07_11_16_25_08_537579749
+ mkdir 2012_07_11_16_25_08_537579749
+ cd 2012_07_11_16_25_08_537579749
+ touch out.dat
+ env
+ echo 2012_07_11_16_25_08_537579749
+ uname -a
+ grep MHz
+ srun --nodes=1 --ntasks=1 -ppbatch cat /proc/cpuinfo
+ srun --nodes=1 --ntasks=1 -o host_info hostname
+ echo 'threads/node: 12'
+ echo 'nodes: ' 4
+ srun-mpip --nodes=4 --ntasks=4 -o out.dat -e f.err ../../../bin/sp-mz.C.4
+ cd ../
+ i=8
+ '[' 8 -ge 4 ']'
+ export OMP_NUM_THREADS=8
+ OMP_NUM_THREADS=8
++ date +%Y_%m_%d_%H_%M_%S_%N
+ name=2012_07_11_16_25_37_146425110
+ mkdir 2012_07_11_16_25_37_146425110
+ cd 2012_07_11_16_25_37_146425110
+ touch out.dat
+ env
+ echo 2012_07_11_16_25_37_146425110
+ uname -a
+ srun --nodes=1 --ntasks=1 -ppbatch cat /proc/cpuinfo
+ grep MHz
+ srun --nodes=1 --ntasks=1 -o host_info hostname
+ echo 'threads/node: 8'
+ echo 'nodes: ' 4
+ srun-mpip --nodes=4 --ntasks=4 -o out.dat -e f.err ../../../bin/sp-mz.C.4
+ cd ../
+ i=4
+ '[' 4 -ge 4 ']'
+ export OMP_NUM_THREADS=4
+ OMP_NUM_THREADS=4
++ date +%Y_%m_%d_%H_%M_%S_%N
+ name=2012_07_11_16_26_10_201588354
+ mkdir 2012_07_11_16_26_10_201588354
+ cd 2012_07_11_16_26_10_201588354
+ touch out.dat
+ env
+ echo 2012_07_11_16_26_10_201588354
+ uname -a
+ srun --nodes=1 --ntasks=1 -ppbatch cat /proc/cpuinfo
+ grep MHz
+ srun --nodes=1 --ntasks=1 -o host_info hostname
+ echo 'threads/node: 4'
+ echo 'nodes: ' 4
+ srun-mpip --nodes=4 --ntasks=4 -o out.dat -e f.err ../../../bin/sp-mz.C.4
+ cd ../
+ i=0
+ '[' 0 -ge 4 ']'
+ j=8
+ '[' 8 -le 128 ']'
+ i=16
+ '[' 16 -ge 4 ']'
+ export OMP_NUM_THREADS=16
+ OMP_NUM_THREADS=16
++ date +%Y_%m_%d_%H_%M_%S_%N
+ name=2012_07_11_16_26_55_345085565
+ mkdir 2012_07_11_16_26_55_345085565
+ cd 2012_07_11_16_26_55_345085565
+ touch out.dat
+ env
+ echo 2012_07_11_16_26_55_345085565
+ uname -a
+ srun --nodes=1 --ntasks=1 -ppbatch cat /proc/cpuinfo
+ grep MHz
+ srun --nodes=1 --ntasks=1 -o host_info hostname
+ echo 'threads/node: 16'
+ echo 'nodes: ' 8
+ srun-mpip --nodes=8 --ntasks=8 -o out.dat -e f.err ../../../bin/sp-mz.C.8
+ cd ../
+ i=12
+ '[' 12 -ge 4 ']'
+ export OMP_NUM_THREADS=12
+ OMP_NUM_THREADS=12
++ date +%Y_%m_%d_%H_%M_%S_%N
+ name=2012_07_11_16_27_13_394989609
+ mkdir 2012_07_11_16_27_13_394989609
+ cd 2012_07_11_16_27_13_394989609
+ touch out.dat
+ env
+ echo 2012_07_11_16_27_13_394989609
+ uname -a
+ srun --nodes=1 --ntasks=1 -ppbatch cat /proc/cpuinfo
+ grep MHz
+ srun --nodes=1 --ntasks=1 -o host_info hostname
+ echo 'threads/node: 12'
+ echo 'nodes: ' 8
+ srun-mpip --nodes=8 --ntasks=8 -o out.dat -e f.err ../../../bin/sp-mz.C.8
+ cd ../
+ i=8
+ '[' 8 -ge 4 ']'
+ export OMP_NUM_THREADS=8
+ OMP_NUM_THREADS=8
++ date +%Y_%m_%d_%H_%M_%S_%N
+ name=2012_07_11_16_27_30_898565013
+ mkdir 2012_07_11_16_27_30_898565013
+ cd 2012_07_11_16_27_30_898565013
+ touch out.dat
+ env
+ echo 2012_07_11_16_27_30_898565013
+ uname -a
+ srun --nodes=1 --ntasks=1 -ppbatch cat /proc/cpuinfo
+ grep MHz
+ srun --nodes=1 --ntasks=1 -o host_info hostname
+ echo 'threads/node: 8'
+ echo 'nodes: ' 8
+ srun-mpip --nodes=8 --ntasks=8 -o out.dat -e f.err ../../../bin/sp-mz.C.8
+ cd ../
+ i=4
+ '[' 4 -ge 4 ']'
+ export OMP_NUM_THREADS=4
+ OMP_NUM_THREADS=4
++ date +%Y_%m_%d_%H_%M_%S_%N
+ name=2012_07_11_16_27_49_442670143
+ mkdir 2012_07_11_16_27_49_442670143
+ cd 2012_07_11_16_27_49_442670143
+ touch out.dat
+ env
+ echo 2012_07_11_16_27_49_442670143
+ uname -a
+ srun --nodes=1 --ntasks=1 -ppbatch cat /proc/cpuinfo
+ grep MHz
+ srun --nodes=1 --ntasks=1 -o host_info hostname
+ echo 'threads/node: 4'
+ echo 'nodes: ' 8
+ srun-mpip --nodes=8 --ntasks=8 -o out.dat -e f.err ../../../bin/sp-mz.C.8
+ cd ../
+ i=0
+ '[' 0 -ge 4 ']'
+ j=16
+ '[' 16 -le 128 ']'
+ i=16
+ '[' 16 -ge 4 ']'
+ export OMP_NUM_THREADS=16
+ OMP_NUM_THREADS=16
++ date +%Y_%m_%d_%H_%M_%S_%N
+ name=2012_07_11_16_28_14_768559092
+ mkdir 2012_07_11_16_28_14_768559092
+ cd 2012_07_11_16_28_14_768559092
+ touch out.dat
+ env
+ echo 2012_07_11_16_28_14_768559092
+ uname -a
+ srun --nodes=1 --ntasks=1 -ppbatch cat /proc/cpuinfo
+ grep MHz
+ srun --nodes=1 --ntasks=1 -o host_info hostname
+ echo 'threads/node: 16'
+ echo 'nodes: ' 16
+ srun-mpip --nodes=16 --ntasks=16 -o out.dat -e f.err ../../../bin/sp-mz.C.16
+ cd ../
+ i=12
+ '[' 12 -ge 4 ']'
+ export OMP_NUM_THREADS=12
+ OMP_NUM_THREADS=12
++ date +%Y_%m_%d_%H_%M_%S_%N
+ name=2012_07_11_16_28_27_433817663
+ mkdir 2012_07_11_16_28_27_433817663
+ cd 2012_07_11_16_28_27_433817663
+ touch out.dat
+ env
+ echo 2012_07_11_16_28_27_433817663
+ uname -a
+ srun --nodes=1 --ntasks=1 -ppbatch cat /proc/cpuinfo
+ grep MHz
+ srun --nodes=1 --ntasks=1 -o host_info hostname
+ echo 'threads/node: 12'
+ echo 'nodes: ' 16
+ srun-mpip --nodes=16 --ntasks=16 -o out.dat -e f.err ../../../bin/sp-mz.C.16
+ cd ../
+ i=8
+ '[' 8 -ge 4 ']'
+ export OMP_NUM_THREADS=8
+ OMP_NUM_THREADS=8
++ date +%Y_%m_%d_%H_%M_%S_%N
+ name=2012_07_11_16_28_39_298680784
+ mkdir 2012_07_11_16_28_39_298680784
+ cd 2012_07_11_16_28_39_298680784
+ touch out.dat
+ env
+ echo 2012_07_11_16_28_39_298680784
+ uname -a
+ srun --nodes=1 --ntasks=1 -ppbatch cat /proc/cpuinfo
+ grep MHz
+ srun --nodes=1 --ntasks=1 -o host_info hostname
+ echo 'threads/node: 8'
+ echo 'nodes: ' 16
+ srun-mpip --nodes=16 --ntasks=16 -o out.dat -e f.err ../../../bin/sp-mz.C.16
+ cd ../
+ i=4
+ '[' 4 -ge 4 ']'
+ export OMP_NUM_THREADS=4
+ OMP_NUM_THREADS=4
++ date +%Y_%m_%d_%H_%M_%S_%N
+ name=2012_07_11_16_28_52_262100929
+ mkdir 2012_07_11_16_28_52_262100929
+ cd 2012_07_11_16_28_52_262100929
+ touch out.dat
+ env
+ echo 2012_07_11_16_28_52_262100929
+ uname -a
+ srun --nodes=1 --ntasks=1 -ppbatch cat /proc/cpuinfo
+ grep MHz
+ srun --nodes=1 --ntasks=1 -o host_info hostname
+ echo 'threads/node: 4'
+ echo 'nodes: ' 16
+ srun-mpip --nodes=16 --ntasks=16 -o out.dat -e f.err ../../../bin/sp-mz.C.16
+ cd ../
+ i=0
+ '[' 0 -ge 4 ']'
+ j=32
+ '[' 32 -le 128 ']'
+ i=16
+ '[' 16 -ge 4 ']'
+ export OMP_NUM_THREADS=16
+ OMP_NUM_THREADS=16
++ date +%Y_%m_%d_%H_%M_%S_%N
+ name=2012_07_11_16_29_07_809890580
+ mkdir 2012_07_11_16_29_07_809890580
+ cd 2012_07_11_16_29_07_809890580
+ touch out.dat
+ env
+ echo 2012_07_11_16_29_07_809890580
+ uname -a
+ srun --nodes=1 --ntasks=1 -ppbatch cat /proc/cpuinfo
+ grep MHz
+ srun --nodes=1 --ntasks=1 -o host_info hostname
+ echo 'threads/node: 16'
+ echo 'nodes: ' 32
+ srun-mpip --nodes=32 --ntasks=32 -o out.dat -e f.err ../../../bin/sp-mz.C.32
+ cd ../
+ i=12
+ '[' 12 -ge 4 ']'
+ export OMP_NUM_THREADS=12
+ OMP_NUM_THREADS=12
++ date +%Y_%m_%d_%H_%M_%S_%N
+ name=2012_07_11_16_29_19_880733431
+ mkdir 2012_07_11_16_29_19_880733431
+ cd 2012_07_11_16_29_19_880733431
+ touch out.dat
+ env
+ echo 2012_07_11_16_29_19_880733431
+ uname -a
+ srun --nodes=1 --ntasks=1 -ppbatch cat /proc/cpuinfo
+ grep MHz
+ srun --nodes=1 --ntasks=1 -o host_info hostname
+ echo 'threads/node: 12'
+ echo 'nodes: ' 32
+ srun-mpip --nodes=32 --ntasks=32 -o out.dat -e f.err ../../../bin/sp-mz.C.32
+ cd ../
+ i=8
+ '[' 8 -ge 4 ']'
+ export OMP_NUM_THREADS=8
+ OMP_NUM_THREADS=8
++ date +%Y_%m_%d_%H_%M_%S_%N
+ name=2012_07_11_16_29_28_905699453
+ mkdir 2012_07_11_16_29_28_905699453
+ cd 2012_07_11_16_29_28_905699453
+ touch out.dat
+ env
+ echo 2012_07_11_16_29_28_905699453
+ uname -a
+ srun --nodes=1 --ntasks=1 -ppbatch cat /proc/cpuinfo
+ grep MHz
+ srun --nodes=1 --ntasks=1 -o host_info hostname
+ echo 'threads/node: 8'
+ echo 'nodes: ' 32
+ srun-mpip --nodes=32 --ntasks=32 -o out.dat -e f.err ../../../bin/sp-mz.C.32
+ cd ../
+ i=4
+ '[' 4 -ge 4 ']'
+ export OMP_NUM_THREADS=4
+ OMP_NUM_THREADS=4
++ date +%Y_%m_%d_%H_%M_%S_%N
+ name=2012_07_11_16_29_37_754444175
+ mkdir 2012_07_11_16_29_37_754444175
+ cd 2012_07_11_16_29_37_754444175
+ touch out.dat
+ env
+ echo 2012_07_11_16_29_37_754444175
+ uname -a
+ srun --nodes=1 --ntasks=1 -ppbatch cat /proc/cpuinfo
+ grep MHz
+ srun --nodes=1 --ntasks=1 -o host_info hostname
+ echo 'threads/node: 4'
+ echo 'nodes: ' 32
+ srun-mpip --nodes=32 --ntasks=32 -o out.dat -e f.err ../../../bin/sp-mz.C.32
+ cd ../
+ i=0
+ '[' 0 -ge 4 ']'
+ j=64
+ '[' 64 -le 128 ']'
+ i=16
+ '[' 16 -ge 4 ']'
+ export OMP_NUM_THREADS=16
+ OMP_NUM_THREADS=16
++ date +%Y_%m_%d_%H_%M_%S_%N
+ name=2012_07_11_16_29_47_569514602
+ mkdir 2012_07_11_16_29_47_569514602
+ cd 2012_07_11_16_29_47_569514602
+ touch out.dat
+ env
+ echo 2012_07_11_16_29_47_569514602
+ uname -a
+ srun --nodes=1 --ntasks=1 -ppbatch cat /proc/cpuinfo
+ grep MHz
+ srun --nodes=1 --ntasks=1 -o host_info hostname
+ echo 'threads/node: 16'
+ echo 'nodes: ' 64
+ srun-mpip --nodes=64 --ntasks=64 -o out.dat -e f.err ../../../bin/sp-mz.C.64
+ cd ../
+ i=12
+ '[' 12 -ge 4 ']'
+ export OMP_NUM_THREADS=12
+ OMP_NUM_THREADS=12
++ date +%Y_%m_%d_%H_%M_%S_%N
+ name=2012_07_11_16_29_57_875483454
+ mkdir 2012_07_11_16_29_57_875483454
+ cd 2012_07_11_16_29_57_875483454
+ touch out.dat
+ env
+ echo 2012_07_11_16_29_57_875483454
+ uname -a
+ srun --nodes=1 --ntasks=1 -ppbatch cat /proc/cpuinfo
+ grep MHz
+ srun --nodes=1 --ntasks=1 -o host_info hostname
+ echo 'threads/node: 12'
+ echo 'nodes: ' 64
+ srun-mpip --nodes=64 --ntasks=64 -o out.dat -e f.err ../../../bin/sp-mz.C.64
+ cd ../
+ i=8
+ '[' 8 -ge 4 ']'
+ export OMP_NUM_THREADS=8
+ OMP_NUM_THREADS=8
++ date +%Y_%m_%d_%H_%M_%S_%N
+ name=2012_07_11_16_30_05_122346722
+ mkdir 2012_07_11_16_30_05_122346722
+ cd 2012_07_11_16_30_05_122346722
+ touch out.dat
+ env
+ echo 2012_07_11_16_30_05_122346722
+ uname -a
+ srun --nodes=1 --ntasks=1 -ppbatch cat /proc/cpuinfo
+ grep MHz
+ srun --nodes=1 --ntasks=1 -o host_info hostname
+ echo 'threads/node: 8'
+ echo 'nodes: ' 64
+ srun-mpip --nodes=64 --ntasks=64 -o out.dat -e f.err ../../../bin/sp-mz.C.64
+ cd ../
+ i=4
+ '[' 4 -ge 4 ']'
+ export OMP_NUM_THREADS=4
+ OMP_NUM_THREADS=4
++ date +%Y_%m_%d_%H_%M_%S_%N
+ name=2012_07_11_16_30_12_553068565
+ mkdir 2012_07_11_16_30_12_553068565
+ cd 2012_07_11_16_30_12_553068565
+ touch out.dat
+ env
+ echo 2012_07_11_16_30_12_553068565
+ uname -a
+ grep MHz
+ srun --nodes=1 --ntasks=1 -ppbatch cat /proc/cpuinfo
+ srun --nodes=1 --ntasks=1 -o host_info hostname
+ echo 'threads/node: 4'
+ echo 'nodes: ' 64
+ srun-mpip --nodes=64 --ntasks=64 -o out.dat -e f.err ../../../bin/sp-mz.C.64
+ cd ../
+ i=0
+ '[' 0 -ge 4 ']'
+ j=128
+ '[' 128 -le 128 ']'
+ i=16
+ '[' 16 -ge 4 ']'
+ export OMP_NUM_THREADS=16
+ OMP_NUM_THREADS=16
++ date +%Y_%m_%d_%H_%M_%S_%N
+ name=2012_07_11_16_30_20_337012623
+ mkdir 2012_07_11_16_30_20_337012623
+ cd 2012_07_11_16_30_20_337012623
+ touch out.dat
+ env
+ echo 2012_07_11_16_30_20_337012623
+ uname -a
+ srun --nodes=1 --ntasks=1 -ppbatch cat /proc/cpuinfo
+ grep MHz
+ srun --nodes=1 --ntasks=1 -o host_info hostname
+ echo 'threads/node: 16'
+ echo 'nodes: ' 128
+ srun-mpip --nodes=128 --ntasks=128 -o out.dat -e f.err ../../../bin/sp-mz.C.128
+ cd ../
+ i=12
+ '[' 12 -ge 4 ']'
+ export OMP_NUM_THREADS=12
+ OMP_NUM_THREADS=12
++ date +%Y_%m_%d_%H_%M_%S_%N
+ name=2012_07_11_16_31_30_670532935
+ mkdir 2012_07_11_16_31_30_670532935
+ cd 2012_07_11_16_31_30_670532935
+ touch out.dat
+ env
+ echo 2012_07_11_16_31_30_670532935
+ uname -a
+ srun --nodes=1 --ntasks=1 -ppbatch cat /proc/cpuinfo
+ grep MHz
+ srun --nodes=1 --ntasks=1 -o host_info hostname
+ echo 'threads/node: 12'
+ echo 'nodes: ' 128
+ srun-mpip --nodes=128 --ntasks=128 -o out.dat -e f.err ../../../bin/sp-mz.C.128
+ cd ../
+ i=8
+ '[' 8 -ge 4 ']'
+ export OMP_NUM_THREADS=8
+ OMP_NUM_THREADS=8
++ date +%Y_%m_%d_%H_%M_%S_%N
+ name=2012_07_11_16_31_37_699963420
+ mkdir 2012_07_11_16_31_37_699963420
+ cd 2012_07_11_16_31_37_699963420
+ touch out.dat
+ env
+ echo 2012_07_11_16_31_37_699963420
+ uname -a
+ srun --nodes=1 --ntasks=1 -ppbatch cat /proc/cpuinfo
+ grep MHz
+ srun --nodes=1 --ntasks=1 -o host_info hostname
+ echo 'threads/node: 8'
+ echo 'nodes: ' 128
+ srun-mpip --nodes=128 --ntasks=128 -o out.dat -e f.err ../../../bin/sp-mz.C.128
+ cd ../
+ i=4
+ '[' 4 -ge 4 ']'
+ export OMP_NUM_THREADS=4
+ OMP_NUM_THREADS=4
++ date +%Y_%m_%d_%H_%M_%S_%N
+ name=2012_07_11_16_31_44_846652513
+ mkdir 2012_07_11_16_31_44_846652513
+ cd 2012_07_11_16_31_44_846652513
+ touch out.dat
+ env
+ echo 2012_07_11_16_31_44_846652513
+ uname -a
+ srun --nodes=1 --ntasks=1 -ppbatch cat /proc/cpuinfo
+ grep MHz
+ srun --nodes=1 --ntasks=1 -o host_info hostname
+ echo 'threads/node: 4'
+ echo 'nodes: ' 128
+ srun-mpip --nodes=128 --ntasks=128 -o out.dat -e f.err ../../../bin/sp-mz.C.128
+ cd ../
+ i=0
+ '[' 0 -ge 4 ']'
+ j=256
+ '[' 256 -le 128 ']'
