This file contains any messages produced by compilers while
running configure, to aid debugging if configure makes a mistake.

It was created by hypre configure 2.8.0b, which was
generated by GNU Autoconf 2.59.  Invocation command line was

  $ ./configure --with-openmp

## --------- ##
## Platform. ##
## --------- ##

hostname = cab670
uname -m = x86_64
uname -r = 2.6.32-220.17.1.3chaos.ch5.x86_64
uname -s = Linux
uname -v = #1 SMP Wed May 30 15:36:42 PDT 2012

/usr/bin/uname -p = unknown
/bin/uname -X     = unknown

/bin/arch              = x86_64
/usr/bin/arch -k       = unknown
/usr/convex/getsysinfo = unknown
hostinfo               = unknown
/bin/machine           = unknown
/usr/bin/oslevel       = unknown
/bin/universe          = unknown

PATH: /usr/local/tools/mvapich2-intel-debug-1.7/bin
PATH: /usr/local/tools/mvapich2-intel-1.7/bin
PATH: /usr/lib64/qt-3.3/bin
PATH: /usr/global/tools/totalview/m/cab/dflt/bin
PATH: /usr/local/bin
PATH: /bin
PATH: /usr/bin
PATH: /usr/local/sbin
PATH: /usr/sbin
PATH: /sbin
PATH: .


## ----------- ##
## Core tests. ##
## ----------- ##

configure:1507: checking build system type
configure:1525: result: x86_64-unknown-linux-gnu
configure:1537: checking host system type
configure:1551: result: x86_64-unknown-linux-gnu
configure:2266: checking for mpxlc
configure:2295: result: no
configure:2266: checking for mpixlc_r
configure:2295: result: no
configure:2266: checking for xlc
configure:2295: result: no
configure:2266: checking for mpicc
configure:2282: found /usr/local/tools/mvapich2-intel-debug-1.7/bin/mpicc
configure:2292: result: mpicc
configure:2404: checking for mpxlC
configure:2433: result: no
configure:2404: checking for mpixlcxx_r
configure:2433: result: no
configure:2404: checking for xlC
configure:2433: result: no
configure:2404: checking for mpicc
configure:2420: found /usr/local/tools/mvapich2-intel-debug-1.7/bin/mpicc
configure:2430: result: mpicc
configure:2542: checking for mpxlf
configure:2571: result: no
configure:2542: checking for mpixlf77_r
configure:2571: result: no
configure:2542: checking for xlf
configure:2571: result: no
configure:2542: checking for mpif77
configure:2558: found /usr/local/tools/mvapich2-intel-debug-1.7/bin/mpif77
configure:2568: result: mpif77
configure:2672: checking whether make sets $(MAKE)
configure:2692: result: yes
configure:2742: checking for ranlib
configure:2758: found /usr/bin/ranlib
configure:2769: result: ranlib
configure:3100: checking for C compiler version
configure:3103: mpicc --version </dev/null >&5
icc (ICC) 11.1 20090630
Copyright (C) 1985-2009 Intel Corporation.  All rights reserved.

configure:3106: $? = 0
configure:3108: mpicc -v </dev/null >&5
mpicc for MVAPICH2 version 1.7
Version 11.1 
ld    /usr/lib/gcc/x86_64-redhat-linux/4.4.6/../../../../lib64/crt1.o /usr/lib/gcc/x86_64-redhat-linux/4.4.6/../../../../lib64/crti.o /usr/lib/gcc/x86_64-redhat-linux/4.4.6/crtbegin.o --eh-frame-hdr -dynamic-linker /lib64/ld-linux-x86-64.so.2 -o a.out -rpath /usr/local/tools/icc-11.1.046/lib -L/usr/local/tools/ifort-11.1.046/lib -rpath /usr/local/tools/ifort-11.1.046/lib -L/usr/local/tools/icc-11.1.046/lib/intel64 -L/usr/lib/gcc/x86_64-redhat-linux/4.4.6 -L/usr/lib/gcc/x86_64-redhat-linux/4.4.6/../../../../lib64 -L/lib/../lib64 -L/usr/lib/../lib64 -L/usr/lib/gcc/x86_64-redhat-linux/4.4.6/../../.. -L/lib64 -L/lib -L/usr/lib64 -L/usr/lib -Bstatic -limf -lsvml -Bdynamic -lm -Bstatic -lipgo -ldecimal -lirc -Bdynamic -lgcc_s -lgcc -Bstatic -lirc -Bdynamic -lc -lgcc_s -lgcc -Bstatic -lirc_s -Bdynamic -ldl -lc /usr/lib/gcc/x86_64-redhat-linux/4.4.6/crtend.o /usr/lib/gcc/x86_64-redhat-linux/4.4.6/../../../../lib64/crtn.o
/usr/lib/gcc/x86_64-redhat-linux/4.4.6/../../../../lib64/crt1.o: In function `_start':
(.text+0x20): undefined reference to `main'
rm /var/tmp/patki1/iccexqGxwlibgcc

rm /var/tmp/patki1/iccjGPOgVgnudirs

rm /var/tmp/patki1/iccLvOlXIgnudirs

configure:3111: $? = 1
configure:3113: mpicc -V </dev/null >&5
Intel(R) C Intel(R) 64 Compiler Professional for applications running on Intel(R) 64, Version 11.1    Build 20090630 Package ID: l_cproc_p_11.1.046
Copyright (C) 1985-2009 Intel Corporation.  All rights reserved.

configure:3116: $? = 0
configure:3139: checking for C compiler default output file name
configure:3142: mpicc    conftest.c  >&5
configure:3145: $? = 0
configure:3191: result: a.out
configure:3196: checking whether the C compiler works
configure:3202: ./a.out
configure:3205: $? = 0
configure:3222: result: yes
configure:3229: checking whether we are cross compiling
configure:3231: result: no
configure:3234: checking for suffix of executables
configure:3236: mpicc -o conftest    conftest.c  >&5
configure:3239: $? = 0
configure:3264: result: 
configure:3270: checking for suffix of object files
configure:3291: mpicc -c   conftest.c >&5
configure:3294: $? = 0
configure:3316: result: o
configure:3320: checking whether we are using the GNU C compiler
configure:3344: mpicc -c   conftest.c >&5
configure:3350: $? = 0
configure:3354: test -z 
			 || test ! -s conftest.err
configure:3357: $? = 0
configure:3360: test -s conftest.o
configure:3363: $? = 0
configure:3376: result: yes
configure:3382: checking whether mpicc accepts -g
configure:3403: mpicc -c -g  conftest.c >&5
configure:3409: $? = 0
configure:3413: test -z 
			 || test ! -s conftest.err
configure:3416: $? = 0
configure:3419: test -s conftest.o
configure:3422: $? = 0
configure:3433: result: yes
configure:3450: checking for mpicc option to accept ANSI C
configure:3520: mpicc  -c -g -O2  conftest.c >&5
configure:3526: $? = 0
configure:3530: test -z 
			 || test ! -s conftest.err
configure:3533: $? = 0
configure:3536: test -s conftest.o
configure:3539: $? = 0
configure:3557: result: none needed
configure:3575: mpicc -c -g -O2  conftest.c >&5
conftest.c(2): error: identifier "choke" is undefined
    choke me
    ^

conftest.c(3): error: expected a ";"

compilation aborted for conftest.c (code 2)
configure:3581: $? = 2
configure: failed program was:
| #ifndef __cplusplus
|   choke me
| #endif
configure:3812: checking for C++ compiler version
configure:3815: mpicc --version </dev/null >&5
icc (ICC) 11.1 20090630
Copyright (C) 1985-2009 Intel Corporation.  All rights reserved.

configure:3818: $? = 0
configure:3820: mpicc -v </dev/null >&5
mpicc for MVAPICH2 version 1.7
Version 11.1 
ld    /usr/lib/gcc/x86_64-redhat-linux/4.4.6/../../../../lib64/crt1.o /usr/lib/gcc/x86_64-redhat-linux/4.4.6/../../../../lib64/crti.o /usr/lib/gcc/x86_64-redhat-linux/4.4.6/crtbegin.o --eh-frame-hdr -dynamic-linker /lib64/ld-linux-x86-64.so.2 -o a.out -rpath /usr/local/tools/icc-11.1.046/lib -L/usr/local/tools/ifort-11.1.046/lib -rpath /usr/local/tools/ifort-11.1.046/lib -L/usr/local/tools/icc-11.1.046/lib/intel64 -L/usr/lib/gcc/x86_64-redhat-linux/4.4.6 -L/usr/lib/gcc/x86_64-redhat-linux/4.4.6/../../../../lib64 -L/lib/../lib64 -L/usr/lib/../lib64 -L/usr/lib/gcc/x86_64-redhat-linux/4.4.6/../../.. -L/lib64 -L/lib -L/usr/lib64 -L/usr/lib -Bstatic -limf -lsvml -Bdynamic -lm -Bstatic -lipgo -ldecimal -lirc -Bdynamic -lgcc_s -lgcc -Bstatic -lirc -Bdynamic -lc -lgcc_s -lgcc -Bstatic -lirc_s -Bdynamic -ldl -lc /usr/lib/gcc/x86_64-redhat-linux/4.4.6/crtend.o /usr/lib/gcc/x86_64-redhat-linux/4.4.6/../../../../lib64/crtn.o
/usr/lib/gcc/x86_64-redhat-linux/4.4.6/../../../../lib64/crt1.o: In function `_start':
(.text+0x20): undefined reference to `main'
rm /var/tmp/patki1/icca6tQuLlibgcc

rm /var/tmp/patki1/icc6I0egjgnudirs

rm /var/tmp/patki1/icc7TiV1ognudirs

configure:3823: $? = 1
configure:3825: mpicc -V </dev/null >&5
Intel(R) C Intel(R) 64 Compiler Professional for applications running on Intel(R) 64, Version 11.1    Build 20090630 Package ID: l_cproc_p_11.1.046
Copyright (C) 1985-2009 Intel Corporation.  All rights reserved.

configure:3828: $? = 0
configure:3831: checking whether we are using the GNU C++ compiler
configure:3855: mpicc -c   conftest.cc >&5
configure:3861: $? = 0
configure:3865: test -z 
			 || test ! -s conftest.err
configure:3868: $? = 0
configure:3871: test -s conftest.o
configure:3874: $? = 0
configure:3887: result: yes
configure:3893: checking whether mpicc accepts -g
configure:3914: mpicc -c -g  conftest.cc >&5
configure:3920: $? = 0
configure:3924: test -z 
			 || test ! -s conftest.err
configure:3927: $? = 0
configure:3930: test -s conftest.o
configure:3933: $? = 0
configure:3944: result: yes
configure:3986: mpicc -c -g -O2  conftest.cc >&5
configure:3992: $? = 0
configure:3996: test -z 
			 || test ! -s conftest.err
configure:3999: $? = 0
configure:4002: test -s conftest.o
configure:4005: $? = 0
configure:4031: mpicc -c -g -O2  conftest.cc >&5
conftest.cc(22): error: identifier "exit" is undefined
  exit (42);
  ^

compilation aborted for conftest.cc (code 2)
configure:4037: $? = 2
configure: failed program was:
| /* confdefs.h.  */
| 
| #define PACKAGE_NAME "hypre"
| #define PACKAGE_TARNAME "hypre"
| #define PACKAGE_VERSION "2.8.0b"
| #define PACKAGE_STRING "hypre 2.8.0b"
| #define PACKAGE_BUGREPORT ""
| #define HYPRE_RELEASE_NAME "hypre"
| #define HYPRE_RELEASE_VERSION "2.8.0b"
| #define HYPRE_RELEASE_DATE "2011/11/14"
| #define HYPRE_RELEASE_TIME "00:00:00"
| #define HYPRE_RELEASE_BUGS "hypre-support@llnl.gov"
| #define HYPRE_FMANGLE 0
| #define HYPRE_FMANGLE_BLAS 0
| #define HYPRE_FMANGLE_LAPACK 0
| #define HYPRE_USING_OPENMP 1
| /* end confdefs.h.  */
| 
| int
| main ()
| {
| exit (42);
|   ;
|   return 0;
| }
configure:3986: mpicc -c -g -O2  conftest.cc >&5
conftest.cc(18): error: namespace "std" has no member "exit"
  extern "C" void std::exit (int) throw (); using std::exit;
                       ^

conftest.cc(18): error: namespace "std" has no member "exit"
  extern "C" void std::exit (int) throw (); using std::exit;
                                                       ^

compilation aborted for conftest.cc (code 2)
configure:3992: $? = 2
configure: failed program was:
| /* confdefs.h.  */
| 
| #define PACKAGE_NAME "hypre"
| #define PACKAGE_TARNAME "hypre"
| #define PACKAGE_VERSION "2.8.0b"
| #define PACKAGE_STRING "hypre 2.8.0b"
| #define PACKAGE_BUGREPORT ""
| #define HYPRE_RELEASE_NAME "hypre"
| #define HYPRE_RELEASE_VERSION "2.8.0b"
| #define HYPRE_RELEASE_DATE "2011/11/14"
| #define HYPRE_RELEASE_TIME "00:00:00"
| #define HYPRE_RELEASE_BUGS "hypre-support@llnl.gov"
| #define HYPRE_FMANGLE 0
| #define HYPRE_FMANGLE_BLAS 0
| #define HYPRE_FMANGLE_LAPACK 0
| #define HYPRE_USING_OPENMP 1
| /* end confdefs.h.  */
| extern "C" void std::exit (int) throw (); using std::exit;
| #include <stdlib.h>
| int
| main ()
| {
| exit (42);
|   ;
|   return 0;
| }
configure:3986: mpicc -c -g -O2  conftest.cc >&5
conftest.cc(18): error: namespace "std" has no member "exit"
  extern "C" void std::exit (int); using std::exit;
                       ^

conftest.cc(18): error: namespace "std" has no member "exit"
  extern "C" void std::exit (int); using std::exit;
                                              ^

compilation aborted for conftest.cc (code 2)
configure:3992: $? = 2
configure: failed program was:
| /* confdefs.h.  */
| 
| #define PACKAGE_NAME "hypre"
| #define PACKAGE_TARNAME "hypre"
| #define PACKAGE_VERSION "2.8.0b"
| #define PACKAGE_STRING "hypre 2.8.0b"
| #define PACKAGE_BUGREPORT ""
| #define HYPRE_RELEASE_NAME "hypre"
| #define HYPRE_RELEASE_VERSION "2.8.0b"
| #define HYPRE_RELEASE_DATE "2011/11/14"
| #define HYPRE_RELEASE_TIME "00:00:00"
| #define HYPRE_RELEASE_BUGS "hypre-support@llnl.gov"
| #define HYPRE_FMANGLE 0
| #define HYPRE_FMANGLE_BLAS 0
| #define HYPRE_FMANGLE_LAPACK 0
| #define HYPRE_USING_OPENMP 1
| /* end confdefs.h.  */
| extern "C" void std::exit (int); using std::exit;
| #include <stdlib.h>
| int
| main ()
| {
| exit (42);
|   ;
|   return 0;
| }
configure:3986: mpicc -c -g -O2  conftest.cc >&5
configure:3992: $? = 0
configure:3996: test -z 
			 || test ! -s conftest.err
configure:3999: $? = 0
configure:4002: test -s conftest.o
configure:4005: $? = 0
configure:4031: mpicc -c -g -O2  conftest.cc >&5
configure:4037: $? = 0
configure:4041: test -z 
			 || test ! -s conftest.err
configure:4044: $? = 0
configure:4047: test -s conftest.o
configure:4050: $? = 0
configure:4169: checking for Fortran 77 compiler version
configure:4172: mpif77 --version </dev/null >&5
ifort (IFORT) 11.1 20090630
Copyright (C) 1985-2009 Intel Corporation.  All rights reserved.

configure:4175: $? = 0
configure:4177: mpif77 -v </dev/null >&5
mpif77 for MVAPICH2 version 1.7
Version 11.1 
ld    /usr/lib/gcc/x86_64-redhat-linux/4.4.6/../../../../lib64/crt1.o /usr/lib/gcc/x86_64-redhat-linux/4.4.6/../../../../lib64/crti.o /usr/lib/gcc/x86_64-redhat-linux/4.4.6/crtbegin.o --eh-frame-hdr -dynamic-linker /lib64/ld-linux-x86-64.so.2 -o a.out /usr/local/tools/ifort-11.1.046/lib/intel64/for_main.o -rpath /usr/local/tools/ifort-11.1.046/lib -L/usr/local/tools/icc-11.1.046/lib -rpath /usr/local/tools/icc-11.1.046/lib -L/usr/local/tools/ifort-11.1.046/lib/intel64 -L/usr/lib/gcc/x86_64-redhat-linux/4.4.6 -L/usr/lib/gcc/x86_64-redhat-linux/4.4.6/../../../../lib64 -L/lib/../lib64 -L/usr/lib/../lib64 -L/usr/lib/gcc/x86_64-redhat-linux/4.4.6/../../.. -L/lib64 -L/lib -L/usr/lib64 -L/usr/lib -Bstatic -lifport -lifcore -limf -lsvml -Bdynamic -lm -Bstatic -lipgo -lirc -u __pthread_once -Bdynamic -lpthread -lc -lgcc_s -lgcc -Bstatic -lirc_s -Bdynamic -ldl -lc /usr/lib/gcc/x86_64-redhat-linux/4.4.6/crtend.o /usr/lib/gcc/x86_64-redhat-linux/4.4.6/../../../../lib64/crtn.o
/usr/local/tools/ifort-11.1.046/lib/intel64/for_main.o: In function `main':
/export/users/nbtester/efi2linux_nightly/branch-ubs-11_1/20090701_000000/libdev/frtl/src/libfor/for_main.c:(.text+0x38): undefined reference to `MAIN__'
rm /var/tmp/patki1/ifortGCDMtclibgcc

rm /var/tmp/patki1/ifortpULAwTgnudirs

rm /var/tmp/patki1/ifortZOduQhgnudirs

configure:4180: $? = 1
configure:4182: mpif77 -V </dev/null >&5
Intel(R) Fortran Intel(R) 64 Compiler Professional for applications running on Intel(R) 64, Version 11.1    Build 20090630 Package ID: l_cprof_p_11.1.046
Copyright (C) 1985-2009 Intel Corporation.  All rights reserved.

configure:4185: $? = 0
configure:4193: checking whether we are using the GNU Fortran 77 compiler
configure:4207: mpif77 -c  conftest.F >&5
conftest.F(3): error #5082: Syntax error, found END-OF-STATEMENT when expecting one of: ( % : . = =>
       choke me
---------------^
conftest.F(3): error #6218: This statement is positioned incorrectly and/or has syntax errors.
       choke me
---------------^
compilation aborted for conftest.F (code 1)
configure:4213: $? = 1
configure: failed program was:
|       program main
| #ifndef __GNUC__
|        choke me
| #endif
| 
|       end
configure:4239: result: no
configure:4245: checking whether mpif77 accepts -g
configure:4257: mpif77 -c -g conftest.f >&5
configure:4263: $? = 0
configure:4267: test -z 
			 || test ! -s conftest.err
configure:4270: $? = 0
configure:4273: test -s conftest.o
configure:4276: $? = 0
configure:4288: result: yes
configure:4318: checking how to get verbose linking output from mpif77
configure:4329: mpif77 -c -g conftest.f >&5
configure:4335: $? = 0
configure:4339: test -z 
			 || test ! -s conftest.err
configure:4342: $? = 0
configure:4345: test -s conftest.o
configure:4348: $? = 0
configure:4365: mpif77 -o conftest -g -v  conftest.f  >&5
mpif77 for MVAPICH2 version 1.7
Version 11.1 
/usr/local/tools/ifort-11.1.046/bin/intel64/fortcom    -D__INTEL_COMPILER=1110 -D_MT -D__ELF__ -D__INTEL_COMPILER_BUILD_DATE=20090630 -D__unix__ -D__unix -D__linux__ -D__linux -D__gnu_linux__ -Dunix -Dlinux -D__x86_64 -D__x86_64__ -mGLOB_pack_sort_init_list -I. -I/usr/local/tools/mvapich2-intel-debug-1.7/include -I/usr/local/tools/ifort-11.1.046/include/intel64 -I/usr/local/tools/ifort-11.1.046/include/intel64 -I/usr/local/tools/ifort-11.1.046/include -I/usr/local/include -I/usr/include -I/usr/lib/gcc/x86_64-redhat-linux/4.4.6/include "-fp_modbits honor_f32_conversion" "-fp_modbits honor_f64_conversion" -O0 -g2 -mP1OPT_version=11.1-intel64 -mGLOB_diag_file=/var/tmp/patki1/ifortVQlUWk.diag -mGLOB_source_language=GLOB_SOURCE_LANGUAGE_F90 -mGLOB_tune_for_fort -mGLOB_use_fort_dope_vector -mP2OPT_static_promotion -mP1OPT_print_version=FALSE -mP3OPT_use_mspp_call_convention -mCG_use_gas_got_workaround=F -mP2OPT_align_option_used=TRUE "-mGLOB_options_string=-I/usr/local/tools/mvapich2-intel-debug-1.7/include -Xlinker -rpath -Xlinker /usr/local/tools/ifort-11.1.046/lib -L/usr/local/tools/icc-11.1.046/lib -Xlinker -rpath -Xlinker /usr/local/tools/icc-11.1.046/lib -Wl,-rpath,/usr/local/tools/pmgr/lib -L/usr/local/tools/pmgr/lib -lpsm_infinipath -o conftest -g -v -L/usr/local/tools/mvapich2-intel-debug-1.7/lib -Wl,-rpath -Wl,/usr/local/tools/mvapich2-intel-debug-1.7/lib -lmpich -lpmi -lopa -lmpl -lpthread -lpsm_infinipath -lpthread" -mGLOB_cxx_limited_range=FALSE -mP3OPT_emit_line_numbers -mP2OPT_suppress_unreferenced_locals=FALSE -mGLOB_debug_target=GLOB_DEBUG_TARGET_ALL -mGLOB_debug_format=GLOB_DEBUG_FORMAT_DWARF20 -mGLOB_as_output_backup_file_name=/var/tmp/patki1/ifortKT3wpRas_.s -mIPOPT_activate -mGLOB_machine_model=GLOB_MACHINE_MODEL_EFI2 -mGLOB_maintain_errno -mGLOB_noinline_intrinsics -mGLOB_use_base_pointer -mGLOB_extended_instructions=0x8 -mP2OPT_subs_out_of_bound=FALSE -mGLOB_ansi_alias -mIPOPT_ninl_limit=0 -mIPOPT_ninl_user_level=0 -mIPOPT_args_in_regs=0 -mIPOPT_args_in_regs=0 -mPGOPTI_value_profile_use=T -mP2OPT_gen_linux_const_pooling=FALSE -mGLOB_opt_level=0 -mIPOPT_obj_output_file_name=/var/tmp/patki1/ifortVQlUWk.o "-mGLOB_linker_version=2.20.51.0.2-5.28.el6 20091009" -mP3OPT_asm_target=P3OPT_ASM_TARGET_GAS -mGLOB_obj_output_file=/var/tmp/patki1/ifortVQlUWk.o -mGLOB_source_dialect=GLOB_SOURCE_DIALECT_FORTRAN -mP1OPT_source_file_name=conftest.f conftest.f
ld    /usr/lib/gcc/x86_64-redhat-linux/4.4.6/../../../../lib64/crt1.o /usr/lib/gcc/x86_64-redhat-linux/4.4.6/../../../../lib64/crti.o /usr/lib/gcc/x86_64-redhat-linux/4.4.6/crtbegin.o --eh-frame-hdr -dynamic-linker /lib64/ld-linux-x86-64.so.2 -o conftest /usr/local/tools/ifort-11.1.046/lib/intel64/for_main.o -rpath /usr/local/tools/ifort-11.1.046/lib -L/usr/local/tools/icc-11.1.046/lib -rpath /usr/local/tools/icc-11.1.046/lib -rpath /usr/local/tools/pmgr/lib -L/usr/local/tools/pmgr/lib -lpsm_infinipath /var/tmp/patki1/ifortVQlUWk.o -L/usr/local/tools/mvapich2-intel-debug-1.7/lib -rpath /usr/local/tools/mvapich2-intel-debug-1.7/lib -lmpich -lpmi -lopa -lmpl -lpthread -lpsm_infinipath -lpthread -L/usr/local/tools/ifort-11.1.046/lib/intel64 -L/usr/lib/gcc/x86_64-redhat-linux/4.4.6 -L/usr/lib/gcc/x86_64-redhat-linux/4.4.6/../../../../lib64 -L/lib/../lib64 -L/usr/lib/../lib64 -L/usr/lib/gcc/x86_64-redhat-linux/4.4.6/../../.. -L/lib64 -L/lib -L/usr/lib64 -L/usr/lib -Bstatic -lifport -lifcore -limf -lsvml -Bdynamic -lm -Bstatic -lipgo -lirc -u __pthread_once -Bdynamic -lpthread -lc -lgcc_s -lgcc -Bstatic -lirc_s -Bdynamic -ldl -lc /usr/lib/gcc/x86_64-redhat-linux/4.4.6/crtend.o /usr/lib/gcc/x86_64-redhat-linux/4.4.6/../../../../lib64/crtn.o
rm /var/tmp/patki1/ifort60HNBOlibgcc

rm /var/tmp/patki1/ifortCpLGIzgnudirs

rm /var/tmp/patki1/ifortYpa9a6gas

rm /var/tmp/patki1/ifortKT3wpRas_.s

rm /var/tmp/patki1/iforta4oVDCldashv

rm /var/tmp/patki1/ifortyd1NSnarg

rm /var/tmp/patki1/ifortW9CIa9gnudirs

rm /var/tmp/patki1/ifortVQlUWk.o
configure:4420: result: -v
configure:4422: checking for Fortran libraries of mpif77
configure:4443: mpif77 -o conftest -g -v  conftest.f  >&5
mpif77 for MVAPICH2 version 1.7
Version 11.1 
/usr/local/tools/ifort-11.1.046/bin/intel64/fortcom    -D__INTEL_COMPILER=1110 -D_MT -D__ELF__ -D__INTEL_COMPILER_BUILD_DATE=20090630 -D__unix__ -D__unix -D__linux__ -D__linux -D__gnu_linux__ -Dunix -Dlinux -D__x86_64 -D__x86_64__ -mGLOB_pack_sort_init_list -I. -I/usr/local/tools/mvapich2-intel-debug-1.7/include -I/usr/local/tools/ifort-11.1.046/include/intel64 -I/usr/local/tools/ifort-11.1.046/include/intel64 -I/usr/local/tools/ifort-11.1.046/include -I/usr/local/include -I/usr/include -I/usr/lib/gcc/x86_64-redhat-linux/4.4.6/include "-fp_modbits honor_f32_conversion" "-fp_modbits honor_f64_conversion" -O0 -g2 -mP1OPT_version=11.1-intel64 -mGLOB_diag_file=/var/tmp/patki1/ifortglrteI.diag -mGLOB_source_language=GLOB_SOURCE_LANGUAGE_F90 -mGLOB_tune_for_fort -mGLOB_use_fort_dope_vector -mP2OPT_static_promotion -mP1OPT_print_version=FALSE -mP3OPT_use_mspp_call_convention -mCG_use_gas_got_workaround=F -mP2OPT_align_option_used=TRUE "-mGLOB_options_string=-I/usr/local/tools/mvapich2-intel-debug-1.7/include -Xlinker -rpath -Xlinker /usr/local/tools/ifort-11.1.046/lib -L/usr/local/tools/icc-11.1.046/lib -Xlinker -rpath -Xlinker /usr/local/tools/icc-11.1.046/lib -Wl,-rpath,/usr/local/tools/pmgr/lib -L/usr/local/tools/pmgr/lib -lpsm_infinipath -o conftest -g -v -L/usr/local/tools/mvapich2-intel-debug-1.7/lib -Wl,-rpath -Wl,/usr/local/tools/mvapich2-intel-debug-1.7/lib -lmpich -lpmi -lopa -lmpl -lpthread -lpsm_infinipath -lpthread" -mGLOB_cxx_limited_range=FALSE -mP3OPT_emit_line_numbers -mP2OPT_suppress_unreferenced_locals=FALSE -mGLOB_debug_target=GLOB_DEBUG_TARGET_ALL -mGLOB_debug_format=GLOB_DEBUG_FORMAT_DWARF20 -mGLOB_as_output_backup_file_name=/var/tmp/patki1/ifort3Vrf1gas_.s -mIPOPT_activate -mGLOB_machine_model=GLOB_MACHINE_MODEL_EFI2 -mGLOB_maintain_errno -mGLOB_noinline_intrinsics -mGLOB_use_base_pointer -mGLOB_extended_instructions=0x8 -mP2OPT_subs_out_of_bound=FALSE -mGLOB_ansi_alias -mIPOPT_ninl_limit=0 -mIPOPT_ninl_user_level=0 -mIPOPT_args_in_regs=0 -mIPOPT_args_in_regs=0 -mPGOPTI_value_profile_use=T -mP2OPT_gen_linux_const_pooling=FALSE -mGLOB_opt_level=0 -mIPOPT_obj_output_file_name=/var/tmp/patki1/ifortglrteI.o "-mGLOB_linker_version=2.20.51.0.2-5.28.el6 20091009" -mP3OPT_asm_target=P3OPT_ASM_TARGET_GAS -mGLOB_obj_output_file=/var/tmp/patki1/ifortglrteI.o -mGLOB_source_dialect=GLOB_SOURCE_DIALECT_FORTRAN -mP1OPT_source_file_name=conftest.f conftest.f
ld    /usr/lib/gcc/x86_64-redhat-linux/4.4.6/../../../../lib64/crt1.o /usr/lib/gcc/x86_64-redhat-linux/4.4.6/../../../../lib64/crti.o /usr/lib/gcc/x86_64-redhat-linux/4.4.6/crtbegin.o --eh-frame-hdr -dynamic-linker /lib64/ld-linux-x86-64.so.2 -o conftest /usr/local/tools/ifort-11.1.046/lib/intel64/for_main.o -rpath /usr/local/tools/ifort-11.1.046/lib -L/usr/local/tools/icc-11.1.046/lib -rpath /usr/local/tools/icc-11.1.046/lib -rpath /usr/local/tools/pmgr/lib -L/usr/local/tools/pmgr/lib -lpsm_infinipath /var/tmp/patki1/ifortglrteI.o -L/usr/local/tools/mvapich2-intel-debug-1.7/lib -rpath /usr/local/tools/mvapich2-intel-debug-1.7/lib -lmpich -lpmi -lopa -lmpl -lpthread -lpsm_infinipath -lpthread -L/usr/local/tools/ifort-11.1.046/lib/intel64 -L/usr/lib/gcc/x86_64-redhat-linux/4.4.6 -L/usr/lib/gcc/x86_64-redhat-linux/4.4.6/../../../../lib64 -L/lib/../lib64 -L/usr/lib/../lib64 -L/usr/lib/gcc/x86_64-redhat-linux/4.4.6/../../.. -L/lib64 -L/lib -L/usr/lib64 -L/usr/lib -Bstatic -lifport -lifcore -limf -lsvml -Bdynamic -lm -Bstatic -lipgo -lirc -u __pthread_once -Bdynamic -lpthread -lc -lgcc_s -lgcc -Bstatic -lirc_s -Bdynamic -ldl -lc /usr/lib/gcc/x86_64-redhat-linux/4.4.6/crtend.o /usr/lib/gcc/x86_64-redhat-linux/4.4.6/../../../../lib64/crtn.o
rm /var/tmp/patki1/ifort5cDhz9libgcc

rm /var/tmp/patki1/ifortcvcbQVgnudirs

rm /var/tmp/patki1/ifort2tbMCugas

rm /var/tmp/patki1/ifort3Vrf1gas_.s

rm /var/tmp/patki1/ifort9UfIp3ldashv

rm /var/tmp/patki1/ifortwPDGOParg

rm /var/tmp/patki1/ifortdY5FgCgnudirs

rm /var/tmp/patki1/ifortglrteI.o
configure:4604: result:  -L/usr/local/tools/icc-11.1.046/lib -L/usr/local/tools/pmgr/lib -lpsm_infinipath -L/usr/local/tools/mvapich2-intel-debug-1.7/lib -lmpich -lpmi -lopa -lmpl -lpthread -L/usr/local/tools/ifort-11.1.046/lib/intel64 -L/usr/lib/gcc/x86_64-redhat-linux/4.4.6 -L/usr/lib/gcc/x86_64-redhat-linux/4.4.6/../../../../lib64 -L/lib/../lib64 -L/usr/lib/../lib64 -L/usr/lib/gcc/x86_64-redhat-linux/4.4.6/../../.. -L/lib64 -L/lib -L/usr/lib64 -L/usr/lib -lifport -lifcore -limf -lsvml -lm -lipgo -lirc -lgcc_s -lirc_s -ldl
configure:4621: checking for dummy main to link with Fortran libraries
configure:4660: mpicc -o conftest -g -O2   conftest.c   -L/usr/local/tools/icc-11.1.046/lib -L/usr/local/tools/pmgr/lib -lpsm_infinipath -L/usr/local/tools/mvapich2-intel-debug-1.7/lib -lmpich -lpmi -lopa -lmpl -lpthread -L/usr/local/tools/ifort-11.1.046/lib/intel64 -L/usr/lib/gcc/x86_64-redhat-linux/4.4.6 -L/usr/lib/gcc/x86_64-redhat-linux/4.4.6/../../../../lib64 -L/lib/../lib64 -L/usr/lib/../lib64 -L/usr/lib/gcc/x86_64-redhat-linux/4.4.6/../../.. -L/lib64 -L/lib -L/usr/lib64 -L/usr/lib -lifport -lifcore -limf -lsvml -lm -lipgo -lirc -lgcc_s -lirc_s -ldl >&5
configure:4666: $? = 0
configure:4670: test -z 
			 || test ! -s conftest.err
configure:4673: $? = 0
configure:4676: test -s conftest
configure:4679: $? = 0
configure:4757: result: none
configure:4794: checking for Fortran name-mangling scheme
configure:4808: mpif77 -c -g conftest.f >&5
configure:4814: $? = 0
configure:4818: test -z 
			 || test ! -s conftest.err
configure:4821: $? = 0
configure:4824: test -s conftest.o
configure:4827: $? = 0
configure:4874: mpicc -o conftest -g -O2   conftest.c cfortran_test.o   -L/usr/local/tools/icc-11.1.046/lib -L/usr/local/tools/pmgr/lib -lpsm_infinipath -L/usr/local/tools/mvapich2-intel-debug-1.7/lib -lmpich -lpmi -lopa -lmpl -lpthread -L/usr/local/tools/ifort-11.1.046/lib/intel64 -L/usr/lib/gcc/x86_64-redhat-linux/4.4.6 -L/usr/lib/gcc/x86_64-redhat-linux/4.4.6/../../../../lib64 -L/lib/../lib64 -L/usr/lib/../lib64 -L/usr/lib/gcc/x86_64-redhat-linux/4.4.6/../../.. -L/lib64 -L/lib -L/usr/lib64 -L/usr/lib -lifport -lifcore -limf -lsvml -lm -lipgo -lirc -lgcc_s -lirc_s -ldl >&5
/var/tmp/patki1/iccDBVuF3.o: In function `main':
/g/g90/patki1/local/src/bmarks/hypre/src/conftest.c:40: undefined reference to `foobar'
configure:4880: $? = 1
configure: failed program was:
| /* confdefs.h.  */
| 
| #define PACKAGE_NAME "hypre"
| #define PACKAGE_TARNAME "hypre"
| #define PACKAGE_VERSION "2.8.0b"
| #define PACKAGE_STRING "hypre 2.8.0b"
| #define PACKAGE_BUGREPORT ""
| #define HYPRE_RELEASE_NAME "hypre"
| #define HYPRE_RELEASE_VERSION "2.8.0b"
| #define HYPRE_RELEASE_DATE "2011/11/14"
| #define HYPRE_RELEASE_TIME "00:00:00"
| #define HYPRE_RELEASE_BUGS "hypre-support@llnl.gov"
| #define HYPRE_FMANGLE 0
| #define HYPRE_FMANGLE_BLAS 0
| #define HYPRE_FMANGLE_LAPACK 0
| #define HYPRE_USING_OPENMP 1
| #ifdef __cplusplus
| extern "C" void exit (int) throw ();
| #endif
| /* end confdefs.h.  */
| 
| /* Override any gcc2 internal prototype to avoid an error.  */
| #ifdef __cplusplus
| extern "C"
| #endif
| /* We use char because int might match the return type of a gcc2
|    builtin and then its argument prototype would still apply.  */
| char foobar ();
| #ifdef F77_DUMMY_MAIN
| 
| #  ifdef __cplusplus
|      extern "C"
| #  endif
|    int F77_DUMMY_MAIN() { return 1; }
| 
| #endif
| int
| main ()
| {
| foobar ();
|   ;
|   return 0;
| }
configure:4874: mpicc -o conftest -g -O2   conftest.c cfortran_test.o   -L/usr/local/tools/icc-11.1.046/lib -L/usr/local/tools/pmgr/lib -lpsm_infinipath -L/usr/local/tools/mvapich2-intel-debug-1.7/lib -lmpich -lpmi -lopa -lmpl -lpthread -L/usr/local/tools/ifort-11.1.046/lib/intel64 -L/usr/lib/gcc/x86_64-redhat-linux/4.4.6 -L/usr/lib/gcc/x86_64-redhat-linux/4.4.6/../../../../lib64 -L/lib/../lib64 -L/usr/lib/../lib64 -L/usr/lib/gcc/x86_64-redhat-linux/4.4.6/../../.. -L/lib64 -L/lib -L/usr/lib64 -L/usr/lib -lifport -lifcore -limf -lsvml -lm -lipgo -lirc -lgcc_s -lirc_s -ldl >&5
configure:4880: $? = 0
configure:4884: test -z 
			 || test ! -s conftest.err
configure:4887: $? = 0
configure:4890: test -s conftest
configure:4893: $? = 0
configure:4961: mpicc -o conftest -g -O2   conftest.c cfortran_test.o   -L/usr/local/tools/icc-11.1.046/lib -L/usr/local/tools/pmgr/lib -lpsm_infinipath -L/usr/local/tools/mvapich2-intel-debug-1.7/lib -lmpich -lpmi -lopa -lmpl -lpthread -L/usr/local/tools/ifort-11.1.046/lib/intel64 -L/usr/lib/gcc/x86_64-redhat-linux/4.4.6 -L/usr/lib/gcc/x86_64-redhat-linux/4.4.6/../../../../lib64 -L/lib/../lib64 -L/usr/lib/../lib64 -L/usr/lib/gcc/x86_64-redhat-linux/4.4.6/../../.. -L/lib64 -L/lib -L/usr/lib64 -L/usr/lib -lifport -lifcore -limf -lsvml -lm -lipgo -lirc -lgcc_s -lirc_s -ldl >&5
configure:4967: $? = 0
configure:4971: test -z 
			 || test ! -s conftest.err
configure:4974: $? = 0
configure:4977: test -s conftest
configure:4980: $? = 0
configure:5030: result: lower case, underscore, no extra underscore
configure:5142: checking for MPI_Init
configure:5207: mpicc -o conftest -g -O2   conftest.c  >&5
configure:5213: $? = 0
configure:5217: test -z 
			 || test ! -s conftest.err
configure:5220: $? = 0
configure:5223: test -s conftest
configure:5226: $? = 0
configure:5238: result: yes
configure:5405: checking for mpi.h
configure:5431: mpicc -c -g -O2  conftest.c >&5
configure:5437: $? = 0
configure:5441: test -z 
			 || test ! -s conftest.err
configure:5444: $? = 0
configure:5447: test -s conftest.o
configure:5450: $? = 0
configure:5452: result: yes
configure:5485: checking for MPI_Comm_f2c
configure:5550: mpicc -o conftest -g -O2   conftest.c    >&5
/var/tmp/patki1/iccel5zSs.o: In function `main':
/g/g90/patki1/local/src/bmarks/hypre/src/conftest.c:72: undefined reference to `MPI_Comm_f2c'
/var/tmp/patki1/iccel5zSs.o:(.data+0x0): undefined reference to `MPI_Comm_f2c'
configure:5556: $? = 1
configure: failed program was:
| /* confdefs.h.  */
| 
| #define PACKAGE_NAME "hypre"
| #define PACKAGE_TARNAME "hypre"
| #define PACKAGE_VERSION "2.8.0b"
| #define PACKAGE_STRING "hypre 2.8.0b"
| #define PACKAGE_BUGREPORT ""
| #define HYPRE_RELEASE_NAME "hypre"
| #define HYPRE_RELEASE_VERSION "2.8.0b"
| #define HYPRE_RELEASE_DATE "2011/11/14"
| #define HYPRE_RELEASE_TIME "00:00:00"
| #define HYPRE_RELEASE_BUGS "hypre-support@llnl.gov"
| #define HYPRE_FMANGLE 0
| #define HYPRE_FMANGLE_BLAS 0
| #define HYPRE_FMANGLE_LAPACK 0
| #define HYPRE_USING_OPENMP 1
| #ifdef __cplusplus
| extern "C" void exit (int) throw ();
| #endif
| #define F77_FUNC(name,NAME) name ## _
| #define F77_FUNC_(name,NAME) name ## _
| #define HYPRE_HAVE_MPI 1
| /* end confdefs.h.  */
| /* Define MPI_Comm_f2c to an innocuous variant, in case <limits.h> declares MPI_Comm_f2c.
|    For example, HP-UX 11i <limits.h> declares gettimeofday.  */
| #define MPI_Comm_f2c innocuous_MPI_Comm_f2c
| 
| /* System header to define __stub macros and hopefully few prototypes,
|     which can conflict with char MPI_Comm_f2c (); below.
|     Prefer <limits.h> to <assert.h> if __STDC__ is defined, since
|     <limits.h> exists even on freestanding compilers.  */
| 
| #ifdef __STDC__
| # include <limits.h>
| #else
| # include <assert.h>
| #endif
| 
| #undef MPI_Comm_f2c
| 
| /* Override any gcc2 internal prototype to avoid an error.  */
| #ifdef __cplusplus
| extern "C"
| {
| #endif
| /* We use char because int might match the return type of a gcc2
|    builtin and then its argument prototype would still apply.  */
| char MPI_Comm_f2c ();
| /* The GNU C library defines this for functions which it implements
|     to always fail with ENOSYS.  Some functions are actually named
|     something starting with __ and the normal name is an alias.  */
| #if defined (__stub_MPI_Comm_f2c) || defined (__stub___MPI_Comm_f2c)
| choke me
| #else
| char (*f) () = MPI_Comm_f2c;
| #endif
| #ifdef __cplusplus
| }
| #endif
| 
| #ifdef F77_DUMMY_MAIN
| 
| #  ifdef __cplusplus
|      extern "C"
| #  endif
|    int F77_DUMMY_MAIN() { return 1; }
| 
| #endif
| int
| main ()
| {
| return f != MPI_Comm_f2c;
|   ;
|   return 0;
| }
configure:5581: result: no
configure:6111: checking for __gxx_personality_v0 in -lstdc++
configure:6149: mpicc -o conftest -g -O2   conftest.c -lstdc++     >&5
configure:6155: $? = 0
configure:6159: test -z 
			 || test ! -s conftest.err
configure:6162: $? = 0
configure:6165: test -s conftest
configure:6168: $? = 0
configure:6181: result: yes
configure:6468: checking for cabs in -lm
configure:6506: mpicc -o conftest -O2   conftest.c -lm     -lstdc++ >&5
configure:6512: $? = 0
configure:6516: test -z 
			 || test ! -s conftest.err
configure:6519: $? = 0
configure:6522: test -s conftest
configure:6525: $? = 0
configure:6538: result: yes
configure:6553: checking the hostname
configure:6564: result: cab670
configure:6568: checking the architecture
configure:6599: result: LINUX
configure:6831: creating ./config.status

## ---------------------- ##
## Running config.status. ##
## ---------------------- ##

This file was extended by hypre config.status 2.8.0b, which was
generated by GNU Autoconf 2.59.  Invocation command line was

  CONFIG_FILES    = 
  CONFIG_HEADERS  = 
  CONFIG_LINKS    = 
  CONFIG_COMMANDS = 
  $ ./config.status 

on cab670

config.status:703: creating config/Makefile.config
config.status:806: creating HYPRE_config.h

## ---------------- ##
## Cache variables. ##
## ---------------- ##

ac_cv_build=x86_64-unknown-linux-gnu
ac_cv_build_alias=x86_64-unknown-linux-gnu
ac_cv_c_compiler_gnu=yes
ac_cv_cxx_compiler_gnu=yes
ac_cv_env_CC_set=
ac_cv_env_CC_value=
ac_cv_env_CFLAGS_set=
ac_cv_env_CFLAGS_value=
ac_cv_env_CPPFLAGS_set=
ac_cv_env_CPPFLAGS_value=
ac_cv_env_CXXFLAGS_set=
ac_cv_env_CXXFLAGS_value=
ac_cv_env_CXX_set=
ac_cv_env_CXX_value=
ac_cv_env_F77_set=
ac_cv_env_F77_value=
ac_cv_env_FFLAGS_set=
ac_cv_env_FFLAGS_value=
ac_cv_env_LDFLAGS_set=
ac_cv_env_LDFLAGS_value=
ac_cv_env_build_alias_set=
ac_cv_env_build_alias_value=
ac_cv_env_host_alias_set=
ac_cv_env_host_alias_value=
ac_cv_env_target_alias_set=
ac_cv_env_target_alias_value=
ac_cv_exeext=
ac_cv_f77_compiler_gnu=no
ac_cv_f77_dummy_main=none
ac_cv_f77_libs=' -L/usr/local/tools/icc-11.1.046/lib -L/usr/local/tools/pmgr/lib -lpsm_infinipath -L/usr/local/tools/mvapich2-intel-debug-1.7/lib -lmpich -lpmi -lopa -lmpl -lpthread -L/usr/local/tools/ifort-11.1.046/lib/intel64 -L/usr/lib/gcc/x86_64-redhat-linux/4.4.6 -L/usr/lib/gcc/x86_64-redhat-linux/4.4.6/../../../../lib64 -L/lib/../lib64 -L/usr/lib/../lib64 -L/usr/lib/gcc/x86_64-redhat-linux/4.4.6/../../.. -L/lib64 -L/lib -L/usr/lib64 -L/usr/lib -lifport -lifcore -limf -lsvml -lm -lipgo -lirc -lgcc_s -lirc_s -ldl'
ac_cv_f77_mangling='lower case, underscore, no extra underscore'
ac_cv_fortran_dummy_main=none
ac_cv_func_MPI_Comm_f2c=no
ac_cv_func_MPI_Init=yes
ac_cv_host=x86_64-unknown-linux-gnu
ac_cv_host_alias=x86_64-unknown-linux-gnu
ac_cv_lib_m_cabs=yes
ac_cv_lib_stdcpp___gxx_personality_v0=yes
ac_cv_objext=o
ac_cv_prog_CC=mpicc
ac_cv_prog_CXX=mpicc
ac_cv_prog_F77=mpif77
ac_cv_prog_ac_ct_RANLIB=ranlib
ac_cv_prog_cc_g=yes
ac_cv_prog_cc_stdc=
ac_cv_prog_cxx_g=yes
ac_cv_prog_f77_g=yes
ac_cv_prog_f77_v=-v
ac_cv_prog_make_make_set=yes

## ----------------- ##
## Output variables. ##
## ----------------- ##

AR='ar -rcu'
BABELDIR=''
BLASLIBDIRS=''
BLASLIBS=''
BUILD_CC_SHARED=''
BUILD_CXX_SHARED=''
BUILD_F77_SHARED=''
BUILD_JAVA='0'
BUILD_PYTHON='0'
CC='mpicc'
CFLAGS='-O2'
CPPFLAGS=''
CXX='mpicc'
CXXFLAGS='-O'
DEFS='-DHAVE_CONFIG_H'
ECHO_C=''
ECHO_N='-n'
ECHO_T=''
EXAMPLEDIR=''
EXEEXT=''
F77='mpif77'
F77FLAGS=''
FFLAGS='-O2 -qsmp=omp'
FLIBS=' -L/usr/local/tools/icc-11.1.046/lib -L/usr/local/tools/pmgr/lib -lpsm_infinipath -L/usr/local/tools/mvapich2-intel-debug-1.7/lib -lmpich -lpmi -lopa -lmpl -lpthread -L/usr/local/tools/ifort-11.1.046/lib/intel64 -L/usr/lib/gcc/x86_64-redhat-linux/4.4.6 -L/usr/lib/gcc/x86_64-redhat-linux/4.4.6/../../../../lib64 -L/lib/../lib64 -L/usr/lib/../lib64 -L/usr/lib/gcc/x86_64-redhat-linux/4.4.6/../../.. -L/lib64 -L/lib -L/usr/lib64 -L/usr/lib -lifport -lifcore -limf -lsvml -lm -lipgo -lirc -lgcc_s -lirc_s -ldl'
HOSTNAME='cab670'
HYPRE_ARCH='LINUX'
HYPRE_BLAS_SRC_DIR='/g/g90/patki1/local/src/bmarks/hypre/src/blas'
HYPRE_BUGS='hypre-support@llnl.gov'
HYPRE_DATE='2011/11/14'
HYPRE_FEI_BASE_DIR='/g/g90/patki1/local/src/bmarks/hypre/src/FEI_mv/fei-base'
HYPRE_FEI_FEMLI_FILES='/g/g90/patki1/local/src/bmarks/hypre/src/FEI_mv/femli/lib/*.o'
HYPRE_FEI_HYPRE_FILES='/g/g90/patki1/local/src/bmarks/hypre/src/FEI_mv/fei-hypre/*.o'
HYPRE_FEI_SRC_DIR='/g/g90/patki1/local/src/bmarks/hypre/src/FEI_mv'
HYPRE_FEI_SUBDIRS='SuperLU femli fei-hypre'
HYPRE_FEI_SUPERLU_FILES='/g/g90/patki1/local/src/bmarks/hypre/src/FEI_mv/SuperLU/SRC/*.o'
HYPRE_INCINSTALL='${prefix}/include'
HYPRE_INSTALLDIR='NONE'
HYPRE_LAPACK_SRC_DIR='/g/g90/patki1/local/src/bmarks/hypre/src/lapack'
HYPRE_LIBINSTALL='${exec_prefix}/lib'
HYPRE_LIBSUFFIX='.a'
HYPRE_NAME='hypre'
HYPRE_SRCDIR='/g/g90/patki1/local/src/bmarks/hypre/src'
HYPRE_TIME='00:00:00'
HYPRE_VERSION='2.8.0b'
LAPACKLIBDIRS=''
LAPACKLIBS=''
LDFLAGS=''
LIBOBJS=''
LIBS='   -lstdc++ -lm'
LINK_CC='mpicc'
LINK_CXX='mpicc'
LINK_F77='mpif77'
LTLIBOBJS=''
MPIFLAGS=''
MPIINCLUDE=''
MPILIBDIRS=''
MPILIBS=' '
OBJEXT='o'
PACKAGE_BUGREPORT=''
PACKAGE_NAME=''
PACKAGE_STRING=''
PACKAGE_TARNAME=''
PACKAGE_VERSION=''
PATH_SEPARATOR=':'
PYTHON=''
RANLIB='ranlib'
SET_MAKE=''
SHARED_BUILD_FLAG=''
SHARED_COMPILE_FLAG=''
SHARED_OPTIONS=''
SHARED_SET_SONAME=''
SHELL='/bin/sh'
ac_ct_CC=''
ac_ct_CXX=''
ac_ct_F77=''
ac_ct_RANLIB='ranlib'
bindir='${exec_prefix}/bin'
build='x86_64-unknown-linux-gnu'
build_alias=''
build_cpu='x86_64'
build_os='linux-gnu'
build_vendor='unknown'
datadir='${prefix}/share'
exec_prefix='${prefix}'
host='x86_64-unknown-linux-gnu'
host_alias=''
host_cpu='x86_64'
host_os='linux-gnu'
host_vendor='unknown'
includedir='${prefix}/include'
infodir='${prefix}/info'
libdir='${exec_prefix}/lib'
libexecdir='${exec_prefix}/libexec'
localstatedir='${prefix}/var'
mandir='${prefix}/man'
oldincludedir='/usr/include'
prefix='/g/g90/patki1/local/src/bmarks/hypre/src/hypre'
program_transform_name='s,x,x,'
sbindir='${exec_prefix}/sbin'
sharedstatedir='${prefix}/com'
subdirs=''
sysconfdir='${prefix}/etc'
target_alias=''

## ----------- ##
## confdefs.h. ##
## ----------- ##

#define F77_FUNC(name,NAME) name ## _
#define F77_FUNC_(name,NAME) name ## _
#define HYPRE_FMANGLE 0
#define HYPRE_FMANGLE_BLAS 0
#define HYPRE_FMANGLE_LAPACK 0
#define HYPRE_HAVE_MPI 1
#define HYPRE_LINUX_CHAOS 1
#define HYPRE_RELEASE_BUGS "hypre-support@llnl.gov"
#define HYPRE_RELEASE_DATE "2011/11/14"
#define HYPRE_RELEASE_NAME "hypre"
#define HYPRE_RELEASE_TIME "00:00:00"
#define HYPRE_RELEASE_VERSION "2.8.0b"
#define HYPRE_USING_HYPRE_BLAS 1
#define HYPRE_USING_HYPRE_LAPACK 1
#define HYPRE_USING_OPENMP 1
#define PACKAGE_BUGREPORT ""
#define PACKAGE_NAME "hypre"
#define PACKAGE_STRING "hypre 2.8.0b"
#define PACKAGE_TARNAME "hypre"
#define PACKAGE_VERSION "2.8.0b"
#endif
#ifdef __cplusplus
extern "C" void exit (int) throw ();

configure: exit 0
