writemsr: Verification successful. core_fd[0][0]=13, cpu=0, core=0 cpu+core=0 msr=409 (0x199).
writemsr: Verification successful. core_fd[0][0]=14, cpu=0, core=0 cpu+core=0 msr=409 (0x199).
writemsr: Verification successful. core_fd[0][1]=14, cpu=0, core=1 cpu+core=1 msr=409 (0x199).
writemsr: Verification successful. core_fd[0][1]=15, cpu=0, core=1 cpu+core=1 msr=409 (0x199).
writemsr: Verification successful. core_fd[0][2]=15, cpu=0, core=2 cpu+core=2 msr=409 (0x199).
writemsr: Verification successful. core_fd[0][2]=16, cpu=0, core=2 cpu+core=2 msr=409 (0x199).
writemsr: Verification successful. core_fd[0][0]=13, cpu=0, core=0 cpu+core=0 msr=409 (0x199).
writemsr: Verification successful. core_fd[0][3]=16, cpu=0, core=3 cpu+core=3 msr=409 (0x199).
writemsr: Verification successful. core_fd[0][3]=17, cpu=0, core=3 cpu+core=3 msr=409 (0x199).
writemsr: Verification successful. core_fd[0][1]=14, cpu=0, core=1 cpu+core=1 msr=409 (0x199).
writemsr: Verification successful. core_fd[0][4]=17, cpu=0, core=4 cpu+core=4 msr=409 (0x199).
writemsr: Verification successful. core_fd[0][4]=18, cpu=0, core=4 cpu+core=4 msr=409 (0x199).
writemsr: Verification successful. core_fd[0][2]=15, cpu=0, core=2 cpu+core=2 msr=409 (0x199).
writemsr: Verification successful. core_fd[0][5]=18, cpu=0, core=5 cpu+core=5 msr=409 (0x199).
writemsr: Verification successful. core_fd[0][5]=19, cpu=0, core=5 cpu+core=5 msr=409 (0x199).
writemsr: Verification successful. core_fd[0][3]=16, cpu=0, core=3 cpu+core=3 msr=409 (0x199).
writemsr: Verification successful. core_fd[0][6]=19, cpu=0, core=6 cpu+core=6 msr=409 (0x199).
writemsr: Verification successful. core_fd[0][6]=20, cpu=0, core=6 cpu+core=6 msr=409 (0x199).
writemsr: Verification successful. core_fd[0][4]=17, cpu=0, core=4 cpu+core=4 msr=409 (0x199).
writemsr: Verification successful. core_fd[0][7]=20, cpu=0, core=7 cpu+core=7 msr=409 (0x199).
writemsr: Verification successful. core_fd[0][7]=21, cpu=0, core=7 cpu+core=7 msr=409 (0x199).
writemsr: Verification successful. core_fd[0][5]=18, cpu=0, core=5 cpu+core=5 msr=409 (0x199).
writemsr: Verification successful. core_fd[1][0]=21, cpu=1, core=0 cpu+core=8 msr=409 (0x199).
writemsr: Verification successful. core_fd[1][0]=22, cpu=1, core=0 cpu+core=8 msr=409 (0x199).
writemsr: Verification successful. core_fd[0][6]=19, cpu=0, core=6 cpu+core=6 msr=409 (0x199).
writemsr: Verification successful. core_fd[1][1]=22, cpu=1, core=1 cpu+core=9 msr=409 (0x199).
writemsr: Verification successful. core_fd[1][1]=23, cpu=1, core=1 cpu+core=9 msr=409 (0x199).
writemsr: Verification successful. core_fd[0][7]=20, cpu=0, core=7 cpu+core=7 msr=409 (0x199).
writemsr: Verification successful. core_fd[1][2]=23, cpu=1, core=2 cpu+core=10 msr=409 (0x199).
writemsr: Verification successful. core_fd[1][2]=24, cpu=1, core=2 cpu+core=10 msr=409 (0x199).
writemsr: Verification successful. core_fd[1][0]=21, cpu=1, core=0 cpu+core=8 msr=409 (0x199).
writemsr: Verification successful. core_fd[1][3]=24, cpu=1, core=3 cpu+core=11 msr=409 (0x199).
writemsr: Verification successful. core_fd[1][3]=25, cpu=1, core=3 cpu+core=11 msr=409 (0x199).
writemsr: Verification successful. core_fd[1][1]=22, cpu=1, core=1 cpu+core=9 msr=409 (0x199).
writemsr: Verification successful. core_fd[1][4]=25, cpu=1, core=4 cpu+core=12 msr=409 (0x199).
writemsr: Verification successful. core_fd[1][4]=26, cpu=1, core=4 cpu+core=12 msr=409 (0x199).
writemsr: Verification successful. core_fd[1][2]=23, cpu=1, core=2 cpu+core=10 msr=409 (0x199).
writemsr: Verification successful. core_fd[1][5]=26, cpu=1, core=5 cpu+core=13 msr=409 (0x199).
writemsr: Verification successful. core_fd[1][5]=27, cpu=1, core=5 cpu+core=13 msr=409 (0x199).
writemsr: Verification successful. core_fd[1][3]=24, cpu=1, core=3 cpu+core=11 msr=409 (0x199).
writemsr: Verification successful. core_fd[1][4]=25, cpu=1, core=4 cpu+core=12 msr=409 (0x199).
writemsr: Verification successful. core_fd[1][5]=26, cpu=1, core=5 cpu+core=13 msr=409 (0x199).
writemsr: Verification successful. core_fd[0][0]=15, cpu=0, core=0 cpu+core=0 msr=409 (0x199).
writemsr: Verification successful. core_fd[0][1]=16, cpu=0, core=1 cpu+core=1 msr=409 (0x199).
writemsr: Verification successful. core_fd[0][2]=17, cpu=0, core=2 cpu+core=2 msr=409 (0x199).
writemsr: Verification successful. core_fd[0][3]=18, cpu=0, core=3 cpu+core=3 msr=409 (0x199).
writemsr: Verification successful. core_fd[0][4]=19, cpu=0, core=4 cpu+core=4 msr=409 (0x199).
writemsr: Verification successful. core_fd[0][5]=20, cpu=0, core=5 cpu+core=5 msr=409 (0x199).
writemsr: Verification successful. core_fd[0][6]=21, cpu=0, core=6 cpu+core=6 msr=409 (0x199).
writemsr: Verification successful. core_fd[0][7]=22, cpu=0, core=7 cpu+core=7 msr=409 (0x199).
writemsr: Verification successful. core_fd[1][0]=23, cpu=1, core=0 cpu+core=8 msr=409 (0x199).
writemsr: Verification successful. core_fd[1][1]=24, cpu=1, core=1 cpu+core=9 msr=409 (0x199).
writemsr: Verification successful. core_fd[1][2]=25, cpu=1, core=2 cpu+core=10 msr=409 (0x199).
writemsr: Verification successful. core_fd[1][3]=26, cpu=1, core=3 cpu+core=11 msr=409 (0x199).
writemsr: Verification successful. core_fd[1][4]=27, cpu=1, core=4 cpu+core=12 msr=409 (0x199).
writemsr: Verification successful. core_fd[1][5]=28, cpu=1, core=5 cpu+core=13 msr=409 (0x199).
writemsr: Verification successful. core_fd[1][6]=29, cpu=1, core=6 cpu+core=14 msr=409 (0x199).
writemsr: Verification successful. core_fd[1][7]=30, cpu=1, core=7 cpu+core=15 msr=409 (0x199).
msr_opt.c::256 setting MSR_PKG_POWER_LIMIT to 0x382f8 on cpu 0
writemsr: Verification successful. core_fd[0][0]=15, cpu=0, core=0 cpu+core=0 msr=1552 (0x610).
msr_opt.c::261 setting MSR_PP0_POWER_LIMIT to 0x0 on cpu 0
msr_opt.c::267 setting MSR_DRAM_POWER_LIMIT to 0x0 on cpu 0
msr_opt.c::256 setting MSR_PKG_POWER_LIMIT to 0x382f8 on cpu 1
writemsr: Verification successful. core_fd[1][0]=23, cpu=1, core=0 cpu+core=8 msr=1552 (0x610).
msr_opt.c::261 setting MSR_PP0_POWER_LIMIT to 0x0 on cpu 1
msr_opt.c::267 setting MSR_DRAM_POWER_LIMIT to 0x0 on cpu 1
tsc rate: 2593638719.245872
writemsr: Verification successful. core_fd[1][6]=27, cpu=1, core=6 cpu+core=14 msr=409 (0x199).
writemsr: Verification successful. core_fd[1][6]=27, cpu=1, core=6 cpu+core=14 msr=409 (0x199).
writemsr: Verification successful. core_fd[1][7]=28, cpu=1, core=7 cpu+core=15 msr=409 (0x199).
writemsr: Verification successful. core_fd[1][7]=28, cpu=1, core=7 cpu+core=15 msr=409 (0x199).
msr_opt.c::256 setting MSR_PKG_POWER_LIMIT to 0x382f8 on cpu 0
writemsr: Verification successful. core_fd[1][6]=28, cpu=1, core=6 cpu+core=14 msr=409 (0x199).
msr_opt.c::256 setting MSR_PKG_POWER_LIMIT to 0x382f8 on cpu 0
writemsr: Verification successful. core_fd[0][0]=13, cpu=0, core=0 cpu+core=0 msr=1552 (0x610).
writemsr: Verification successful. core_fd[1][7]=29, cpu=1, core=7 cpu+core=15 msr=409 (0x199).
writemsr: Verification successful. core_fd[0][0]=13, cpu=0, core=0 cpu+core=0 msr=1552 (0x610).
msr_opt.c::261 setting MSR_PP0_POWER_LIMIT to 0x0 on cpu 0
msr_opt.c::256 setting MSR_PKG_POWER_LIMIT to 0x382f8 on cpu 0
msr_opt.c::261 setting MSR_PP0_POWER_LIMIT to 0x0 on cpu 0
msr_opt.c::267 setting MSR_DRAM_POWER_LIMIT to 0x0 on cpu 0
writemsr: Verification successful. core_fd[0][0]=14, cpu=0, core=0 cpu+core=0 msr=1552 (0x610).
msr_opt.c::267 setting MSR_DRAM_POWER_LIMIT to 0x0 on cpu 0
msr_opt.c::256 setting MSR_PKG_POWER_LIMIT to 0x382f8 on cpu 1
msr_opt.c::261 setting MSR_PP0_POWER_LIMIT to 0x0 on cpu 0
msr_opt.c::256 setting MSR_PKG_POWER_LIMIT to 0x382f8 on cpu 1
writemsr: Verification successful. core_fd[1][0]=21, cpu=1, core=0 cpu+core=8 msr=1552 (0x610).
msr_opt.c::267 setting MSR_DRAM_POWER_LIMIT to 0x0 on cpu 0
writemsr: Verification successful. core_fd[1][0]=21, cpu=1, core=0 cpu+core=8 msr=1552 (0x610).
msr_opt.c::261 setting MSR_PP0_POWER_LIMIT to 0x0 on cpu 1
msr_opt.c::256 setting MSR_PKG_POWER_LIMIT to 0x382f8 on cpu 1
msr_opt.c::261 setting MSR_PP0_POWER_LIMIT to 0x0 on cpu 1
msr_opt.c::267 setting MSR_DRAM_POWER_LIMIT to 0x0 on cpu 1
writemsr: Verification successful. core_fd[1][0]=22, cpu=1, core=0 cpu+core=8 msr=1552 (0x610).
msr_opt.c::267 setting MSR_DRAM_POWER_LIMIT to 0x0 on cpu 1
msr_opt.c::261 setting MSR_PP0_POWER_LIMIT to 0x0 on cpu 1
msr_opt.c::267 setting MSR_DRAM_POWER_LIMIT to 0x0 on cpu 1
tsc rate: 2593641195.909141
tsc rate: 2593621733.642890
tsc rate: 2593628397.732347
msr_core.c::163  pread returned -1.  core_fd[0][0]=13, cpu=0, core=0 cpu+core=0 msr=1553 (0x611).  errno=9
: Bad file descriptor
msr_core.c::163  pread returned -1.  core_fd[0][0]=13, cpu=0, core=0 cpu+core=0 msr=1593 (0x639).  errno=9
: Bad file descriptor
msr_core.c::163  pread returned -1.  core_fd[0][0]=13, cpu=0, core=0 cpu+core=0 msr=1561 (0x619).  errno=9
: Bad file descriptor
msr_core.c::163  pread returned -1.  core_fd[0][0]=13, cpu=0, core=0 cpu+core=0 msr=232 (0xe8).  errno=9
: Bad file descriptor
msr_core.c::163  pread returned -1.  core_fd[0][0]=13, cpu=0, core=0 cpu+core=0 msr=231 (0xe7).  errno=9
: Bad file descriptor
msr_core.c::163  pread returned -1.  core_fd[0][0]=13, cpu=0, core=0 cpu+core=0 msr=16 (0x10).  errno=9
: Bad file descriptor
msr_core.c::163  pread returned -1.  core_fd[0][1]=14, cpu=0, core=1 cpu+core=1 msr=232 (0xe8).  errno=9
: Bad file descriptor
msr_core.c::163  pread returned -1.  core_fd[0][1]=14, cpu=0, core=1 cpu+core=1 msr=231 (0xe7).  errno=9
: Bad file descriptor
msr_core.c::163  pread returned -1.  core_fd[0][0]=15, cpu=0, core=0 cpu+core=0 msr=1553 (0x611).  errno=9
: Bad file descriptor
msr_core.c::163  pread returned -1.  core_fd[0][0]=15, cpu=0, core=0 cpu+core=0 msr=1593 (0x639).  errno=9
: Bad file descriptor
msr_core.c::163  pread returned -1.  core_fd[0][0]=15, cpu=0, core=0 cpu+core=0 msr=1561 (0x619).  errno=9
: Bad file descriptor
msr_core.c::163  pread returned -1.  core_fd[0][0]=15, cpu=0, core=0 cpu+core=0 msr=232 (0xe8).  errno=9
: Bad file descriptor
msr_core.c::163  pread returned -1.  core_fd[0][0]=15, cpu=0, core=0 cpu+core=0 msr=231 (0xe7).  errno=9
: Bad file descriptor
msr_core.c::163  pread returned -1.  core_fd[0][0]=15, cpu=0, core=0 cpu+core=0 msr=16 (0x10).  errno=9
: Bad file descriptor
msr_core.c::163  pread returned -1.  core_fd[0][1]=16, cpu=0, core=1 cpu+core=1 msr=232 (0xe8).  errno=9
: Bad file descriptor
msr_core.c::163  pread returned -1.  core_fd[0][1]=16, cpu=0, core=1 cpu+core=1 msr=231 (0xe7).  errno=9
: Bad file descriptor
msr_core.c::163  pread returned -1.  core_fd[0][1]=14, cpu=0, core=1 cpu+core=1 msr=16 (0x10).  errno=9
: Bad file descriptor
msr_core.c::163  pread returned -1.  core_fd[0][2]=15, cpu=0, core=2 cpu+core=2 msr=232 (0xe8).  errno=9
: Bad file descriptor
msr_core.c::163  pread returned -1.  core_fd[0][2]=15, cpu=0, core=2 cpu+core=2 msr=231 (0xe7).  errno=9
: Bad file descriptor
msr_core.c::163  pread returned -1.  core_fd[0][2]=15, cpu=0, core=2 cpu+core=2 msr=16 (0x10).  errno=9
: Bad file descriptor
msr_core.c::163  pread returned -1.  core_fd[0][3]=16, cpu=0, core=3 cpu+core=3 msr=232 (0xe8).  errno=9
: Bad file descriptor
msr_core.c::163  pread returned -1.  core_fd[0][3]=16, cpu=0, core=3 cpu+core=3 msr=231 (0xe7).  errno=9
: Bad file descriptor
msr_core.c::163  pread returned -1.  core_fd[0][3]=16, cpu=0, core=3 cpu+core=3 msr=16 (0x10).  errno=9
: Bad file descriptor
msr_core.c::163  pread returned -1.  core_fd[0][0]=14, cpu=0, core=0 cpu+core=0 msr=1553 (0x611).  errno=9
: Bad file descriptor
msr_core.c::163  pread returned -1.  core_fd[0][0]=14, cpu=0, core=0 cpu+core=0 msr=1593 (0x639).  errno=9
: Bad file descriptor
msr_core.c::163  pread returned -1.  core_fd[0][0]=14, cpu=0, core=0 cpu+core=0 msr=1561 (0x619).  errno=9
: Bad file descriptor
msr_core.c::163  pread returned -1.  core_fd[0][0]=14, cpu=0, core=0 cpu+core=0 msr=232 (0xe8).  errno=9
: Bad file descriptor
msr_core.c::163  pread returned -1.  core_fd[0][0]=14, cpu=0, core=0 cpu+core=0 msr=231 (0xe7).  errno=9
: Bad file descriptor
msr_core.c::163  pread returned -1.  core_fd[0][0]=14, cpu=0, core=0 cpu+core=0 msr=16 (0x10).  errno=9
: Bad file descriptor
msr_core.c::163  pread returned -1.  core_fd[0][1]=15, cpu=0, core=1 cpu+core=1 msr=232 (0xe8).  errno=9
: Bad file descriptor
msr_core.c::163  pread returned -1.  core_fd[0][1]=15, cpu=0, core=1 cpu+core=1 msr=231 (0xe7).  errno=9
: Bad file descriptor
msr_core.c::163  pread returned -1.  core_fd[0][1]=16, cpu=0, core=1 cpu+core=1 msr=16 (0x10).  errno=9
: Bad file descriptor
msr_core.c::163  pread returned -1.  core_fd[0][2]=17, cpu=0, core=2 cpu+core=2 msr=232 (0xe8).  errno=9
: Bad file descriptor
msr_core.c::163  pread returned -1.  core_fd[0][2]=17, cpu=0, core=2 cpu+core=2 msr=231 (0xe7).  errno=9
: Bad file descriptor
msr_core.c::163  pread returned -1.  core_fd[0][2]=17, cpu=0, core=2 cpu+core=2 msr=16 (0x10).  errno=9
: Bad file descriptor
msr_core.c::163  pread returned -1.  core_fd[0][1]=15, cpu=0, core=1 cpu+core=1 msr=16 (0x10).  errno=9
: Bad file descriptor
msr_core.c::163  pread returned -1.  core_fd[0][2]=16, cpu=0, core=2 cpu+core=2 msr=232 (0xe8).  errno=9
: Bad file descriptor
msr_core.c::163  pread returned -1.  core_fd[0][2]=16, cpu=0, core=2 cpu+core=2 msr=231 (0xe7).  errno=9
: Bad file descriptor
msr_core.c::163  pread returned -1.  core_fd[0][2]=16, cpu=0, core=2 cpu+core=2 msr=16 (0x10).  errno=9
: Bad file descriptor
msr_core.c::163  pread returned -1.  core_fd[0][3]=17, cpu=0, core=3 cpu+core=3 msr=232 (0xe8).  errno=9
: Bad file descriptor
msr_core.c::163  pread returned -1.  core_fd[0][3]=17, cpu=0, core=3 cpu+core=3 msr=231 (0xe7).  errno=9
: Bad file descriptor
msr_core.c::163  pread returned -1.  core_fd[0][3]=17, cpu=0, core=3 cpu+core=3 msr=16 (0x10).  errno=9
: Bad file descriptor
msr_core.c::163  pread returned -1.  core_fd[0][0]=13, cpu=0, core=0 cpu+core=0 msr=1553 (0x611).  errno=9
: Bad file descriptor
msr_core.c::163  pread returned -1.  core_fd[0][0]=13, cpu=0, core=0 cpu+core=0 msr=1593 (0x639).  errno=9
: Bad file descriptor
msr_core.c::163  pread returned -1.  core_fd[0][0]=13, cpu=0, core=0 cpu+core=0 msr=1561 (0x619).  errno=9
: Bad file descriptor
msr_core.c::163  pread returned -1.  core_fd[0][0]=13, cpu=0, core=0 cpu+core=0 msr=232 (0xe8).  errno=9
: Bad file descriptor
msr_core.c::163  pread returned -1.  core_fd[0][0]=13, cpu=0, core=0 cpu+core=0 msr=231 (0xe7).  errno=9
: Bad file descriptor
msr_core.c::163  pread returned -1.  core_fd[0][0]=13, cpu=0, core=0 cpu+core=0 msr=16 (0x10).  errno=9
: Bad file descriptor
msr_core.c::163  pread returned -1.  core_fd[0][1]=14, cpu=0, core=1 cpu+core=1 msr=232 (0xe8).  errno=9
: Bad file descriptor
msr_core.c::163  pread returned -1.  core_fd[0][1]=14, cpu=0, core=1 cpu+core=1 msr=231 (0xe7).  errno=9
: Bad file descriptor
msr_core.c::163  pread returned -1.  core_fd[0][3]=18, cpu=0, core=3 cpu+core=3 msr=232 (0xe8).  errno=9
: Bad file descriptor
msr_core.c::163  pread returned -1.  core_fd[0][3]=18, cpu=0, core=3 cpu+core=3 msr=231 (0xe7).  errno=9
: Bad file descriptor
msr_core.c::163  pread returned -1.  core_fd[0][3]=18, cpu=0, core=3 cpu+core=3 msr=16 (0x10).  errno=9
: Bad file descriptor
msr_core.c::163  pread returned -1.  core_fd[0][4]=19, cpu=0, core=4 cpu+core=4 msr=232 (0xe8).  errno=9
: Bad file descriptor
msr_core.c::163  pread returned -1.  core_fd[0][4]=19, cpu=0, core=4 cpu+core=4 msr=231 (0xe7).  errno=9
: Bad file descriptor
msr_core.c::163  pread returned -1.  core_fd[0][4]=19, cpu=0, core=4 cpu+core=4 msr=16 (0x10).  errno=9
: Bad file descriptor
msr_core.c::163  pread returned -1.  core_fd[0][5]=20, cpu=0, core=5 cpu+core=5 msr=232 (0xe8).  errno=9
: Bad file descriptor
msr_core.c::163  pread returned -1.  core_fd[0][5]=20, cpu=0, core=5 cpu+core=5 msr=231 (0xe7).  errno=9
: Bad file descriptor
msr_core.c::163  pread returned -1.  core_fd[0][5]=20, cpu=0, core=5 cpu+core=5 msr=16 (0x10).  errno=9
: Bad file descriptor
msr_core.c::163  pread returned -1.  core_fd[0][6]=21, cpu=0, core=6 cpu+core=6 msr=232 (0xe8).  errno=9
: Bad file descriptor
msr_core.c::163  pread returned -1.  core_fd[0][6]=21, cpu=0, core=6 cpu+core=6 msr=231 (0xe7).  errno=9
: Bad file descriptor
msr_core.c::163  pread returned -1.  core_fd[0][6]=21, cpu=0, core=6 cpu+core=6 msr=16 (0x10).  errno=9
: Bad file descriptor
msr_core.c::163  pread returned -1.  core_fd[0][7]=22, cpu=0, core=7 cpu+core=7 msr=232 (0xe8).  errno=9
: Bad file descriptor
msr_core.c::163  pread returned -1.  core_fd[0][7]=22, cpu=0, core=7 cpu+core=7 msr=231 (0xe7).  errno=9
: Bad file descriptor
msr_core.c::163  pread returned -1.  core_fd[0][7]=22, cpu=0, core=7 cpu+core=7 msr=16 (0x10).  errno=9
: Bad file descriptor
msr_core.c::163  pread returned -1.  core_fd[1][0]=23, cpu=1, core=0 cpu+core=8 msr=1553 (0x611).  errno=9
: Bad file descriptor
msr_core.c::163  pread returned -1.  core_fd[1][0]=23, cpu=1, core=0 cpu+core=8 msr=1593 (0x639).  errno=9
: Bad file descriptor
msr_core.c::163  pread returned -1.  core_fd[1][0]=23, cpu=1, core=0 cpu+core=8 msr=1561 (0x619).  errno=9
: Bad file descriptor
msr_core.c::163  pread returned -1.  core_fd[1][0]=23, cpu=1, core=0 cpu+core=8 msr=232 (0xe8).  errno=9
: Bad file descriptor
msr_core.c::163  pread returned -1.  core_fd[1][0]=23, cpu=1, core=0 cpu+core=8 msr=231 (0xe7).  errno=9
: Bad file descriptor
msr_core.c::163  pread returned -1.  core_fd[1][0]=23, cpu=1, core=0 cpu+core=8 msr=16 (0x10).  errno=9
: Bad file descriptor
msr_core.c::163  pread returned -1.  core_fd[1][1]=24, cpu=1, core=1 cpu+core=9 msr=232 (0xe8).  errno=9
: Bad file descriptor
msr_core.c::163  pread returned -1.  core_fd[1][1]=24, cpu=1, core=1 cpu+core=9 msr=231 (0xe7).  errno=9
: Bad file descriptor
msr_core.c::163  pread returned -1.  core_fd[0][1]=14, cpu=0, core=1 cpu+core=1 msr=16 (0x10).  errno=9
: Bad file descriptor
msr_core.c::163  pread returned -1.  core_fd[0][2]=15, cpu=0, core=2 cpu+core=2 msr=232 (0xe8).  errno=9
: Bad file descriptor
msr_core.c::163  pread returned -1.  core_fd[0][2]=15, cpu=0, core=2 cpu+core=2 msr=231 (0xe7).  errno=9
: Bad file descriptor
msr_core.c::163  pread returned -1.  core_fd[0][2]=15, cpu=0, core=2 cpu+core=2 msr=16 (0x10).  errno=9
: Bad file descriptor
msr_core.c::163  pread returned -1.  core_fd[1][1]=24, cpu=1, core=1 cpu+core=9 msr=16 (0x10).  errno=9
: Bad file descriptor
msr_core.c::163  pread returned -1.  core_fd[1][2]=25, cpu=1, core=2 cpu+core=10 msr=232 (0xe8).  errno=9
: Bad file descriptor
msr_core.c::163  pread returned -1.  core_fd[1][2]=25, cpu=1, core=2 cpu+core=10 msr=231 (0xe7).  errno=9
: Bad file descriptor
msr_core.c::163  pread returned -1.  core_fd[1][2]=25, cpu=1, core=2 cpu+core=10 msr=16 (0x10).  errno=9
: Bad file descriptor
msr_core.c::163  pread returned -1.  core_fd[1][3]=26, cpu=1, core=3 cpu+core=11 msr=232 (0xe8).  errno=9
: Bad file descriptor
msr_core.c::163  pread returned -1.  core_fd[1][3]=26, cpu=1, core=3 cpu+core=11 msr=231 (0xe7).  errno=9
: Bad file descriptor
msr_core.c::163  pread returned -1.  core_fd[1][3]=26, cpu=1, core=3 cpu+core=11 msr=16 (0x10).  errno=9
: Bad file descriptor
msr_core.c::163  pread returned -1.  core_fd[1][4]=27, cpu=1, core=4 cpu+core=12 msr=232 (0xe8).  errno=9
: Bad file descriptor
msr_core.c::163  pread returned -1.  core_fd[1][4]=27, cpu=1, core=4 cpu+core=12 msr=231 (0xe7).  errno=9
: Bad file descriptor
msr_core.c::163  pread returned -1.  core_fd[1][4]=27, cpu=1, core=4 cpu+core=12 msr=16 (0x10).  errno=9
: Bad file descriptor
msr_core.c::163  pread returned -1.  core_fd[1][5]=28, cpu=1, core=5 cpu+core=13 msr=232 (0xe8).  errno=9
: Bad file descriptor
msr_core.c::163  pread returned -1.  core_fd[1][5]=28, cpu=1, core=5 cpu+core=13 msr=231 (0xe7).  errno=9
: Bad file descriptor
msr_core.c::163  pread returned -1.  core_fd[1][5]=28, cpu=1, core=5 cpu+core=13 msr=16 (0x10).  errno=9
: Bad file descriptor
msr_core.c::163  pread returned -1.  core_fd[1][6]=29, cpu=1, core=6 cpu+core=14 msr=232 (0xe8).  errno=9
: Bad file descriptor
msr_core.c::163  pread returned -1.  core_fd[1][6]=29, cpu=1, core=6 cpu+core=14 msr=231 (0xe7).  errno=9
: Bad file descriptor
msr_core.c::163  pread returned -1.  core_fd[1][6]=29, cpu=1, core=6 cpu+core=14 msr=16 (0x10).  errno=9
: Bad file descriptor
msr_core.c::163  pread returned -1.  core_fd[0][4]=17, cpu=0, core=4 cpu+core=4 msr=232 (0xe8).  errno=9
: Bad file descriptor
msr_core.c::163  pread returned -1.  core_fd[0][4]=17, cpu=0, core=4 cpu+core=4 msr=231 (0xe7).  errno=9
: Bad file descriptor
msr_core.c::163  pread returned -1.  core_fd[0][4]=17, cpu=0, core=4 cpu+core=4 msr=16 (0x10).  errno=9
: Bad file descriptor
msr_core.c::163  pread returned -1.  core_fd[0][5]=18, cpu=0, core=5 cpu+core=5 msr=232 (0xe8).  errno=9
: Bad file descriptor
msr_core.c::163  pread returned -1.  core_fd[0][5]=18, cpu=0, core=5 cpu+core=5 msr=231 (0xe7).  errno=9
: Bad file descriptor
msr_core.c::163  pread returned -1.  core_fd[0][5]=18, cpu=0, core=5 cpu+core=5 msr=16 (0x10).  errno=9
: Bad file descriptor
msr_core.c::163  pread returned -1.  core_fd[0][6]=19, cpu=0, core=6 cpu+core=6 msr=232 (0xe8).  errno=9
: Bad file descriptor
msr_core.c::163  pread returned -1.  core_fd[0][6]=19, cpu=0, core=6 cpu+core=6 msr=231 (0xe7).  errno=9
: Bad file descriptor
msr_core.c::163  pread returned -1.  core_fd[1][7]=30, cpu=1, core=7 cpu+core=15 msr=232 (0xe8).  errno=9
: Bad file descriptor
msr_core.c::163  pread returned -1.  core_fd[1][7]=30, cpu=1, core=7 cpu+core=15 msr=231 (0xe7).  errno=9
: Bad file descriptor
msr_core.c::163  pread returned -1.  core_fd[1][7]=30, cpu=1, core=7 cpu+core=15 msr=16 (0x10).  errno=9
: Bad file descriptor
msr_core.c::163  pread returned -1.  core_fd[0][6]=19, cpu=0, core=6 cpu+core=6 msr=16 (0x10).  errno=9
: Bad file descriptor
msr_core.c::163  pread returned -1.  core_fd[0][7]=20, cpu=0, core=7 cpu+core=7 msr=232 (0xe8).  errno=9
: Bad file descriptor
msr_core.c::163  pread returned -1.  core_fd[0][7]=20, cpu=0, core=7 cpu+core=7 msr=231 (0xe7).  errno=9
: Bad file descriptor
msr_core.c::163  pread returned -1.  core_fd[0][7]=20, cpu=0, core=7 cpu+core=7 msr=16 (0x10).  errno=9
: Bad file descriptor
msr_core.c::163  pread returned -1.  core_fd[1][0]=21, cpu=1, core=0 cpu+core=8 msr=1553 (0x611).  errno=9
: Bad file descriptor
msr_core.c::163  pread returned -1.  core_fd[1][0]=21, cpu=1, core=0 cpu+core=8 msr=1593 (0x639).  errno=9
: Bad file descriptor
msr_core.c::163  pread returned -1.  core_fd[1][0]=21, cpu=1, core=0 cpu+core=8 msr=1561 (0x619).  errno=9
: Bad file descriptor
msr_core.c::163  pread returned -1.  core_fd[1][0]=21, cpu=1, core=0 cpu+core=8 msr=232 (0xe8).  errno=9
: Bad file descriptor
msr_core.c::163  pread returned -1.  core_fd[1][0]=21, cpu=1, core=0 cpu+core=8 msr=231 (0xe7).  errno=9
: Bad file descriptor
msr_core.c::163  pread returned -1.  core_fd[1][0]=21, cpu=1, core=0 cpu+core=8 msr=16 (0x10).  errno=9
: Bad file descriptor
msr_core.c::163  pread returned -1.  core_fd[1][1]=22, cpu=1, core=1 cpu+core=9 msr=232 (0xe8).  errno=9
: Bad file descriptor
msr_core.c::163  pread returned -1.  core_fd[1][1]=22, cpu=1, core=1 cpu+core=9 msr=231 (0xe7).  errno=9
: Bad file descriptor
msr_core.c::163  pread returned -1.  core_fd[1][1]=22, cpu=1, core=1 cpu+core=9 msr=16 (0x10).  errno=9
: Bad file descriptor
msr_core.c::163  pread returned -1.  core_fd[1][2]=23, cpu=1, core=2 cpu+core=10 msr=232 (0xe8).  errno=9
: Bad file descriptor
msr_core.c::163  pread returned -1.  core_fd[1][2]=23, cpu=1, core=2 cpu+core=10 msr=231 (0xe7).  errno=9
: Bad file descriptor
msr_core.c::163  pread returned -1.  core_fd[1][2]=23, cpu=1, core=2 cpu+core=10 msr=16 (0x10).  errno=9
: Bad file descriptor
msr_core.c::163  pread returned -1.  core_fd[1][3]=24, cpu=1, core=3 cpu+core=11 msr=232 (0xe8).  errno=9
: Bad file descriptor
msr_core.c::163  pread returned -1.  core_fd[1][3]=24, cpu=1, core=3 cpu+core=11 msr=231 (0xe7).  errno=9
: Bad file descriptor
msr_core.c::163  pread returned -1.  core_fd[1][3]=24, cpu=1, core=3 cpu+core=11 msr=16 (0x10).  errno=9
: Bad file descriptor
msr_core.c::163  pread returned -1.  core_fd[1][4]=25, cpu=1, core=4 cpu+core=12 msr=232 (0xe8).  errno=9
: Bad file descriptor
msr_core.c::163  pread returned -1.  core_fd[0][4]=18, cpu=0, core=4 cpu+core=4 msr=232 (0xe8).  errno=9
: Bad file descriptor
msr_core.c::163  pread returned -1.  core_fd[0][4]=18, cpu=0, core=4 cpu+core=4 msr=231 (0xe7).  errno=9
: Bad file descriptor
msr_core.c::163  pread returned -1.  core_fd[0][4]=18, cpu=0, core=4 cpu+core=4 msr=16 (0x10).  errno=9
: Bad file descriptor
msr_core.c::163  pread returned -1.  core_fd[0][5]=19, cpu=0, core=5 cpu+core=5 msr=232 (0xe8).  errno=9
: Bad file descriptor
msr_core.c::163  pread returned -1.  core_fd[0][5]=19, cpu=0, core=5 cpu+core=5 msr=231 (0xe7).  errno=9
: Bad file descriptor
msr_core.c::163  pread returned -1.  core_fd[0][5]=19, cpu=0, core=5 cpu+core=5 msr=16 (0x10).  errno=9
: Bad file descriptor
msr_core.c::163  pread returned -1.  core_fd[0][6]=20, cpu=0, core=6 cpu+core=6 msr=232 (0xe8).  errno=9
: Bad file descriptor
msr_core.c::163  pread returned -1.  core_fd[0][6]=20, cpu=0, core=6 cpu+core=6 msr=231 (0xe7).  errno=9
: Bad file descriptor
msr_core.c::163  pread returned -1.  core_fd[0][6]=20, cpu=0, core=6 cpu+core=6 msr=16 (0x10).  errno=9
: Bad file descriptor
msr_core.c::163  pread returned -1.  core_fd[0][7]=21, cpu=0, core=7 cpu+core=7 msr=232 (0xe8).  errno=9
: Bad file descriptor
msr_core.c::163  pread returned -1.  core_fd[0][7]=21, cpu=0, core=7 cpu+core=7 msr=231 (0xe7).  errno=9
: Bad file descriptor
msr_core.c::163  pread returned -1.  core_fd[0][7]=21, cpu=0, core=7 cpu+core=7 msr=16 (0x10).  errno=9
: Bad file descriptor
msr_core.c::163  pread returned -1.  core_fd[1][4]=25, cpu=1, core=4 cpu+core=12 msr=231 (0xe7).  errno=9
: Bad file descriptor
msr_core.c::163  pread returned -1.  core_fd[1][4]=25, cpu=1, core=4 cpu+core=12 msr=16 (0x10).  errno=9
: Bad file descriptor
msr_core.c::163  pread returned -1.  core_fd[1][5]=26, cpu=1, core=5 cpu+core=13 msr=232 (0xe8).  errno=9
: Bad file descriptor
msr_core.c::163  pread returned -1.  core_fd[1][5]=26, cpu=1, core=5 cpu+core=13 msr=231 (0xe7).  errno=9
: Bad file descriptor
msr_core.c::163  pread returned -1.  core_fd[1][5]=26, cpu=1, core=5 cpu+core=13 msr=16 (0x10).  errno=9
: Bad file descriptor
msr_core.c::163  pread returned -1.  core_fd[1][0]=22, cpu=1, core=0 cpu+core=8 msr=1553 (0x611).  errno=9
: Bad file descriptor
msr_core.c::163  pread returned -1.  core_fd[1][0]=22, cpu=1, core=0 cpu+core=8 msr=1593 (0x639).  errno=9
: Bad file descriptor
msr_core.c::163  pread returned -1.  core_fd[1][0]=22, cpu=1, core=0 cpu+core=8 msr=1561 (0x619).  errno=9
: Bad file descriptor
msr_core.c::163  pread returned -1.  core_fd[1][0]=22, cpu=1, core=0 cpu+core=8 msr=232 (0xe8).  errno=9
: Bad file descriptor
msr_core.c::163  pread returned -1.  core_fd[1][0]=22, cpu=1, core=0 cpu+core=8 msr=231 (0xe7).  errno=9
: Bad file descriptor
msr_core.c::163  pread returned -1.  core_fd[1][0]=22, cpu=1, core=0 cpu+core=8 msr=16 (0x10).  errno=9
: Bad file descriptor
msr_core.c::163  pread returned -1.  core_fd[1][1]=23, cpu=1, core=1 cpu+core=9 msr=232 (0xe8).  errno=9
: Bad file descriptor
msr_core.c::163  pread returned -1.  core_fd[1][1]=23, cpu=1, core=1 cpu+core=9 msr=231 (0xe7).  errno=9
: Bad file descriptor
msr_core.c::163  pread returned -1.  core_fd[0][3]=16, cpu=0, core=3 cpu+core=3 msr=232 (0xe8).  errno=9
: Bad file descriptor
msr_core.c::163  pread returned -1.  core_fd[0][3]=16, cpu=0, core=3 cpu+core=3 msr=231 (0xe7).  errno=9
: Bad file descriptor
msr_core.c::163  pread returned -1.  core_fd[0][3]=16, cpu=0, core=3 cpu+core=3 msr=16 (0x10).  errno=9
: Bad file descriptor
msr_core.c::163  pread returned -1.  core_fd[0][4]=17, cpu=0, core=4 cpu+core=4 msr=232 (0xe8).  errno=9
: Bad file descriptor
msr_core.c::163  pread returned -1.  core_fd[0][4]=17, cpu=0, core=4 cpu+core=4 msr=231 (0xe7).  errno=9
: Bad file descriptor
msr_core.c::163  pread returned -1.  core_fd[0][4]=17, cpu=0, core=4 cpu+core=4 msr=16 (0x10).  errno=9
: Bad file descriptor
msr_core.c::163  pread returned -1.  core_fd[0][5]=18, cpu=0, core=5 cpu+core=5 msr=232 (0xe8).  errno=9
: Bad file descriptor
msr_core.c::163  pread returned -1.  core_fd[0][5]=18, cpu=0, core=5 cpu+core=5 msr=231 (0xe7).  errno=9
: Bad file descriptor
msr_core.c::163  pread returned -1.  core_fd[1][6]=27, cpu=1, core=6 cpu+core=14 msr=232 (0xe8).  errno=9
: Bad file descriptor
msr_core.c::163  pread returned -1.  core_fd[1][6]=27, cpu=1, core=6 cpu+core=14 msr=231 (0xe7).  errno=9
: Bad file descriptor
msr_core.c::163  pread returned -1.  core_fd[1][6]=27, cpu=1, core=6 cpu+core=14 msr=16 (0x10).  errno=9
: Bad file descriptor
msr_core.c::163  pread returned -1.  core_fd[1][7]=28, cpu=1, core=7 cpu+core=15 msr=232 (0xe8).  errno=9
: Bad file descriptor
msr_core.c::163  pread returned -1.  core_fd[1][7]=28, cpu=1, core=7 cpu+core=15 msr=231 (0xe7).  errno=9
: Bad file descriptor
msr_core.c::163  pread returned -1.  core_fd[1][7]=28, cpu=1, core=7 cpu+core=15 msr=16 (0x10).  errno=9
: Bad file descriptor
msr_core.c::163  pread returned -1.  core_fd[1][1]=23, cpu=1, core=1 cpu+core=9 msr=16 (0x10).  errno=9
: Bad file descriptor
msr_core.c::163  pread returned -1.  core_fd[1][2]=24, cpu=1, core=2 cpu+core=10 msr=232 (0xe8).  errno=9
: Bad file descriptor
msr_core.c::163  pread returned -1.  core_fd[1][2]=24, cpu=1, core=2 cpu+core=10 msr=231 (0xe7).  errno=9
: Bad file descriptor
msr_core.c::163  pread returned -1.  core_fd[1][2]=24, cpu=1, core=2 cpu+core=10 msr=16 (0x10).  errno=9
: Bad file descriptor
msr_core.c::163  pread returned -1.  core_fd[1][3]=25, cpu=1, core=3 cpu+core=11 msr=232 (0xe8).  errno=9
: Bad file descriptor
msr_core.c::163  pread returned -1.  core_fd[1][3]=25, cpu=1, core=3 cpu+core=11 msr=231 (0xe7).  errno=9
: Bad file descriptor
msr_core.c::163  pread returned -1.  core_fd[1][3]=25, cpu=1, core=3 cpu+core=11 msr=16 (0x10).  errno=9
: Bad file descriptor
msr_core.c::163  pread returned -1.  core_fd[1][4]=26, cpu=1, core=4 cpu+core=12 msr=232 (0xe8).  errno=9
: Bad file descriptor
msr_core.c::163  pread returned -1.  core_fd[0][5]=18, cpu=0, core=5 cpu+core=5 msr=16 (0x10).  errno=9
: Bad file descriptor
msr_core.c::163  pread returned -1.  core_fd[0][6]=19, cpu=0, core=6 cpu+core=6 msr=232 (0xe8).  errno=9
: Bad file descriptor
msr_core.c::163  pread returned -1.  core_fd[0][6]=19, cpu=0, core=6 cpu+core=6 msr=231 (0xe7).  errno=9
: Bad file descriptor
msr_core.c::163  pread returned -1.  core_fd[0][6]=19, cpu=0, core=6 cpu+core=6 msr=16 (0x10).  errno=9
: Bad file descriptor
msr_core.c::163  pread returned -1.  core_fd[0][7]=20, cpu=0, core=7 cpu+core=7 msr=232 (0xe8).  errno=9
: Bad file descriptor
msr_core.c::163  pread returned -1.  core_fd[0][7]=20, cpu=0, core=7 cpu+core=7 msr=231 (0xe7).  errno=9
: Bad file descriptor
msr_core.c::163  pread returned -1.  core_fd[0][7]=20, cpu=0, core=7 cpu+core=7 msr=16 (0x10).  errno=9
: Bad file descriptor
msr_core.c::163  pread returned -1.  core_fd[1][0]=21, cpu=1, core=0 cpu+core=8 msr=1553 (0x611).  errno=9
: Bad file descriptor
msr_core.c::163  pread returned -1.  core_fd[1][0]=21, cpu=1, core=0 cpu+core=8 msr=1593 (0x639).  errno=9
: Bad file descriptor
msr_core.c::163  pread returned -1.  core_fd[1][0]=21, cpu=1, core=0 cpu+core=8 msr=1561 (0x619).  errno=9
: Bad file descriptor
msr_core.c::163  pread returned -1.  core_fd[1][0]=21, cpu=1, core=0 cpu+core=8 msr=232 (0xe8).  errno=9
: Bad file descriptor
msr_core.c::163  pread returned -1.  core_fd[1][0]=21, cpu=1, core=0 cpu+core=8 msr=231 (0xe7).  errno=9
: Bad file descriptor
msr_core.c::163  pread returned -1.  core_fd[1][0]=21, cpu=1, core=0 cpu+core=8 msr=16 (0x10).  errno=9
: Bad file descriptor
msr_core.c::163  pread returned -1.  core_fd[1][1]=22, cpu=1, core=1 cpu+core=9 msr=232 (0xe8).  errno=9
: Bad file descriptor
msr_core.c::163  pread returned -1.  core_fd[1][1]=22, cpu=1, core=1 cpu+core=9 msr=231 (0xe7).  errno=9
: Bad file descriptor
msr_core.c::163  pread returned -1.  core_fd[1][1]=22, cpu=1, core=1 cpu+core=9 msr=16 (0x10).  errno=9
: Bad file descriptor
msr_core.c::163  pread returned -1.  core_fd[1][2]=23, cpu=1, core=2 cpu+core=10 msr=232 (0xe8).  errno=9
: Bad file descriptor
msr_core.c::163  pread returned -1.  core_fd[1][2]=23, cpu=1, core=2 cpu+core=10 msr=231 (0xe7).  errno=9
: Bad file descriptor
msr_core.c::163  pread returned -1.  core_fd[1][2]=23, cpu=1, core=2 cpu+core=10 msr=16 (0x10).  errno=9
: Bad file descriptor
msr_core.c::163  pread returned -1.  core_fd[1][3]=24, cpu=1, core=3 cpu+core=11 msr=232 (0xe8).  errno=9
: Bad file descriptor
msr_core.c::163  pread returned -1.  core_fd[1][3]=24, cpu=1, core=3 cpu+core=11 msr=231 (0xe7).  errno=9
: Bad file descriptor
msr_core.c::163  pread returned -1.  core_fd[1][3]=24, cpu=1, core=3 cpu+core=11 msr=16 (0x10).  errno=9
: Bad file descriptor
msr_core.c::163  pread returned -1.  core_fd[1][4]=25, cpu=1, core=4 cpu+core=12 msr=232 (0xe8).  errno=9
: Bad file descriptor
msr_core.c::163  pread returned -1.  core_fd[1][4]=26, cpu=1, core=4 cpu+core=12 msr=231 (0xe7).  errno=9
: Bad file descriptor
msr_core.c::163  pread returned -1.  core_fd[1][4]=26, cpu=1, core=4 cpu+core=12 msr=16 (0x10).  errno=9
: Bad file descriptor
msr_core.c::163  pread returned -1.  core_fd[1][5]=27, cpu=1, core=5 cpu+core=13 msr=232 (0xe8).  errno=9
: Bad file descriptor
msr_core.c::163  pread returned -1.  core_fd[1][5]=27, cpu=1, core=5 cpu+core=13 msr=231 (0xe7).  errno=9
: Bad file descriptor
msr_core.c::163  pread returned -1.  core_fd[1][5]=27, cpu=1, core=5 cpu+core=13 msr=16 (0x10).  errno=9
: Bad file descriptor
msr_core.c::163  pread returned -1.  core_fd[1][6]=28, cpu=1, core=6 cpu+core=14 msr=232 (0xe8).  errno=9
: Bad file descriptor
msr_core.c::163  pread returned -1.  core_fd[1][6]=28, cpu=1, core=6 cpu+core=14 msr=231 (0xe7).  errno=9
: Bad file descriptor
msr_core.c::163  pread returned -1.  core_fd[1][6]=28, cpu=1, core=6 cpu+core=14 msr=16 (0x10).  errno=9
: Bad file descriptor
msr_core.c::163  pread returned -1.  core_fd[1][7]=29, cpu=1, core=7 cpu+core=15 msr=232 (0xe8).  errno=9
: Bad file descriptor
msr_core.c::163  pread returned -1.  core_fd[1][7]=29, cpu=1, core=7 cpu+core=15 msr=231 (0xe7).  errno=9
: Bad file descriptor
msr_core.c::163  pread returned -1.  core_fd[1][7]=29, cpu=1, core=7 cpu+core=15 msr=16 (0x10).  errno=9
: Bad file descriptor
msr_core.c::163  pread returned -1.  core_fd[1][4]=25, cpu=1, core=4 cpu+core=12 msr=231 (0xe7).  errno=9
: Bad file descriptor
msr_core.c::163  pread returned -1.  core_fd[1][4]=25, cpu=1, core=4 cpu+core=12 msr=16 (0x10).  errno=9
: Bad file descriptor
msr_core.c::163  pread returned -1.  core_fd[1][5]=26, cpu=1, core=5 cpu+core=13 msr=232 (0xe8).  errno=9
: Bad file descriptor
msr_core.c::163  pread returned -1.  core_fd[1][5]=26, cpu=1, core=5 cpu+core=13 msr=231 (0xe7).  errno=9
: Bad file descriptor
msr_core.c::163  pread returned -1.  core_fd[1][5]=26, cpu=1, core=5 cpu+core=13 msr=16 (0x10).  errno=9
: Bad file descriptor
msr_core.c::163  pread returned -1.  core_fd[1][6]=27, cpu=1, core=6 cpu+core=14 msr=232 (0xe8).  errno=9
: Bad file descriptor
msr_core.c::163  pread returned -1.  core_fd[1][6]=27, cpu=1, core=6 cpu+core=14 msr=231 (0xe7).  errno=9
: Bad file descriptor
msr_core.c::163  pread returned -1.  core_fd[1][6]=27, cpu=1, core=6 cpu+core=14 msr=16 (0x10).  errno=9
: Bad file descriptor
msr_core.c::163  pread returned -1.  core_fd[1][7]=28, cpu=1, core=7 cpu+core=15 msr=232 (0xe8).  errno=9
: Bad file descriptor
msr_core.c::163  pread returned -1.  core_fd[1][7]=28, cpu=1, core=7 cpu+core=15 msr=231 (0xe7).  errno=9
: Bad file descriptor
msr_core.c::163  pread returned -1.  core_fd[1][7]=28, cpu=1, core=7 cpu+core=15 msr=16 (0x10).  errno=9
: Bad file descriptor
msr_core.c::163  pread returned -1.  core_fd[0][0]=13, cpu=0, core=0 cpu+core=0 msr=1553 (0x611).  errno=9
: Bad file descriptor
msr_core.c::163  pread returned -1.  core_fd[0][0]=13, cpu=0, core=0 cpu+core=0 msr=1593 (0x639).  errno=9
: Bad file descriptor
msr_core.c::163  pread returned -1.  core_fd[0][0]=13, cpu=0, core=0 cpu+core=0 msr=1561 (0x619).  errno=9
: Bad file descriptor
msr_core.c::163  pread returned -1.  core_fd[0][0]=13, cpu=0, core=0 cpu+core=0 msr=232 (0xe8).  errno=9
: Bad file descriptor
msr_core.c::163  pread returned -1.  core_fd[0][0]=13, cpu=0, core=0 cpu+core=0 msr=231 (0xe7).  errno=9
: Bad file descriptor
msr_core.c::163  pread returned -1.  core_fd[0][0]=13, cpu=0, core=0 cpu+core=0 msr=16 (0x10).  errno=9
: Bad file descriptor
msr_core.c::163  pread returned -1.  core_fd[0][1]=14, cpu=0, core=1 cpu+core=1 msr=232 (0xe8).  errno=9
: Bad file descriptor
msr_core.c::163  pread returned -1.  core_fd[0][1]=14, cpu=0, core=1 cpu+core=1 msr=231 (0xe7).  errno=9
: Bad file descriptor
msr_core.c::163  pread returned -1.  core_fd[0][0]=15, cpu=0, core=0 cpu+core=0 msr=1553 (0x611).  errno=9
: Bad file descriptor
msr_core.c::163  pread returned -1.  core_fd[0][0]=15, cpu=0, core=0 cpu+core=0 msr=1593 (0x639).  errno=9
: Bad file descriptor
msr_core.c::163  pread returned -1.  core_fd[0][0]=15, cpu=0, core=0 cpu+core=0 msr=1561 (0x619).  errno=9
: Bad file descriptor
msr_core.c::163  pread returned -1.  core_fd[0][0]=15, cpu=0, core=0 cpu+core=0 msr=232 (0xe8).  errno=9
: Bad file descriptor
msr_core.c::163  pread returned -1.  core_fd[0][0]=15, cpu=0, core=0 cpu+core=0 msr=231 (0xe7).  errno=9
: Bad file descriptor
msr_core.c::163  pread returned -1.  core_fd[0][0]=15, cpu=0, core=0 cpu+core=0 msr=16 (0x10).  errno=9
: Bad file descriptor
msr_core.c::163  pread returned -1.  core_fd[0][1]=16, cpu=0, core=1 cpu+core=1 msr=232 (0xe8).  errno=9
: Bad file descriptor
msr_core.c::163  pread returned -1.  core_fd[0][1]=16, cpu=0, core=1 cpu+core=1 msr=231 (0xe7).  errno=9
: Bad file descriptor
msr_core.c::163  pread returned -1.  core_fd[0][1]=16, cpu=0, core=1 cpu+core=1 msr=16 (0x10).  errno=9
: Bad file descriptor
msr_core.c::163  pread returned -1.  core_fd[0][2]=17, cpu=0, core=2 cpu+core=2 msr=232 (0xe8).  errno=9
: Bad file descriptor
msr_core.c::163  pread returned -1.  core_fd[0][2]=17, cpu=0, core=2 cpu+core=2 msr=231 (0xe7).  errno=9
: Bad file descriptor
msr_core.c::163  pread returned -1.  core_fd[0][2]=17, cpu=0, core=2 cpu+core=2 msr=16 (0x10).  errno=9
: Bad file descriptor
msr_core.c::163  pread returned -1.  core_fd[0][3]=18, cpu=0, core=3 cpu+core=3 msr=232 (0xe8).  errno=9
: Bad file descriptor
msr_core.c::163  pread returned -1.  core_fd[0][3]=18, cpu=0, core=3 cpu+core=3 msr=231 (0xe7).  errno=9
: Bad file descriptor
msr_core.c::163  pread returned -1.  core_fd[0][3]=18, cpu=0, core=3 cpu+core=3 msr=16 (0x10).  errno=9
: Bad file descriptor
msr_core.c::163  pread returned -1.  core_fd[0][4]=19, cpu=0, core=4 cpu+core=4 msr=232 (0xe8).  errno=9
: Bad file descriptor
msr_core.c::163  pread returned -1.  core_fd[0][4]=19, cpu=0, core=4 cpu+core=4 msr=231 (0xe7).  errno=9
: Bad file descriptor
msr_core.c::163  pread returned -1.  core_fd[0][4]=19, cpu=0, core=4 cpu+core=4 msr=16 (0x10).  errno=9
: Bad file descriptor
msr_core.c::163  pread returned -1.  core_fd[0][5]=20, cpu=0, core=5 cpu+core=5 msr=232 (0xe8).  errno=9
: Bad file descriptor
msr_core.c::163  pread returned -1.  core_fd[0][5]=20, cpu=0, core=5 cpu+core=5 msr=231 (0xe7).  errno=9
: Bad file descriptor
msr_core.c::163  pread returned -1.  core_fd[0][5]=20, cpu=0, core=5 cpu+core=5 msr=16 (0x10).  errno=9
: Bad file descriptor
msr_core.c::163  pread returned -1.  core_fd[0][6]=21, cpu=0, core=6 cpu+core=6 msr=232 (0xe8).  errno=9
: Bad file descriptor
msr_core.c::163  pread returned -1.  core_fd[0][6]=21, cpu=0, core=6 cpu+core=6 msr=231 (0xe7).  errno=9
: Bad file descriptor
msr_core.c::163  pread returned -1.  core_fd[0][6]=21, cpu=0, core=6 cpu+core=6 msr=16 (0x10).  errno=9
: Bad file descriptor
msr_core.c::163  pread returned -1.  core_fd[0][7]=22, cpu=0, core=7 cpu+core=7 msr=232 (0xe8).  errno=9
: Bad file descriptor
msr_core.c::163  pread returned -1.  core_fd[0][7]=22, cpu=0, core=7 cpu+core=7 msr=231 (0xe7).  errno=9
: Bad file descriptor
msr_core.c::163  pread returned -1.  core_fd[0][7]=22, cpu=0, core=7 cpu+core=7 msr=16 (0x10).  errno=9
: Bad file descriptor
msr_core.c::163  pread returned -1.  core_fd[1][0]=23, cpu=1, core=0 cpu+core=8 msr=1553 (0x611).  errno=9
: Bad file descriptor
msr_core.c::163  pread returned -1.  core_fd[1][0]=23, cpu=1, core=0 cpu+core=8 msr=1593 (0x639).  errno=9
: Bad file descriptor
msr_core.c::163  pread returned -1.  core_fd[1][0]=23, cpu=1, core=0 cpu+core=8 msr=1561 (0x619).  errno=9
: Bad file descriptor
msr_core.c::163  pread returned -1.  core_fd[1][0]=23, cpu=1, core=0 cpu+core=8 msr=232 (0xe8).  errno=9
: Bad file descriptor
msr_core.c::163  pread returned -1.  core_fd[1][0]=23, cpu=1, core=0 cpu+core=8 msr=231 (0xe7).  errno=9
: Bad file descriptor
msr_core.c::163  pread returned -1.  core_fd[1][0]=23, cpu=1, core=0 cpu+core=8 msr=16 (0x10).  errno=9
: Bad file descriptor
msr_core.c::163  pread returned -1.  core_fd[1][1]=24, cpu=1, core=1 cpu+core=9 msr=232 (0xe8).  errno=9
: Bad file descriptor
msr_core.c::163  pread returned -1.  core_fd[1][1]=24, cpu=1, core=1 cpu+core=9 msr=231 (0xe7).  errno=9
: Bad file descriptor
msr_core.c::163  pread returned -1.  core_fd[0][0]=14, cpu=0, core=0 cpu+core=0 msr=1553 (0x611).  errno=9
: Bad file descriptor
msr_core.c::163  pread returned -1.  core_fd[0][0]=14, cpu=0, core=0 cpu+core=0 msr=1593 (0x639).  errno=9
: Bad file descriptor
msr_core.c::163  pread returned -1.  core_fd[0][0]=14, cpu=0, core=0 cpu+core=0 msr=1561 (0x619).  errno=9
: Bad file descriptor
msr_core.c::163  pread returned -1.  core_fd[0][0]=14, cpu=0, core=0 cpu+core=0 msr=232 (0xe8).  errno=9
: Bad file descriptor
msr_core.c::163  pread returned -1.  core_fd[0][0]=14, cpu=0, core=0 cpu+core=0 msr=231 (0xe7).  errno=9
: Bad file descriptor
msr_core.c::163  pread returned -1.  core_fd[0][0]=14, cpu=0, core=0 cpu+core=0 msr=16 (0x10).  errno=9
: Bad file descriptor
msr_core.c::163  pread returned -1.  core_fd[0][1]=15, cpu=0, core=1 cpu+core=1 msr=232 (0xe8).  errno=9
: Bad file descriptor
msr_core.c::163  pread returned -1.  core_fd[0][1]=15, cpu=0, core=1 cpu+core=1 msr=231 (0xe7).  errno=9
: Bad file descriptor
msr_core.c::163  pread returned -1.  core_fd[1][1]=24, cpu=1, core=1 cpu+core=9 msr=16 (0x10).  errno=9
: Bad file descriptor
msr_core.c::163  pread returned -1.  core_fd[1][2]=25, cpu=1, core=2 cpu+core=10 msr=232 (0xe8).  errno=9
: Bad file descriptor
msr_core.c::163  pread returned -1.  core_fd[1][2]=25, cpu=1, core=2 cpu+core=10 msr=231 (0xe7).  errno=9
: Bad file descriptor
msr_core.c::163  pread returned -1.  core_fd[1][2]=25, cpu=1, core=2 cpu+core=10 msr=16 (0x10).  errno=9
: Bad file descriptor
msr_core.c::163  pread returned -1.  core_fd[1][3]=26, cpu=1, core=3 cpu+core=11 msr=232 (0xe8).  errno=9
: Bad file descriptor
msr_core.c::163  pread returned -1.  core_fd[1][3]=26, cpu=1, core=3 cpu+core=11 msr=231 (0xe7).  errno=9
: Bad file descriptor
msr_core.c::163  pread returned -1.  core_fd[1][3]=26, cpu=1, core=3 cpu+core=11 msr=16 (0x10).  errno=9
: Bad file descriptor
msr_core.c::163  pread returned -1.  core_fd[1][4]=27, cpu=1, core=4 cpu+core=12 msr=232 (0xe8).  errno=9
: Bad file descriptor
msr_core.c::163  pread returned -1.  core_fd[1][4]=27, cpu=1, core=4 cpu+core=12 msr=231 (0xe7).  errno=9
: Bad file descriptor
msr_core.c::163  pread returned -1.  core_fd[1][4]=27, cpu=1, core=4 cpu+core=12 msr=16 (0x10).  errno=9
: Bad file descriptor
msr_core.c::163  pread returned -1.  core_fd[1][5]=28, cpu=1, core=5 cpu+core=13 msr=232 (0xe8).  errno=9
: Bad file descriptor
msr_core.c::163  pread returned -1.  core_fd[1][5]=28, cpu=1, core=5 cpu+core=13 msr=231 (0xe7).  errno=9
: Bad file descriptor
msr_core.c::163  pread returned -1.  core_fd[1][5]=28, cpu=1, core=5 cpu+core=13 msr=16 (0x10).  errno=9
: Bad file descriptor
msr_core.c::163  pread returned -1.  core_fd[1][6]=29, cpu=1, core=6 cpu+core=14 msr=232 (0xe8).  errno=9
: Bad file descriptor
msr_core.c::163  pread returned -1.  core_fd[1][6]=29, cpu=1, core=6 cpu+core=14 msr=231 (0xe7).  errno=9
: Bad file descriptor
msr_core.c::163  pread returned -1.  core_fd[1][6]=29, cpu=1, core=6 cpu+core=14 msr=16 (0x10).  errno=9
: Bad file descriptor
msr_core.c::163  pread returned -1.  core_fd[1][7]=30, cpu=1, core=7 cpu+core=15 msr=232 (0xe8).  errno=9
: Bad file descriptor
msr_core.c::163  pread returned -1.  core_fd[1][7]=30, cpu=1, core=7 cpu+core=15 msr=231 (0xe7).  errno=9
: Bad file descriptor
msr_core.c::163  pread returned -1.  core_fd[1][7]=30, cpu=1, core=7 cpu+core=15 msr=16 (0x10).  errno=9
: Bad file descriptor
msr_core.c::163  pread returned -1.  core_fd[0][1]=14, cpu=0, core=1 cpu+core=1 msr=16 (0x10).  errno=9
: Bad file descriptor
msr_core.c::163  pread returned -1.  core_fd[0][2]=15, cpu=0, core=2 cpu+core=2 msr=232 (0xe8).  errno=9
: Bad file descriptor
msr_core.c::163  pread returned -1.  core_fd[0][2]=15, cpu=0, core=2 cpu+core=2 msr=231 (0xe7).  errno=9
: Bad file descriptor
msr_core.c::163  pread returned -1.  core_fd[0][2]=15, cpu=0, core=2 cpu+core=2 msr=16 (0x10).  errno=9
: Bad file descriptor
msr_core.c::163  pread returned -1.  core_fd[0][0]=13, cpu=0, core=0 cpu+core=0 msr=1553 (0x611).  errno=9
: Bad file descriptor
msr_core.c::163  pread returned -1.  core_fd[0][0]=13, cpu=0, core=0 cpu+core=0 msr=1593 (0x639).  errno=9
: Bad file descriptor
msr_core.c::163  pread returned -1.  core_fd[0][0]=13, cpu=0, core=0 cpu+core=0 msr=1561 (0x619).  errno=9
: Bad file descriptor
msr_core.c::163  pread returned -1.  core_fd[0][0]=13, cpu=0, core=0 cpu+core=0 msr=232 (0xe8).  errno=9
: Bad file descriptor
msr_core.c::163  pread returned -1.  core_fd[0][0]=13, cpu=0, core=0 cpu+core=0 msr=231 (0xe7).  errno=9
: Bad file descriptor
msr_core.c::163  pread returned -1.  core_fd[0][0]=13, cpu=0, core=0 cpu+core=0 msr=16 (0x10).  errno=9
: Bad file descriptor
msr_core.c::163  pread returned -1.  core_fd[0][1]=14, cpu=0, core=1 cpu+core=1 msr=232 (0xe8).  errno=9
: Bad file descriptor
msr_core.c::163  pread returned -1.  core_fd[0][1]=14, cpu=0, core=1 cpu+core=1 msr=231 (0xe7).  errno=9
: Bad file descriptor
msr_core.c::163  pread returned -1.  core_fd[0][3]=16, cpu=0, core=3 cpu+core=3 msr=232 (0xe8).  errno=9
: Bad file descriptor
msr_core.c::163  pread returned -1.  core_fd[0][3]=16, cpu=0, core=3 cpu+core=3 msr=231 (0xe7).  errno=9
: Bad file descriptor
msr_core.c::163  pread returned -1.  core_fd[0][3]=16, cpu=0, core=3 cpu+core=3 msr=16 (0x10).  errno=9
: Bad file descriptor
msr_core.c::163  pread returned -1.  core_fd[0][4]=17, cpu=0, core=4 cpu+core=4 msr=232 (0xe8).  errno=9
: Bad file descriptor
msr_core.c::163  pread returned -1.  core_fd[0][4]=17, cpu=0, core=4 cpu+core=4 msr=231 (0xe7).  errno=9
: Bad file descriptor
msr_core.c::163  pread returned -1.  core_fd[0][4]=17, cpu=0, core=4 cpu+core=4 msr=16 (0x10).  errno=9
: Bad file descriptor
msr_core.c::163  pread returned -1.  core_fd[0][5]=18, cpu=0, core=5 cpu+core=5 msr=232 (0xe8).  errno=9
: Bad file descriptor
msr_core.c::163  pread returned -1.  core_fd[0][5]=18, cpu=0, core=5 cpu+core=5 msr=231 (0xe7).  errno=9
: Bad file descriptor
msr_core.c::163  pread returned -1.  core_fd[0][5]=18, cpu=0, core=5 cpu+core=5 msr=16 (0x10).  errno=9
: Bad file descriptor
msr_core.c::163  pread returned -1.  core_fd[0][6]=19, cpu=0, core=6 cpu+core=6 msr=232 (0xe8).  errno=9
: Bad file descriptor
msr_core.c::163  pread returned -1.  core_fd[0][6]=19, cpu=0, core=6 cpu+core=6 msr=231 (0xe7).  errno=9
: Bad file descriptor
msr_core.c::163  pread returned -1.  core_fd[0][6]=19, cpu=0, core=6 cpu+core=6 msr=16 (0x10).  errno=9
: Bad file descriptor
msr_core.c::163  pread returned -1.  core_fd[0][7]=20, cpu=0, core=7 cpu+core=7 msr=232 (0xe8).  errno=9
: Bad file descriptor
msr_core.c::163  pread returned -1.  core_fd[0][7]=20, cpu=0, core=7 cpu+core=7 msr=231 (0xe7).  errno=9
: Bad file descriptor
msr_core.c::163  pread returned -1.  core_fd[0][7]=20, cpu=0, core=7 cpu+core=7 msr=16 (0x10).  errno=9
: Bad file descriptor
msr_core.c::163  pread returned -1.  core_fd[1][0]=21, cpu=1, core=0 cpu+core=8 msr=1553 (0x611).  errno=9
: Bad file descriptor
msr_core.c::163  pread returned -1.  core_fd[1][0]=21, cpu=1, core=0 cpu+core=8 msr=1593 (0x639).  errno=9
: Bad file descriptor
msr_core.c::163  pread returned -1.  core_fd[1][0]=21, cpu=1, core=0 cpu+core=8 msr=1561 (0x619).  errno=9
: Bad file descriptor
msr_core.c::163  pread returned -1.  core_fd[1][0]=21, cpu=1, core=0 cpu+core=8 msr=232 (0xe8).  errno=9
: Bad file descriptor
msr_core.c::163  pread returned -1.  core_fd[1][0]=21, cpu=1, core=0 cpu+core=8 msr=231 (0xe7).  errno=9
: Bad file descriptor
msr_core.c::163  pread returned -1.  core_fd[1][0]=21, cpu=1, core=0 cpu+core=8 msr=16 (0x10).  errno=9
: Bad file descriptor
msr_core.c::163  pread returned -1.  core_fd[1][1]=22, cpu=1, core=1 cpu+core=9 msr=232 (0xe8).  errno=9
: Bad file descriptor
msr_core.c::163  pread returned -1.  core_fd[1][1]=22, cpu=1, core=1 cpu+core=9 msr=231 (0xe7).  errno=9
: Bad file descriptor
msr_core.c::163  pread returned -1.  core_fd[1][1]=22, cpu=1, core=1 cpu+core=9 msr=16 (0x10).  errno=9
: Bad file descriptor
msr_core.c::163  pread returned -1.  core_fd[1][2]=23, cpu=1, core=2 cpu+core=10 msr=232 (0xe8).  errno=9
: Bad file descriptor
msr_core.c::163  pread returned -1.  core_fd[1][2]=23, cpu=1, core=2 cpu+core=10 msr=231 (0xe7).  errno=9
: Bad file descriptor
msr_core.c::163  pread returned -1.  core_fd[1][2]=23, cpu=1, core=2 cpu+core=10 msr=16 (0x10).  errno=9
: Bad file descriptor
msr_core.c::163  pread returned -1.  core_fd[1][3]=24, cpu=1, core=3 cpu+core=11 msr=232 (0xe8).  errno=9
: Bad file descriptor
msr_core.c::163  pread returned -1.  core_fd[1][3]=24, cpu=1, core=3 cpu+core=11 msr=231 (0xe7).  errno=9
: Bad file descriptor
msr_core.c::163  pread returned -1.  core_fd[1][3]=24, cpu=1, core=3 cpu+core=11 msr=16 (0x10).  errno=9
: Bad file descriptor
msr_core.c::163  pread returned -1.  core_fd[1][4]=25, cpu=1, core=4 cpu+core=12 msr=232 (0xe8).  errno=9
: Bad file descriptor
msr_core.c::163  pread returned -1.  core_fd[0][1]=15, cpu=0, core=1 cpu+core=1 msr=16 (0x10).  errno=9
: Bad file descriptor
msr_core.c::163  pread returned -1.  core_fd[0][2]=16, cpu=0, core=2 cpu+core=2 msr=232 (0xe8).  errno=9
: Bad file descriptor
msr_core.c::163  pread returned -1.  core_fd[0][2]=16, cpu=0, core=2 cpu+core=2 msr=231 (0xe7).  errno=9
: Bad file descriptor
msr_core.c::163  pread returned -1.  core_fd[0][2]=16, cpu=0, core=2 cpu+core=2 msr=16 (0x10).  errno=9
: Bad file descriptor
msr_core.c::163  pread returned -1.  core_fd[0][3]=17, cpu=0, core=3 cpu+core=3 msr=232 (0xe8).  errno=9
: Bad file descriptor
msr_core.c::163  pread returned -1.  core_fd[0][3]=17, cpu=0, core=3 cpu+core=3 msr=231 (0xe7).  errno=9
: Bad file descriptor
msr_core.c::163  pread returned -1.  core_fd[0][3]=17, cpu=0, core=3 cpu+core=3 msr=16 (0x10).  errno=9
: Bad file descriptor
msr_core.c::163  pread returned -1.  core_fd[0][4]=18, cpu=0, core=4 cpu+core=4 msr=232 (0xe8).  errno=9
: Bad file descriptor
msr_core.c::163  pread returned -1.  core_fd[0][4]=18, cpu=0, core=4 cpu+core=4 msr=231 (0xe7).  errno=9
: Bad file descriptor
msr_core.c::163  pread returned -1.  core_fd[0][4]=18, cpu=0, core=4 cpu+core=4 msr=16 (0x10).  errno=9
: Bad file descriptor
msr_core.c::163  pread returned -1.  core_fd[0][5]=19, cpu=0, core=5 cpu+core=5 msr=232 (0xe8).  errno=9
: Bad file descriptor
msr_core.c::163  pread returned -1.  core_fd[0][5]=19, cpu=0, core=5 cpu+core=5 msr=231 (0xe7).  errno=9
: Bad file descriptor
msr_core.c::163  pread returned -1.  core_fd[0][5]=19, cpu=0, core=5 cpu+core=5 msr=16 (0x10).  errno=9
: Bad file descriptor
msr_core.c::163  pread returned -1.  core_fd[0][6]=20, cpu=0, core=6 cpu+core=6 msr=232 (0xe8).  errno=9
: Bad file descriptor
msr_core.c::163  pread returned -1.  core_fd[0][6]=20, cpu=0, core=6 cpu+core=6 msr=231 (0xe7).  errno=9
: Bad file descriptor
msr_core.c::163  pread returned -1.  core_fd[0][6]=20, cpu=0, core=6 cpu+core=6 msr=16 (0x10).  errno=9
: Bad file descriptor
msr_core.c::163  pread returned -1.  core_fd[1][4]=25, cpu=1, core=4 cpu+core=12 msr=231 (0xe7).  errno=9
: Bad file descriptor
msr_core.c::163  pread returned -1.  core_fd[1][4]=25, cpu=1, core=4 cpu+core=12 msr=16 (0x10).  errno=9
: Bad file descriptor
msr_core.c::163  pread returned -1.  core_fd[1][5]=26, cpu=1, core=5 cpu+core=13 msr=232 (0xe8).  errno=9
: Bad file descriptor
msr_core.c::163  pread returned -1.  core_fd[1][5]=26, cpu=1, core=5 cpu+core=13 msr=231 (0xe7).  errno=9
: Bad file descriptor
msr_core.c::163  pread returned -1.  core_fd[0][7]=21, cpu=0, core=7 cpu+core=7 msr=232 (0xe8).  errno=9
: Bad file descriptor
msr_core.c::163  pread returned -1.  core_fd[0][7]=21, cpu=0, core=7 cpu+core=7 msr=231 (0xe7).  errno=9
: Bad file descriptor
msr_core.c::163  pread returned -1.  core_fd[0][7]=21, cpu=0, core=7 cpu+core=7 msr=16 (0x10).  errno=9
: Bad file descriptor
msr_core.c::163  pread returned -1.  core_fd[1][0]=22, cpu=1, core=0 cpu+core=8 msr=1553 (0x611).  errno=9
: Bad file descriptor
msr_core.c::163  pread returned -1.  core_fd[1][0]=22, cpu=1, core=0 cpu+core=8 msr=1593 (0x639).  errno=9
: Bad file descriptor
msr_core.c::163  pread returned -1.  core_fd[1][0]=22, cpu=1, core=0 cpu+core=8 msr=1561 (0x619).  errno=9
: Bad file descriptor
msr_core.c::163  pread returned -1.  core_fd[1][0]=22, cpu=1, core=0 cpu+core=8 msr=232 (0xe8).  errno=9
: Bad file descriptor
msr_core.c::163  pread returned -1.  core_fd[1][0]=22, cpu=1, core=0 cpu+core=8 msr=231 (0xe7).  errno=9
: Bad file descriptor
msr_core.c::163  pread returned -1.  core_fd[1][5]=26, cpu=1, core=5 cpu+core=13 msr=16 (0x10).  errno=9
: Bad file descriptor
msr_core.c::163  pread returned -1.  core_fd[1][6]=27, cpu=1, core=6 cpu+core=14 msr=232 (0xe8).  errno=9
: Bad file descriptor
msr_core.c::163  pread returned -1.  core_fd[1][6]=27, cpu=1, core=6 cpu+core=14 msr=231 (0xe7).  errno=9
: Bad file descriptor
msr_core.c::163  pread returned -1.  core_fd[1][6]=27, cpu=1, core=6 cpu+core=14 msr=16 (0x10).  errno=9
: Bad file descriptor
msr_core.c::163  pread returned -1.  core_fd[1][7]=28, cpu=1, core=7 cpu+core=15 msr=232 (0xe8).  errno=9
: Bad file descriptor
msr_core.c::163  pread returned -1.  core_fd[1][7]=28, cpu=1, core=7 cpu+core=15 msr=231 (0xe7).  errno=9
: Bad file descriptor
msr_core.c::163  pread returned -1.  core_fd[1][7]=28, cpu=1, core=7 cpu+core=15 msr=16 (0x10).  errno=9
: Bad file descriptor
msr_core.c::163  pread returned -1.  core_fd[1][0]=22, cpu=1, core=0 cpu+core=8 msr=16 (0x10).  errno=9
: Bad file descriptor
msr_core.c::163  pread returned -1.  core_fd[1][1]=23, cpu=1, core=1 cpu+core=9 msr=232 (0xe8).  errno=9
: Bad file descriptor
msr_core.c::163  pread returned -1.  core_fd[1][1]=23, cpu=1, core=1 cpu+core=9 msr=231 (0xe7).  errno=9
: Bad file descriptor
msr_core.c::163  pread returned -1.  core_fd[1][1]=23, cpu=1, core=1 cpu+core=9 msr=16 (0x10).  errno=9
: Bad file descriptor
msr_core.c::163  pread returned -1.  core_fd[1][2]=24, cpu=1, core=2 cpu+core=10 msr=232 (0xe8).  errno=9
: Bad file descriptor
msr_core.c::163  pread returned -1.  core_fd[1][2]=24, cpu=1, core=2 cpu+core=10 msr=231 (0xe7).  errno=9
: Bad file descriptor
msr_core.c::163  pread returned -1.  core_fd[1][2]=24, cpu=1, core=2 cpu+core=10 msr=16 (0x10).  errno=9
: Bad file descriptor
msr_core.c::163  pread returned -1.  core_fd[1][3]=25, cpu=1, core=3 cpu+core=11 msr=232 (0xe8).  errno=9
: Bad file descriptor
msr_core.c::163  pread returned -1.  core_fd[1][3]=25, cpu=1, core=3 cpu+core=11 msr=231 (0xe7).  errno=9
: Bad file descriptor
msr_core.c::163  pread returned -1.  core_fd[1][3]=25, cpu=1, core=3 cpu+core=11 msr=16 (0x10).  errno=9
: Bad file descriptor
msr_core.c::163  pread returned -1.  core_fd[1][4]=26, cpu=1, core=4 cpu+core=12 msr=232 (0xe8).  errno=9
: Bad file descriptor
msr_core.c::163  pread returned -1.  core_fd[1][4]=26, cpu=1, core=4 cpu+core=12 msr=231 (0xe7).  errno=9
: Bad file descriptor
msr_core.c::163  pread returned -1.  core_fd[1][4]=26, cpu=1, core=4 cpu+core=12 msr=16 (0x10).  errno=9
: Bad file descriptor
msr_core.c::163  pread returned -1.  core_fd[1][5]=27, cpu=1, core=5 cpu+core=13 msr=232 (0xe8).  errno=9
: Bad file descriptor
msr_core.c::163  pread returned -1.  core_fd[1][5]=27, cpu=1, core=5 cpu+core=13 msr=231 (0xe7).  errno=9
: Bad file descriptor
msr_core.c::163  pread returned -1.  core_fd[1][5]=27, cpu=1, core=5 cpu+core=13 msr=16 (0x10).  errno=9
: Bad file descriptor
msr_core.c::163  pread returned -1.  core_fd[1][6]=28, cpu=1, core=6 cpu+core=14 msr=232 (0xe8).  errno=9
: Bad file descriptor
msr_core.c::163  pread returned -1.  core_fd[0][1]=14, cpu=0, core=1 cpu+core=1 msr=16 (0x10).  errno=9
: Bad file descriptor
msr_core.c::163  pread returned -1.  core_fd[0][2]=15, cpu=0, core=2 cpu+core=2 msr=232 (0xe8).  errno=9
: Bad file descriptor
msr_core.c::163  pread returned -1.  core_fd[0][2]=15, cpu=0, core=2 cpu+core=2 msr=231 (0xe7).  errno=9
: Bad file descriptor
msr_core.c::163  pread returned -1.  core_fd[0][2]=15, cpu=0, core=2 cpu+core=2 msr=16 (0x10).  errno=9
: Bad file descriptor
msr_core.c::163  pread returned -1.  core_fd[0][3]=16, cpu=0, core=3 cpu+core=3 msr=232 (0xe8).  errno=9
: Bad file descriptor
msr_core.c::163  pread returned -1.  core_fd[0][3]=16, cpu=0, core=3 cpu+core=3 msr=231 (0xe7).  errno=9
: Bad file descriptor
msr_core.c::163  pread returned -1.  core_fd[0][3]=16, cpu=0, core=3 cpu+core=3 msr=16 (0x10).  errno=9
: Bad file descriptor
msr_core.c::163  pread returned -1.  core_fd[0][4]=17, cpu=0, core=4 cpu+core=4 msr=232 (0xe8).  errno=9
: Bad file descriptor
msr_core.c::163  pread returned -1.  core_fd[1][6]=28, cpu=1, core=6 cpu+core=14 msr=231 (0xe7).  errno=9
: Bad file descriptor
msr_core.c::163  pread returned -1.  core_fd[1][6]=28, cpu=1, core=6 cpu+core=14 msr=16 (0x10).  errno=9
: Bad file descriptor
msr_core.c::163  pread returned -1.  core_fd[1][7]=29, cpu=1, core=7 cpu+core=15 msr=232 (0xe8).  errno=9
: Bad file descriptor
msr_core.c::163  pread returned -1.  core_fd[1][7]=29, cpu=1, core=7 cpu+core=15 msr=231 (0xe7).  errno=9
: Bad file descriptor
msr_core.c::163  pread returned -1.  core_fd[1][7]=29, cpu=1, core=7 cpu+core=15 msr=16 (0x10).  errno=9
: Bad file descriptor
msr_core.c::163  pread returned -1.  core_fd[0][4]=17, cpu=0, core=4 cpu+core=4 msr=231 (0xe7).  errno=9
: Bad file descriptor
msr_core.c::163  pread returned -1.  core_fd[0][4]=17, cpu=0, core=4 cpu+core=4 msr=16 (0x10).  errno=9
: Bad file descriptor
msr_core.c::163  pread returned -1.  core_fd[0][5]=18, cpu=0, core=5 cpu+core=5 msr=232 (0xe8).  errno=9
: Bad file descriptor
msr_core.c::163  pread returned -1.  core_fd[0][5]=18, cpu=0, core=5 cpu+core=5 msr=231 (0xe7).  errno=9
: Bad file descriptor
msr_core.c::163  pread returned -1.  core_fd[0][5]=18, cpu=0, core=5 cpu+core=5 msr=16 (0x10).  errno=9
: Bad file descriptor
msr_core.c::163  pread returned -1.  core_fd[0][6]=19, cpu=0, core=6 cpu+core=6 msr=232 (0xe8).  errno=9
: Bad file descriptor
msr_core.c::163  pread returned -1.  core_fd[0][6]=19, cpu=0, core=6 cpu+core=6 msr=231 (0xe7).  errno=9
: Bad file descriptor
msr_core.c::163  pread returned -1.  core_fd[0][6]=19, cpu=0, core=6 cpu+core=6 msr=16 (0x10).  errno=9
: Bad file descriptor
msr_core.c::163  pread returned -1.  core_fd[0][7]=20, cpu=0, core=7 cpu+core=7 msr=232 (0xe8).  errno=9
: Bad file descriptor
msr_core.c::163  pread returned -1.  core_fd[0][7]=20, cpu=0, core=7 cpu+core=7 msr=231 (0xe7).  errno=9
: Bad file descriptor
msr_core.c::163  pread returned -1.  core_fd[0][7]=20, cpu=0, core=7 cpu+core=7 msr=16 (0x10).  errno=9
: Bad file descriptor
msr_core.c::163  pread returned -1.  core_fd[1][0]=21, cpu=1, core=0 cpu+core=8 msr=1553 (0x611).  errno=9
: Bad file descriptor
msr_core.c::163  pread returned -1.  core_fd[1][0]=21, cpu=1, core=0 cpu+core=8 msr=1593 (0x639).  errno=9
: Bad file descriptor
msr_core.c::163  pread returned -1.  core_fd[1][0]=21, cpu=1, core=0 cpu+core=8 msr=1561 (0x619).  errno=9
: Bad file descriptor
msr_core.c::163  pread returned -1.  core_fd[1][0]=21, cpu=1, core=0 cpu+core=8 msr=232 (0xe8).  errno=9
: Bad file descriptor
msr_core.c::163  pread returned -1.  core_fd[1][0]=21, cpu=1, core=0 cpu+core=8 msr=231 (0xe7).  errno=9
: Bad file descriptor
msr_core.c::163  pread returned -1.  core_fd[1][0]=21, cpu=1, core=0 cpu+core=8 msr=16 (0x10).  errno=9
: Bad file descriptor
msr_core.c::163  pread returned -1.  core_fd[1][1]=22, cpu=1, core=1 cpu+core=9 msr=232 (0xe8).  errno=9
: Bad file descriptor
msr_core.c::163  pread returned -1.  core_fd[1][1]=22, cpu=1, core=1 cpu+core=9 msr=231 (0xe7).  errno=9
: Bad file descriptor
msr_core.c::163  pread returned -1.  core_fd[1][1]=22, cpu=1, core=1 cpu+core=9 msr=16 (0x10).  errno=9
: Bad file descriptor
msr_core.c::163  pread returned -1.  core_fd[1][2]=23, cpu=1, core=2 cpu+core=10 msr=232 (0xe8).  errno=9
: Bad file descriptor
msr_core.c::163  pread returned -1.  core_fd[1][2]=23, cpu=1, core=2 cpu+core=10 msr=231 (0xe7).  errno=9
: Bad file descriptor
msr_core.c::163  pread returned -1.  core_fd[1][2]=23, cpu=1, core=2 cpu+core=10 msr=16 (0x10).  errno=9
: Bad file descriptor
msr_core.c::163  pread returned -1.  core_fd[1][3]=24, cpu=1, core=3 cpu+core=11 msr=232 (0xe8).  errno=9
: Bad file descriptor
msr_core.c::163  pread returned -1.  core_fd[1][3]=24, cpu=1, core=3 cpu+core=11 msr=231 (0xe7).  errno=9
: Bad file descriptor
msr_core.c::163  pread returned -1.  core_fd[1][3]=24, cpu=1, core=3 cpu+core=11 msr=16 (0x10).  errno=9
: Bad file descriptor
msr_core.c::163  pread returned -1.  core_fd[1][4]=25, cpu=1, core=4 cpu+core=12 msr=232 (0xe8).  errno=9
: Bad file descriptor
msr_core.c::163  pread returned -1.  core_fd[1][4]=25, cpu=1, core=4 cpu+core=12 msr=231 (0xe7).  errno=9
: Bad file descriptor
msr_core.c::163  pread returned -1.  core_fd[1][4]=25, cpu=1, core=4 cpu+core=12 msr=16 (0x10).  errno=9
: Bad file descriptor
msr_core.c::163  pread returned -1.  core_fd[1][5]=26, cpu=1, core=5 cpu+core=13 msr=232 (0xe8).  errno=9
: Bad file descriptor
msr_core.c::163  pread returned -1.  core_fd[1][5]=26, cpu=1, core=5 cpu+core=13 msr=231 (0xe7).  errno=9
: Bad file descriptor
msr_core.c::163  pread returned -1.  core_fd[1][5]=26, cpu=1, core=5 cpu+core=13 msr=16 (0x10).  errno=9
: Bad file descriptor
msr_core.c::163  pread returned -1.  core_fd[1][6]=27, cpu=1, core=6 cpu+core=14 msr=232 (0xe8).  errno=9
: Bad file descriptor
msr_core.c::163  pread returned -1.  core_fd[1][6]=27, cpu=1, core=6 cpu+core=14 msr=231 (0xe7).  errno=9
: Bad file descriptor
msr_core.c::163  pread returned -1.  core_fd[1][6]=27, cpu=1, core=6 cpu+core=14 msr=16 (0x10).  errno=9
: Bad file descriptor
msr_core.c::163  pread returned -1.  core_fd[1][7]=28, cpu=1, core=7 cpu+core=15 msr=232 (0xe8).  errno=9
: Bad file descriptor
msr_core.c::163  pread returned -1.  core_fd[1][7]=28, cpu=1, core=7 cpu+core=15 msr=231 (0xe7).  errno=9
: Bad file descriptor
msr_core.c::163  pread returned -1.  core_fd[1][7]=28, cpu=1, core=7 cpu+core=15 msr=16 (0x10).  errno=9
: Bad file descriptor
