+ i=16
+ minthreads=4
+ j=8
+ maxnodes=32
+ export READ_WRITE=1
+ READ_WRITE=1
+ export PKG_MINW_MINS=0x38198
+ PKG_MINW_MINS=0x38198
+ export PP0_MINW_MINS=0x38198
+ PP0_MINW_MINS=0x38198
+ export DRAM_MINW_MINS=0x38078
+ DRAM_MINW_MINS=0x38078
+ export MSR_PKG_POWER_LIMIT=0x0
+ MSR_PKG_POWER_LIMIT=0x0
+ export MSR_PP0_POWER_LIMIT=0x0
+ MSR_PP0_POWER_LIMIT=0x0
+ export MSR_DRAM_POWER_LIMIT=0x0
+ MSR_DRAM_POWER_LIMIT=0x0
+ export MSR_RANK_MOD=1
+ MSR_RANK_MOD=1
+ for pkg in 0x38198 0x038208 0x038280 0x0382f8
+ export MSR_PKG_POWER_LIMIT=0x38198
+ MSR_PKG_POWER_LIMIT=0x38198
+ '[' 8 -le 32 ']'
+ i=16
+ '[' 16 -ge 4 ']'
+ export OMP_NUM_THREADS=16
+ OMP_NUM_THREADS=16
++ date +%Y_%m_%d_%H_%M_%S_%N
+ name=2012_07_23_16_32_07_386121055
+ mkdir 2012_07_23_16_32_07_386121055
+ cd 2012_07_23_16_32_07_386121055
+ touch out.dat
+ env
+ echo 2012_07_23_16_32_07_386121055
+ uname -a
+ srun --nodes=1 --ntasks=1 -ppbatch cat /proc/cpuinfo
+ grep MHz
+ srun --nodes=1 --ntasks=1 -o host_info hostname
+ echo 'threads/node: 16'
+ echo 'nodes: ' 8
+ srun --nodes=8 --ntasks=8 -o out.dat -e f.err ../../../bin/lu-mz.C.8
+ cd ../
+ i=14
+ '[' 14 -ge 4 ']'
+ export OMP_NUM_THREADS=14
+ OMP_NUM_THREADS=14
++ date +%Y_%m_%d_%H_%M_%S_%N
+ name=2012_07_23_16_32_55_644078572
+ mkdir 2012_07_23_16_32_55_644078572
+ cd 2012_07_23_16_32_55_644078572
+ touch out.dat
+ env
+ echo 2012_07_23_16_32_55_644078572
+ uname -a
+ srun --nodes=1 --ntasks=1 -ppbatch cat /proc/cpuinfo
+ grep MHz
+ srun --nodes=1 --ntasks=1 -o host_info hostname
+ echo 'threads/node: 14'
+ echo 'nodes: ' 8
+ srun --nodes=8 --ntasks=8 -o out.dat -e f.err ../../../bin/lu-mz.C.8
+ cd ../
+ i=12
+ '[' 12 -ge 4 ']'
+ export OMP_NUM_THREADS=12
+ OMP_NUM_THREADS=12
++ date +%Y_%m_%d_%H_%M_%S_%N
+ name=2012_07_23_16_33_43_144851498
+ mkdir 2012_07_23_16_33_43_144851498
+ cd 2012_07_23_16_33_43_144851498
+ touch out.dat
+ env
+ echo 2012_07_23_16_33_43_144851498
+ uname -a
+ srun --nodes=1 --ntasks=1 -ppbatch cat /proc/cpuinfo
+ grep MHz
+ srun --nodes=1 --ntasks=1 -o host_info hostname
+ echo 'threads/node: 12'
+ echo 'nodes: ' 8
+ srun --nodes=8 --ntasks=8 -o out.dat -e f.err ../../../bin/lu-mz.C.8
+ cd ../
+ i=10
+ '[' 10 -ge 4 ']'
+ export OMP_NUM_THREADS=10
+ OMP_NUM_THREADS=10
++ date +%Y_%m_%d_%H_%M_%S_%N
+ name=2012_07_23_16_34_28_529098368
+ mkdir 2012_07_23_16_34_28_529098368
+ cd 2012_07_23_16_34_28_529098368
+ touch out.dat
+ env
+ echo 2012_07_23_16_34_28_529098368
+ uname -a
+ srun --nodes=1 --ntasks=1 -ppbatch cat /proc/cpuinfo
+ grep MHz
+ srun --nodes=1 --ntasks=1 -o host_info hostname
+ echo 'threads/node: 10'
+ echo 'nodes: ' 8
+ srun --nodes=8 --ntasks=8 -o out.dat -e f.err ../../../bin/lu-mz.C.8
+ cd ../
+ i=8
+ '[' 8 -ge 4 ']'
+ export OMP_NUM_THREADS=8
+ OMP_NUM_THREADS=8
++ date +%Y_%m_%d_%H_%M_%S_%N
+ name=2012_07_23_16_35_12_277991539
+ mkdir 2012_07_23_16_35_12_277991539
+ cd 2012_07_23_16_35_12_277991539
+ touch out.dat
+ env
+ echo 2012_07_23_16_35_12_277991539
+ uname -a
+ grep MHz
+ srun --nodes=1 --ntasks=1 -ppbatch cat /proc/cpuinfo
+ srun --nodes=1 --ntasks=1 -o host_info hostname
+ echo 'threads/node: 8'
+ echo 'nodes: ' 8
+ srun --nodes=8 --ntasks=8 -o out.dat -e f.err ../../../bin/lu-mz.C.8
+ cd ../
+ i=6
+ '[' 6 -ge 4 ']'
+ export OMP_NUM_THREADS=6
+ OMP_NUM_THREADS=6
++ date +%Y_%m_%d_%H_%M_%S_%N
+ name=2012_07_23_16_35_55_295543756
+ mkdir 2012_07_23_16_35_55_295543756
+ cd 2012_07_23_16_35_55_295543756
+ touch out.dat
+ env
+ echo 2012_07_23_16_35_55_295543756
+ uname -a
+ srun --nodes=1 --ntasks=1 -ppbatch cat /proc/cpuinfo
+ grep MHz
+ srun --nodes=1 --ntasks=1 -o host_info hostname
+ echo 'threads/node: 6'
+ echo 'nodes: ' 8
+ srun --nodes=8 --ntasks=8 -o out.dat -e f.err ../../../bin/lu-mz.C.8
+ cd ../
+ i=4
+ '[' 4 -ge 4 ']'
+ export OMP_NUM_THREADS=4
+ OMP_NUM_THREADS=4
++ date +%Y_%m_%d_%H_%M_%S_%N
+ name=2012_07_23_16_36_46_662584934
+ mkdir 2012_07_23_16_36_46_662584934
+ cd 2012_07_23_16_36_46_662584934
+ touch out.dat
+ env
+ echo 2012_07_23_16_36_46_662584934
+ uname -a
+ grep MHz
+ srun --nodes=1 --ntasks=1 -ppbatch cat /proc/cpuinfo
+ srun --nodes=1 --ntasks=1 -o host_info hostname
+ echo 'threads/node: 4'
+ echo 'nodes: ' 8
+ srun --nodes=8 --ntasks=8 -o out.dat -e f.err ../../../bin/lu-mz.C.8
+ cd ../
+ i=2
+ '[' 2 -ge 4 ']'
+ j=16
+ '[' 16 -le 32 ']'
+ i=16
+ '[' 16 -ge 4 ']'
+ export OMP_NUM_THREADS=16
+ OMP_NUM_THREADS=16
++ date +%Y_%m_%d_%H_%M_%S_%N
+ name=2012_07_23_16_37_38_413468421
+ mkdir 2012_07_23_16_37_38_413468421
+ cd 2012_07_23_16_37_38_413468421
+ touch out.dat
+ env
+ echo 2012_07_23_16_37_38_413468421
+ uname -a
+ grep MHz
+ srun --nodes=1 --ntasks=1 -ppbatch cat /proc/cpuinfo
+ srun --nodes=1 --ntasks=1 -o host_info hostname
+ echo 'threads/node: 16'
+ echo 'nodes: ' 16
+ srun --nodes=16 --ntasks=16 -o out.dat -e f.err ../../../bin/lu-mz.C.16
+ cd ../
+ i=14
+ '[' 14 -ge 4 ']'
+ export OMP_NUM_THREADS=14
+ OMP_NUM_THREADS=14
++ date +%Y_%m_%d_%H_%M_%S_%N
+ name=2012_07_23_16_38_08_951646373
+ mkdir 2012_07_23_16_38_08_951646373
+ cd 2012_07_23_16_38_08_951646373
+ touch out.dat
+ env
+ echo 2012_07_23_16_38_08_951646373
+ uname -a
+ grep MHz
+ srun --nodes=1 --ntasks=1 -ppbatch cat /proc/cpuinfo
+ srun --nodes=1 --ntasks=1 -o host_info hostname
+ echo 'threads/node: 14'
+ echo 'nodes: ' 16
+ srun --nodes=16 --ntasks=16 -o out.dat -e f.err ../../../bin/lu-mz.C.16
+ cd ../
+ i=12
+ '[' 12 -ge 4 ']'
+ export OMP_NUM_THREADS=12
+ OMP_NUM_THREADS=12
++ date +%Y_%m_%d_%H_%M_%S_%N
+ name=2012_07_23_16_38_37_411486005
+ mkdir 2012_07_23_16_38_37_411486005
+ cd 2012_07_23_16_38_37_411486005
+ touch out.dat
+ env
+ echo 2012_07_23_16_38_37_411486005
+ uname -a
+ srun --nodes=1 --ntasks=1 -ppbatch cat /proc/cpuinfo
+ grep MHz
+ srun --nodes=1 --ntasks=1 -o host_info hostname
+ echo 'threads/node: 12'
+ echo 'nodes: ' 16
+ srun --nodes=16 --ntasks=16 -o out.dat -e f.err ../../../bin/lu-mz.C.16
+ cd ../
+ i=10
+ '[' 10 -ge 4 ']'
+ export OMP_NUM_THREADS=10
+ OMP_NUM_THREADS=10
++ date +%Y_%m_%d_%H_%M_%S_%N
+ name=2012_07_23_16_39_04_904617928
+ mkdir 2012_07_23_16_39_04_904617928
+ cd 2012_07_23_16_39_04_904617928
+ touch out.dat
+ env
+ echo 2012_07_23_16_39_04_904617928
+ uname -a
+ srun --nodes=1 --ntasks=1 -ppbatch cat /proc/cpuinfo
+ grep MHz
+ srun --nodes=1 --ntasks=1 -o host_info hostname
+ echo 'threads/node: 10'
+ echo 'nodes: ' 16
+ srun --nodes=16 --ntasks=16 -o out.dat -e f.err ../../../bin/lu-mz.C.16
+ cd ../
+ i=8
+ '[' 8 -ge 4 ']'
+ export OMP_NUM_THREADS=8
+ OMP_NUM_THREADS=8
++ date +%Y_%m_%d_%H_%M_%S_%N
+ name=2012_07_23_16_39_32_903027075
+ mkdir 2012_07_23_16_39_32_903027075
+ cd 2012_07_23_16_39_32_903027075
+ touch out.dat
+ env
+ echo 2012_07_23_16_39_32_903027075
+ uname -a
+ srun --nodes=1 --ntasks=1 -ppbatch cat /proc/cpuinfo
+ grep MHz
+ srun --nodes=1 --ntasks=1 -o host_info hostname
+ echo 'threads/node: 8'
+ echo 'nodes: ' 16
+ srun --nodes=16 --ntasks=16 -o out.dat -e f.err ../../../bin/lu-mz.C.16
+ cd ../
+ i=6
+ '[' 6 -ge 4 ']'
+ export OMP_NUM_THREADS=6
+ OMP_NUM_THREADS=6
++ date +%Y_%m_%d_%H_%M_%S_%N
+ name=2012_07_23_16_39_59_595200341
+ mkdir 2012_07_23_16_39_59_595200341
+ cd 2012_07_23_16_39_59_595200341
+ touch out.dat
+ env
+ echo 2012_07_23_16_39_59_595200341
+ uname -a
+ srun --nodes=1 --ntasks=1 -ppbatch cat /proc/cpuinfo
+ grep MHz
+ srun --nodes=1 --ntasks=1 -o host_info hostname
+ echo 'threads/node: 6'
+ echo 'nodes: ' 16
+ srun --nodes=16 --ntasks=16 -o out.dat -e f.err ../../../bin/lu-mz.C.16
+ cd ../
+ i=4
+ '[' 4 -ge 4 ']'
+ export OMP_NUM_THREADS=4
+ OMP_NUM_THREADS=4
++ date +%Y_%m_%d_%H_%M_%S_%N
+ name=2012_07_23_16_40_29_129080244
+ mkdir 2012_07_23_16_40_29_129080244
+ cd 2012_07_23_16_40_29_129080244
+ touch out.dat
+ env
+ echo 2012_07_23_16_40_29_129080244
+ uname -a
+ srun --nodes=1 --ntasks=1 -ppbatch cat /proc/cpuinfo
+ grep MHz
+ srun --nodes=1 --ntasks=1 -o host_info hostname
+ echo 'threads/node: 4'
+ echo 'nodes: ' 16
+ srun --nodes=16 --ntasks=16 -o out.dat -e f.err ../../../bin/lu-mz.C.16
+ cd ../
+ i=2
+ '[' 2 -ge 4 ']'
+ j=32
+ '[' 32 -le 32 ']'
+ i=16
+ '[' 16 -ge 4 ']'
+ export OMP_NUM_THREADS=16
+ OMP_NUM_THREADS=16
++ date +%Y_%m_%d_%H_%M_%S_%N
+ name=2012_07_23_16_40_59_385595509
+ mkdir 2012_07_23_16_40_59_385595509
+ cd 2012_07_23_16_40_59_385595509
+ touch out.dat
+ env
+ echo 2012_07_23_16_40_59_385595509
+ uname -a
+ srun --nodes=1 --ntasks=1 -ppbatch cat /proc/cpuinfo
+ grep MHz
+ srun --nodes=1 --ntasks=1 -o host_info hostname
+ echo 'threads/node: 16'
+ echo 'nodes: ' 32
+ srun --nodes=32 --ntasks=32 -o out.dat -e f.err ../../../bin/lu-mz.C.32
+ cd ../
+ i=14
+ '[' 14 -ge 4 ']'
+ export OMP_NUM_THREADS=14
+ OMP_NUM_THREADS=14
++ date +%Y_%m_%d_%H_%M_%S_%N
+ name=2012_07_23_16_41_20_125433725
+ mkdir 2012_07_23_16_41_20_125433725
+ cd 2012_07_23_16_41_20_125433725
+ touch out.dat
+ env
+ echo 2012_07_23_16_41_20_125433725
+ uname -a
+ srun --nodes=1 --ntasks=1 -ppbatch cat /proc/cpuinfo
+ grep MHz
+ srun --nodes=1 --ntasks=1 -o host_info hostname
+ echo 'threads/node: 14'
+ echo 'nodes: ' 32
+ srun --nodes=32 --ntasks=32 -o out.dat -e f.err ../../../bin/lu-mz.C.32
+ cd ../
+ i=12
+ '[' 12 -ge 4 ']'
+ export OMP_NUM_THREADS=12
+ OMP_NUM_THREADS=12
++ date +%Y_%m_%d_%H_%M_%S_%N
+ name=2012_07_23_16_41_37_800457631
+ mkdir 2012_07_23_16_41_37_800457631
+ cd 2012_07_23_16_41_37_800457631
+ touch out.dat
+ env
+ echo 2012_07_23_16_41_37_800457631
+ uname -a
+ srun --nodes=1 --ntasks=1 -ppbatch cat /proc/cpuinfo
+ grep MHz
+ srun --nodes=1 --ntasks=1 -o host_info hostname
+ echo 'threads/node: 12'
+ echo 'nodes: ' 32
+ srun --nodes=32 --ntasks=32 -o out.dat -e f.err ../../../bin/lu-mz.C.32
+ cd ../
+ i=10
+ '[' 10 -ge 4 ']'
+ export OMP_NUM_THREADS=10
+ OMP_NUM_THREADS=10
++ date +%Y_%m_%d_%H_%M_%S_%N
+ name=2012_07_23_16_41_55_236300384
+ mkdir 2012_07_23_16_41_55_236300384
+ cd 2012_07_23_16_41_55_236300384
+ touch out.dat
+ env
+ echo 2012_07_23_16_41_55_236300384
+ uname -a
+ srun --nodes=1 --ntasks=1 -ppbatch cat /proc/cpuinfo
+ grep MHz
+ srun --nodes=1 --ntasks=1 -o host_info hostname
+ echo 'threads/node: 10'
+ echo 'nodes: ' 32
+ srun --nodes=32 --ntasks=32 -o out.dat -e f.err ../../../bin/lu-mz.C.32
+ cd ../
+ i=8
+ '[' 8 -ge 4 ']'
+ export OMP_NUM_THREADS=8
+ OMP_NUM_THREADS=8
++ date +%Y_%m_%d_%H_%M_%S_%N
+ name=2012_07_23_16_42_12_360056129
+ mkdir 2012_07_23_16_42_12_360056129
+ cd 2012_07_23_16_42_12_360056129
+ touch out.dat
+ env
+ echo 2012_07_23_16_42_12_360056129
+ uname -a
+ srun --nodes=1 --ntasks=1 -ppbatch cat /proc/cpuinfo
+ grep MHz
+ srun --nodes=1 --ntasks=1 -o host_info hostname
+ echo 'threads/node: 8'
+ echo 'nodes: ' 32
+ srun --nodes=32 --ntasks=32 -o out.dat -e f.err ../../../bin/lu-mz.C.32
+ cd ../
+ i=6
+ '[' 6 -ge 4 ']'
+ export OMP_NUM_THREADS=6
+ OMP_NUM_THREADS=6
++ date +%Y_%m_%d_%H_%M_%S_%N
+ name=2012_07_23_16_42_29_080953662
+ mkdir 2012_07_23_16_42_29_080953662
+ cd 2012_07_23_16_42_29_080953662
+ touch out.dat
+ env
+ echo 2012_07_23_16_42_29_080953662
+ uname -a
+ srun --nodes=1 --ntasks=1 -ppbatch cat /proc/cpuinfo
+ grep MHz
+ srun --nodes=1 --ntasks=1 -o host_info hostname
+ echo 'threads/node: 6'
+ echo 'nodes: ' 32
+ srun --nodes=32 --ntasks=32 -o out.dat -e f.err ../../../bin/lu-mz.C.32
+ cd ../
+ i=4
+ '[' 4 -ge 4 ']'
+ export OMP_NUM_THREADS=4
+ OMP_NUM_THREADS=4
++ date +%Y_%m_%d_%H_%M_%S_%N
+ name=2012_07_23_16_42_47_252665906
+ mkdir 2012_07_23_16_42_47_252665906
+ cd 2012_07_23_16_42_47_252665906
+ touch out.dat
+ env
+ echo 2012_07_23_16_42_47_252665906
+ uname -a
+ srun --nodes=1 --ntasks=1 -ppbatch cat /proc/cpuinfo
+ grep MHz
+ srun --nodes=1 --ntasks=1 -o host_info hostname
+ echo 'threads/node: 4'
+ echo 'nodes: ' 32
+ srun --nodes=32 --ntasks=32 -o out.dat -e f.err ../../../bin/lu-mz.C.32
+ cd ../
+ i=2
+ '[' 2 -ge 4 ']'
+ j=64
+ '[' 64 -le 32 ']'
+ for pkg in 0x38198 0x038208 0x038280 0x0382f8
+ export MSR_PKG_POWER_LIMIT=0x038208
+ MSR_PKG_POWER_LIMIT=0x038208
+ '[' 64 -le 32 ']'
+ for pkg in 0x38198 0x038208 0x038280 0x0382f8
+ export MSR_PKG_POWER_LIMIT=0x038280
+ MSR_PKG_POWER_LIMIT=0x038280
+ '[' 64 -le 32 ']'
+ for pkg in 0x38198 0x038208 0x038280 0x0382f8
+ export MSR_PKG_POWER_LIMIT=0x0382f8
+ MSR_PKG_POWER_LIMIT=0x0382f8
+ '[' 64 -le 32 ']'
