+ i=16
+ minthreads=4
+ j=8
+ maxnodes=32
+ export READ_WRITE=1
+ READ_WRITE=1
+ export PKG_MINW_MINS=0x38198
+ PKG_MINW_MINS=0x38198
+ export PP0_MINW_MINS=0x38198
+ PP0_MINW_MINS=0x38198
+ export DRAM_MINW_MINS=0x38078
+ DRAM_MINW_MINS=0x38078
+ export MSR_PKG_POWER_LIMIT=0x0
+ MSR_PKG_POWER_LIMIT=0x0
+ export MSR_PP0_POWER_LIMIT=0x0
+ MSR_PP0_POWER_LIMIT=0x0
+ export MSR_DRAM_POWER_LIMIT=0x0
+ MSR_DRAM_POWER_LIMIT=0x0
+ export MSR_RANK_MOD=1
+ MSR_RANK_MOD=1
+ for pkg in 0x38198 0x038208 0x038280 0x0382f8
+ i=16
+ j=8
+ export MSR_PKG_POWER_LIMIT=0x38198
+ MSR_PKG_POWER_LIMIT=0x38198
+ '[' 8 -le 32 ']'
+ i=16
+ '[' 16 -ge 4 ']'
+ export OMP_NUM_THREADS=16
+ OMP_NUM_THREADS=16
++ date +%Y_%m_%d_%H_%M_%S_%N
+ name=2012_08_03_00_35_07_198546220
+ mkdir 2012_08_03_00_35_07_198546220
+ cd 2012_08_03_00_35_07_198546220
+ touch out.dat
+ env
+ echo 2012_08_03_00_35_07_198546220
+ uname -a
+ grep MHz
+ srun --nodes=1 --ntasks=1 -ppbatch cat /proc/cpuinfo
+ srun --nodes=1 --ntasks=1 -o host_info hostname
+ echo 'threads/node: 16'
+ echo 'nodes: ' 8
+ srun --nodes=8 --ntasks=8 -o out.dat -e f.err ../../../bin/lu-mz.C.8
+ cd ../
+ i=14
+ '[' 14 -ge 4 ']'
+ export OMP_NUM_THREADS=14
+ OMP_NUM_THREADS=14
++ date +%Y_%m_%d_%H_%M_%S_%N
+ name=2012_08_03_00_35_56_358351800
+ mkdir 2012_08_03_00_35_56_358351800
+ cd 2012_08_03_00_35_56_358351800
+ touch out.dat
+ env
+ echo 2012_08_03_00_35_56_358351800
+ uname -a
+ grep MHz
+ srun --nodes=1 --ntasks=1 -ppbatch cat /proc/cpuinfo
+ srun --nodes=1 --ntasks=1 -o host_info hostname
+ echo 'threads/node: 14'
+ echo 'nodes: ' 8
+ srun --nodes=8 --ntasks=8 -o out.dat -e f.err ../../../bin/lu-mz.C.8
+ cd ../
+ i=12
+ '[' 12 -ge 4 ']'
+ export OMP_NUM_THREADS=12
+ OMP_NUM_THREADS=12
++ date +%Y_%m_%d_%H_%M_%S_%N
+ name=2012_08_03_00_36_41_461164176
+ mkdir 2012_08_03_00_36_41_461164176
+ cd 2012_08_03_00_36_41_461164176
+ touch out.dat
+ env
+ echo 2012_08_03_00_36_41_461164176
+ uname -a
+ srun --nodes=1 --ntasks=1 -ppbatch cat /proc/cpuinfo
+ grep MHz
+ srun --nodes=1 --ntasks=1 -o host_info hostname
+ echo 'threads/node: 12'
+ echo 'nodes: ' 8
+ srun --nodes=8 --ntasks=8 -o out.dat -e f.err ../../../bin/lu-mz.C.8
+ cd ../
+ i=10
+ '[' 10 -ge 4 ']'
+ export OMP_NUM_THREADS=10
+ OMP_NUM_THREADS=10
++ date +%Y_%m_%d_%H_%M_%S_%N
+ name=2012_08_03_00_37_26_722005620
+ mkdir 2012_08_03_00_37_26_722005620
+ cd 2012_08_03_00_37_26_722005620
+ touch out.dat
+ env
+ echo 2012_08_03_00_37_26_722005620
+ uname -a
+ srun --nodes=1 --ntasks=1 -ppbatch cat /proc/cpuinfo
+ grep MHz
+ srun --nodes=1 --ntasks=1 -o host_info hostname
+ echo 'threads/node: 10'
+ echo 'nodes: ' 8
+ srun --nodes=8 --ntasks=8 -o out.dat -e f.err ../../../bin/lu-mz.C.8
+ cd ../
+ i=8
+ '[' 8 -ge 4 ']'
+ export OMP_NUM_THREADS=8
+ OMP_NUM_THREADS=8
++ date +%Y_%m_%d_%H_%M_%S_%N
+ name=2012_08_03_00_38_09_500950062
+ mkdir 2012_08_03_00_38_09_500950062
+ cd 2012_08_03_00_38_09_500950062
+ touch out.dat
+ env
+ echo 2012_08_03_00_38_09_500950062
+ uname -a
+ srun --nodes=1 --ntasks=1 -ppbatch cat /proc/cpuinfo
+ grep MHz
+ srun --nodes=1 --ntasks=1 -o host_info hostname
+ echo 'threads/node: 8'
+ echo 'nodes: ' 8
+ srun --nodes=8 --ntasks=8 -o out.dat -e f.err ../../../bin/lu-mz.C.8
+ cd ../
+ i=6
+ '[' 6 -ge 4 ']'
+ export OMP_NUM_THREADS=6
+ OMP_NUM_THREADS=6
++ date +%Y_%m_%d_%H_%M_%S_%N
+ name=2012_08_03_00_38_52_351078327
+ mkdir 2012_08_03_00_38_52_351078327
+ cd 2012_08_03_00_38_52_351078327
+ touch out.dat
+ env
+ echo 2012_08_03_00_38_52_351078327
+ uname -a
+ grep MHz
+ srun --nodes=1 --ntasks=1 -ppbatch cat /proc/cpuinfo
+ srun --nodes=1 --ntasks=1 -o host_info hostname
+ echo 'threads/node: 6'
+ echo 'nodes: ' 8
+ srun --nodes=8 --ntasks=8 -o out.dat -e f.err ../../../bin/lu-mz.C.8
+ cd ../
+ i=4
+ '[' 4 -ge 4 ']'
+ export OMP_NUM_THREADS=4
+ OMP_NUM_THREADS=4
++ date +%Y_%m_%d_%H_%M_%S_%N
+ name=2012_08_03_00_39_42_064516355
+ mkdir 2012_08_03_00_39_42_064516355
+ cd 2012_08_03_00_39_42_064516355
+ touch out.dat
+ env
+ echo 2012_08_03_00_39_42_064516355
+ uname -a
+ srun --nodes=1 --ntasks=1 -ppbatch cat /proc/cpuinfo
+ grep MHz
+ srun --nodes=1 --ntasks=1 -o host_info hostname
+ echo 'threads/node: 4'
+ echo 'nodes: ' 8
+ srun --nodes=8 --ntasks=8 -o out.dat -e f.err ../../../bin/lu-mz.C.8
+ cd ../
+ i=2
+ '[' 2 -ge 4 ']'
+ j=16
+ '[' 16 -le 32 ']'
+ i=16
+ '[' 16 -ge 4 ']'
+ export OMP_NUM_THREADS=16
+ OMP_NUM_THREADS=16
++ date +%Y_%m_%d_%H_%M_%S_%N
+ name=2012_08_03_00_40_33_713707862
+ mkdir 2012_08_03_00_40_33_713707862
+ cd 2012_08_03_00_40_33_713707862
+ touch out.dat
+ env
+ echo 2012_08_03_00_40_33_713707862
+ uname -a
+ srun --nodes=1 --ntasks=1 -ppbatch cat /proc/cpuinfo
+ grep MHz
+ srun --nodes=1 --ntasks=1 -o host_info hostname
+ echo 'threads/node: 16'
+ echo 'nodes: ' 16
+ srun --nodes=16 --ntasks=16 -o out.dat -e f.err ../../../bin/lu-mz.C.16
+ cd ../
+ i=14
+ '[' 14 -ge 4 ']'
+ export OMP_NUM_THREADS=14
+ OMP_NUM_THREADS=14
++ date +%Y_%m_%d_%H_%M_%S_%N
+ name=2012_08_03_00_41_02_620370070
+ mkdir 2012_08_03_00_41_02_620370070
+ cd 2012_08_03_00_41_02_620370070
+ touch out.dat
+ env
+ echo 2012_08_03_00_41_02_620370070
+ uname -a
+ srun --nodes=1 --ntasks=1 -ppbatch cat /proc/cpuinfo
+ grep MHz
+ srun --nodes=1 --ntasks=1 -o host_info hostname
+ echo 'threads/node: 14'
+ echo 'nodes: ' 16
+ srun --nodes=16 --ntasks=16 -o out.dat -e f.err ../../../bin/lu-mz.C.16
+ cd ../
+ i=12
+ '[' 12 -ge 4 ']'
+ export OMP_NUM_THREADS=12
+ OMP_NUM_THREADS=12
++ date +%Y_%m_%d_%H_%M_%S_%N
+ name=2012_08_03_00_41_30_399354391
+ mkdir 2012_08_03_00_41_30_399354391
+ cd 2012_08_03_00_41_30_399354391
+ touch out.dat
+ env
+ echo 2012_08_03_00_41_30_399354391
+ uname -a
+ grep MHz
+ srun --nodes=1 --ntasks=1 -ppbatch cat /proc/cpuinfo
+ srun --nodes=1 --ntasks=1 -o host_info hostname
+ echo 'threads/node: 12'
+ echo 'nodes: ' 16
+ srun --nodes=16 --ntasks=16 -o out.dat -e f.err ../../../bin/lu-mz.C.16
+ cd ../
+ i=10
+ '[' 10 -ge 4 ']'
+ export OMP_NUM_THREADS=10
+ OMP_NUM_THREADS=10
++ date +%Y_%m_%d_%H_%M_%S_%N
+ name=2012_08_03_00_41_56_728725405
+ mkdir 2012_08_03_00_41_56_728725405
+ cd 2012_08_03_00_41_56_728725405
+ touch out.dat
+ env
+ echo 2012_08_03_00_41_56_728725405
+ uname -a
+ srun --nodes=1 --ntasks=1 -ppbatch cat /proc/cpuinfo
+ grep MHz
+ srun --nodes=1 --ntasks=1 -o host_info hostname
+ echo 'threads/node: 10'
+ echo 'nodes: ' 16
+ srun --nodes=16 --ntasks=16 -o out.dat -e f.err ../../../bin/lu-mz.C.16
+ cd ../
+ i=8
+ '[' 8 -ge 4 ']'
+ export OMP_NUM_THREADS=8
+ OMP_NUM_THREADS=8
++ date +%Y_%m_%d_%H_%M_%S_%N
+ name=2012_08_03_00_42_22_885334546
+ mkdir 2012_08_03_00_42_22_885334546
+ cd 2012_08_03_00_42_22_885334546
+ touch out.dat
+ env
+ echo 2012_08_03_00_42_22_885334546
+ uname -a
+ srun --nodes=1 --ntasks=1 -ppbatch cat /proc/cpuinfo
+ grep MHz
+ srun --nodes=1 --ntasks=1 -o host_info hostname
+ echo 'threads/node: 8'
+ echo 'nodes: ' 16
+ srun --nodes=16 --ntasks=16 -o out.dat -e f.err ../../../bin/lu-mz.C.16
+ cd ../
+ i=6
+ '[' 6 -ge 4 ']'
+ export OMP_NUM_THREADS=6
+ OMP_NUM_THREADS=6
++ date +%Y_%m_%d_%H_%M_%S_%N
+ name=2012_08_03_00_42_48_198065833
+ mkdir 2012_08_03_00_42_48_198065833
+ cd 2012_08_03_00_42_48_198065833
+ touch out.dat
+ env
+ echo 2012_08_03_00_42_48_198065833
+ uname -a
+ grep MHz
+ srun --nodes=1 --ntasks=1 -ppbatch cat /proc/cpuinfo
+ srun --nodes=1 --ntasks=1 -o host_info hostname
+ echo 'threads/node: 6'
+ echo 'nodes: ' 16
+ srun --nodes=16 --ntasks=16 -o out.dat -e f.err ../../../bin/lu-mz.C.16
+ cd ../
+ i=4
+ '[' 4 -ge 4 ']'
+ export OMP_NUM_THREADS=4
+ OMP_NUM_THREADS=4
++ date +%Y_%m_%d_%H_%M_%S_%N
+ name=2012_08_03_00_43_16_762264843
+ mkdir 2012_08_03_00_43_16_762264843
+ cd 2012_08_03_00_43_16_762264843
+ touch out.dat
+ env
+ echo 2012_08_03_00_43_16_762264843
+ uname -a
+ srun --nodes=1 --ntasks=1 -ppbatch cat /proc/cpuinfo
+ grep MHz
+ srun --nodes=1 --ntasks=1 -o host_info hostname
+ echo 'threads/node: 4'
+ echo 'nodes: ' 16
+ srun --nodes=16 --ntasks=16 -o out.dat -e f.err ../../../bin/lu-mz.C.16
+ cd ../
+ i=2
+ '[' 2 -ge 4 ']'
+ j=32
+ '[' 32 -le 32 ']'
+ i=16
+ '[' 16 -ge 4 ']'
+ export OMP_NUM_THREADS=16
+ OMP_NUM_THREADS=16
++ date +%Y_%m_%d_%H_%M_%S_%N
+ name=2012_08_03_00_43_46_500720841
+ mkdir 2012_08_03_00_43_46_500720841
+ cd 2012_08_03_00_43_46_500720841
+ touch out.dat
+ env
+ echo 2012_08_03_00_43_46_500720841
+ uname -a
+ grep MHz
+ srun --nodes=1 --ntasks=1 -ppbatch cat /proc/cpuinfo
+ srun --nodes=1 --ntasks=1 -o host_info hostname
+ echo 'threads/node: 16'
+ echo 'nodes: ' 32
+ srun --nodes=32 --ntasks=32 -o out.dat -e f.err ../../../bin/lu-mz.C.32
+ cd ../
+ i=14
+ '[' 14 -ge 4 ']'
+ export OMP_NUM_THREADS=14
+ OMP_NUM_THREADS=14
++ date +%Y_%m_%d_%H_%M_%S_%N
+ name=2012_08_03_00_44_07_622084522
+ mkdir 2012_08_03_00_44_07_622084522
+ cd 2012_08_03_00_44_07_622084522
+ touch out.dat
+ env
+ echo 2012_08_03_00_44_07_622084522
+ uname -a
+ grep MHz
+ srun --nodes=1 --ntasks=1 -ppbatch cat /proc/cpuinfo
+ srun --nodes=1 --ntasks=1 -o host_info hostname
+ echo 'threads/node: 14'
+ echo 'nodes: ' 32
+ srun --nodes=32 --ntasks=32 -o out.dat -e f.err ../../../bin/lu-mz.C.32
+ cd ../
+ i=12
+ '[' 12 -ge 4 ']'
+ export OMP_NUM_THREADS=12
+ OMP_NUM_THREADS=12
++ date +%Y_%m_%d_%H_%M_%S_%N
+ name=2012_08_03_00_44_24_903181907
+ mkdir 2012_08_03_00_44_24_903181907
+ cd 2012_08_03_00_44_24_903181907
+ touch out.dat
+ env
+ echo 2012_08_03_00_44_24_903181907
+ uname -a
+ srun --nodes=1 --ntasks=1 -ppbatch cat /proc/cpuinfo
+ grep MHz
+ srun --nodes=1 --ntasks=1 -o host_info hostname
+ echo 'threads/node: 12'
+ echo 'nodes: ' 32
+ srun --nodes=32 --ntasks=32 -o out.dat -e f.err ../../../bin/lu-mz.C.32
+ cd ../
+ i=10
+ '[' 10 -ge 4 ']'
+ export OMP_NUM_THREADS=10
+ OMP_NUM_THREADS=10
++ date +%Y_%m_%d_%H_%M_%S_%N
+ name=2012_08_03_00_44_41_604049540
+ mkdir 2012_08_03_00_44_41_604049540
+ cd 2012_08_03_00_44_41_604049540
+ touch out.dat
+ env
+ echo 2012_08_03_00_44_41_604049540
+ uname -a
+ grep MHz
+ srun --nodes=1 --ntasks=1 -ppbatch cat /proc/cpuinfo
+ srun --nodes=1 --ntasks=1 -o host_info hostname
+ echo 'threads/node: 10'
+ echo 'nodes: ' 32
+ srun --nodes=32 --ntasks=32 -o out.dat -e f.err ../../../bin/lu-mz.C.32
+ cd ../
+ i=8
+ '[' 8 -ge 4 ']'
+ export OMP_NUM_THREADS=8
+ OMP_NUM_THREADS=8
++ date +%Y_%m_%d_%H_%M_%S_%N
+ name=2012_08_03_00_44_58_499895277
+ mkdir 2012_08_03_00_44_58_499895277
+ cd 2012_08_03_00_44_58_499895277
+ touch out.dat
+ env
+ echo 2012_08_03_00_44_58_499895277
+ uname -a
+ srun --nodes=1 --ntasks=1 -ppbatch cat /proc/cpuinfo
+ grep MHz
+ srun --nodes=1 --ntasks=1 -o host_info hostname
+ echo 'threads/node: 8'
+ echo 'nodes: ' 32
+ srun --nodes=32 --ntasks=32 -o out.dat -e f.err ../../../bin/lu-mz.C.32
+ cd ../
+ i=6
+ '[' 6 -ge 4 ']'
+ export OMP_NUM_THREADS=6
+ OMP_NUM_THREADS=6
++ date +%Y_%m_%d_%H_%M_%S_%N
+ name=2012_08_03_00_45_14_608574379
+ mkdir 2012_08_03_00_45_14_608574379
+ cd 2012_08_03_00_45_14_608574379
+ touch out.dat
+ env
+ echo 2012_08_03_00_45_14_608574379
+ uname -a
+ srun --nodes=1 --ntasks=1 -ppbatch cat /proc/cpuinfo
+ grep MHz
+ srun --nodes=1 --ntasks=1 -o host_info hostname
+ echo 'threads/node: 6'
+ echo 'nodes: ' 32
+ srun --nodes=32 --ntasks=32 -o out.dat -e f.err ../../../bin/lu-mz.C.32
+ cd ../
+ i=4
+ '[' 4 -ge 4 ']'
+ export OMP_NUM_THREADS=4
+ OMP_NUM_THREADS=4
++ date +%Y_%m_%d_%H_%M_%S_%N
+ name=2012_08_03_00_45_32_717362914
+ mkdir 2012_08_03_00_45_32_717362914
+ cd 2012_08_03_00_45_32_717362914
+ touch out.dat
+ env
+ echo 2012_08_03_00_45_32_717362914
+ uname -a
+ srun --nodes=1 --ntasks=1 -ppbatch cat /proc/cpuinfo
+ grep MHz
+ srun --nodes=1 --ntasks=1 -o host_info hostname
+ echo 'threads/node: 4'
+ echo 'nodes: ' 32
+ srun --nodes=32 --ntasks=32 -o out.dat -e f.err ../../../bin/lu-mz.C.32
+ cd ../
+ i=2
+ '[' 2 -ge 4 ']'
+ j=64
+ '[' 64 -le 32 ']'
+ for pkg in 0x38198 0x038208 0x038280 0x0382f8
+ i=16
+ j=8
+ export MSR_PKG_POWER_LIMIT=0x038208
+ MSR_PKG_POWER_LIMIT=0x038208
+ '[' 8 -le 32 ']'
+ i=16
+ '[' 16 -ge 4 ']'
+ export OMP_NUM_THREADS=16
+ OMP_NUM_THREADS=16
++ date +%Y_%m_%d_%H_%M_%S_%N
+ name=2012_08_03_00_45_50_759277054
+ mkdir 2012_08_03_00_45_50_759277054
+ cd 2012_08_03_00_45_50_759277054
+ touch out.dat
+ env
+ echo 2012_08_03_00_45_50_759277054
+ uname -a
+ grep MHz
+ srun --nodes=1 --ntasks=1 -ppbatch cat /proc/cpuinfo
+ srun --nodes=1 --ntasks=1 -o host_info hostname
+ echo 'threads/node: 16'
+ echo 'nodes: ' 8
+ srun --nodes=8 --ntasks=8 -o out.dat -e f.err ../../../bin/lu-mz.C.8
+ cd ../
+ i=14
+ '[' 14 -ge 4 ']'
+ export OMP_NUM_THREADS=14
+ OMP_NUM_THREADS=14
++ date +%Y_%m_%d_%H_%M_%S_%N
+ name=2012_08_03_00_46_37_779416698
+ mkdir 2012_08_03_00_46_37_779416698
+ cd 2012_08_03_00_46_37_779416698
+ touch out.dat
+ env
+ echo 2012_08_03_00_46_37_779416698
+ uname -a
+ srun --nodes=1 --ntasks=1 -ppbatch cat /proc/cpuinfo
+ grep MHz
+ srun --nodes=1 --ntasks=1 -o host_info hostname
+ echo 'threads/node: 14'
+ echo 'nodes: ' 8
+ srun --nodes=8 --ntasks=8 -o out.dat -e f.err ../../../bin/lu-mz.C.8
+ cd ../
+ i=12
+ '[' 12 -ge 4 ']'
+ export OMP_NUM_THREADS=12
+ OMP_NUM_THREADS=12
++ date +%Y_%m_%d_%H_%M_%S_%N
+ name=2012_08_03_00_47_21_027662198
+ mkdir 2012_08_03_00_47_21_027662198
+ cd 2012_08_03_00_47_21_027662198
+ touch out.dat
+ env
+ echo 2012_08_03_00_47_21_027662198
+ uname -a
+ grep MHz
+ srun --nodes=1 --ntasks=1 -ppbatch cat /proc/cpuinfo
+ srun --nodes=1 --ntasks=1 -o host_info hostname
+ echo 'threads/node: 12'
+ echo 'nodes: ' 8
+ srun --nodes=8 --ntasks=8 -o out.dat -e f.err ../../../bin/lu-mz.C.8
+ cd ../
+ i=10
+ '[' 10 -ge 4 ']'
+ export OMP_NUM_THREADS=10
+ OMP_NUM_THREADS=10
++ date +%Y_%m_%d_%H_%M_%S_%N
+ name=2012_08_03_00_48_03_494607462
+ mkdir 2012_08_03_00_48_03_494607462
+ cd 2012_08_03_00_48_03_494607462
+ touch out.dat
+ env
+ echo 2012_08_03_00_48_03_494607462
+ uname -a
+ srun --nodes=1 --ntasks=1 -ppbatch cat /proc/cpuinfo
+ grep MHz
+ srun --nodes=1 --ntasks=1 -o host_info hostname
+ echo 'threads/node: 10'
+ echo 'nodes: ' 8
+ srun --nodes=8 --ntasks=8 -o out.dat -e f.err ../../../bin/lu-mz.C.8
+ cd ../
+ i=8
+ '[' 8 -ge 4 ']'
+ export OMP_NUM_THREADS=8
+ OMP_NUM_THREADS=8
++ date +%Y_%m_%d_%H_%M_%S_%N
+ name=2012_08_03_00_48_45_364002055
+ mkdir 2012_08_03_00_48_45_364002055
+ cd 2012_08_03_00_48_45_364002055
+ touch out.dat
+ env
+ echo 2012_08_03_00_48_45_364002055
+ uname -a
+ srun --nodes=1 --ntasks=1 -ppbatch cat /proc/cpuinfo
+ grep MHz
+ srun --nodes=1 --ntasks=1 -o host_info hostname
+ echo 'threads/node: 8'
+ echo 'nodes: ' 8
+ srun --nodes=8 --ntasks=8 -o out.dat -e f.err ../../../bin/lu-mz.C.8
+ cd ../
+ i=6
+ '[' 6 -ge 4 ']'
+ export OMP_NUM_THREADS=6
+ OMP_NUM_THREADS=6
++ date +%Y_%m_%d_%H_%M_%S_%N
+ name=2012_08_03_00_49_26_207961913
+ mkdir 2012_08_03_00_49_26_207961913
+ cd 2012_08_03_00_49_26_207961913
+ touch out.dat
+ env
+ echo 2012_08_03_00_49_26_207961913
+ uname -a
+ grep MHz
+ srun --nodes=1 --ntasks=1 -ppbatch cat /proc/cpuinfo
+ srun --nodes=1 --ntasks=1 -o host_info hostname
+ echo 'threads/node: 6'
+ echo 'nodes: ' 8
+ srun --nodes=8 --ntasks=8 -o out.dat -e f.err ../../../bin/lu-mz.C.8
+ cd ../
+ i=4
+ '[' 4 -ge 4 ']'
+ export OMP_NUM_THREADS=4
+ OMP_NUM_THREADS=4
++ date +%Y_%m_%d_%H_%M_%S_%N
+ name=2012_08_03_00_50_17_089953474
+ mkdir 2012_08_03_00_50_17_089953474
+ cd 2012_08_03_00_50_17_089953474
+ touch out.dat
+ env
+ echo 2012_08_03_00_50_17_089953474
+ uname -a
+ grep MHz
+ srun --nodes=1 --ntasks=1 -ppbatch cat /proc/cpuinfo
+ srun --nodes=1 --ntasks=1 -o host_info hostname
+ echo 'threads/node: 4'
+ echo 'nodes: ' 8
+ srun --nodes=8 --ntasks=8 -o out.dat -e f.err ../../../bin/lu-mz.C.8
+ cd ../
+ i=2
+ '[' 2 -ge 4 ']'
+ j=16
+ '[' 16 -le 32 ']'
+ i=16
+ '[' 16 -ge 4 ']'
+ export OMP_NUM_THREADS=16
+ OMP_NUM_THREADS=16
++ date +%Y_%m_%d_%H_%M_%S_%N
+ name=2012_08_03_00_51_07_539803676
+ mkdir 2012_08_03_00_51_07_539803676
+ cd 2012_08_03_00_51_07_539803676
+ touch out.dat
+ env
+ echo 2012_08_03_00_51_07_539803676
+ uname -a
+ srun --nodes=1 --ntasks=1 -ppbatch cat /proc/cpuinfo
+ grep MHz
+ srun --nodes=1 --ntasks=1 -o host_info hostname
+ echo 'threads/node: 16'
+ echo 'nodes: ' 16
+ srun --nodes=16 --ntasks=16 -o out.dat -e f.err ../../../bin/lu-mz.C.16
+ cd ../
+ i=14
+ '[' 14 -ge 4 ']'
+ export OMP_NUM_THREADS=14
+ OMP_NUM_THREADS=14
++ date +%Y_%m_%d_%H_%M_%S_%N
+ name=2012_08_03_00_51_37_844510532
+ mkdir 2012_08_03_00_51_37_844510532
+ cd 2012_08_03_00_51_37_844510532
+ touch out.dat
+ env
+ echo 2012_08_03_00_51_37_844510532
+ uname -a
+ srun --nodes=1 --ntasks=1 -ppbatch cat /proc/cpuinfo
+ grep MHz
+ srun --nodes=1 --ntasks=1 -o host_info hostname
+ echo 'threads/node: 14'
+ echo 'nodes: ' 16
+ srun --nodes=16 --ntasks=16 -o out.dat -e f.err ../../../bin/lu-mz.C.16
+ cd ../
+ i=12
+ '[' 12 -ge 4 ']'
+ export OMP_NUM_THREADS=12
+ OMP_NUM_THREADS=12
++ date +%Y_%m_%d_%H_%M_%S_%N
+ name=2012_08_03_00_52_02_197190291
+ mkdir 2012_08_03_00_52_02_197190291
+ cd 2012_08_03_00_52_02_197190291
+ touch out.dat
+ env
+ echo 2012_08_03_00_52_02_197190291
+ uname -a
+ srun --nodes=1 --ntasks=1 -ppbatch cat /proc/cpuinfo
+ grep MHz
+ srun --nodes=1 --ntasks=1 -o host_info hostname
+ echo 'threads/node: 12'
+ echo 'nodes: ' 16
+ srun --nodes=16 --ntasks=16 -o out.dat -e f.err ../../../bin/lu-mz.C.16
+ cd ../
+ i=10
+ '[' 10 -ge 4 ']'
+ export OMP_NUM_THREADS=10
+ OMP_NUM_THREADS=10
++ date +%Y_%m_%d_%H_%M_%S_%N
+ name=2012_08_03_00_52_27_234004279
+ mkdir 2012_08_03_00_52_27_234004279
+ cd 2012_08_03_00_52_27_234004279
+ touch out.dat
+ env
+ echo 2012_08_03_00_52_27_234004279
+ uname -a
+ srun --nodes=1 --ntasks=1 -ppbatch cat /proc/cpuinfo
+ grep MHz
+ srun --nodes=1 --ntasks=1 -o host_info hostname
+ echo 'threads/node: 10'
+ echo 'nodes: ' 16
+ srun --nodes=16 --ntasks=16 -o out.dat -e f.err ../../../bin/lu-mz.C.16
+ cd ../
+ i=8
+ '[' 8 -ge 4 ']'
+ export OMP_NUM_THREADS=8
+ OMP_NUM_THREADS=8
++ date +%Y_%m_%d_%H_%M_%S_%N
+ name=2012_08_03_00_52_52_703995987
+ mkdir 2012_08_03_00_52_52_703995987
+ cd 2012_08_03_00_52_52_703995987
+ touch out.dat
+ env
+ echo 2012_08_03_00_52_52_703995987
+ uname -a
+ srun --nodes=1 --ntasks=1 -ppbatch cat /proc/cpuinfo
+ grep MHz
+ srun --nodes=1 --ntasks=1 -o host_info hostname
+ echo 'threads/node: 8'
+ echo 'nodes: ' 16
+ srun --nodes=16 --ntasks=16 -o out.dat -e f.err ../../../bin/lu-mz.C.16
+ cd ../
+ i=6
+ '[' 6 -ge 4 ']'
+ export OMP_NUM_THREADS=6
+ OMP_NUM_THREADS=6
++ date +%Y_%m_%d_%H_%M_%S_%N
+ name=2012_08_03_00_53_18_247024752
+ mkdir 2012_08_03_00_53_18_247024752
+ cd 2012_08_03_00_53_18_247024752
+ touch out.dat
+ env
+ echo 2012_08_03_00_53_18_247024752
+ uname -a
+ srun --nodes=1 --ntasks=1 -ppbatch cat /proc/cpuinfo
+ grep MHz
+ srun --nodes=1 --ntasks=1 -o host_info hostname
+ echo 'threads/node: 6'
+ echo 'nodes: ' 16
+ srun --nodes=16 --ntasks=16 -o out.dat -e f.err ../../../bin/lu-mz.C.16
+ cd ../
+ i=4
+ '[' 4 -ge 4 ']'
+ export OMP_NUM_THREADS=4
+ OMP_NUM_THREADS=4
++ date +%Y_%m_%d_%H_%M_%S_%N
+ name=2012_08_03_00_53_47_536958243
+ mkdir 2012_08_03_00_53_47_536958243
+ cd 2012_08_03_00_53_47_536958243
+ touch out.dat
+ env
+ echo 2012_08_03_00_53_47_536958243
+ uname -a
+ srun --nodes=1 --ntasks=1 -ppbatch cat /proc/cpuinfo
+ grep MHz
+ srun --nodes=1 --ntasks=1 -o host_info hostname
+ echo 'threads/node: 4'
+ echo 'nodes: ' 16
+ srun --nodes=16 --ntasks=16 -o out.dat -e f.err ../../../bin/lu-mz.C.16
+ cd ../
+ i=2
+ '[' 2 -ge 4 ']'
+ j=32
+ '[' 32 -le 32 ']'
+ i=16
+ '[' 16 -ge 4 ']'
+ export OMP_NUM_THREADS=16
+ OMP_NUM_THREADS=16
++ date +%Y_%m_%d_%H_%M_%S_%N
+ name=2012_08_03_00_54_17_478643728
+ mkdir 2012_08_03_00_54_17_478643728
+ cd 2012_08_03_00_54_17_478643728
+ touch out.dat
+ env
+ echo 2012_08_03_00_54_17_478643728
+ uname -a
+ grep MHz
+ srun --nodes=1 --ntasks=1 -ppbatch cat /proc/cpuinfo
+ srun --nodes=1 --ntasks=1 -o host_info hostname
+ echo 'threads/node: 16'
+ echo 'nodes: ' 32
+ srun --nodes=32 --ntasks=32 -o out.dat -e f.err ../../../bin/lu-mz.C.32
+ cd ../
+ i=14
+ '[' 14 -ge 4 ']'
+ export OMP_NUM_THREADS=14
+ OMP_NUM_THREADS=14
++ date +%Y_%m_%d_%H_%M_%S_%N
+ name=2012_08_03_00_54_40_488098369
+ mkdir 2012_08_03_00_54_40_488098369
+ cd 2012_08_03_00_54_40_488098369
+ touch out.dat
+ env
+ echo 2012_08_03_00_54_40_488098369
+ uname -a
+ srun --nodes=1 --ntasks=1 -ppbatch cat /proc/cpuinfo
+ grep MHz
+ srun --nodes=1 --ntasks=1 -o host_info hostname
+ echo 'threads/node: 14'
+ echo 'nodes: ' 32
+ srun --nodes=32 --ntasks=32 -o out.dat -e f.err ../../../bin/lu-mz.C.32
+ cd ../
+ i=12
+ '[' 12 -ge 4 ']'
+ export OMP_NUM_THREADS=12
+ OMP_NUM_THREADS=12
++ date +%Y_%m_%d_%H_%M_%S_%N
+ name=2012_08_03_00_54_57_433527298
+ mkdir 2012_08_03_00_54_57_433527298
+ cd 2012_08_03_00_54_57_433527298
+ touch out.dat
+ env
+ echo 2012_08_03_00_54_57_433527298
+ uname -a
+ srun --nodes=1 --ntasks=1 -ppbatch cat /proc/cpuinfo
+ grep MHz
+ srun --nodes=1 --ntasks=1 -o host_info hostname
+ echo 'threads/node: 12'
+ echo 'nodes: ' 32
+ srun --nodes=32 --ntasks=32 -o out.dat -e f.err ../../../bin/lu-mz.C.32
+ cd ../
+ i=10
+ '[' 10 -ge 4 ']'
+ export OMP_NUM_THREADS=10
+ OMP_NUM_THREADS=10
++ date +%Y_%m_%d_%H_%M_%S_%N
+ name=2012_08_03_00_55_13_964797815
+ mkdir 2012_08_03_00_55_13_964797815
+ cd 2012_08_03_00_55_13_964797815
+ touch out.dat
+ env
+ echo 2012_08_03_00_55_13_964797815
+ uname -a
+ srun --nodes=1 --ntasks=1 -ppbatch cat /proc/cpuinfo
+ grep MHz
+ srun --nodes=1 --ntasks=1 -o host_info hostname
+ echo 'threads/node: 10'
+ echo 'nodes: ' 32
+ srun --nodes=32 --ntasks=32 -o out.dat -e f.err ../../../bin/lu-mz.C.32
+ cd ../
+ i=8
+ '[' 8 -ge 4 ']'
+ export OMP_NUM_THREADS=8
+ OMP_NUM_THREADS=8
++ date +%Y_%m_%d_%H_%M_%S_%N
+ name=2012_08_03_00_55_30_256004447
+ mkdir 2012_08_03_00_55_30_256004447
+ cd 2012_08_03_00_55_30_256004447
+ touch out.dat
+ env
+ echo 2012_08_03_00_55_30_256004447
+ uname -a
+ srun --nodes=1 --ntasks=1 -ppbatch cat /proc/cpuinfo
+ grep MHz
+ srun --nodes=1 --ntasks=1 -o host_info hostname
+ echo 'threads/node: 8'
+ echo 'nodes: ' 32
+ srun --nodes=32 --ntasks=32 -o out.dat -e f.err ../../../bin/lu-mz.C.32
+ cd ../
+ i=6
+ '[' 6 -ge 4 ']'
+ export OMP_NUM_THREADS=6
+ OMP_NUM_THREADS=6
++ date +%Y_%m_%d_%H_%M_%S_%N
+ name=2012_08_03_00_55_46_415768688
+ mkdir 2012_08_03_00_55_46_415768688
+ cd 2012_08_03_00_55_46_415768688
+ touch out.dat
+ env
+ echo 2012_08_03_00_55_46_415768688
+ uname -a
+ srun --nodes=1 --ntasks=1 -ppbatch cat /proc/cpuinfo
+ grep MHz
+ srun --nodes=1 --ntasks=1 -o host_info hostname
+ echo 'threads/node: 6'
+ echo 'nodes: ' 32
+ srun --nodes=32 --ntasks=32 -o out.dat -e f.err ../../../bin/lu-mz.C.32
+ cd ../
+ i=4
+ '[' 4 -ge 4 ']'
+ export OMP_NUM_THREADS=4
+ OMP_NUM_THREADS=4
++ date +%Y_%m_%d_%H_%M_%S_%N
+ name=2012_08_03_00_56_04_524287567
+ mkdir 2012_08_03_00_56_04_524287567
+ cd 2012_08_03_00_56_04_524287567
+ touch out.dat
+ env
+ echo 2012_08_03_00_56_04_524287567
+ uname -a
+ srun --nodes=1 --ntasks=1 -ppbatch cat /proc/cpuinfo
+ grep MHz
+ srun --nodes=1 --ntasks=1 -o host_info hostname
+ echo 'threads/node: 4'
+ echo 'nodes: ' 32
+ srun --nodes=32 --ntasks=32 -o out.dat -e f.err ../../../bin/lu-mz.C.32
+ cd ../
+ i=2
+ '[' 2 -ge 4 ']'
+ j=64
+ '[' 64 -le 32 ']'
+ for pkg in 0x38198 0x038208 0x038280 0x0382f8
+ i=16
+ j=8
+ export MSR_PKG_POWER_LIMIT=0x038280
+ MSR_PKG_POWER_LIMIT=0x038280
+ '[' 8 -le 32 ']'
+ i=16
+ '[' 16 -ge 4 ']'
+ export OMP_NUM_THREADS=16
+ OMP_NUM_THREADS=16
++ date +%Y_%m_%d_%H_%M_%S_%N
+ name=2012_08_03_00_56_22_350011987
+ mkdir 2012_08_03_00_56_22_350011987
+ cd 2012_08_03_00_56_22_350011987
+ touch out.dat
+ env
+ echo 2012_08_03_00_56_22_350011987
+ uname -a
+ srun --nodes=1 --ntasks=1 -ppbatch cat /proc/cpuinfo
+ grep MHz
+ srun --nodes=1 --ntasks=1 -o host_info hostname
+ echo 'threads/node: 16'
+ echo 'nodes: ' 8
+ srun --nodes=8 --ntasks=8 -o out.dat -e f.err ../../../bin/lu-mz.C.8
+ cd ../
+ i=14
+ '[' 14 -ge 4 ']'
+ export OMP_NUM_THREADS=14
+ OMP_NUM_THREADS=14
++ date +%Y_%m_%d_%H_%M_%S_%N
+ name=2012_08_03_00_57_04_968882751
+ mkdir 2012_08_03_00_57_04_968882751
+ cd 2012_08_03_00_57_04_968882751
+ touch out.dat
+ env
+ echo 2012_08_03_00_57_04_968882751
+ uname -a
+ srun --nodes=1 --ntasks=1 -ppbatch cat /proc/cpuinfo
+ grep MHz
+ srun --nodes=1 --ntasks=1 -o host_info hostname
+ echo 'threads/node: 14'
+ echo 'nodes: ' 8
+ srun --nodes=8 --ntasks=8 -o out.dat -e f.err ../../../bin/lu-mz.C.8
+ cd ../
+ i=12
+ '[' 12 -ge 4 ']'
+ export OMP_NUM_THREADS=12
+ OMP_NUM_THREADS=12
++ date +%Y_%m_%d_%H_%M_%S_%N
+ name=2012_08_03_00_57_48_652216036
+ mkdir 2012_08_03_00_57_48_652216036
+ cd 2012_08_03_00_57_48_652216036
+ touch out.dat
+ env
+ echo 2012_08_03_00_57_48_652216036
+ uname -a
+ srun --nodes=1 --ntasks=1 -ppbatch cat /proc/cpuinfo
+ grep MHz
+ srun --nodes=1 --ntasks=1 -o host_info hostname
+ echo 'threads/node: 12'
+ echo 'nodes: ' 8
+ srun --nodes=8 --ntasks=8 -o out.dat -e f.err ../../../bin/lu-mz.C.8
+ cd ../
+ i=10
+ '[' 10 -ge 4 ']'
+ export OMP_NUM_THREADS=10
+ OMP_NUM_THREADS=10
++ date +%Y_%m_%d_%H_%M_%S_%N
+ name=2012_08_03_00_58_32_319430953
+ mkdir 2012_08_03_00_58_32_319430953
+ cd 2012_08_03_00_58_32_319430953
+ touch out.dat
+ env
+ echo 2012_08_03_00_58_32_319430953
+ uname -a
+ srun --nodes=1 --ntasks=1 -ppbatch cat /proc/cpuinfo
+ grep MHz
+ srun --nodes=1 --ntasks=1 -o host_info hostname
+ echo 'threads/node: 10'
+ echo 'nodes: ' 8
+ srun --nodes=8 --ntasks=8 -o out.dat -e f.err ../../../bin/lu-mz.C.8
+ cd ../
+ i=8
+ '[' 8 -ge 4 ']'
+ export OMP_NUM_THREADS=8
+ OMP_NUM_THREADS=8
++ date +%Y_%m_%d_%H_%M_%S_%N
+ name=2012_08_03_00_59_15_579163070
+ mkdir 2012_08_03_00_59_15_579163070
+ cd 2012_08_03_00_59_15_579163070
+ touch out.dat
+ env
+ echo 2012_08_03_00_59_15_579163070
+ uname -a
+ srun --nodes=1 --ntasks=1 -ppbatch cat /proc/cpuinfo
+ grep MHz
+ srun --nodes=1 --ntasks=1 -o host_info hostname
+ echo 'threads/node: 8'
+ echo 'nodes: ' 8
+ srun --nodes=8 --ntasks=8 -o out.dat -e f.err ../../../bin/lu-mz.C.8
+ cd ../
+ i=6
+ '[' 6 -ge 4 ']'
+ export OMP_NUM_THREADS=6
+ OMP_NUM_THREADS=6
++ date +%Y_%m_%d_%H_%M_%S_%N
+ name=2012_08_03_00_59_58_606469992
+ mkdir 2012_08_03_00_59_58_606469992
+ cd 2012_08_03_00_59_58_606469992
+ touch out.dat
+ env
+ echo 2012_08_03_00_59_58_606469992
+ uname -a
+ srun --nodes=1 --ntasks=1 -ppbatch cat /proc/cpuinfo
+ grep MHz
+ srun --nodes=1 --ntasks=1 -o host_info hostname
+ echo 'threads/node: 6'
+ echo 'nodes: ' 8
+ srun --nodes=8 --ntasks=8 -o out.dat -e f.err ../../../bin/lu-mz.C.8
+ cd ../
+ i=4
+ '[' 4 -ge 4 ']'
+ export OMP_NUM_THREADS=4
+ OMP_NUM_THREADS=4
++ date +%Y_%m_%d_%H_%M_%S_%N
+ name=2012_08_03_01_00_49_655197698
+ mkdir 2012_08_03_01_00_49_655197698
+ cd 2012_08_03_01_00_49_655197698
+ touch out.dat
+ env
+ echo 2012_08_03_01_00_49_655197698
+ uname -a
+ srun --nodes=1 --ntasks=1 -ppbatch cat /proc/cpuinfo
+ grep MHz
+ srun --nodes=1 --ntasks=1 -o host_info hostname
+ echo 'threads/node: 4'
+ echo 'nodes: ' 8
+ srun --nodes=8 --ntasks=8 -o out.dat -e f.err ../../../bin/lu-mz.C.8
+ cd ../
+ i=2
+ '[' 2 -ge 4 ']'
+ j=16
+ '[' 16 -le 32 ']'
+ i=16
+ '[' 16 -ge 4 ']'
+ export OMP_NUM_THREADS=16
+ OMP_NUM_THREADS=16
++ date +%Y_%m_%d_%H_%M_%S_%N
+ name=2012_08_03_01_01_41_284753139
+ mkdir 2012_08_03_01_01_41_284753139
+ cd 2012_08_03_01_01_41_284753139
+ touch out.dat
+ env
+ echo 2012_08_03_01_01_41_284753139
+ uname -a
+ srun --nodes=1 --ntasks=1 -ppbatch cat /proc/cpuinfo
+ grep MHz
+ srun --nodes=1 --ntasks=1 -o host_info hostname
+ echo 'threads/node: 16'
+ echo 'nodes: ' 16
+ srun --nodes=16 --ntasks=16 -o out.dat -e f.err ../../../bin/lu-mz.C.16
+ cd ../
+ i=14
+ '[' 14 -ge 4 ']'
+ export OMP_NUM_THREADS=14
+ OMP_NUM_THREADS=14
++ date +%Y_%m_%d_%H_%M_%S_%N
+ name=2012_08_03_01_02_06_708339384
+ mkdir 2012_08_03_01_02_06_708339384
+ cd 2012_08_03_01_02_06_708339384
+ touch out.dat
+ env
+ echo 2012_08_03_01_02_06_708339384
+ uname -a
+ srun --nodes=1 --ntasks=1 -ppbatch cat /proc/cpuinfo
+ grep MHz
+ srun --nodes=1 --ntasks=1 -o host_info hostname
+ echo 'threads/node: 14'
+ echo 'nodes: ' 16
+ srun --nodes=16 --ntasks=16 -o out.dat -e f.err ../../../bin/lu-mz.C.16
+ cd ../
+ i=12
+ '[' 12 -ge 4 ']'
+ export OMP_NUM_THREADS=12
+ OMP_NUM_THREADS=12
++ date +%Y_%m_%d_%H_%M_%S_%N
+ name=2012_08_03_01_02_31_867109126
+ mkdir 2012_08_03_01_02_31_867109126
+ cd 2012_08_03_01_02_31_867109126
+ touch out.dat
+ env
+ echo 2012_08_03_01_02_31_867109126
+ uname -a
+ srun --nodes=1 --ntasks=1 -ppbatch cat /proc/cpuinfo
+ grep MHz
+ srun --nodes=1 --ntasks=1 -o host_info hostname
+ echo 'threads/node: 12'
+ echo 'nodes: ' 16
+ srun --nodes=16 --ntasks=16 -o out.dat -e f.err ../../../bin/lu-mz.C.16
+ cd ../
+ i=10
+ '[' 10 -ge 4 ']'
+ export OMP_NUM_THREADS=10
+ OMP_NUM_THREADS=10
++ date +%Y_%m_%d_%H_%M_%S_%N
+ name=2012_08_03_01_02_57_837031942
+ mkdir 2012_08_03_01_02_57_837031942
+ cd 2012_08_03_01_02_57_837031942
+ touch out.dat
+ env
+ echo 2012_08_03_01_02_57_837031942
+ uname -a
+ srun --nodes=1 --ntasks=1 -ppbatch cat /proc/cpuinfo
+ grep MHz
+ srun --nodes=1 --ntasks=1 -o host_info hostname
+ echo 'threads/node: 10'
+ echo 'nodes: ' 16
+ srun --nodes=16 --ntasks=16 -o out.dat -e f.err ../../../bin/lu-mz.C.16
+ cd ../
+ i=8
+ '[' 8 -ge 4 ']'
+ export OMP_NUM_THREADS=8
+ OMP_NUM_THREADS=8
++ date +%Y_%m_%d_%H_%M_%S_%N
+ name=2012_08_03_01_03_22_981651540
+ mkdir 2012_08_03_01_03_22_981651540
+ cd 2012_08_03_01_03_22_981651540
+ touch out.dat
+ env
+ echo 2012_08_03_01_03_22_981651540
+ uname -a
+ grep MHz
+ srun --nodes=1 --ntasks=1 -ppbatch cat /proc/cpuinfo
+ srun --nodes=1 --ntasks=1 -o host_info hostname
+ echo 'threads/node: 8'
+ echo 'nodes: ' 16
+ srun --nodes=16 --ntasks=16 -o out.dat -e f.err ../../../bin/lu-mz.C.16
+ cd ../
+ i=6
+ '[' 6 -ge 4 ']'
+ export OMP_NUM_THREADS=6
+ OMP_NUM_THREADS=6
++ date +%Y_%m_%d_%H_%M_%S_%N
+ name=2012_08_03_01_03_47_697577775
+ mkdir 2012_08_03_01_03_47_697577775
+ cd 2012_08_03_01_03_47_697577775
+ touch out.dat
+ env
+ echo 2012_08_03_01_03_47_697577775
+ uname -a
+ grep MHz
+ srun --nodes=1 --ntasks=1 -ppbatch cat /proc/cpuinfo
+ srun --nodes=1 --ntasks=1 -o host_info hostname
+ echo 'threads/node: 6'
+ echo 'nodes: ' 16
+ srun --nodes=16 --ntasks=16 -o out.dat -e f.err ../../../bin/lu-mz.C.16
+ cd ../
+ i=4
+ '[' 4 -ge 4 ']'
+ export OMP_NUM_THREADS=4
+ OMP_NUM_THREADS=4
++ date +%Y_%m_%d_%H_%M_%S_%N
+ name=2012_08_03_01_04_17_166362595
+ mkdir 2012_08_03_01_04_17_166362595
+ cd 2012_08_03_01_04_17_166362595
+ touch out.dat
+ env
+ echo 2012_08_03_01_04_17_166362595
+ uname -a
+ srun --nodes=1 --ntasks=1 -ppbatch cat /proc/cpuinfo
+ grep MHz
+ srun --nodes=1 --ntasks=1 -o host_info hostname
+ echo 'threads/node: 4'
+ echo 'nodes: ' 16
+ srun --nodes=16 --ntasks=16 -o out.dat -e f.err ../../../bin/lu-mz.C.16
+ cd ../
+ i=2
+ '[' 2 -ge 4 ']'
+ j=32
+ '[' 32 -le 32 ']'
+ i=16
+ '[' 16 -ge 4 ']'
+ export OMP_NUM_THREADS=16
+ OMP_NUM_THREADS=16
++ date +%Y_%m_%d_%H_%M_%S_%N
+ name=2012_08_03_01_04_46_994539995
+ mkdir 2012_08_03_01_04_46_994539995
+ cd 2012_08_03_01_04_46_994539995
+ touch out.dat
+ env
+ echo 2012_08_03_01_04_46_994539995
+ uname -a
+ srun --nodes=1 --ntasks=1 -ppbatch cat /proc/cpuinfo
+ grep MHz
+ srun --nodes=1 --ntasks=1 -o host_info hostname
+ echo 'threads/node: 16'
+ echo 'nodes: ' 32
+ srun --nodes=32 --ntasks=32 -o out.dat -e f.err ../../../bin/lu-mz.C.32
+ cd ../
+ i=14
+ '[' 14 -ge 4 ']'
+ export OMP_NUM_THREADS=14
+ OMP_NUM_THREADS=14
++ date +%Y_%m_%d_%H_%M_%S_%N
+ name=2012_08_03_01_05_03_578374562
+ mkdir 2012_08_03_01_05_03_578374562
+ cd 2012_08_03_01_05_03_578374562
+ touch out.dat
+ env
+ echo 2012_08_03_01_05_03_578374562
+ uname -a
+ grep MHz
+ srun --nodes=1 --ntasks=1 -ppbatch cat /proc/cpuinfo
+ srun --nodes=1 --ntasks=1 -o host_info hostname
+ echo 'threads/node: 14'
+ echo 'nodes: ' 32
+ srun --nodes=32 --ntasks=32 -o out.dat -e f.err ../../../bin/lu-mz.C.32
+ cd ../
+ i=12
+ '[' 12 -ge 4 ']'
+ export OMP_NUM_THREADS=12
+ OMP_NUM_THREADS=12
++ date +%Y_%m_%d_%H_%M_%S_%N
+ name=2012_08_03_01_05_20_140076332
+ mkdir 2012_08_03_01_05_20_140076332
+ cd 2012_08_03_01_05_20_140076332
+ touch out.dat
+ env
+ echo 2012_08_03_01_05_20_140076332
+ uname -a
+ srun --nodes=1 --ntasks=1 -ppbatch cat /proc/cpuinfo
+ grep MHz
+ srun --nodes=1 --ntasks=1 -o host_info hostname
+ echo 'threads/node: 12'
+ echo 'nodes: ' 32
+ srun --nodes=32 --ntasks=32 -o out.dat -e f.err ../../../bin/lu-mz.C.32
+ cd ../
+ i=10
+ '[' 10 -ge 4 ']'
+ export OMP_NUM_THREADS=10
+ OMP_NUM_THREADS=10
++ date +%Y_%m_%d_%H_%M_%S_%N
+ name=2012_08_03_01_05_36_582926371
+ mkdir 2012_08_03_01_05_36_582926371
+ cd 2012_08_03_01_05_36_582926371
+ touch out.dat
+ env
+ echo 2012_08_03_01_05_36_582926371
+ uname -a
+ grep MHz
+ srun --nodes=1 --ntasks=1 -ppbatch cat /proc/cpuinfo
+ srun --nodes=1 --ntasks=1 -o host_info hostname
+ echo 'threads/node: 10'
+ echo 'nodes: ' 32
+ srun --nodes=32 --ntasks=32 -o out.dat -e f.err ../../../bin/lu-mz.C.32
+ cd ../
+ i=8
+ '[' 8 -ge 4 ']'
+ export OMP_NUM_THREADS=8
+ OMP_NUM_THREADS=8
++ date +%Y_%m_%d_%H_%M_%S_%N
+ name=2012_08_03_01_05_53_074805913
+ mkdir 2012_08_03_01_05_53_074805913
+ cd 2012_08_03_01_05_53_074805913
+ touch out.dat
+ env
+ echo 2012_08_03_01_05_53_074805913
+ uname -a
+ grep MHz
+ srun --nodes=1 --ntasks=1 -ppbatch cat /proc/cpuinfo
+ srun --nodes=1 --ntasks=1 -o host_info hostname
+ echo 'threads/node: 8'
+ echo 'nodes: ' 32
+ srun --nodes=32 --ntasks=32 -o out.dat -e f.err ../../../bin/lu-mz.C.32
+ cd ../
+ i=6
+ '[' 6 -ge 4 ']'
+ export OMP_NUM_THREADS=6
+ OMP_NUM_THREADS=6
++ date +%Y_%m_%d_%H_%M_%S_%N
+ name=2012_08_03_01_06_09_217021935
+ mkdir 2012_08_03_01_06_09_217021935
+ cd 2012_08_03_01_06_09_217021935
+ touch out.dat
+ env
+ echo 2012_08_03_01_06_09_217021935
+ uname -a
+ srun --nodes=1 --ntasks=1 -ppbatch cat /proc/cpuinfo
+ grep MHz
+ srun --nodes=1 --ntasks=1 -o host_info hostname
+ echo 'threads/node: 6'
+ echo 'nodes: ' 32
+ srun --nodes=32 --ntasks=32 -o out.dat -e f.err ../../../bin/lu-mz.C.32
+ cd ../
+ i=4
+ '[' 4 -ge 4 ']'
+ export OMP_NUM_THREADS=4
+ OMP_NUM_THREADS=4
++ date +%Y_%m_%d_%H_%M_%S_%N
+ name=2012_08_03_01_06_27_129379482
+ mkdir 2012_08_03_01_06_27_129379482
+ cd 2012_08_03_01_06_27_129379482
+ touch out.dat
+ env
+ echo 2012_08_03_01_06_27_129379482
+ uname -a
+ srun --nodes=1 --ntasks=1 -ppbatch cat /proc/cpuinfo
+ grep MHz
+ srun --nodes=1 --ntasks=1 -o host_info hostname
+ echo 'threads/node: 4'
+ echo 'nodes: ' 32
+ srun --nodes=32 --ntasks=32 -o out.dat -e f.err ../../../bin/lu-mz.C.32
+ cd ../
+ i=2
+ '[' 2 -ge 4 ']'
+ j=64
+ '[' 64 -le 32 ']'
+ for pkg in 0x38198 0x038208 0x038280 0x0382f8
+ i=16
+ j=8
+ export MSR_PKG_POWER_LIMIT=0x0382f8
+ MSR_PKG_POWER_LIMIT=0x0382f8
+ '[' 8 -le 32 ']'
+ i=16
+ '[' 16 -ge 4 ']'
+ export OMP_NUM_THREADS=16
+ OMP_NUM_THREADS=16
++ date +%Y_%m_%d_%H_%M_%S_%N
+ name=2012_08_03_01_06_45_441595204
+ mkdir 2012_08_03_01_06_45_441595204
+ cd 2012_08_03_01_06_45_441595204
+ touch out.dat
+ env
+ echo 2012_08_03_01_06_45_441595204
+ uname -a
+ grep MHz
+ srun --nodes=1 --ntasks=1 -ppbatch cat /proc/cpuinfo
+ srun --nodes=1 --ntasks=1 -o host_info hostname
+ echo 'threads/node: 16'
+ echo 'nodes: ' 8
+ srun --nodes=8 --ntasks=8 -o out.dat -e f.err ../../../bin/lu-mz.C.8
+ cd ../
+ i=14
+ '[' 14 -ge 4 ']'
+ export OMP_NUM_THREADS=14
+ OMP_NUM_THREADS=14
++ date +%Y_%m_%d_%H_%M_%S_%N
+ name=2012_08_03_01_07_29_260954832
+ mkdir 2012_08_03_01_07_29_260954832
+ cd 2012_08_03_01_07_29_260954832
+ touch out.dat
+ env
+ echo 2012_08_03_01_07_29_260954832
+ uname -a
+ srun --nodes=1 --ntasks=1 -ppbatch cat /proc/cpuinfo
+ grep MHz
+ srun --nodes=1 --ntasks=1 -o host_info hostname
+ echo 'threads/node: 14'
+ echo 'nodes: ' 8
+ srun --nodes=8 --ntasks=8 -o out.dat -e f.err ../../../bin/lu-mz.C.8
+ cd ../
+ i=12
+ '[' 12 -ge 4 ']'
+ export OMP_NUM_THREADS=12
+ OMP_NUM_THREADS=12
++ date +%Y_%m_%d_%H_%M_%S_%N
+ name=2012_08_03_01_08_11_722840550
+ mkdir 2012_08_03_01_08_11_722840550
+ cd 2012_08_03_01_08_11_722840550
+ touch out.dat
+ env
+ echo 2012_08_03_01_08_11_722840550
+ uname -a
+ srun --nodes=1 --ntasks=1 -ppbatch cat /proc/cpuinfo
+ grep MHz
+ srun --nodes=1 --ntasks=1 -o host_info hostname
+ echo 'threads/node: 12'
+ echo 'nodes: ' 8
+ srun --nodes=8 --ntasks=8 -o out.dat -e f.err ../../../bin/lu-mz.C.8
+ cd ../
+ i=10
+ '[' 10 -ge 4 ']'
+ export OMP_NUM_THREADS=10
+ OMP_NUM_THREADS=10
++ date +%Y_%m_%d_%H_%M_%S_%N
+ name=2012_08_03_01_08_54_974833323
+ mkdir 2012_08_03_01_08_54_974833323
+ cd 2012_08_03_01_08_54_974833323
+ touch out.dat
+ env
+ echo 2012_08_03_01_08_54_974833323
+ uname -a
+ srun --nodes=1 --ntasks=1 -ppbatch cat /proc/cpuinfo
+ grep MHz
+ srun --nodes=1 --ntasks=1 -o host_info hostname
+ echo 'threads/node: 10'
+ echo 'nodes: ' 8
+ srun --nodes=8 --ntasks=8 -o out.dat -e f.err ../../../bin/lu-mz.C.8
+ cd ../
+ i=8
+ '[' 8 -ge 4 ']'
+ export OMP_NUM_THREADS=8
+ OMP_NUM_THREADS=8
++ date +%Y_%m_%d_%H_%M_%S_%N
+ name=2012_08_03_01_09_37_218832777
+ mkdir 2012_08_03_01_09_37_218832777
+ cd 2012_08_03_01_09_37_218832777
+ touch out.dat
+ env
+ echo 2012_08_03_01_09_37_218832777
+ uname -a
+ srun --nodes=1 --ntasks=1 -ppbatch cat /proc/cpuinfo
+ grep MHz
+ srun --nodes=1 --ntasks=1 -o host_info hostname
+ echo 'threads/node: 8'
+ echo 'nodes: ' 8
+ srun --nodes=8 --ntasks=8 -o out.dat -e f.err ../../../bin/lu-mz.C.8
+ cd ../
+ i=6
+ '[' 6 -ge 4 ']'
+ export OMP_NUM_THREADS=6
+ OMP_NUM_THREADS=6
++ date +%Y_%m_%d_%H_%M_%S_%N
+ name=2012_08_03_01_10_18_861268758
+ mkdir 2012_08_03_01_10_18_861268758
+ cd 2012_08_03_01_10_18_861268758
+ touch out.dat
+ env
+ echo 2012_08_03_01_10_18_861268758
+ uname -a
+ grep MHz
+ srun --nodes=1 --ntasks=1 -ppbatch cat /proc/cpuinfo
+ srun --nodes=1 --ntasks=1 -o host_info hostname
+ echo 'threads/node: 6'
+ echo 'nodes: ' 8
+ srun --nodes=8 --ntasks=8 -o out.dat -e f.err ../../../bin/lu-mz.C.8
+ cd ../
+ i=4
+ '[' 4 -ge 4 ']'
+ export OMP_NUM_THREADS=4
+ OMP_NUM_THREADS=4
++ date +%Y_%m_%d_%H_%M_%S_%N
+ name=2012_08_03_01_11_09_311229243
+ mkdir 2012_08_03_01_11_09_311229243
+ cd 2012_08_03_01_11_09_311229243
+ touch out.dat
+ env
+ echo 2012_08_03_01_11_09_311229243
+ uname -a
+ srun --nodes=1 --ntasks=1 -ppbatch cat /proc/cpuinfo
+ grep MHz
+ srun --nodes=1 --ntasks=1 -o host_info hostname
+ echo 'threads/node: 4'
+ echo 'nodes: ' 8
+ srun --nodes=8 --ntasks=8 -o out.dat -e f.err ../../../bin/lu-mz.C.8
+ cd ../
+ i=2
+ '[' 2 -ge 4 ']'
+ j=16
+ '[' 16 -le 32 ']'
+ i=16
+ '[' 16 -ge 4 ']'
+ export OMP_NUM_THREADS=16
+ OMP_NUM_THREADS=16
++ date +%Y_%m_%d_%H_%M_%S_%N
+ name=2012_08_03_01_12_00_965325239
+ mkdir 2012_08_03_01_12_00_965325239
+ cd 2012_08_03_01_12_00_965325239
+ touch out.dat
+ env
+ echo 2012_08_03_01_12_00_965325239
+ uname -a
+ srun --nodes=1 --ntasks=1 -ppbatch cat /proc/cpuinfo
+ grep MHz
+ srun --nodes=1 --ntasks=1 -o host_info hostname
+ echo 'threads/node: 16'
+ echo 'nodes: ' 16
+ srun --nodes=16 --ntasks=16 -o out.dat -e f.err ../../../bin/lu-mz.C.16
+ cd ../
+ i=14
+ '[' 14 -ge 4 ']'
+ export OMP_NUM_THREADS=14
+ OMP_NUM_THREADS=14
++ date +%Y_%m_%d_%H_%M_%S_%N
+ name=2012_08_03_01_12_28_066415766
+ mkdir 2012_08_03_01_12_28_066415766
+ cd 2012_08_03_01_12_28_066415766
+ touch out.dat
+ env
+ echo 2012_08_03_01_12_28_066415766
+ uname -a
+ srun --nodes=1 --ntasks=1 -ppbatch cat /proc/cpuinfo
+ grep MHz
+ srun --nodes=1 --ntasks=1 -o host_info hostname
+ echo 'threads/node: 14'
+ echo 'nodes: ' 16
+ srun --nodes=16 --ntasks=16 -o out.dat -e f.err ../../../bin/lu-mz.C.16
+ cd ../
+ i=12
+ '[' 12 -ge 4 ']'
+ export OMP_NUM_THREADS=12
+ OMP_NUM_THREADS=12
++ date +%Y_%m_%d_%H_%M_%S_%N
+ name=2012_08_03_01_12_54_074042855
+ mkdir 2012_08_03_01_12_54_074042855
+ cd 2012_08_03_01_12_54_074042855
+ touch out.dat
+ env
+ echo 2012_08_03_01_12_54_074042855
+ uname -a
+ srun --nodes=1 --ntasks=1 -ppbatch cat /proc/cpuinfo
+ grep MHz
+ srun --nodes=1 --ntasks=1 -o host_info hostname
+ echo 'threads/node: 12'
+ echo 'nodes: ' 16
+ srun --nodes=16 --ntasks=16 -o out.dat -e f.err ../../../bin/lu-mz.C.16
+ cd ../
+ i=10
+ '[' 10 -ge 4 ']'
+ export OMP_NUM_THREADS=10
+ OMP_NUM_THREADS=10
++ date +%Y_%m_%d_%H_%M_%S_%N
+ name=2012_08_03_01_13_19_494012393
+ mkdir 2012_08_03_01_13_19_494012393
+ cd 2012_08_03_01_13_19_494012393
+ touch out.dat
+ env
+ echo 2012_08_03_01_13_19_494012393
+ uname -a
+ srun --nodes=1 --ntasks=1 -ppbatch cat /proc/cpuinfo
+ grep MHz
+ srun --nodes=1 --ntasks=1 -o host_info hostname
+ echo 'threads/node: 10'
+ echo 'nodes: ' 16
+ srun --nodes=16 --ntasks=16 -o out.dat -e f.err ../../../bin/lu-mz.C.16
+ cd ../
+ i=8
+ '[' 8 -ge 4 ']'
+ export OMP_NUM_THREADS=8
+ OMP_NUM_THREADS=8
++ date +%Y_%m_%d_%H_%M_%S_%N
+ name=2012_08_03_01_13_44_607470910
+ mkdir 2012_08_03_01_13_44_607470910
+ cd 2012_08_03_01_13_44_607470910
+ touch out.dat
+ env
+ echo 2012_08_03_01_13_44_607470910
+ uname -a
+ srun --nodes=1 --ntasks=1 -ppbatch cat /proc/cpuinfo
+ grep MHz
+ srun --nodes=1 --ntasks=1 -o host_info hostname
+ echo 'threads/node: 8'
+ echo 'nodes: ' 16
+ srun --nodes=16 --ntasks=16 -o out.dat -e f.err ../../../bin/lu-mz.C.16
+ cd ../
+ i=6
+ '[' 6 -ge 4 ']'
+ export OMP_NUM_THREADS=6
+ OMP_NUM_THREADS=6
++ date +%Y_%m_%d_%H_%M_%S_%N
+ name=2012_08_03_01_14_09_527939822
+ mkdir 2012_08_03_01_14_09_527939822
+ cd 2012_08_03_01_14_09_527939822
+ touch out.dat
+ env
+ echo 2012_08_03_01_14_09_527939822
+ uname -a
+ srun --nodes=1 --ntasks=1 -ppbatch cat /proc/cpuinfo
+ grep MHz
+ srun --nodes=1 --ntasks=1 -o host_info hostname
+ echo 'threads/node: 6'
+ echo 'nodes: ' 16
+ srun --nodes=16 --ntasks=16 -o out.dat -e f.err ../../../bin/lu-mz.C.16
+ cd ../
+ i=4
+ '[' 4 -ge 4 ']'
+ export OMP_NUM_THREADS=4
+ OMP_NUM_THREADS=4
++ date +%Y_%m_%d_%H_%M_%S_%N
+ name=2012_08_03_01_14_38_774857256
+ mkdir 2012_08_03_01_14_38_774857256
+ cd 2012_08_03_01_14_38_774857256
+ touch out.dat
+ env
+ echo 2012_08_03_01_14_38_774857256
+ uname -a
+ srun --nodes=1 --ntasks=1 -ppbatch cat /proc/cpuinfo
+ grep MHz
+ srun --nodes=1 --ntasks=1 -o host_info hostname
+ echo 'threads/node: 4'
+ echo 'nodes: ' 16
+ srun --nodes=16 --ntasks=16 -o out.dat -e f.err ../../../bin/lu-mz.C.16
+ cd ../
+ i=2
+ '[' 2 -ge 4 ']'
+ j=32
+ '[' 32 -le 32 ']'
+ i=16
+ '[' 16 -ge 4 ']'
+ export OMP_NUM_THREADS=16
+ OMP_NUM_THREADS=16
++ date +%Y_%m_%d_%H_%M_%S_%N
+ name=2012_08_03_01_15_08_607596817
+ mkdir 2012_08_03_01_15_08_607596817
+ cd 2012_08_03_01_15_08_607596817
+ touch out.dat
+ env
+ echo 2012_08_03_01_15_08_607596817
+ uname -a
+ grep MHz
+ srun --nodes=1 --ntasks=1 -ppbatch cat /proc/cpuinfo
+ srun --nodes=1 --ntasks=1 -o host_info hostname
+ echo 'threads/node: 16'
+ echo 'nodes: ' 32
+ srun --nodes=32 --ntasks=32 -o out.dat -e f.err ../../../bin/lu-mz.C.32
+ cd ../
+ i=14
+ '[' 14 -ge 4 ']'
+ export OMP_NUM_THREADS=14
+ OMP_NUM_THREADS=14
++ date +%Y_%m_%d_%H_%M_%S_%N
+ name=2012_08_03_01_15_25_375829239
+ mkdir 2012_08_03_01_15_25_375829239
+ cd 2012_08_03_01_15_25_375829239
+ touch out.dat
+ env
+ echo 2012_08_03_01_15_25_375829239
+ uname -a
+ srun --nodes=1 --ntasks=1 -ppbatch cat /proc/cpuinfo
+ grep MHz
+ srun --nodes=1 --ntasks=1 -o host_info hostname
+ echo 'threads/node: 14'
+ echo 'nodes: ' 32
+ srun --nodes=32 --ntasks=32 -o out.dat -e f.err ../../../bin/lu-mz.C.32
+ cd ../
+ i=12
+ '[' 12 -ge 4 ']'
+ export OMP_NUM_THREADS=12
+ OMP_NUM_THREADS=12
++ date +%Y_%m_%d_%H_%M_%S_%N
+ name=2012_08_03_01_15_42_162001452
+ mkdir 2012_08_03_01_15_42_162001452
+ cd 2012_08_03_01_15_42_162001452
+ touch out.dat
+ env
+ echo 2012_08_03_01_15_42_162001452
+ uname -a
+ srun --nodes=1 --ntasks=1 -ppbatch cat /proc/cpuinfo
+ grep MHz
+ srun --nodes=1 --ntasks=1 -o host_info hostname
+ echo 'threads/node: 12'
+ echo 'nodes: ' 32
+ srun --nodes=32 --ntasks=32 -o out.dat -e f.err ../../../bin/lu-mz.C.32
+ cd ../
+ i=10
+ '[' 10 -ge 4 ']'
+ export OMP_NUM_THREADS=10
+ OMP_NUM_THREADS=10
++ date +%Y_%m_%d_%H_%M_%S_%N
+ name=2012_08_03_01_15_58_745805331
+ mkdir 2012_08_03_01_15_58_745805331
+ cd 2012_08_03_01_15_58_745805331
+ touch out.dat
+ env
+ echo 2012_08_03_01_15_58_745805331
+ uname -a
+ srun --nodes=1 --ntasks=1 -ppbatch cat /proc/cpuinfo
+ grep MHz
+ srun --nodes=1 --ntasks=1 -o host_info hostname
+ echo 'threads/node: 10'
+ echo 'nodes: ' 32
+ srun --nodes=32 --ntasks=32 -o out.dat -e f.err ../../../bin/lu-mz.C.32
+ cd ../
+ i=8
+ '[' 8 -ge 4 ']'
+ export OMP_NUM_THREADS=8
+ OMP_NUM_THREADS=8
++ date +%Y_%m_%d_%H_%M_%S_%N
+ name=2012_08_03_01_16_15_031103202
+ mkdir 2012_08_03_01_16_15_031103202
+ cd 2012_08_03_01_16_15_031103202
+ touch out.dat
+ env
+ echo 2012_08_03_01_16_15_031103202
+ uname -a
+ grep MHz
+ srun --nodes=1 --ntasks=1 -ppbatch cat /proc/cpuinfo
+ srun --nodes=1 --ntasks=1 -o host_info hostname
+ echo 'threads/node: 8'
+ echo 'nodes: ' 32
+ srun --nodes=32 --ntasks=32 -o out.dat -e f.err ../../../bin/lu-mz.C.32
+ cd ../
+ i=6
+ '[' 6 -ge 4 ']'
+ export OMP_NUM_THREADS=6
+ OMP_NUM_THREADS=6
++ date +%Y_%m_%d_%H_%M_%S_%N
+ name=2012_08_03_01_16_30_986427499
+ mkdir 2012_08_03_01_16_30_986427499
+ cd 2012_08_03_01_16_30_986427499
+ touch out.dat
+ env
+ echo 2012_08_03_01_16_30_986427499
+ uname -a
+ srun --nodes=1 --ntasks=1 -ppbatch cat /proc/cpuinfo
+ grep MHz
+ srun --nodes=1 --ntasks=1 -o host_info hostname
+ echo 'threads/node: 6'
+ echo 'nodes: ' 32
+ srun --nodes=32 --ntasks=32 -o out.dat -e f.err ../../../bin/lu-mz.C.32
+ cd ../
+ i=4
+ '[' 4 -ge 4 ']'
+ export OMP_NUM_THREADS=4
+ OMP_NUM_THREADS=4
++ date +%Y_%m_%d_%H_%M_%S_%N
+ name=2012_08_03_01_16_49_079394206
+ mkdir 2012_08_03_01_16_49_079394206
+ cd 2012_08_03_01_16_49_079394206
+ touch out.dat
+ env
+ echo 2012_08_03_01_16_49_079394206
+ uname -a
+ srun --nodes=1 --ntasks=1 -ppbatch cat /proc/cpuinfo
+ grep MHz
+ srun --nodes=1 --ntasks=1 -o host_info hostname
+ echo 'threads/node: 4'
+ echo 'nodes: ' 32
+ srun --nodes=32 --ntasks=32 -o out.dat -e f.err ../../../bin/lu-mz.C.32
+ cd ../
+ i=2
+ '[' 2 -ge 4 ']'
+ j=64
+ '[' 64 -le 32 ']'
