freq nodes cores time mpipercent
 2601.000 8 16 7.986048760000e+02 6.69
 2601.000 8 12 7.976552450000e+02 8.18
 2601.000 8 8 8.484882540000e+02 7.24
 2601.000 8 4 9.201020560000e+02 6.77
 2601.000 27 16 1.043536570000e+02 2.90
 2601.000 27 12 1.056338410000e+02 4.23
 2601.000 27 8 1.156826070000e+02 4.95
 2601.000 27 4 1.262923150000e+02 13.05
 2601.000 64 16 2.824763200000e+01 9.92
 2601.000 64 12 2.734473500000e+01 8.75
 2601.000 64 8 2.894002100000e+01 7.88
 2601.000 64 4 3.152963800000e+01 11.52
 2601.000 125 16 1.485687900000e+01 14.21
 2601.000 125 12 1.367349800000e+01 9.65
 2601.000 125 8 1.461898200000e+01 9.80
 2601.000 125 4 1.566779400000e+01 13.00
 2601.000 216 16  
 2601.000 216 12  
 2601.000 216 8  
 2601.000 216 4  
